1203.1
1204.0
1203.9
1204.1
1204.1
1205.0
1204.8
1205.4
1204.7
1204.3
1204.8
1205.0
1204.6
1204.8
1204.1
1205.0
1206.0
1207.2
1207.5
1207.3
1206.6
1205.9
1205.9
1206.4
1225.8
1268.4
1273.8
1265.1
1289.0
1298.3
1301.4
1304.3
1296.0
1288.4
1291.6
1290.8
1291.2
1290.3
1292.2
1347.9
1360.2
1356.9
1351.5
1340.5
1348.2
1381.4
1442.1
1492.9
1546.4
1613.7
1674.7
1734.5
1787.1
1846.9
1900.3
1959.4
2030.7
2084.1
2164.7
2242.7
2309.7
2367.4
2432.0
2499.2
2556.0
2623.7
2686.1
2755.9
2829.6
2906.8
2994.4
3096.0
3193.0
3280.2
3409.8
3820.4
4305.5
4556.6
4724.3
5176.6
5533.8
5699.7
5834.9
6262.3
6579.7
6894.1
7098.1
7570.5
7715.3
8201.3
8537.3
8670.3
8747.4
9092.8
9170.9
9556.8
9647.3
9642.4
9632.5
9630.3
9615.0
9612.3
9597.4
9599.7
9655.4
9700.6
10067.0
10013.5
10063.9
10079.5
10036.1
10081.8
10100.3
10032.8
10080.9
10103.3
10044.7
10094.2
10110.9
10045.1
10082.1
10119.5
10062.4
10096.8
10137.6
10160.7
10103.3
10139.0
10150.2
10096.1
10145.1
10163.6
10106.8
10153.3
10171.2
10117.5
10163.1
10165.0
10107.7
10158.1
10175.1
10119.5
10170.5
10194.1
10137.8
10198.1
10203.1
10150.4
10196.2
10207.0
10160.0
10207.8
10214.7
10145.7
10200.5
10221.9
10158.3
10216.1
10230.2
10189.6
10241.7
10264.3
10207.1
10256.3
10275.8
10410.5
10531.6
10767.9
10826.6
10887.5
10975.5
10989.5
10978.3
10971.2
10972.8
10969.5
10978.4
10988.0
11000.9
11021.1
11030.5
11036.6
11055.9
11059.7
11064.4
11048.5
11059.9
11075.3
11095.0
11102.9
11104.2
11092.1
11106.3
11126.5
11132.5
11137.4
11156.5
11153.0
11146.2
11156.3
11150.2
11152.8
11153.6
11144.8
11139.3
11143.3
11143.2
11146.0
11157.6
11162.7
11168.5
11170.4
11178.6
11185.9
11189.9
11184.5
11192.5
11203.9
11199.5
11207.6
11213.9
11229.1
11238.5
11234.0
11237.5
11236.5
11256.0
11267.7
11269.2
11263.7
11248.3
11238.4
11247.2
11254.1
11272.6
11281.1
11276.3
11269.7
11270.2
11293.6
11299.5
11294.6
11293.6
11281.2
11294.7
11309.5
11313.0
11357.3
11355.0
11352.9
11342.3
11344.7
11343.2
11352.8
11352.0
11349.8
11351.6
11354.8
11357.0
11356.1
11361.7
11361.2
11353.4
11361.9
11375.8
11409.1
11424.0
11429.6
11428.9
11438.4
11453.2
11456.1
11463.2
11482.1
11487.1
11501.0
11517.2
11552.3
11561.1
11555.0
11567.0
11572.0
11584.8
11572.3
11579.5
11576.3
11568.1
11558.6
11566.2
11583.9
11583.6
11591.8
11597.4
11608.5
11619.8
11616.0
11625.7
11631.7
11623.8
11628.9
11642.6
11655.4
11656.8
11673.5
11695.6
11715.0
11725.7
11736.3
11760.6
11767.2
11783.6
11800.9
11820.7
11835.1
11852.1
11861.9
11876.5
11911.6
11912.0
11929.4
11942.9
11963.6
11974.7
11989.8
11997.0
12007.9
12026.8
12041.7
12061.2
12074.7
12090.1
12114.2
12125.8
12159.1
12183.0
12186.7
12192.2
12212.2
12201.8
12209.8
12212.9
12229.9
12245.4
12246.6
12257.9
12267.7
12283.3
12291.1
12293.7
12297.7
12287.9
12290.4
12299.2
12300.3
12307.0
12319.0
12317.1
12331.4
12340.2
12346.7
12353.6
12362.4
12392.2
12411.4
12420.0
12430.9
12437.2
12460.3
12461.0
12475.9
12499.4
12509.4
12527.5
12549.9
12558.4
12576.6
12561.0
12572.0
12605.4
12628.6
12640.3
12651.2
12649.0
12676.4
12687.5
12712.0
12730.7
12746.4
12747.2
12755.3
12782.4
12789.0
12806.1
12827.4
12833.9
12850.5
12855.2
12867.4
12896.5
12900.3
12914.2
12929.3
12951.7
12968.8
13006.8
13022.1
13042.4
13067.6
13083.4
13102.9
13124.0
13159.6
13184.5
13204.3
13210.5
13228.7
13235.1
13252.2
13270.2
13279.9
13294.7
13319.7
13338.4
13355.5
13367.0
13379.1
13396.5
13408.9
13421.8
13436.8
13458.3
13461.5
13475.0
13488.8
13493.8
13498.4
13501.6
13512.1
13513.8
13530.8
13538.9
13538.8
13547.1
13559.8
13561.3
13569.2
13578.7
13581.0
13586.7
13592.6
13601.8
13610.2
13615.4
13628.2
13639.0
13652.3
13657.8
13661.7
13666.8
13668.5
13675.7
13675.0
13677.1
13692.1
13695.9
13696.4
13703.0
13705.8
13719.1
13717.9
13740.3
13737.2
13745.4
13745.6
13749.6
13755.0
13763.3
13761.1
13765.3
13781.4
13785.3
13788.6
13796.9
13798.7
13813.5
13818.0
13817.3
13825.7
13821.6
13830.8
13833.6
13840.1
13842.8
13848.1
13851.5
13856.6
13865.1
13870.8
13877.2
13889.2
13889.2
13899.5
13909.4
13922.4
13933.9
13942.9
13952.0
13958.1
13970.5
13980.3
13998.1
14003.8
14019.5
13807.9
10430.6
7414.0
3766.4
1355.0
1356.9
1356.3
1354.8
1348.8
1293.9
1291.6
1294.0
1293.5
1229.0
1229.2
1229.2
1229.3
1228.3
1228.3
1228.3
1228.3
1228.3
1228.8
1228.3
1227.9
1228.1
1228.1
1228.4
1227.8
1227.5
1227.7
1228.2
1227.4
1227.2
1227.4
1227.2
1227.5
1227.5
1226.8
1226.8
1227.3
1227.6
1228.4
1227.9
1227.9
1227.7
1228.0
1227.3
1227.3
1227.1
1227.3
1227.4
1227.6
1227.6
1227.9
1227.4
1227.7
1225.4
1225.3
1225.5
1224.9
1225.4
1225.2
1225.1
1225.0
1224.8
1225.0
1224.3
1224.8
1224.7
1224.7
1224.9
1224.7
1225.0
1224.7
1224.4
1225.2
1225.2
1225.2
1225.3
1225.3
1225.1
1225.6
1225.7
1225.4
1225.2
1225.5
1225.0
1225.1
1225.6
1224.6
1224.6
1224.9
1225.4
1224.9
1224.8
1224.3
1224.3
1224.6
1225.1
1225.1
1224.9
1225.2
1225.2
1225.5
1225.7
1226.0
1225.8
1225.3
1225.0
1225.1
1225.3
1225.3
1225.1
1225.4
1225.0
1225.0
1225.0
1225.0
1225.3
1224.6
1225.4
1224.9
1224.6
1225.5
1225.5
1225.5
1226.1
1225.3
1223.7
1222.8
1222.9
1223.5
1223.0
1223.3
1223.3
1223.4
1223.6
1223.6
1223.4
1223.0
1223.2
1223.0
1223.6
1223.4
1222.9
1223.5
1222.8
1222.7
1223.1
1223.1
1222.7
1223.1
1222.8
1223.5
1223.3
1223.5
1222.9
1222.5
1223.2
1222.9
1222.8
1222.6
1223.3
1223.6
1222.8
1222.8
1222.7
1223.5
1222.9
1223.2
1223.8
1223.6
1223.3
1223.3
1223.3
1223.1
1222.4
1222.4
1222.5
1223.3
1223.2
1223.6
1223.6
1222.7
1223.0
1223.0
1222.1
1222.1
1222.4
1222.8
1222.6
1222.5
1222.5
1222.8
1222.1
1222.1
1222.6
1221.4
1222.4
1221.7
1222.2
1222.3
1222.4
1221.4
1221.4
1221.5
1221.1
1221.6
1221.1
1221.7
1222.1
1221.6
1221.8
1221.3
1221.1
1221.1
1221.1
1221.6
1221.7
1221.4
1221.5
1221.8
1221.5
1221.6
1221.1
1221.7
1222.0
1221.2
1222.0
1221.2
1221.6
1221.2
1222.0
1222.0
1222.5
1222.5
1222.6
1222.6
1222.2
1222.4
1222.7
1223.3
1222.5
1221.8
1221.8
1221.8
1221.6
1221.4
1221.4
1220.8
1221.7
1222.2
1221.5
1221.7
1221.9
1221.6
1220.6
1221.4
1221.5
1222.3
1222.2
1222.0
1222.2
1222.3
1222.1
1221.3
1221.3
1222.1
1222.4
1221.4
1222.0
1221.8
1221.7
1221.2
1220.0
1220.9
1220.6
1220.6
1220.9
1220.9
1220.4
1219.9
1220.2
1220.5
1220.2
1221.2
1221.1
1220.5
1222.0
1221.8
1221.6
1221.1
1221.3
1221.5
1221.9
1221.6
1221.8
1221.4
1221.4
1221.2
1220.9
1220.4
1221.0
1222.0
1221.5
1221.6
1221.9
1221.4
1221.4
1221.3
1221.3
1221.0
1222.0
1222.1
1222.3
1222.5
1222.1
1221.9
1221.4
1221.2
1221.0
1221.8
1222.1
1221.5
1222.3
1221.8
1221.5
1221.6
1221.4
1222.0
1222.5
1222.3
1221.7
1221.8
1221.8
1221.7
1220.9
1221.4
1221.8
1221.7
1221.7
1222.2
1222.0
1221.2
1221.5
1221.9
1221.6
1222.2
1221.9
1221.2
1220.9
1221.6
1221.5
1221.3
1221.5
1222.1
1222.4
1221.7
1221.2
1221.5
1221.5
1221.0
1221.1
1220.8
1221.7
1221.9
1221.2
1221.1
1222.0
1221.2
1221.2
1221.4
1220.8
1222.1
1221.3
1221.2
1221.1
1221.6
1221.9
1221.1
1221.2
1221.6
1220.9
1220.8
1221.3
1220.8
1221.1
1220.8
1221.1
1220.3
1220.6
1220.9
1220.8
1220.9
1220.7
1220.4
1220.7
1220.7
1221.1
1220.1
1220.4
1220.9
1220.9
1220.2
1220.6
1220.5
1220.5
