0.0
0.6
0.6
0.0
0.6
0.6
0.6
0.6
0.6
0.6
0.6
0.6
0.6
0.0
0.0
0.6
0.6
0.6
0.6
0.6
0.6
0.6
0.0
0.0
2.3
2.9
0.6
6.4
6.4
2.8
9.9
8.4
7.8
7.4
5.1
5.1
4.9
3.9
5.6
1.2
24.1
26.7
0.0
5.7
4.6
21.2
14.9
11.7
18.6
16.4
29.0
38.0
22.6
13.9
9.4
34.5
15.8
36.4
30.2
35.9
8.0
7.4
31.4
16.5
34.8
27.4
19.0
7.2
19.9
33.1
33.0
29.8
28.1
15.1
50.6
47.3
77.4
61.0
62.9
73.7
68.6
27.1
44.4
81.1
79.0
68.0
51.8
66.5
49.4
74.7
72.8
48.0
18.2
34.1
18.7
32.6
38.9
6.7
3.9
2.2
2.8
3.3
1.1
2.9
35.0
18.8
93.8
6.7
21.5
10.9
7.2
24.3
32.4
10.0
34.2
15.8
2.3
37.3
21.0
1.1
35.2
26.0
17.4
30.2
34.3
80.7
7.0
21.6
47.2
7.3
28.7
23.8
9.3
20.7
39.9
11.4
28.7
58.4
8.0
21.6
44.2
7.3
20.9
42.9
13.8
27.6
42.1
20.2
23.5
27.8
20.0
22.4
9.3
6.5
24.2
6.0
9.3
21.1
12.8
5.1
30.9
6.2
11.1
31.1
5.2
79.1
42.1
91.6
67.2
94.5
91.7
75.4
43.9
46.5
52.7
59.2
33.9
50.3
42.4
66.7
32.7
54.9
32.8
59.0
33.5
40.2
53.6
45.3
32.9
35.0
46.2
35.0
52.6
66.7
36.3
39.3
60.0
32.8
36.4
60.8
42.3
44.4
53.9
36.3
50.6
54.1
36.4
39.8
32.8
45.7
31.1
76.0
37.3
31.6
50.3
28.8
50.6
48.0
26.8
90.7
28.7
37.1
48.1
44.8
71.0
36.6
40.7
38.5
37.0
61.5
45.3
33.1
55.0
46.6
50.0
50.5
37.9
26.4
29.8
50.9
41.1
35.2
72.6
37.3
42.2
37.1
30.9
47.5
53.3
24.9
39.7
72.8
27.8
32.2
84.5
34.1
30.6
34.6
51.7
29.0
33.5
89.9
37.3
27.3
65.3
63.2
29.0
58.9
29.5
60.0
40.0
51.6
42.3
61.4
51.1
36.4
67.4
52.9
27.4
64.5
37.2
46.1
80.8
27.8
50.5
49.2
25.1
24.4
25.7
51.1
39.3
61.7
44.4
26.8
70.0
37.4
41.6
57.3
26.0
55.8
33.7
70.3
27.6
42.2
50.9
30.2
45.0
55.8
41.4
34.4
41.1
36.7
27.6
35.0
34.8
24.9
24.4
68.2
33.0
41.2
39.4
25.4
28.6
65.7
28.0
36.9
53.0
27.2
37.6
38.0
36.8
39.3
24.7
47.7
54.4
33.5
39.9
49.1
33.7
59.4
30.6
36.6
51.1
33.5
37.4
52.8
43.1
38.7
24.0
34.7
38.3
39.2
28.4
24.0
41.1
33.7
28.6
56.3
31.2
29.8
39.0
29.0
73.6
26.6
29.8
62.9
36.6
36.0
28.5
48.6
46.2
24.7
66.3
37.3
35.4
60.8
43.7
25.6
67.7
29.8
34.3
48.9
22.3
44.9
34.9
44.1
23.7
34.9
44.1
25.3
56.6
28.5
33.0
46.6
27.4
59.0
23.2
28.1
49.4
35.4
24.4
25.1
52.2
30.5
44.4
37.9
25.6
74.0
27.8
52.5
26.0
30.6
31.0
37.2
34.9
60.0
29.9
25.3
58.4
22.4
26.7
38.0
29.4
84.7
43.4
34.5
23.6
52.0
25.8
26.9
45.6
30.9
60.9
32.4
27.9
21.7
37.3
71.9
27.9
31.3
46.6
30.4
24.0
69.5
25.4
44.3
38.9
33.7
45.9
33.3
35.5
48.3
34.7
20.5
29.8
51.7
34.7
33.7
31.0
33.7
61.8
34.5
24.3
48.2
35.2
33.3
34.6
21.3
64.4
30.6
42.0
23.3
38.5
51.1
29.3
25.1
61.8
31.6
25.3
34.3
43.2
21.9
30.0
36.2
43.9
30.5
26.1
68.4
22.4
38.7
39.9
25.8
50.3
33.1
32.4
39.3
53.5
38.7
30.9
60.3
25.6
35.4
41.8
24.1
26.8
54.5
26.4
32.2
36.5
33.1
49.7
30.8
43.9
44.6
10.6
12.8
7.9
16.3
13.4
11.0
11.7
4.0
2.3
4.0
6.2
5.3
0.6
0.6
0.0
0.6
1.2
0.0
0.6
1.8
0.0
0.0
0.6
0.6
0.6
0.6
1.2
0.0
0.0
0.0
0.6
0.0
0.6
0.6
0.0
0.6
0.0
0.6
1.2
0.6
0.6
0.6
0.6
0.6
0.6
0.6
0.0
0.6
1.2
0.6
0.6
0.6
0.0
0.6
1.2
0.6
0.6
0.0
0.0
0.0
0.6
0.0
0.6
0.6
0.6
0.6
0.0
0.6
1.2
0.0
0.0
0.6
0.0
0.6
0.0
0.6
1.2
1.2
0.0
0.0
0.0
1.2
0.0
0.0
0.6
0.0
0.6
0.0
0.0
0.0
0.0
0.6
0.6
0.0
0.6
0.6
0.0
0.6
0.6
0.6
0.6
0.0
0.6
0.6
0.0
0.6
0.6
0.6
1.2
0.6
0.6
0.6
0.6
0.6
0.6
0.0
0.6
1.2
0.6
1.2
0.0
0.6
0.0
1.2
0.6
1.2
0.6
0.0
0.0
0.0
0.0
0.6
0.6
0.0
0.6
0.0
0.6
0.6
0.6
0.0
0.6
0.6
0.0
0.6
0.0
0.6
0.0
0.6
0.6
0.0
0.0
0.0
0.0
0.0
0.0
0.6
0.6
0.6
0.0
0.6
0.0
0.6
0.0
0.6
0.6
0.6
1.1
0.0
1.1
0.6
0.6
0.0
0.6
0.0
0.0
0.6
0.6
1.1
0.6
0.0
0.0
0.6
1.1
1.1
0.0
0.6
0.6
0.6
0.0
0.0
0.6
1.1
0.6
0.6
1.1
0.6
0.6
0.6
0.0
0.0
0.6
0.6
0.6
1.1
0.0
0.6
0.0
0.6
0.0
0.6
0.0
1.1
0.0
0.6
0.0
0.6
0.6
0.6
0.0
0.6
0.0
0.6
0.6
0.0
0.0
0.6
0.6
0.0
0.6
0.6
0.0
0.6
0.6
0.6
0.6
0.0
0.0
1.1
0.6
0.6
0.6
0.6
0.6
0.6
0.0
0.0
0.0
0.6
0.6
0.0
0.6
0.6
0.6
0.0
0.6
0.0
0.0
1.2
0.0
0.6
0.0
0.6
0.6
1.1
1.2
0.0
0.0
0.0
0.6
0.6
0.6
1.1
0.6
0.6
0.6
0.6
0.6
0.6
0.6
1.2
0.6
0.0
0.6
0.0
0.0
0.6
0.6
1.7
0.6
0.6
0.6
0.0
1.1
0.6
0.6
0.0
1.2
0.6
0.0
0.0
0.0
0.6
0.6
0.0
1.7
0.6
0.6
0.0
0.0
0.6
1.2
0.0
0.6
0.0
0.6
0.0
0.6
0.6
1.1
0.0
1.1
0.0
1.1
1.2
0.6
0.0
0.6
0.0
0.6
0.0
0.6
0.6
0.6
0.6
0.6
0.6
0.6
0.0
1.2
0.0
0.6
0.6
0.0
1.2
0.6
0.6
0.6
1.2
0.0
1.1
0.6
0.6
0.0
0.6
0.0
0.6
0.6
1.2
0.6
1.2
0.6
0.6
1.1
1.1
0.6
0.6
0.6
0.6
0.0
0.6
0.6
0.6
0.6
0.6
0.0
0.6
1.1
0.6
1.1
1.1
0.6
0.0
0.0
0.0
0.6
0.6
0.6
0.0
0.6
0.6
0.0
0.0
0.6
0.6
0.0
0.6
0.6
1.1
0.6
1.1
0.6
0.0
1.2
1.1
0.6
0.0
0.6
