0.0
0.6
0.6
0.0
0.6
0.6
0.0
0.6
0.6
0.0
1.2
0.6
0.6
0.6
0.0
0.6
0.0
0.0
0.6
1.2
10.4
0.0
7.6
3.4
8.7
8.8
8.1
4.5
4.5
12.3
0.6
6.9
22.5
18.2
8.6
8.1
24.0
18.8
29.3
23.7
35.2
6.9
18.2
27.1
28.7
29.7
28.9
38.8
43.8
67.5
61.9
50.6
66.0
61.3
48.6
67.4
47.3
50.0
19.1
2.3
2.8
2.8
1.1
2.8
4.6
1.1
2.3
5.0
20.2
62.2
5.1
24.3
23.9
5.6
21.0
40.7
7.3
21.0
26.9
16.0
27.0
2.8
40.0
20.9
0.6
27.9
17.6
50.0
15.1
26.6
2.9
25.6
19.2
21.2
37.6
14.6
26.3
38.2
42.7
40.6
68.4
65.3
23.5
23.2
33.1
39.2
31.4
37.1
35.8
24.3
21.7
24.0
23.6
24.1
16.3
16.2
37.3
19.2
29.1
28.1
45.4
22.5
24.2
45.6
25.7
15.3
48.5
22.2
13.8
48.0
33.9
19.8
22.1
16.2
23.8
22.0
39.3
17.7
14.1
33.7
12.7
19.2
30.0
19.7
20.9
25.4
17.2
13.5
23.4
24.4
18.0
25.0
24.0
12.5
16.7
36.7
14.7
14.4
37.4
14.7
14.9
27.3
14.4
17.4
28.1
19.7
16.0
22.7
35.6
12.5
20.3
32.0
14.9
14.6
31.5
19.9
14.0
32.2
16.9
14.9
34.9
30.9
12.7
27.3
38.6
17.5
28.7
33.9
20.1
27.1
25.6
20.8
18.0
39.0
18.3
26.0
27.6
21.6
16.7
19.4
36.8
21.8
36.9
18.5
27.1
20.5
29.6
25.3
12.1
36.9
19.3
18.7
39.5
20.2
13.1
20.2
24.7
17.8
15.6
27.4
16.3
22.3
20.8
17.5
15.8
33.5
20.6
17.1
27.5
20.0
12.2
28.3
20.9
13.6
16.6
19.9
19.7
11.0
17.6
28.2
13.6
37.5
27.5
14.1
26.2
33.1
15.3
13.2
25.9
17.8
23.0
36.4
21.2
13.5
25.4
23.4
18.4
33.1
23.1
11.4
22.9
20.8
13.4
19.7
17.5
17.0
12.0
18.4
23.0
11.0
17.7
24.4
15.9
18.4
23.3
15.9
13.3
22.4
15.1
11.0
33.3
18.6
13.0
20.3
17.7
13.8
13.8
26.6
12.5
21.2
24.2
20.1
15.1
22.3
26.3
12.6
27.4
25.0
16.9
23.9
24.1
14.6
28.8
32.4
17.8
18.0
24.9
13.7
14.1
27.3
20.5
11.0
24.7
14.9
13.6
32.8
32.1
12.1
27.2
18.3
13.4
13.0
23.3
20.0
20.3
16.9
18.7
22.3
26.7
24.6
17.4
22.3
22.1
18.6
14.5
22.4
15.1
14.0
20.1
15.3
11.8
23.7
15.8
11.2
23.7
16.8
12.9
22.1
19.3
14.9
26.0
14.9
16.8
14.0
23.7
20.6
10.8
28.2
17.7
15.7
24.7
25.0
10.4
12.2
21.6
13.9
19.9
18.8
16.8
9.9
24.9
16.4
11.7
20.5
28.6
9.8
20.7
19.2
15.2
10.9
17.4
17.5
13.2
21.5
20.9
10.9
26.0
20.6
12.4
20.6
19.3
17.2
15.4
22.5
14.0
12.8
26.0
17.9
16.9
27.0
17.2
13.0
24.1
26.4
12.4
25.3
16.4
11.3
10.7
23.3
19.3
16.6
32.6
14.9
11.9
35.4
14.1
17.0
23.7
18.8
13.7
17.8
20.5
14.5
15.0
17.2
15.5
22.0
15.3
24.4
11.1
15.3
26.0
12.4
23.4
19.9
11.3
16.7
21.8
16.0
21.5
15.0
19.2
11.0
16.2
22.7
12.6
21.3
19.3
10.0
5.8
4.0
5.7
0.6
0.6
0.6
0.6
