1209.1
1210.1
1211.1
1211.7
1210.9
1211.4
1211.4
1211.0
1211.2
1211.4
1211.5
1211.2
1211.5
1211.7
1211.0
1212.1
1211.8
1212.0
1211.3
1211.6
1259.6
1276.1
1280.9
1277.0
1285.9
1291.9
1292.0
1289.3
1280.2
1342.8
1334.8
1341.2
1384.1
1430.8
1485.5
1537.4
1593.0
1658.8
1711.4
1772.3
1831.3
1889.2
1941.6
2015.8
2077.1
2173.0
2272.2
2543.9
2832.1
3189.8
3322.8
3624.2
3907.5
4199.5
4501.5
4689.7
5057.0
5271.7
5307.9
5321.3
5321.5
5299.2
5296.0
5295.7
5292.7
5293.4
5294.5
5310.0
5359.3
5575.7
5527.6
5578.6
5608.9
5551.7
5602.8
5618.9
5561.1
5612.1
5629.4
5591.3
5632.7
5585.7
5628.0
5660.2
5590.0
5629.5
5665.9
5742.2
5691.5
5736.5
5666.9
5706.0
5743.1
5692.7
5719.0
5754.5
5777.5
5881.2
5985.2
6020.5
6108.1
6096.1
6097.6
6075.8
6078.9
6081.1
6080.2
6087.5
6091.6
6085.1
6088.2
6090.1
6097.4
6097.5
6092.9
6094.8
6104.2
6109.6
6116.8
6116.0
6129.4
6126.4
6129.9
6131.7
6130.4
6133.8
6159.3
6160.1
6160.8
6178.0
6200.7
6210.9
6213.0
6213.1
6208.7
6209.0
6205.0
6208.7
6209.7
6211.7
6211.7
6211.8
6215.1
6216.6
6216.0
6219.6
6219.6
6218.1
6220.8
6227.7
6226.5
6227.2
6227.8
6225.8
6229.6
6232.8
6231.9
6230.7
6230.2
6231.3
6232.4
6233.9
6234.1
6234.5
6233.4
6233.2
6233.6
6234.4
6240.7
6239.4
6240.8
6243.6
6244.6
6244.6
6251.1
6248.3
6246.0
6247.0
6246.5
6247.0
6251.9
6256.9
6255.8
6258.0
6275.4
6258.5
6261.1
6261.1
6262.1
6269.3
6262.6
6264.4
6261.3
6269.3
6270.1
6282.5
6283.2
6286.9
6288.6
6288.7
6306.3
6299.6
6301.4
6305.0
6313.6
6310.4
6307.2
6290.6
6286.1
6298.4
6303.2
6297.3
6306.9
6307.6
6302.9
6304.2
6303.1
6309.5
6308.4
6308.1
6308.4
6310.8
6309.6
6313.1
6313.4
6313.3
6312.8
6313.4
6312.5
6319.0
6324.9
6340.6
6341.6
6342.5
6337.6
6340.4
6340.2
6340.8
6341.0
6339.1
6339.0
6341.3
6343.3
6343.4
6342.5
6341.9
6342.8
6344.3
6348.1
6350.1
6354.7
6357.5
6358.9
6361.3
6366.2
6358.8
6359.4
6364.7
6371.7
6378.4
6383.9
6389.0
6390.8
6403.0
6411.3
6420.5
6423.9
6429.2
6432.3
6435.4
6439.6
6442.9
6443.4
6446.8
6446.3
6446.9
6447.5
6448.0
6447.8
6450.1
6446.6
6448.0
6449.7
6450.3
6451.3
6450.8
6450.1
6451.1
6451.9
6450.8
6452.0
6453.3
6462.1
6464.3
6464.3
6466.0
6470.6
6476.0
6480.1
6478.4
6477.9
6468.3
6468.3
6468.8
6478.3
6477.9
6485.9
6486.3
6491.3
6490.1
6498.8
6499.2
6503.5
6503.6
6503.9
6503.0
6509.3
6510.4
6510.7
6511.1
6502.3
6501.0
6517.9
6515.5
6517.5
6510.8
6514.5
6531.3
6533.5
6538.0
6534.2
6537.7
6540.6
6541.9
6535.7
6539.0
6533.0
6537.1
6546.8
6549.6
6551.7
6557.7
6559.8
6564.2
6571.9
6574.5
6583.7
6591.0
6590.0
6592.6
6607.6
6619.2
6631.1
6634.5
6639.2
6643.6
6654.9
6652.7
6653.1
6645.2
6644.3
6644.0
6643.4
6644.2
6644.5
6642.5
6645.2
6642.0
6644.0
6644.3
6644.1
6644.6
6646.3
6643.1
6643.9
6644.0
6645.5
6644.8
6647.1
6643.5
6645.6
6645.3
6646.3
6645.8
6644.6
6650.2
6649.2
6649.0
6650.6
6652.0
6656.2
6664.3
6664.1
6666.9
6668.4
6671.2
6680.6
6689.2
6693.8
6704.8
6712.9
6718.4
6731.6
6751.0
6755.4
6764.9
6771.3
6777.1
6785.1
6795.0
6799.2
6805.5
6814.0
6821.8
6828.3
6836.9
6839.9
6853.6
6860.2
6864.9
6869.7
6871.2
6878.1
6881.1
6887.3
6895.6
6901.5
6908.6
6917.4
6918.0
6922.4
6931.5
6938.4
6944.3
6958.9
6960.3
6965.3
6980.6
6986.4
6990.5
6998.3
6999.5
7001.0
7004.5
7009.6
7013.2
7016.1
6780.3
3638.1
1327.1
1326.8
1274.9
1274.2
1214.4
1214.0
1210.5
1210.8
