2022-09-28 14:42:01,252 INFO:node to initiate producer: 1
2022-09-28 14:42:01,252 INFO:topic name: inTopic
2022-09-28 14:42:01,252 INFO:topic broker: 2
2022-09-28 14:42:01,252 INFO:**Configuring KafkaProducer** bootstrap_servers=10.0.0.2:9092 acks=1 compression_type=None batch_size=16384 linger_ms=0 request_timeout_ms=30000
2022-09-28 14:42:01,254 INFO:<BrokerConnection node_id=bootstrap-0 host=10.0.0.2:9092 <connecting> [IPv4 ('10.0.0.2', 9092)]>: connecting to 10.0.0.2:9092 [('10.0.0.2', 9092) IPv4]
2022-09-28 14:42:01,254 INFO:Probing node bootstrap-0 broker version
2022-09-28 14:42:01,259 INFO:<BrokerConnection node_id=bootstrap-0 host=10.0.0.2:9092 <connecting> [IPv4 ('10.0.0.2', 9092)]>: Connection complete.
2022-09-28 14:42:01,368 INFO:Broker version identified as 2.5.0
2022-09-28 14:42:01,368 INFO:Set configuration api_version=(2, 5, 0) to skip auto check_version requests on startup
2022-09-28 14:42:01,371 INFO:Message Generated From File use-cases/varying-networking-conditions/varying-link-latency/word-count/dataDir/randomText2.txt
2022-09-28 14:42:01,371 INFO:      File has been sent ->  Topic: inTopic; File ID: File: 1
2022-09-28 14:42:01,379 INFO:Message Generated From File use-cases/varying-networking-conditions/varying-link-latency/word-count/dataDir/randomText2.txt
2022-09-28 14:42:01,379 INFO:      File has been sent ->  Topic: inTopic; File ID: File: 2
2022-09-28 14:42:01,379 INFO:<BrokerConnection node_id=2 host=10.0.0.2:9092 <connecting> [IPv4 ('10.0.0.2', 9092)]>: connecting to 10.0.0.2:9092 [('10.0.0.2', 9092) IPv4]
2022-09-28 14:42:01,380 INFO:Message Generated From File use-cases/varying-networking-conditions/varying-link-latency/word-count/dataDir/randomText2.txt
2022-09-28 14:42:01,380 INFO:      File has been sent ->  Topic: inTopic; File ID: File: 3
2022-09-28 14:42:01,380 INFO:Message Generated From File use-cases/varying-networking-conditions/varying-link-latency/word-count/dataDir/randomText2.txt
2022-09-28 14:42:01,380 INFO:      File has been sent ->  Topic: inTopic; File ID: File: 4
2022-09-28 14:42:01,380 INFO:Message Generated From File use-cases/varying-networking-conditions/varying-link-latency/word-count/dataDir/randomText2.txt
2022-09-28 14:42:01,381 INFO:      File has been sent ->  Topic: inTopic; File ID: File: 5
2022-09-28 14:42:01,381 INFO:Message Generated From File use-cases/varying-networking-conditions/varying-link-latency/word-count/dataDir/randomText2.txt
2022-09-28 14:42:01,381 INFO:      File has been sent ->  Topic: inTopic; File ID: File: 6
2022-09-28 14:42:01,381 INFO:Message Generated From File use-cases/varying-networking-conditions/varying-link-latency/word-count/dataDir/randomText2.txt
2022-09-28 14:42:01,381 INFO:      File has been sent ->  Topic: inTopic; File ID: File: 7
2022-09-28 14:42:01,381 INFO:Message Generated From File use-cases/varying-networking-conditions/varying-link-latency/word-count/dataDir/randomText2.txt
2022-09-28 14:42:01,381 INFO:      File has been sent ->  Topic: inTopic; File ID: File: 8
2022-09-28 14:42:01,382 INFO:Message Generated From File use-cases/varying-networking-conditions/varying-link-latency/word-count/dataDir/randomText2.txt
2022-09-28 14:42:01,382 INFO:      File has been sent ->  Topic: inTopic; File ID: File: 9
2022-09-28 14:42:01,382 INFO:Message Generated From File use-cases/varying-networking-conditions/varying-link-latency/word-count/dataDir/randomText2.txt
2022-09-28 14:42:01,382 INFO:      File has been sent ->  Topic: inTopic; File ID: File: 10
2022-09-28 14:42:01,383 INFO:Message Generated From File use-cases/varying-networking-conditions/varying-link-latency/word-count/dataDir/randomText2.txt
2022-09-28 14:42:01,384 INFO:      File has been sent ->  Topic: inTopic; File ID: File: 11
2022-09-28 14:42:01,384 INFO:Message Generated From File use-cases/varying-networking-conditions/varying-link-latency/word-count/dataDir/randomText2.txt
2022-09-28 14:42:01,384 INFO:      File has been sent ->  Topic: inTopic; File ID: File: 12
2022-09-28 14:42:01,384 INFO:Message Generated From File use-cases/varying-networking-conditions/varying-link-latency/word-count/dataDir/randomText2.txt
2022-09-28 14:42:01,384 INFO:      File has been sent ->  Topic: inTopic; File ID: File: 13
2022-09-28 14:42:01,384 INFO:Message Generated From File use-cases/varying-networking-conditions/varying-link-latency/word-count/dataDir/randomText2.txt
2022-09-28 14:42:01,384 INFO:<BrokerConnection node_id=2 host=10.0.0.2:9092 <connecting> [IPv4 ('10.0.0.2', 9092)]>: Connection complete.
2022-09-28 14:42:01,384 INFO:      File has been sent ->  Topic: inTopic; File ID: File: 14
2022-09-28 14:42:01,384 INFO:<BrokerConnection node_id=bootstrap-0 host=10.0.0.2:9092 <connected> [IPv4 ('10.0.0.2', 9092)]>: Closing connection. 
2022-09-28 14:42:01,385 INFO:Message Generated From File use-cases/varying-networking-conditions/varying-link-latency/word-count/dataDir/randomText2.txt
2022-09-28 14:42:01,386 INFO:      File has been sent ->  Topic: inTopic; File ID: File: 15
2022-09-28 14:42:01,387 INFO:Message Generated From File use-cases/varying-networking-conditions/varying-link-latency/word-count/dataDir/randomText2.txt
2022-09-28 14:42:01,387 INFO:      File has been sent ->  Topic: inTopic; File ID: File: 16
2022-09-28 14:42:01,388 INFO:Message Generated From File use-cases/varying-networking-conditions/varying-link-latency/word-count/dataDir/randomText2.txt
2022-09-28 14:42:01,388 INFO:      File has been sent ->  Topic: inTopic; File ID: File: 17
2022-09-28 14:42:01,389 INFO:Message Generated From File use-cases/varying-networking-conditions/varying-link-latency/word-count/dataDir/randomText2.txt
2022-09-28 14:42:01,389 INFO:      File has been sent ->  Topic: inTopic; File ID: File: 18
2022-09-28 14:42:01,390 INFO:Message Generated From File use-cases/varying-networking-conditions/varying-link-latency/word-count/dataDir/randomText2.txt
2022-09-28 14:42:01,390 INFO:      File has been sent ->  Topic: inTopic; File ID: File: 19
2022-09-28 14:42:01,390 INFO:Message Generated From File use-cases/varying-networking-conditions/varying-link-latency/word-count/dataDir/randomText2.txt
2022-09-28 14:42:01,390 INFO:      File has been sent ->  Topic: inTopic; File ID: File: 20
2022-09-28 14:42:01,390 INFO:Message Generated From File use-cases/varying-networking-conditions/varying-link-latency/word-count/dataDir/randomText2.txt
2022-09-28 14:42:01,390 INFO:      File has been sent ->  Topic: inTopic; File ID: File: 21
2022-09-28 14:42:01,391 INFO:Message Generated From File use-cases/varying-networking-conditions/varying-link-latency/word-count/dataDir/randomText2.txt
2022-09-28 14:42:01,391 INFO:      File has been sent ->  Topic: inTopic; File ID: File: 22
2022-09-28 14:42:01,391 INFO:Message Generated From File use-cases/varying-networking-conditions/varying-link-latency/word-count/dataDir/randomText2.txt
2022-09-28 14:42:01,391 INFO:      File has been sent ->  Topic: inTopic; File ID: File: 23
2022-09-28 14:42:01,391 INFO:Message Generated From File use-cases/varying-networking-conditions/varying-link-latency/word-count/dataDir/randomText2.txt
2022-09-28 14:42:01,391 INFO:      File has been sent ->  Topic: inTopic; File ID: File: 24
2022-09-28 14:42:01,391 INFO:Message Generated From File use-cases/varying-networking-conditions/varying-link-latency/word-count/dataDir/randomText2.txt
2022-09-28 14:42:01,391 INFO:      File has been sent ->  Topic: inTopic; File ID: File: 25
2022-09-28 14:42:01,391 INFO:Message Generated From File use-cases/varying-networking-conditions/varying-link-latency/word-count/dataDir/randomText2.txt
2022-09-28 14:42:01,391 INFO:      File has been sent ->  Topic: inTopic; File ID: File: 26
2022-09-28 14:42:01,392 INFO:Message Generated From File use-cases/varying-networking-conditions/varying-link-latency/word-count/dataDir/randomText2.txt
2022-09-28 14:42:01,392 INFO:      File has been sent ->  Topic: inTopic; File ID: File: 27
2022-09-28 14:42:01,392 INFO:Message Generated From File use-cases/varying-networking-conditions/varying-link-latency/word-count/dataDir/randomText2.txt
2022-09-28 14:42:01,392 INFO:      File has been sent ->  Topic: inTopic; File ID: File: 28
2022-09-28 14:42:01,392 INFO:Message Generated From File use-cases/varying-networking-conditions/varying-link-latency/word-count/dataDir/randomText2.txt
2022-09-28 14:42:01,392 INFO:      File has been sent ->  Topic: inTopic; File ID: File: 29
2022-09-28 14:42:01,392 INFO:Message Generated From File use-cases/varying-networking-conditions/varying-link-latency/word-count/dataDir/randomText2.txt
2022-09-28 14:42:01,392 INFO:      File has been sent ->  Topic: inTopic; File ID: File: 30
2022-09-28 14:42:01,393 INFO:Message Generated From File use-cases/varying-networking-conditions/varying-link-latency/word-count/dataDir/randomText2.txt
2022-09-28 14:42:01,393 INFO:      File has been sent ->  Topic: inTopic; File ID: File: 31
2022-09-28 14:42:01,393 INFO:Message Generated From File use-cases/varying-networking-conditions/varying-link-latency/word-count/dataDir/randomText2.txt
2022-09-28 14:42:01,393 INFO:      File has been sent ->  Topic: inTopic; File ID: File: 32
2022-09-28 14:42:01,393 INFO:Message Generated From File use-cases/varying-networking-conditions/varying-link-latency/word-count/dataDir/randomText2.txt
2022-09-28 14:42:01,393 INFO:      File has been sent ->  Topic: inTopic; File ID: File: 33
2022-09-28 14:42:01,393 INFO:Message Generated From File use-cases/varying-networking-conditions/varying-link-latency/word-count/dataDir/randomText2.txt
2022-09-28 14:42:01,393 INFO:      File has been sent ->  Topic: inTopic; File ID: File: 34
2022-09-28 14:42:01,393 INFO:Message Generated From File use-cases/varying-networking-conditions/varying-link-latency/word-count/dataDir/randomText2.txt
2022-09-28 14:42:01,393 INFO:      File has been sent ->  Topic: inTopic; File ID: File: 35
2022-09-28 14:42:01,394 INFO:Message Generated From File use-cases/varying-networking-conditions/varying-link-latency/word-count/dataDir/randomText2.txt
2022-09-28 14:42:01,394 INFO:      File has been sent ->  Topic: inTopic; File ID: File: 36
2022-09-28 14:42:01,394 INFO:Message Generated From File use-cases/varying-networking-conditions/varying-link-latency/word-count/dataDir/randomText2.txt
2022-09-28 14:42:01,394 INFO:      File has been sent ->  Topic: inTopic; File ID: File: 37
2022-09-28 14:42:01,394 INFO:Message Generated From File use-cases/varying-networking-conditions/varying-link-latency/word-count/dataDir/randomText2.txt
2022-09-28 14:42:01,394 INFO:      File has been sent ->  Topic: inTopic; File ID: File: 38
2022-09-28 14:42:01,394 INFO:Message Generated From File use-cases/varying-networking-conditions/varying-link-latency/word-count/dataDir/randomText2.txt
2022-09-28 14:42:01,394 INFO:      File has been sent ->  Topic: inTopic; File ID: File: 39
2022-09-28 14:42:01,395 INFO:Message Generated From File use-cases/varying-networking-conditions/varying-link-latency/word-count/dataDir/randomText2.txt
2022-09-28 14:42:01,395 INFO:      File has been sent ->  Topic: inTopic; File ID: File: 40
2022-09-28 14:42:01,395 INFO:Message Generated From File use-cases/varying-networking-conditions/varying-link-latency/word-count/dataDir/randomText2.txt
2022-09-28 14:42:01,395 INFO:      File has been sent ->  Topic: inTopic; File ID: File: 41
2022-09-28 14:42:01,395 INFO:Message Generated From File use-cases/varying-networking-conditions/varying-link-latency/word-count/dataDir/randomText2.txt
2022-09-28 14:42:01,395 INFO:      File has been sent ->  Topic: inTopic; File ID: File: 42
2022-09-28 14:42:01,395 INFO:Message Generated From File use-cases/varying-networking-conditions/varying-link-latency/word-count/dataDir/randomText2.txt
2022-09-28 14:42:01,395 INFO:      File has been sent ->  Topic: inTopic; File ID: File: 43
2022-09-28 14:42:01,395 INFO:Message Generated From File use-cases/varying-networking-conditions/varying-link-latency/word-count/dataDir/randomText2.txt
2022-09-28 14:42:01,396 INFO:      File has been sent ->  Topic: inTopic; File ID: File: 44
2022-09-28 14:42:01,396 INFO:Message Generated From File use-cases/varying-networking-conditions/varying-link-latency/word-count/dataDir/randomText2.txt
2022-09-28 14:42:01,396 INFO:      File has been sent ->  Topic: inTopic; File ID: File: 45
2022-09-28 14:42:01,396 INFO:Message Generated From File use-cases/varying-networking-conditions/varying-link-latency/word-count/dataDir/randomText2.txt
2022-09-28 14:42:01,396 INFO:      File has been sent ->  Topic: inTopic; File ID: File: 46
2022-09-28 14:42:01,396 INFO:Message Generated From File use-cases/varying-networking-conditions/varying-link-latency/word-count/dataDir/randomText2.txt
2022-09-28 14:42:01,396 INFO:      File has been sent ->  Topic: inTopic; File ID: File: 47
2022-09-28 14:42:01,396 INFO:Message Generated From File use-cases/varying-networking-conditions/varying-link-latency/word-count/dataDir/randomText2.txt
2022-09-28 14:42:01,396 INFO:      File has been sent ->  Topic: inTopic; File ID: File: 48
2022-09-28 14:42:01,397 INFO:Message Generated From File use-cases/varying-networking-conditions/varying-link-latency/word-count/dataDir/randomText2.txt
2022-09-28 14:42:01,397 INFO:      File has been sent ->  Topic: inTopic; File ID: File: 49
2022-09-28 14:42:01,397 INFO:Message Generated From File use-cases/varying-networking-conditions/varying-link-latency/word-count/dataDir/randomText2.txt
2022-09-28 14:42:01,397 INFO:      File has been sent ->  Topic: inTopic; File ID: File: 50
2022-09-28 14:42:01,397 INFO:Message Generated From File use-cases/varying-networking-conditions/varying-link-latency/word-count/dataDir/randomText2.txt
2022-09-28 14:42:01,397 INFO:      File has been sent ->  Topic: inTopic; File ID: File: 51
2022-09-28 14:42:01,397 INFO:Message Generated From File use-cases/varying-networking-conditions/varying-link-latency/word-count/dataDir/randomText2.txt
2022-09-28 14:42:01,397 INFO:      File has been sent ->  Topic: inTopic; File ID: File: 52
2022-09-28 14:42:01,397 INFO:Message Generated From File use-cases/varying-networking-conditions/varying-link-latency/word-count/dataDir/randomText2.txt
2022-09-28 14:42:01,397 INFO:      File has been sent ->  Topic: inTopic; File ID: File: 53
2022-09-28 14:42:01,398 INFO:Message Generated From File use-cases/varying-networking-conditions/varying-link-latency/word-count/dataDir/randomText2.txt
2022-09-28 14:42:01,398 INFO:      File has been sent ->  Topic: inTopic; File ID: File: 54
2022-09-28 14:42:01,398 INFO:Message Generated From File use-cases/varying-networking-conditions/varying-link-latency/word-count/dataDir/randomText2.txt
2022-09-28 14:42:01,398 INFO:      File has been sent ->  Topic: inTopic; File ID: File: 55
2022-09-28 14:42:01,398 INFO:Message Generated From File use-cases/varying-networking-conditions/varying-link-latency/word-count/dataDir/randomText2.txt
2022-09-28 14:42:01,398 INFO:      File has been sent ->  Topic: inTopic; File ID: File: 56
2022-09-28 14:42:01,398 INFO:Message Generated From File use-cases/varying-networking-conditions/varying-link-latency/word-count/dataDir/randomText2.txt
2022-09-28 14:42:01,398 INFO:      File has been sent ->  Topic: inTopic; File ID: File: 57
2022-09-28 14:42:01,398 INFO:Message Generated From File use-cases/varying-networking-conditions/varying-link-latency/word-count/dataDir/randomText2.txt
2022-09-28 14:42:01,398 INFO:      File has been sent ->  Topic: inTopic; File ID: File: 58
2022-09-28 14:42:01,399 INFO:Message Generated From File use-cases/varying-networking-conditions/varying-link-latency/word-count/dataDir/randomText2.txt
2022-09-28 14:42:01,399 INFO:      File has been sent ->  Topic: inTopic; File ID: File: 59
2022-09-28 14:42:01,399 INFO:Message Generated From File use-cases/varying-networking-conditions/varying-link-latency/word-count/dataDir/randomText2.txt
2022-09-28 14:42:01,399 INFO:      File has been sent ->  Topic: inTopic; File ID: File: 60
2022-09-28 14:42:01,399 INFO:Message Generated From File use-cases/varying-networking-conditions/varying-link-latency/word-count/dataDir/randomText2.txt
2022-09-28 14:42:01,399 INFO:      File has been sent ->  Topic: inTopic; File ID: File: 61
2022-09-28 14:42:01,399 INFO:Message Generated From File use-cases/varying-networking-conditions/varying-link-latency/word-count/dataDir/randomText2.txt
2022-09-28 14:42:01,399 INFO:      File has been sent ->  Topic: inTopic; File ID: File: 62
2022-09-28 14:42:01,399 INFO:Message Generated From File use-cases/varying-networking-conditions/varying-link-latency/word-count/dataDir/randomText2.txt
2022-09-28 14:42:01,399 INFO:      File has been sent ->  Topic: inTopic; File ID: File: 63
2022-09-28 14:42:01,399 INFO:Message Generated From File use-cases/varying-networking-conditions/varying-link-latency/word-count/dataDir/randomText2.txt
2022-09-28 14:42:01,399 INFO:      File has been sent ->  Topic: inTopic; File ID: File: 64
2022-09-28 14:42:01,400 INFO:Message Generated From File use-cases/varying-networking-conditions/varying-link-latency/word-count/dataDir/randomText2.txt
2022-09-28 14:42:01,400 INFO:      File has been sent ->  Topic: inTopic; File ID: File: 65
2022-09-28 14:42:01,400 INFO:Message Generated From File use-cases/varying-networking-conditions/varying-link-latency/word-count/dataDir/randomText2.txt
2022-09-28 14:42:01,400 INFO:      File has been sent ->  Topic: inTopic; File ID: File: 66
2022-09-28 14:42:01,400 INFO:Message Generated From File use-cases/varying-networking-conditions/varying-link-latency/word-count/dataDir/randomText2.txt
2022-09-28 14:42:01,400 INFO:      File has been sent ->  Topic: inTopic; File ID: File: 67
2022-09-28 14:42:01,400 INFO:Message Generated From File use-cases/varying-networking-conditions/varying-link-latency/word-count/dataDir/randomText2.txt
2022-09-28 14:42:01,400 INFO:      File has been sent ->  Topic: inTopic; File ID: File: 68
2022-09-28 14:42:01,400 INFO:Message Generated From File use-cases/varying-networking-conditions/varying-link-latency/word-count/dataDir/randomText2.txt
2022-09-28 14:42:01,400 INFO:      File has been sent ->  Topic: inTopic; File ID: File: 69
2022-09-28 14:42:01,401 INFO:Message Generated From File use-cases/varying-networking-conditions/varying-link-latency/word-count/dataDir/randomText2.txt
2022-09-28 14:42:01,401 INFO:      File has been sent ->  Topic: inTopic; File ID: File: 70
2022-09-28 14:42:01,401 INFO:Message Generated From File use-cases/varying-networking-conditions/varying-link-latency/word-count/dataDir/randomText2.txt
2022-09-28 14:42:01,401 INFO:      File has been sent ->  Topic: inTopic; File ID: File: 71
2022-09-28 14:42:01,401 INFO:Message Generated From File use-cases/varying-networking-conditions/varying-link-latency/word-count/dataDir/randomText2.txt
2022-09-28 14:42:01,401 INFO:      File has been sent ->  Topic: inTopic; File ID: File: 72
2022-09-28 14:42:01,401 INFO:Message Generated From File use-cases/varying-networking-conditions/varying-link-latency/word-count/dataDir/randomText2.txt
2022-09-28 14:42:01,401 INFO:      File has been sent ->  Topic: inTopic; File ID: File: 73
2022-09-28 14:42:01,401 INFO:Message Generated From File use-cases/varying-networking-conditions/varying-link-latency/word-count/dataDir/randomText2.txt
2022-09-28 14:42:01,401 INFO:      File has been sent ->  Topic: inTopic; File ID: File: 74
2022-09-28 14:42:01,402 INFO:Message Generated From File use-cases/varying-networking-conditions/varying-link-latency/word-count/dataDir/randomText2.txt
2022-09-28 14:42:01,402 INFO:      File has been sent ->  Topic: inTopic; File ID: File: 75
2022-09-28 14:42:01,402 INFO:Message Generated From File use-cases/varying-networking-conditions/varying-link-latency/word-count/dataDir/randomText2.txt
2022-09-28 14:42:01,402 INFO:      File has been sent ->  Topic: inTopic; File ID: File: 76
2022-09-28 14:42:01,403 INFO:Message Generated From File use-cases/varying-networking-conditions/varying-link-latency/word-count/dataDir/randomText2.txt
2022-09-28 14:42:01,404 INFO:      File has been sent ->  Topic: inTopic; File ID: File: 77
2022-09-28 14:42:01,405 INFO:Message Generated From File use-cases/varying-networking-conditions/varying-link-latency/word-count/dataDir/randomText2.txt
2022-09-28 14:42:01,405 INFO:      File has been sent ->  Topic: inTopic; File ID: File: 78
2022-09-28 14:42:01,406 INFO:Message Generated From File use-cases/varying-networking-conditions/varying-link-latency/word-count/dataDir/randomText2.txt
2022-09-28 14:42:01,406 INFO:      File has been sent ->  Topic: inTopic; File ID: File: 79
2022-09-28 14:42:01,407 INFO:Message Generated From File use-cases/varying-networking-conditions/varying-link-latency/word-count/dataDir/randomText2.txt
2022-09-28 14:42:01,407 INFO:      File has been sent ->  Topic: inTopic; File ID: File: 80
2022-09-28 14:42:01,408 INFO:Message Generated From File use-cases/varying-networking-conditions/varying-link-latency/word-count/dataDir/randomText2.txt
2022-09-28 14:42:01,408 INFO:      File has been sent ->  Topic: inTopic; File ID: File: 81
2022-09-28 14:42:01,408 INFO:Message Generated From File use-cases/varying-networking-conditions/varying-link-latency/word-count/dataDir/randomText2.txt
2022-09-28 14:42:01,408 INFO:      File has been sent ->  Topic: inTopic; File ID: File: 82
2022-09-28 14:42:01,408 INFO:Message Generated From File use-cases/varying-networking-conditions/varying-link-latency/word-count/dataDir/randomText2.txt
2022-09-28 14:42:01,408 INFO:      File has been sent ->  Topic: inTopic; File ID: File: 83
2022-09-28 14:42:01,409 INFO:Message Generated From File use-cases/varying-networking-conditions/varying-link-latency/word-count/dataDir/randomText2.txt
2022-09-28 14:42:01,409 INFO:      File has been sent ->  Topic: inTopic; File ID: File: 84
2022-09-28 14:42:01,409 INFO:Message Generated From File use-cases/varying-networking-conditions/varying-link-latency/word-count/dataDir/randomText2.txt
2022-09-28 14:42:01,409 INFO:      File has been sent ->  Topic: inTopic; File ID: File: 85
2022-09-28 14:42:01,409 INFO:Message Generated From File use-cases/varying-networking-conditions/varying-link-latency/word-count/dataDir/randomText2.txt
2022-09-28 14:42:01,409 INFO:      File has been sent ->  Topic: inTopic; File ID: File: 86
2022-09-28 14:42:01,410 INFO:Message Generated From File use-cases/varying-networking-conditions/varying-link-latency/word-count/dataDir/randomText2.txt
2022-09-28 14:42:01,410 INFO:      File has been sent ->  Topic: inTopic; File ID: File: 87
2022-09-28 14:42:01,410 INFO:Message Generated From File use-cases/varying-networking-conditions/varying-link-latency/word-count/dataDir/randomText2.txt
2022-09-28 14:42:01,411 INFO:      File has been sent ->  Topic: inTopic; File ID: File: 88
2022-09-28 14:42:01,411 INFO:Message Generated From File use-cases/varying-networking-conditions/varying-link-latency/word-count/dataDir/randomText2.txt
2022-09-28 14:42:01,411 INFO:      File has been sent ->  Topic: inTopic; File ID: File: 89
2022-09-28 14:42:01,411 INFO:Message Generated From File use-cases/varying-networking-conditions/varying-link-latency/word-count/dataDir/randomText2.txt
2022-09-28 14:42:01,411 INFO:      File has been sent ->  Topic: inTopic; File ID: File: 90
2022-09-28 14:42:01,411 INFO:Message Generated From File use-cases/varying-networking-conditions/varying-link-latency/word-count/dataDir/randomText2.txt
2022-09-28 14:42:01,411 INFO:      File has been sent ->  Topic: inTopic; File ID: File: 91
2022-09-28 14:42:01,411 INFO:Message Generated From File use-cases/varying-networking-conditions/varying-link-latency/word-count/dataDir/randomText2.txt
2022-09-28 14:42:01,411 INFO:      File has been sent ->  Topic: inTopic; File ID: File: 92
2022-09-28 14:42:01,412 INFO:Message Generated From File use-cases/varying-networking-conditions/varying-link-latency/word-count/dataDir/randomText2.txt
2022-09-28 14:42:01,412 INFO:      File has been sent ->  Topic: inTopic; File ID: File: 93
2022-09-28 14:42:01,412 INFO:Message Generated From File use-cases/varying-networking-conditions/varying-link-latency/word-count/dataDir/randomText2.txt
2022-09-28 14:42:01,412 INFO:      File has been sent ->  Topic: inTopic; File ID: File: 94
2022-09-28 14:42:01,412 INFO:Message Generated From File use-cases/varying-networking-conditions/varying-link-latency/word-count/dataDir/randomText2.txt
2022-09-28 14:42:01,412 INFO:      File has been sent ->  Topic: inTopic; File ID: File: 95
2022-09-28 14:42:01,412 INFO:Message Generated From File use-cases/varying-networking-conditions/varying-link-latency/word-count/dataDir/randomText2.txt
2022-09-28 14:42:01,412 INFO:      File has been sent ->  Topic: inTopic; File ID: File: 96
2022-09-28 14:42:01,413 INFO:Message Generated From File use-cases/varying-networking-conditions/varying-link-latency/word-count/dataDir/randomText2.txt
2022-09-28 14:42:01,413 INFO:      File has been sent ->  Topic: inTopic; File ID: File: 97
2022-09-28 14:42:01,413 INFO:Message Generated From File use-cases/varying-networking-conditions/varying-link-latency/word-count/dataDir/randomText2.txt
2022-09-28 14:42:01,413 INFO:      File has been sent ->  Topic: inTopic; File ID: File: 98
2022-09-28 14:42:01,413 INFO:Message Generated From File use-cases/varying-networking-conditions/varying-link-latency/word-count/dataDir/randomText2.txt
2022-09-28 14:42:01,413 INFO:      File has been sent ->  Topic: inTopic; File ID: File: 99
2022-09-28 14:42:01,413 INFO:Message Generated From File use-cases/varying-networking-conditions/varying-link-latency/word-count/dataDir/randomText2.txt
2022-09-28 14:42:01,413 INFO:      File has been sent ->  Topic: inTopic; File ID: File: 100
