0.6
0.6
0.6
0.0
0.6
0.0
0.6
0.6
1.2
0.6
1.2
0.6
0.0
0.6
0.6
1.2
0.0
3.4
1.7
0.6
5.8
10.0
2.8
9.9
7.7
8.3
8.4
4.0
6.1
3.4
3.4
5.1
2.9
27.1
24.0
4.1
1.1
3.5
16.5
8.7
9.2
18.9
15.8
30.6
26.3
17.5
10.1
24.6
34.3
25.7
31.9
25.4
33.1
4.6
16.0
26.0
27.9
27.9
24.9
11.7
8.7
25.7
33.9
28.2
28.7
26.7
24.3
32.2
30.2
65.9
68.0
76.1
69.2
56.5
61.4
69.5
59.1
52.8
68.7
60.4
63.7
76.0
52.3
43.3
61.1
56.2
30.3
22.9
22.7
53.3
55.4
1.7
7.3
2.2
2.2
1.7
3.4
27.2
40.4
94.7
7.1
29.0
9.9
6.5
42.2
8.0
9.7
25.3
23.1
22.7
22.9
32.2
8.0
25.1
26.4
32.3
27.7
33.0
85.7
13.6
29.8
32.3
26.3
26.9
49.2
13.3
31.7
72.5
7.2
24.7
74.1
8.4
27.5
26.6
29.5
28.6
7.5
38.1
21.5
11.9
30.3
21.5
20.3
42.9
32.4
14.1
40.7
19.4
1.7
26.0
25.0
13.9
31.5
16.9
5.6
34.4
21.3
56.9
38.6
87.4
93.2
92.2
84.4
85.4
62.1
50.9
56.9
52.0
54.2
55.2
54.7
59.2
66.7
55.0
73.5
53.2
68.5
67.8
62.0
60.7
50.9
58.0
56.3
57.8
54.2
55.0
70.1
60.4
52.0
57.7
52.6
47.6
62.8
59.9
53.2
53.2
60.6
51.5
55.9
62.3
51.1
50.3
53.9
58.0
50.0
52.0
55.2
48.9
47.7
47.1
43.3
59.5
48.6
62.4
66.1
59.6
53.9
41.6
49.1
43.0
48.8
52.7
52.3
41.1
48.9
48.3
43.6
51.2
53.5
56.0
50.0
64.1
46.2
44.9
55.5
59.2
43.3
55.8
40.6
47.7
50.0
49.1
48.6
45.4
52.7
46.3
52.0
48.6
44.5
43.7
63.4
58.7
49.5
60.9
42.3
56.7
44.3
56.5
56.2
58.4
50.6
59.3
63.8
47.8
46.3
50.0
36.8
45.3
68.9
52.0
48.0
48.0
42.7
46.2
55.0
42.7
38.5
43.8
51.1
50.3
41.8
44.9
47.5
52.6
41.6
47.1
44.9
47.4
40.6
51.2
50.0
48.0
35.7
40.4
40.3
36.8
37.3
36.8
44.8
40.0
53.3
52.0
53.8
38.2
50.0
49.4
53.4
46.0
40.1
56.5
39.3
48.8
42.7
40.6
51.7
38.5
46.4
37.5
46.3
41.7
50.5
36.0
44.0
39.8
52.8
43.7
40.4
51.4
50.3
49.1
40.4
43.3
42.8
43.9
47.5
41.1
47.5
43.0
36.6
43.9
36.3
47.5
49.4
47.7
47.8
41.2
36.9
49.4
47.1
47.7
48.0
46.1
47.7
70.8
39.1
36.2
39.7
38.3
42.9
46.3
37.5
35.1
52.8
42.1
48.8
35.0
45.8
34.9
39.2
38.7
51.7
45.3
36.7
43.4
37.2
39.2
35.8
48.9
38.9
47.7
44.4
63.2
40.4
36.3
47.4
51.7
48.9
40.6
56.5
56.3
37.9
44.4
33.3
38.4
37.0
39.1
37.2
46.3
37.7
44.4
41.3
44.8
38.6
50.3
44.1
49.7
46.3
40.4
35.6
48.9
54.0
38.7
42.0
33.3
34.7
43.0
36.4
40.3
50.0
46.3
34.3
32.7
39.4
42.0
56.2
48.0
37.8
46.2
45.3
42.3
39.8
42.4
50.6
42.6
39.0
52.3
62.7
36.0
35.2
38.1
34.6
47.2
44.6
44.6
32.4
36.3
52.3
33.7
34.8
40.7
30.8
32.6
47.5
49.2
34.7
56.2
48.6
50.0
37.0
36.9
37.6
36.5
42.1
45.3
44.0
55.6
39.5
36.3
45.6
51.4
36.2
43.8
34.3
59.5
40.6
44.1
36.5
47.4
33.9
39.1
33.5
40.4
43.6
36.4
41.3
45.3
51.6
36.4
53.8
38.5
37.4
32.4
45.7
40.4
50.0
46.3
39.5
33.9
46.9
47.5
54.7
34.1
48.3
48.3
36.6
54.0
40.1
46.1
41.5
10.6
9.0
10.3
9.4
10.2
13.6
4.0
1.2
2.3
4.5
4.5
4.0
0.6
0.6
0.6
0.6
0.6
0.6
0.6
0.6
0.6
0.6
0.6
0.0
0.6
0.0
0.6
0.6
0.6
0.6
0.6
1.2
0.6
0.6
0.6
0.0
1.2
0.0
0.6
1.2
0.6
0.6
0.6
0.6
0.6
0.6
1.2
0.6
0.6
1.2
0.6
0.6
0.0
1.8
0.6
0.6
0.6
0.6
0.6
0.6
0.6
0.6
0.0
0.6
0.0
0.6
0.6
0.6
0.6
0.6
0.6
0.6
1.2
0.0
0.6
0.6
1.2
0.0
0.6
0.6
0.6
1.2
0.0
0.6
0.6
0.6
0.6
1.2
0.6
0.6
0.6
1.2
0.6
0.6
0.6
0.6
0.0
0.6
0.6
0.0
0.6
0.6
0.0
0.6
0.6
0.0
0.0
0.0
0.6
1.2
0.6
0.6
0.6
0.0
0.6
0.6
0.0
0.6
0.6
0.6
0.6
0.6
0.6
1.2
0.6
0.0
0.0
0.6
0.6
0.0
0.6
0.0
0.6
0.6
0.0
0.0
0.6
1.2
0.6
0.6
0.6
0.0
0.6
0.0
0.6
0.6
0.0
0.6
0.6
0.0
0.6
0.6
0.6
0.6
0.6
1.1
1.7
1.2
0.6
0.6
0.6
0.6
0.6
1.1
0.0
0.0
0.0
0.0
1.2
0.6
0.6
0.6
0.6
0.6
0.0
0.6
1.1
1.2
0.6
0.6
0.6
1.2
0.6
0.0
0.0
0.6
0.6
0.0
0.0
0.6
0.6
0.0
0.6
1.2
0.6
0.6
0.6
0.0
0.6
0.6
0.6
0.6
0.0
0.0
0.0
0.6
0.6
0.6
0.6
0.6
0.6
0.0
0.6
0.6
1.1
0.6
0.6
0.6
0.0
1.1
1.2
0.0
0.6
0.0
0.6
0.6
0.0
0.6
1.1
0.6
0.6
0.6
0.6
0.0
1.2
0.0
0.0
0.0
0.0
0.0
0.6
0.6
0.6
1.2
0.0
0.6
0.6
1.2
0.6
0.6
0.6
0.6
0.6
0.0
0.6
0.0
0.6
0.0
0.6
0.6
0.6
0.0
0.0
1.1
0.0
1.2
1.2
0.6
0.0
0.6
0.0
0.0
0.0
0.6
0.6
0.0
0.6
0.6
1.2
0.6
0.6
1.2
1.1
1.2
1.2
0.0
0.0
0.0
0.0
0.6
0.6
1.7
0.6
0.6
1.7
0.6
0.0
0.0
0.6
1.1
0.6
0.0
0.0
0.6
0.6
0.0
0.0
0.0
2.3
0.0
0.6
0.6
0.6
0.6
0.0
0.6
0.6
0.6
0.6
1.2
0.0
0.6
0.6
0.0
0.6
0.6
0.6
0.0
0.6
0.6
0.6
0.0
0.0
0.0
0.6
0.6
0.6
0.0
1.2
0.6
3.4
0.0
