1216.2
1216.7
1216.9
1216.9
1216.6
1216.8
1216.8
1216.8
1216.4
1216.1
1215.9
1216.3
1215.9
1216.1
1215.9
1215.7
1216.5
1239.7
1281.0
1286.7
1275.9
1294.4
1297.3
1306.5
1301.1
1305.2
1297.0
1294.4
1293.5
1294.5
1293.6
1293.1
1349.2
1357.1
1360.0
1350.7
1338.9
1345.5
1375.7
1436.2
1490.7
1545.1
1611.7
1665.6
1732.2
1781.8
1840.7
1898.4
1960.1
2026.9
2087.5
2159.1
2244.5
2311.1
2372.3
2434.8
2506.1
2563.6
2626.2
2692.7
2755.8
2835.8
2901.9
2988.9
3068.9
3172.4
3279.0
3368.2
3508.7
3932.1
4443.2
4647.9
4993.2
5341.5
5797.3
5944.4
6247.5
6550.3
6987.7
7243.7
7587.2
7897.1
8026.9
8130.8
8548.3
8838.1
8885.8
9090.9
9115.9
9520.4
9617.5
9618.8
9621.0
9618.0
9607.2
9599.2
9577.8
9609.2
9661.1
10050.2
9990.3
10037.4
10071.2
10009.5
10064.8
10082.6
10030.3
10065.1
10104.9
10041.6
10075.6
10112.2
10060.0
10099.4
10133.1
10087.0
10119.8
10164.9
10182.8
10132.1
10167.9
10179.2
10129.6
10172.6
10177.4
10129.6
10172.3
10196.6
10134.7
10177.9
10202.3
10142.8
10183.7
10191.7
10148.1
10191.3
10140.8
10178.1
10213.1
10155.9
10195.3
10230.0
10180.5
10226.5
10260.4
10202.0
10245.3
10276.8
10207.0
10252.1
10282.6
10220.8
10263.9
10285.9
10222.2
10267.7
10297.9
10427.1
10503.9
10765.2
10900.9
10994.3
11001.3
11023.0
11041.1
11043.3
11054.1
11088.6
11084.3
11100.3
11099.6
11104.9
11127.6
11140.8
11146.1
11150.8
11196.4
11213.6
11245.4
11278.2
11308.6
11308.3
11332.6
11342.0
11343.8
11334.2
11317.3
11305.2
11297.4
11301.0
11302.9
11297.6
11297.4
11308.5
11331.3
11354.5
11361.8
11357.1
11365.3
11370.7
11379.8
11378.4
11370.3
11380.4
11390.8
11395.1
11411.5
11412.7
11415.9
11424.7
11427.7
11449.4
11462.6
11485.5
11505.0
11527.9
11530.0
11534.9
11536.7
11536.0
11541.9
11551.1
11550.8
11548.8
11551.0
11559.1
11565.3
11576.1
11581.0
11582.8
11584.3
11586.5
11587.4
11600.0
11614.3
11614.3
11617.3
11621.4
11631.6
11660.4
11667.9
11681.8
11688.4
11692.9
11699.0
11708.0
11732.0
11745.2
11770.1
11774.6
11787.5
11789.0
11804.2
11810.3
11833.3
11844.6
11854.1
11859.7
11857.1
11865.4
11870.0
11880.6
11892.0
11905.4
11927.3
11949.1
11961.9
11968.2
11997.4
12025.6
12053.7
12067.4
12081.2
12088.3
12098.6
12100.7
12104.3
12130.7
12128.5
12130.7
12135.5
12141.5
12148.3
12143.5
12139.2
12159.2
12178.0
12165.9
12164.7
12171.7
12180.3
12187.1
12198.5
12202.8
12212.5
12224.8
12231.8
12243.5
12256.7
12262.3
12288.7
12300.8
12317.2
12336.2
12373.0
12399.2
12408.8
12415.6
12423.6
12461.9
12473.9
12489.7
12501.7
12517.5
12518.5
12520.2
12524.6
12532.9
12537.0
12550.0
12576.8
12586.4
12604.0
12628.6
12650.6
12666.4
12688.3
12696.5
12713.9
12739.2
12753.8
12774.1
12774.8
12781.7
12794.8
12799.4
12814.1
12837.0
12828.4
12847.9
12845.9
12865.1
12886.5
12907.7
12937.8
12946.1
12950.7
12955.0
12969.3
12997.7
13019.4
13029.0
13040.0
13051.0
13051.5
13059.8
13063.5
13070.4
13061.5
13076.9
13072.2
13083.9
13089.2
13097.4
13103.8
13123.0
13126.8
13135.5
13159.5
13174.6
13194.5
13209.3
13214.0
13213.7
13217.8
13211.5
13209.4
13223.7
13234.1
13250.2
13267.0
13289.3
13299.1
13294.3
13293.6
13303.7
13313.3
13317.2
13331.2
13320.5
13322.3
13343.6
13361.5
13361.6
13377.8
13375.7
13379.1
13391.3
13389.1
13402.4
13398.6
13403.3
13405.8
13407.9
13413.2
13411.1
13433.7
13426.3
13433.5
13432.6
13445.3
13444.8
13444.6
13452.8
13450.5
13455.8
13455.6
13466.2
13483.4
13491.3
13496.2
13496.0
13500.1
13507.0
13507.8
13520.8
13520.4
13522.7
13524.8
13529.1
13544.3
13556.1
13569.2
13583.7
13585.8
13578.3
13592.5
13591.5
13599.2
13596.6
13600.5
13603.3
13609.1
13617.3
13614.5
13622.1
13632.3
13637.3
13640.4
13649.8
13676.4
13674.1
13678.2
13694.5
13699.4
13701.5
13707.8
13718.5
13727.3
13739.2
13746.0
13774.1
13811.3
13824.3
13843.2
13868.1
13884.8
13909.3
13929.2
13940.1
13966.7
13994.8
14012.1
14035.5
14043.4
14058.2
14092.0
14115.7
14134.3
14149.6
14167.7
14186.0
14212.2
14230.4
14246.3
14271.0
14292.8
14316.8
14325.5
14335.2
14354.4
14363.8
14381.0
14388.0
14397.2
14412.0
14430.1
14440.8
14452.7
14466.4
14475.6
14483.9
14500.1
14519.5
14526.2
14539.9
14547.9
14576.0
12087.0
8826.3
4909.2
1384.5
1384.7
1386.4
1386.9
1382.9
1347.2
1321.5
1322.6
1320.8
1262.5
1258.4
1256.7
1257.3
1256.1
1257.2
1256.9
1257.2
1257.0
1256.5
1256.2
1256.7
1256.5
1256.3
1256.1
1256.1
1256.6
1256.3
1255.8
1256.4
1255.9
1255.9
1255.7
1255.4
1255.1
1254.0
1254.0
1254.5
1254.2
1253.5
1253.6
1253.6
1253.4
1253.6
1253.5
1253.8
1254.0
1253.2
1253.5
1253.0
1253.3
1253.1
1252.9
1252.9
1253.2
1253.2
1253.4
1254.1
1253.9
1253.7
1253.8
1246.7
1247.4
1247.2
1247.2
1246.4
1246.5
1246.7
1246.7
1246.7
1246.7
1246.3
1246.5
1246.6
1246.3
1246.6
1246.7
1245.9
1246.7
1246.5
1245.9
1246.6
1246.1
1246.1
1246.1
1246.0
1246.4
1246.4
1246.2
1245.5
1246.0
1246.3
1245.6
1246.4
1246.9
1247.4
1246.6
1246.6
1246.0
1245.8
1246.1
1246.2
1246.1
1245.2
1245.9
1245.9
1245.6
1246.7
1247.0
1246.2
1246.5
1246.0
1245.8
1246.1
1245.8
1245.3
1245.7
1245.4
1245.5
1245.2
1244.3
1244.5
1244.8
1244.8
1244.9
1244.3
1237.9
1221.3
1221.4
1221.6
1221.9
1221.9
1221.6
1221.0
1221.8
1221.5
1221.4
1221.9
1221.9
1222.5
1222.2
1221.7
1221.9
1222.0
1221.8
1221.8
1222.0
1221.6
1222.3
1221.9
1222.0
1221.4
1221.9
1222.4
1221.7
1222.8
1222.3
1223.9
1223.4
1223.7
1223.2
1223.5
1221.8
1221.7
1222.0
1222.6
1222.8
1222.2
1222.5
1222.4
1222.2
1222.6
1222.2
1221.8
1222.2
1222.3
1222.5
1222.5
1222.4
1222.9
1223.0
1222.6
1221.8
1222.3
1222.6
1222.6
1222.8
1222.1
1222.4
1221.7
1221.5
1221.5
1222.5
1222.2
1222.0
1222.0
1222.1
1221.6
1222.2
1221.7
1222.0
1221.5
1219.7
1219.7
1220.0
1219.8
1220.1
1220.3
1220.0
1219.4
1220.6
1219.9
1219.5
1219.3
1219.2
1219.2
1219.0
1219.0
1218.8
1219.0
1220.1
1220.1
1219.6
1219.4
1219.8
1219.4
1219.0
1219.1
1219.5
1219.7
1219.8
1219.1
1219.4
1219.3
1219.7
1219.3
1219.1
1220.0
1219.5
1219.8
1219.3
1219.5
1219.0
1219.1
1219.2
1218.7
1219.3
1219.8
1219.6
1219.6
1219.6
1219.8
1219.1
1219.1
1219.2
1219.7
1219.3
1219.5
1220.0
1219.8
1220.0
1219.5
1220.1
1219.9
1219.8
1219.7
1218.9
1218.6
1218.9
1218.9
1218.7
1218.9
1219.2
1219.0
1219.4
1219.7
1219.0
1219.3
1219.3
1218.9
1218.6
1217.8
1219.4
1218.9
1219.1
1219.1
1219.5
1219.2
1219.6
1219.7
1219.4
1219.8
1220.8
1220.1
1220.6
1219.7
1220.9
1220.1
1220.3
1219.6
1220.3
1220.1
1219.1
1219.7
1218.7
1218.2
1218.6
1220.4
1220.8
1220.6
1220.7
1218.5
1218.8
1219.0
1218.6
1220.0
1219.0
1219.8
1219.4
1218.8
1218.6
1218.7
1218.8
1219.3
1219.8
1220.1
1218.9
1219.4
1219.9
1220.1
1219.6
1219.0
1219.9
1220.3
1219.8
1220.2
1219.8
1220.1
1220.1
1220.1
