0.2
1.2
1.2
0.6
0.0
0.6
0.6
12.4
0.6
4.1
2.3
24.7
2.9
10.9
8.5
7.9
5.2
3.4
5.1
4.5
5.7
6.4
2.3
20.1
22.1
1.2
4.1
4.4
20.5
13.0
10.6
21.6
18.0
33.9
32.4
18.2
7.5
11.4
31.6
29.8
32.2
27.4
20.2
4.5
20.4
23.2
27.0
31.3
22.1
7.8
8.7
35.5
29.9
27.2
38.1
23.0
27.9
28.8
57.1
48.3
68.4
57.1
63.5
60.8
65.7
48.5
70.0
37.4
64.4
82.8
82.0
70.1
49.7
60.8
46.4
46.5
50.3
91.6
30.6
27.2
19.0
29.1
9.9
2.7
4.4
3.9
17.2
37.2
19.7
94.7
5.0
24.9
7.9
3.4
31.5
32.2
22.3
29.9
30.1
75.9
13.0
32.0
6.1
8.7
22.8
5.1
12.2
32.0
19.2
6.8
34.7
21.6
70.9
14.4
27.9
11.1
3.9
24.6
8.2
16.1
27.5
22.2
8.8
25.3
31.0
3.4
39.0
27.5
74.6
6.1
21.0
11.5
6.6
25.6
28.9
8.0
20.0
14.2
9.5
23.5
3.4
7.9
36.1
8.0
5.6
35.3
10.9
19.7
41.6
31.6
8.4
32.8
22.2
32.2
6.7
22.5
9.6
2.9
28.8
6.2
6.6
28.5
6.2
6.1
23.1
9.1
7.3
28.3
2.3
4.4
46.9
14.7
12.9
39.7
24.9
3.9
29.6
16.7
2.8
34.6
17.2
11.9
33.0
14.5
4.0
36.0
23.3
15.6
32.6
23.0
2.9
28.6
18.2
17.9
32.0
27.4
1.1
33.1
27.3
41.2
15.3
27.4
29.5
6.2
26.7
2.9
4.5
23.1
9.0
10.1
22.7
8.9
9.3
28.9
7.2
5.1
42.7
10.3
10.8
21.4
14.7
5.4
30.4
2.9
7.3
32.2
1.1
7.8
28.2
2.8
5.1
34.3
9.9
4.4
30.9
23.3
6.7
36.1
19.0
37.3
8.9
23.2
6.2
13.3
20.6
1.7
6.6
22.1
12.8
6.6
32.8
2.3
3.9
28.7
6.2
6.7
32.4
6.1
12.6
29.8
4.7
6.1
41.5
11.0
12.5
34.3
12.6
6.7
29.8
5.0
8.8
36.5
6.8
13.3
35.4
4.5
9.0
36.0
17.4
11.4
44.8
12.7
12.2
40.9
22.0
20.9
46.5
18.0
7.8
43.3
9.6
3.3
33.9
20.8
13.7
42.3
9.7
2.2
28.3
17.3
13.2
47.2
20.3
86.3
8.3
27.4
25.4
13.8
40.4
28.7
10.7
22.9
31.6
7.3
28.9
9.4
5.0
30.4
4.5
7.7
20.6
2.7
7.2
26.0
2.8
8.6
23.1
8.0
13.6
23.8
6.6
7.9
28.7
15.4
8.4
24.2
2.8
5.6
23.1
5.6
17.6
26.8
10.1
6.6
30.9
5.6
7.3
35.6
14.9
1.7
30.7
23.3
20.6
22.5
32.4
10.4
26.5
14.7
7.8
22.6
15.5
7.3
26.4
19.8
4.4
36.3
20.5
1.1
29.9
22.1
0.0
31.3
20.2
2.9
27.0
35.0
28.1
24.4
27.4
31.6
5.6
26.0
28.7
15.6
22.6
28.2
10.8
27.7
5.3
5.0
22.5
3.5
11.9
26.8
9.6
85.2
78.0
59.9
58.1
96.1
72.8
66.3
63.2
80.6
74.4
70.3
77.3
71.1
78.5
60.7
54.7
62.4
77.5
46.4
67.1
57.3
51.6
36.6
47.1
52.6
48.3
64.2
55.9
45.7
57.3
38.4
38.4
58.9
47.1
51.4
50.9
51.8
35.3
45.4
41.6
60.0
54.3
54.6
59.1
38.2
36.7
46.0
36.6
52.8
47.4
42.4
34.7
39.3
39.2
47.4
52.0
52.0
34.5
35.4
33.3
35.1
39.2
41.8
60.0
47.7
40.9
45.6
41.2
35.6
48.3
51.2
50.6
41.1
31.6
36.0
37.6
40.0
47.1
46.2
41.7
34.7
49.7
57.6
48.0
55.7
55.9
44.3
36.3
32.0
29.4
48.0
45.1
47.2
40.0
41.0
36.8
41.7
36.6
43.2
61.5
45.3
48.6
41.4
46.6
39.7
44.1
59.8
45.2
38.9
33.7
51.9
50.0
36.4
53.9
63.8
52.5
33.1
32.2
31.6
34.9
45.6
43.9
43.8
42.0
42.8
32.2
46.9
43.1
47.1
42.0
56.4
38.2
36.0
28.8
47.2
57.3
51.7
48.6
50.9
31.8
41.9
35.7
47.1
46.8
52.2
41.6
39.7
47.1
38.2
38.1
55.1
50.6
43.7
37.4
38.9
42.9
42.6
50.3
48.0
37.7
41.5
30.5
37.1
41.4
47.3
52.6
45.4
33.9
33.9
30.5
26.9
33.9
37.7
41.9
40.0
42.8
38.7
32.6
40.6
38.4
49.4
46.2
39.9
40.0
41.7
34.3
66.3
73.8
61.2
47.4
46.8
31.4
34.3
41.6
49.2
55.6
43.3
32.6
40.8
32.6
40.0
49.4
44.8
40.0
36.6
30.3
45.6
30.6
37.4
53.4
44.1
33.9
29.8
30.2
30.2
36.3
48.3
39.8
44.3
27.7
29.3
35.8
34.1
36.2
51.7
41.3
38.2
45.8
38.2
32.0
39.5
42.0
42.0
35.8
29.8
31.6
33.9
43.8
33.9
46.2
53.0
30.1
25.7
34.1
28.6
42.0
44.2
36.6
35.8
33.3
27.3
30.7
39.3
39.2
38.3
34.9
31.5
24.7
33.9
36.3
43.2
42.2
37.6
26.7
41.5
31.0
31.6
48.0
43.2
37.0
32.0
38.9
32.9
34.8
36.3
38.2
42.5
37.6
35.0
27.6
32.2
40.6
44.5
34.9
43.0
29.5
35.9
40.6
45.8
39.2
39.3
38.2
37.6
30.1
32.4
27.6
39.9
48.0
42.9
33.7
28.7
28.1
32.6
32.0
42.0
38.3
36.0
36.9
30.5
28.0
38.2
38.5
38.2
53.7
36.6
25.4
29.9
39.1
45.4
47.1
45.8
34.4
32.4
27.2
32.9
39.0
44.4
42.2
33.7
28.7
45.9
29.1
36.2
39.8
39.3
34.1
32.2
26.9
32.4
34.5
38.3
39.1
39.5
39.8
29.3
28.3
34.3
49.4
43.7
58.8
40.7
23.7
16.2
9.7
12.3
18.4
8.7
1.7
3.4
4.6
3.4
5.3
0.6
0.6
0.0
0.0
0.6
0.0
0.0
0.6
0.0
0.6
9.4
9.8
10.0
9.3
10.4
10.4
8.8
10.1
8.7
1.1
1.2
0.6
0.6
0.6
0.0
0.6
0.6
0.6
0.6
0.6
0.6
0.6
0.0
0.6
0.6
0.6
0.6
0.0
0.0
0.6
0.6
0.6
0.6
1.2
0.0
0.6
0.6
0.6
0.0
0.6
0.6
0.6
0.6
0.6
1.2
0.6
0.6
0.0
0.6
0.0
0.6
0.6
0.6
0.6
0.6
0.6
0.6
0.6
0.0
0.6
0.0
0.6
0.6
0.0
0.6
0.0
0.6
1.1
0.0
1.2
0.0
0.0
0.6
0.6
0.6
0.6
1.2
0.6
0.6
0.6
0.6
0.0
0.6
0.0
0.6
0.6
0.6
0.6
0.6
0.6
1.2
0.0
0.6
0.0
0.0
0.6
0.6
0.6
0.6
0.6
0.0
0.0
0.6
0.6
0.6
0.6
0.6
0.6
0.6
0.6
1.1
1.2
0.6
0.6
0.6
0.6
1.1
0.6
0.6
0.0
0.6
0.6
0.0
0.0
0.6
0.0
1.1
0.0
1.2
0.6
1.2
0.0
0.6
0.0
0.6
0.0
1.1
0.6
0.6
0.6
1.1
0.0
0.0
0.0
0.6
0.6
0.6
0.6
0.0
1.2
0.6
0.6
0.6
0.0
0.6
0.6
0.6
0.0
0.6
0.6
0.6
0.0
0.0
1.2
0.0
1.2
1.2
1.2
0.0
0.6
0.6
0.0
0.6
0.0
0.6
0.6
0.0
0.0
0.0
0.6
0.0
0.0
1.2
0.0
0.6
0.6
0.6
0.6
1.1
0.6
0.6
0.0
0.0
0.0
0.6
0.6
0.0
0.0
0.6
0.0
0.0
0.6
0.6
0.6
0.6
0.6
1.2
0.0
0.0
0.6
0.6
0.0
0.6
0.6
0.6
0.0
0.6
0.0
0.6
0.6
0.0
0.0
0.6
0.6
0.6
0.6
0.6
0.6
0.6
0.6
0.6
1.2
1.1
0.6
0.0
0.0
1.2
0.0
0.6
0.6
0.6
0.6
0.6
1.2
0.6
0.6
0.0
0.0
0.0
1.1
0.6
0.6
1.1
0.6
0.0
0.0
0.6
0.0
0.6
1.2
0.6
0.6
0.0
1.2
0.6
0.6
0.6
0.6
0.0
0.6
0.6
0.0
0.0
1.1
0.6
0.6
0.6
0.6
0.6
0.6
0.6
0.6
0.6
0.6
0.0
0.6
1.1
0.6
0.6
0.0
0.6
0.6
0.0
0.0
0.0
0.6
0.6
1.2
0.6
0.6
0.0
0.6
1.1
0.6
0.0
0.6
0.0
0.0
0.6
0.0
0.6
0.6
0.6
0.0
0.6
0.6
0.6
0.6
1.2
1.7
0.0
1.2
0.6
0.0
0.6
0.0
0.6
0.6
1.2
1.2
0.6
0.6
0.0
1.2
0.6
0.0
0.6
