1207.3
1207.7
1208.0
1208.2
1209.6
1209.6
1210.1
1239.4
1273.8
1274.0
1269.4
1292.7
1292.5
1297.1
1298.1
1299.4
1286.7
1286.3
1285.4
1286.7
1286.1
1286.7
1340.4
1349.2
1348.0
1342.5
1336.2
1339.1
1371.8
1430.5
1482.1
1540.4
1609.6
1664.2
1726.5
1778.2
1836.7
1897.7
1957.5
2024.8
2084.9
2157.9
2232.2
2300.9
2366.2
2438.7
2494.0
2564.6
2621.9
2689.2
2758.5
2834.5
2906.8
2985.1
3097.0
3189.0
3274.0
3369.8
3702.2
3949.5
4263.5
4603.4
4779.2
5098.9
5558.9
5677.9
6036.1
6157.8
6482.9
6909.1
7307.7
7610.2
7905.4
8224.8
8376.8
8455.5
8661.6
9239.5
9315.5
9384.4
9400.9
9572.6
9586.1
9569.2
9555.1
9532.7
9510.5
9554.2
9578.8
9998.3
9938.6
9992.5
10008.8
9967.0
10010.9
10040.8
9975.9
10011.5
10052.4
10091.1
10045.7
10087.0
10103.8
10034.3
10099.0
10113.7
10065.4
10114.9
10130.2
10068.3
10101.5
10134.1
10138.0
10092.9
10128.5
10139.2
10078.2
10132.7
10151.7
10094.7
10135.7
10174.9
10102.0
10144.7
10176.2
10109.6
10151.7
10185.8
10195.1
10138.8
10189.6
10198.0
10143.9
10190.7
10212.0
10156.5
10212.9
10245.4
10172.7
10238.6
10250.3
10183.5
10231.9
10253.6
10176.2
10225.8
10247.1
10213.3
10255.5
10283.1
10241.1
10284.4
10318.4
10319.7
10271.3
10316.7
10321.5
10250.3
10297.9
10309.8
10247.3
10293.9
10303.7
10229.1
10285.4
10302.1
10216.7
10265.5
10277.6
10235.7
10282.8
10301.8
10237.3
10281.3
10308.2
10237.1
10282.6
10310.3
10253.4
10298.1
10321.6
10259.5
10307.7
10332.3
10263.3
10312.1
10332.6
10271.0
10315.3
10342.2
10283.7
10334.5
10356.4
10282.9
10327.9
10356.0
10287.5
10332.2
10362.5
10376.9
10325.9
10369.9
10380.0
10327.4
10380.4
10387.8
10324.6
10377.7
10403.7
10359.0
10400.1
10415.9
10347.6
10402.3
10417.9
10345.0
10402.6
10417.3
10331.6
10377.4
10392.5
10322.8
10373.8
10395.9
10328.4
10377.0
10396.4
10331.3
10383.5
10404.4
10341.5
10394.3
10412.2
10344.4
10390.0
10418.2
10341.0
10388.9
10418.9
10457.3
10424.1
10467.5
10477.0
10419.0
10455.8
10456.6
10395.1
10447.6
10458.5
10387.4
10436.2
10454.6
10380.0
10438.0
10455.0
10388.5
10442.1
10463.3
10392.3
10443.6
10468.2
10395.7
10445.4
10472.1
10408.0
10461.7
10480.1
10407.2
10459.2
10487.3
10408.1
10457.8
10479.5
10410.1
10461.8
10487.4
10430.7
10480.3
10504.2
10431.8
10482.4
10504.4
10429.9
10483.8
10523.7
10473.1
10527.0
10550.4
10475.7
10524.7
10542.0
10470.5
10515.7
10564.2
10501.2
10579.6
10586.2
10513.0
10558.1
10581.7
10532.2
10573.2
10609.8
10612.0
10560.2
10623.9
10636.5
10588.8
10638.3
10629.3
10568.1
10596.1
10616.8
10564.6
10627.9
10633.4
10562.0
10598.9
10606.5
10533.6
10591.5
10600.6
10519.0
10569.0
10584.1
10516.0
10571.7
10587.2
10543.2
10615.4
10634.6
10564.2
10617.6
10633.3
10562.3
10632.7
10645.1
10572.0
10625.9
10647.3
10573.2
10621.2
10633.7
10546.1
10599.3
10619.6
10555.4
10609.6
10623.4
10560.9
10600.1
10636.1
10595.6
10618.8
10674.5
10610.8
10645.8
10682.0
10617.9
10642.2
10669.8
10604.5
10638.9
10667.7
10592.6
10654.0
10689.4
10610.0
10616.0
10649.5
10576.7
10614.1
10646.2
10582.4
10622.1
10661.6
10671.8
10619.9
10662.5
10672.7
10621.2
10671.3
10691.4
10637.1
10685.8
10704.2
10646.9
10702.1
10710.8
10647.3
10698.0
10712.0
10652.4
10706.3
10717.9
10875.0
11191.0
11249.7
11290.0
11354.1
11435.2
11422.9
11436.8
11472.2
11482.1
11480.6
11494.8
11520.3
11533.9
11527.6
11533.9
11543.5
11574.3
11581.5
11587.5
11603.4
11610.6
11601.4
11609.1
11618.5
11648.2
11665.6
11668.6
11682.4
11706.4
11718.6
11726.7
11727.0
11731.4
11732.7
11735.0
11740.4
11746.1
11755.4
11756.5
11749.5
11769.8
11762.2
11771.4
11774.1
11780.4
11784.4
11794.4
11796.8
11808.4
11811.9
11810.8
11818.3
11831.5
11870.8
11886.9
11899.8
11897.3
11909.8
11902.4
11905.4
11913.6
11916.9
11929.4
11944.1
11939.3
11962.1
11988.0
12002.4
12018.4
12039.8
12039.4
12042.1
12052.3
12059.9
12070.1
12080.5
12099.4
12107.8
12113.6
12133.8
12167.9
12197.2
12229.3
12239.9
12257.9
12262.2
12279.7
12301.7
12315.2
12335.8
12351.6
12365.4
12382.6
12392.6
12416.1
12451.3
12457.8
12473.9
12512.7
12541.2
12572.2
12595.7
12614.7
12611.6
12611.4
12625.6
12636.0
12646.3
12662.9
12672.1
12687.7
12692.3
12699.7
12720.5
12744.9
12757.2
12768.6
12767.6
12781.1
12792.6
12799.9
12828.3
12831.1
12863.3
12877.4
12888.1
12890.0
12921.9
12938.9
12956.9
12979.6
12983.4
12986.4
13017.8
13037.6
13061.3
13089.8
13112.1
13122.6
13139.5
13158.9
13188.6
13200.0
13200.4
13214.6
13224.6
13243.5
13266.1
13277.6
13314.9
13336.2
13342.1
13359.4
13391.3
13411.7
13414.9
13445.2
13462.8
13478.3
13505.3
13520.4
13536.9
13557.5
13577.4
13591.9
13620.0
13637.3
13652.2
13667.2
13686.2
13713.0
13726.9
13744.3
13767.9
13783.7
13803.8
13826.6
13854.2
13895.0
13915.9
13940.1
13962.7
13986.3
14004.4
14019.0
14048.9
14068.8
14074.6
14091.2
14100.4
14107.6
14118.7
14123.7
14149.7
14167.6
14186.2
14206.1
14221.8
14233.7
14246.3
14253.4
14282.1
14280.8
14293.4
14316.9
14327.1
14335.1
14347.2
14379.2
14392.5
14391.0
14403.6
14426.6
14430.0
14449.1
14459.7
14471.6
14497.4
14502.0
14507.4
14519.5
14531.2
14544.5
14561.6
14579.1
14595.5
14624.3
14640.7
14652.7
14672.8
14681.7
14701.0
14716.7
14733.7
14751.7
14774.0
14809.3
14823.4
14859.2
14879.9
14889.9
14899.6
14917.3
14938.5
14948.5
14965.9
14964.6
14958.2
14963.0
14981.2
14997.8
15019.0
15032.1
15047.6
15064.0
15083.8
15105.3
15131.2
15144.3
15159.7
15173.4
15190.1
15211.5
15238.3
15260.1
15275.7
15309.1
15320.0
15336.2
15350.0
15362.1
15376.0
15385.0
15390.0
15402.0
15420.0
15426.9
15440.9
15439.6
15442.8
15452.4
15483.0
15486.6
15514.0
15508.7
15514.5
15538.4
15541.3
15536.8
15541.7
15542.1
15548.8
15557.0
15569.6
15574.0
15586.1
15601.6
15608.7
15622.5
15631.2
15636.1
15644.2
15660.6
15673.3
15693.8
15704.2
15718.6
15731.4
15740.9
15766.1
15772.2
15776.3
15797.3
15815.9
15826.9
15843.6
15861.5
15869.3
15894.8
15904.1
15913.7
15934.9
15950.9
15974.8
15983.2
15992.0
15995.6
15995.5
16000.9
16012.3
16017.0
16021.4
16032.8
16041.0
16051.4
16066.1
16066.9
16069.0
16079.6
16090.2
16098.3
16108.5
16124.2
16134.4
16150.9
16161.3
16175.2
16187.9
16233.2
14134.2
9830.7
7933.7
1364.1
1365.0
1367.3
1334.1
1362.3
1314.2
1299.1
1299.8
1299.8
1242.1
1236.6
1236.7
1237.2
1237.3
1237.6
1236.7
1236.8
1236.5
1235.0
1275.6
1291.9
1291.5
1290.6
1291.6
1267.0
1271.6
1307.8
1235.6
1235.4
1235.2
1235.7
1236.0
1235.5
1235.4
1235.4
1235.7
1235.4
1234.7
1233.2
1234.4
1235.0
1234.2
1233.8
1234.3
1234.1
1234.3
1233.3
1233.1
1233.9
1234.3
1233.9
1233.1
1233.2
1233.1
1232.9
1232.4
1232.4
1232.7
1233.4
1233.1
1232.9
1233.2
1233.4
1233.4
1233.7
1233.4
1234.2
1233.9
1233.6
1233.4
1234.1
1233.9
1233.6
1234.4
1235.2
1234.9
1234.4
1234.0
1234.0
1234.3
1234.3
1235.1
1235.3
1235.7
1235.2
1235.0
1235.4
1235.8
1236.3
1236.0
1235.9
1236.2
1236.5
1236.7
1229.6
1229.8
1230.4
1230.2
1230.5
1230.0
1229.7
1229.7
1230.2
1229.9
1230.0
1229.5
1229.5
1229.8
1230.0
1229.8
1229.8
1230.0
1230.1
1229.9
1229.9
1229.7
1229.9
1230.2
1230.2
1229.8
1229.7
1229.3
1230.2
1229.7
1229.5
1229.8
1226.3
1226.7
1226.4
1226.4
1225.8
1226.1
1226.3
1226.4
1226.4
1226.4
1226.4
1226.5
1225.8
1225.8
1226.1
1226.7
1226.6
1225.9
1225.9
1226.2
1225.6
1226.2
1225.8
1226.6
1226.7
1226.6
1226.4
1225.8
1226.2
1226.5
1226.1
1226.0
1226.1
1226.1
1226.4
1226.2
1225.8
1226.3
1226.5
1225.6
1225.6
1225.9
1227.1
1227.0
1225.9
1225.8
1226.4
1226.8
1226.3
1225.8
1225.8
1225.8
1226.1
1227.1
1225.9
1226.4
1226.4
1225.7
1225.7
1226.0
1226.5
1226.4
1226.7
1226.0
1226.1
1226.2
1226.7
1225.5
1225.9
1225.9
1225.9
1226.2
1225.4
1226.1
1226.4
1226.1
1225.4
1225.6
1226.0
1226.5
1225.6
1226.2
1226.5
1226.5
1226.2
1225.8
1226.6
1226.2
1226.1
1226.2
1225.8
1226.6
1225.8
1225.9
1225.8
1225.4
1225.1
1225.8
1225.3
1224.7
1224.9
1225.1
1224.6
1224.1
1225.0
1223.8
1223.5
1223.1
1223.9
1224.1
1223.6
1223.6
1224.1
1223.7
1223.4
1223.0
1223.5
1223.5
1223.3
1223.0
1222.1
1223.1
1223.4
1223.4
1223.2
1223.5
1224.2
1223.8
1223.5
1223.6
1224.1
1223.9
1223.6
1224.4
1223.5
1223.7
1223.2
1224.1
1224.0
1224.7
1224.2
1223.4
1224.4
1223.9
1224.1
1223.5
1223.5
1224.1
1224.1
1223.5
1223.6
1224.4
1224.7
1224.2
1224.1
1224.2
1223.7
1224.3
1223.6
1223.8
1224.3
1224.3
1223.6
1223.4
1223.6
1223.9
1224.2
1224.0
1223.4
1223.2
1223.7
1224.0
1224.2
1224.6
1224.6
1224.6
1224.4
1224.7
1224.9
1223.9
1224.1
1224.1
1223.8
1224.1
1223.4
1223.4
1223.8
1223.6
1224.7
1224.0
1224.0
1223.6
1224.1
1224.4
1224.9
1224.8
1224.1
1224.2
1223.8
1223.2
1223.8
1223.8
1223.3
1223.3
1223.4
1223.7
1224.4
1225.1
1225.3
1225.5
1225.0
1224.6
1225.1
1225.1
1225.2
1224.7
1224.4
1224.1
1224.6
1224.6
1224.6
1224.4
1223.8
1224.1
1223.7
1223.8
1224.4
1223.7
