0.2
0.0
0.6
0.6
0.0
0.0
0.0
0.0
0.0
1.2
0.0
1.2
0.6
0.6
0.6
0.0
0.6
0.6
0.0
0.0
0.6
9.7
0.0
8.6
2.9
47.8
3.5
12.1
9.0
9.0
5.1
5.0
4.6
4.1
4.0
37.1
23.1
26.2
26.0
0.6
4.1
14.5
14.9
16.4
32.4
30.0
18.0
14.0
4.1
31.7
23.7
37.9
24.2
15.2
36.8
32.6
30.0
32.6
29.8
23.0
9.4
11.2
27.5
16.6
30.9
20.0
18.1
24.0
36.3
30.6
40.1
51.7
78.5
57.9
41.4
65.5
45.9
56.3
64.5
72.7
35.4
64.9
65.9
69.0
70.0
33.3
66.1
64.5
75.9
66.1
45.4
22.4
53.1
20.0
7.8
2.8
2.2
2.2
1.7
3.4
6.2
22.4
41.5
2.8
34.7
23.7
4.0
39.8
14.4
16.1
7.7
20.3
53.7
11.4
24.9
9.3
16.5
26.1
8.9
7.3
27.8
6.2
5.1
19.9
5.2
6.9
26.0
7.4
5.5
21.5
12.4
9.0
25.1
13.6
11.7
22.3
10.9
24.4
21.5
61.9
5.9
20.8
21.8
21.4
21.9
30.9
21.8
31.9
20.3
33.9
29.4
17.2
33.9
28.9
23.6
40.4
26.0
11.4
29.2
38.1
76.6
5.6
24.7
27.8
19.8
30.9
39.7
5.1
20.1
74.1
10.4
23.7
32.1
7.9
21.2
31.2
22.0
32.9
14.3
22.1
29.3
7.2
24.7
23.7
8.5
38.2
18.9
4.5
32.2
28.1
3.3
31.2
16.5
1.1
29.0
23.3
2.2
24.7
27.8
14.4
45.4
24.9
2.8
34.6
24.6
4.0
37.0
23.6
19.4
35.0
20.0
10.7
30.8
4.0
5.5
31.1
4.0
6.1
26.4
4.5
5.1
33.0
17.6
13.2
33.9
7.6
14.0
24.3
33.7
14.2
27.4
40.6
5.6
27.2
2.8
21.2
20.1
8.9
22.3
20.5
0.6
25.3
18.8
5.7
26.9
19.6
8.3
44.9
13.5
11.8
40.0
11.0
10.3
28.6
6.7
3.9
27.4
4.5
7.2
21.5
30.3
6.0
21.3
25.0
14.3
21.2
40.3
7.9
34.1
11.6
32.2
17.8
10.4
39.0
16.3
16.5
41.2
15.7
3.9
33.9
7.1
7.3
20.7
4.8
11.6
23.6
22.3
8.0
23.5
36.5
7.9
31.9
26.0
13.1
20.8
39.2
10.0
29.4
25.2
8.5
24.6
24.2
11.2
20.0
45.5
7.2
21.5
28.9
9.6
38.4
71.9
12.6
24.9
28.6
33.1
39.8
49.2
18.7
35.2
39.4
8.5
28.0
51.1
17.8
28.8
11.0
20.3
30.4
6.2
25.7
17.1
11.0
34.5
20.2
5.1
37.0
9.7
7.1
31.3
18.5
5.1
28.7
12.4
4.5
27.1
8.2
9.2
24.3
40.2
6.9
37.0
58.1
4.4
23.3
24.0
17.2
35.3
3.2
23.6
14.0
8.5
30.6
28.8
6.6
40.1
21.1
4.4
40.3
4.6
13.0
24.2
6.3
9.0
24.1
4.0
6.5
20.5
4.4
7.1
31.5
31.7
5.5
23.2
36.1
20.3
26.7
38.1
14.6
44.3
2.3
29.4
25.1
5.0
32.8
16.7
33.7
53.8
90.6
62.9
59.5
95.4
92.0
91.9
80.6
66.1
70.6
80.2
79.0
84.2
81.2
61.2
88.7
59.7
57.9
65.1
66.3
56.3
58.0
54.1
61.4
60.0
66.1
47.6
53.5
51.1
49.4
56.6
59.8
54.9
62.9
51.7
62.7
54.1
44.9
54.7
46.2
48.6
57.9
50.6
61.8
54.6
49.7
48.2
53.0
50.6
42.9
56.8
50.0
44.3
52.0
63.2
44.6
48.9
54.4
48.6
46.7
50.0
51.7
57.0
59.1
76.6
69.0
46.5
59.8
63.8
48.9
65.9
66.3
51.4
54.4
48.9
65.3
64.9
43.7
53.1
59.4
50.0
57.1
49.7
52.9
58.6
45.9
51.7
54.1
51.7
48.8
45.3
58.1
47.4
56.9
54.5
71.3
63.0
54.8
63.5
68.6
52.0
47.6
50.3
50.3
48.5
45.4
46.0
65.1
49.4
49.4
61.2
50.6
47.6
55.7
52.6
55.9
57.7
45.1
60.5
46.5
72.0
42.6
59.4
47.0
48.6
60.0
49.7
42.3
63.4
55.9
48.6
66.9
49.7
60.7
46.3
50.0
52.7
45.9
54.4
45.3
46.9
47.4
58.2
62.1
43.5
56.1
51.1
51.1
49.1
57.4
47.4
47.1
50.3
46.2
65.3
50.6
49.7
46.5
55.7
43.4
60.3
67.5
52.4
43.4
61.6
60.2
54.0
69.9
65.7
51.1
42.7
54.6
64.2
51.4
55.9
64.2
45.2
44.1
39.9
46.7
48.9
59.1
43.6
54.7
42.9
57.4
47.8
48.0
45.7
42.8
52.5
46.6
52.5
44.8
45.1
44.4
44.2
46.8
41.2
50.0
40.8
47.2
57.4
62.6
40.4
50.0
50.3
57.0
59.3
61.8
54.7
66.5
55.0
55.2
59.6
43.4
42.9
38.2
46.9
50.0
44.8
46.3
48.6
41.2
48.6
39.6
50.9
40.7
44.4
41.1
49.1
46.7
46.3
49.4
44.5
46.9
50.0
39.3
45.6
58.0
38.5
51.8
49.1
49.1
48.9
43.3
43.5
41.8
45.7
53.5
48.2
53.9
45.6
42.4
40.3
40.9
42.9
38.5
41.5
41.3
48.0
49.2
46.8
45.3
42.9
42.9
42.4
41.6
45.6
51.1
55.1
44.8
46.5
76.5
43.3
43.5
43.4
44.2
55.5
52.0
45.7
47.8
55.6
53.4
66.7
42.5
38.6
51.4
54.7
51.4
54.1
46.6
43.6
42.0
49.2
44.2
41.8
54.7
50.0
52.6
44.6
41.0
52.9
46.8
58.6
51.7
47.4
43.3
39.2
44.8
47.9
42.5
50.3
52.5
38.4
39.8
51.6
52.3
53.2
42.1
44.5
44.2
44.8
43.8
42.1
50.3
43.2
41.8
55.6
40.1
48.3
62.7
41.0
41.3
53.1
38.2
58.8
39.8
46.6
42.1
45.4
37.6
60.9
43.3
48.8
39.8
46.1
47.8
47.7
59.0
15.6
10.5
17.7
4.1
7.6
13.3
10.8
3.5
6.1
2.9
1.7
6.3
0.6
1.2
0.6
1.8
0.6
0.6
0.6
0.0
0.6
0.0
1.1
0.6
0.6
0.0
0.0
0.0
0.0
0.0
0.6
0.6
0.0
0.6
0.6
0.0
0.6
0.6
0.6
1.2
1.2
0.6
0.6
0.6
0.6
0.6
0.6
0.0
1.2
1.2
0.0
0.0
0.6
0.0
0.6
0.6
0.0
0.0
0.6
0.6
0.6
1.2
0.0
0.0
0.6
0.6
0.0
0.0
0.6
0.6
1.7
0.6
0.6
0.0
0.6
0.0
0.6
0.0
0.6
0.6
0.6
0.6
0.6
0.6
0.0
0.6
0.6
0.6
0.0
0.6
1.2
0.6
