1206.9
1207.8
1207.9
1208.3
1208.1
1207.8
1208.5
1208.8
1208.6
1208.3
1208.9
1209.5
1209.0
1207.7
1207.9
1208.5
1207.8
1208.2
1208.7
1208.5
1208.3
1258.1
1272.8
1278.7
1276.2
1293.0
1297.0
1300.2
1298.2
1291.7
1287.4
1288.5
1287.5
1288.3
1287.6
1303.5
1349.8
1350.6
1346.0
1337.6
1332.4
1340.1
1409.0
1474.3
1530.8
1592.2
1642.9
1703.0
1748.6
1818.0
1885.4
1940.4
2001.0
2059.2
2126.5
2203.8
2285.2
2350.7
2410.9
2470.3
2534.5
2600.2
2667.9
2742.7
2827.6
2875.8
2962.3
3051.9
3157.3
3253.2
3332.1
3497.4
4008.5
4254.0
4428.0
5068.3
5219.9
5433.3
5897.0
6192.7
6339.7
6665.5
7165.7
7500.2
7693.0
7811.1
8143.2
8558.0
8717.0
8982.5
9151.9
9382.2
9595.3
9628.1
9655.2
9655.4
9648.7
9648.5
9643.4
9641.1
9638.7
9684.5
10058.0
10035.7
10068.9
10081.2
10031.0
10071.6
10090.6
10113.0
10050.9
10094.2
10130.2
10074.0
10109.2
10115.8
10051.1
10105.9
10135.1
10073.5
10120.2
10132.4
10074.0
10120.4
10137.8
10079.7
10144.5
10153.8
10082.3
10139.8
10157.7
10088.5
10146.2
10174.1
10121.2
10178.6
10206.5
10146.1
10200.2
10228.8
10165.7
10221.9
10239.5
10178.6
10226.4
10236.7
10179.5
10222.6
10153.8
10184.7
10226.6
10170.6
10209.7
10248.5
10203.4
10244.4
10283.5
10211.5
10253.6
10293.8
10327.4
10281.2
10323.5
10332.2
10290.0
10331.6
10327.8
10270.6
10318.6
10347.8
10299.1
10339.0
10349.1
10289.9
10338.6
10334.5
10293.1
10338.0
10272.8
10309.9
10344.4
10277.2
10316.0
10348.3
10279.7
10325.4
10351.5
10282.1
10326.7
10354.3
10285.1
10336.7
10356.8
10283.9
10325.7
10351.8
10288.8
10332.6
10366.3
10301.6
10364.5
10383.8
10313.8
10360.6
10386.8
10314.4
10361.4
10387.0
10327.6
10376.5
10400.1
10353.0
10393.0
10419.6
10342.5
10405.8
10416.6
10348.1
10405.6
10429.9
10347.5
10400.0
10417.3
10355.4
10409.5
10422.3
10370.9
10419.9
10431.2
10379.8
10423.2
10429.7
10376.7
10426.4
10359.5
10393.2
10435.4
10375.2
10409.1
10446.5
10372.8
10413.2
10447.0
10380.4
10422.1
10448.0
10400.1
10448.4
10474.3
10465.1
10515.2
10533.6
10452.0
10504.3
10520.1
10444.0
10492.1
10514.0
10452.7
10495.5
10504.2
10445.3
10492.8
10505.4
10444.8
10494.2
10507.5
10458.2
10512.0
10447.5
10485.5
10514.6
10443.6
10488.9
10522.8
10443.8
10500.6
10519.3
10445.9
10496.5
10522.4
10454.9
10515.1
10529.9
10457.6
10515.8
10530.3
10475.1
10530.2
10543.5
10480.5
10525.3
10538.5
10485.5
10531.0
10543.7
10491.2
10536.7
10544.6
10481.3
10532.3
10542.2
10491.2
10539.6
10560.9
10506.0
10552.9
10562.6
10519.4
10561.2
10583.4
10526.2
10580.7
10517.5
10564.7
10606.8
10620.1
10568.9
10618.5
10658.3
10599.3
10638.4
10645.1
10589.8
10634.9
10597.7
10616.3
10654.9
10579.1
10593.9
10624.9
10591.0
10641.6
10667.0
10595.7
10627.9
10650.6
10567.6
10624.4
10664.0
10594.0
10654.1
10671.5
10588.1
10623.4
10668.6
10599.2
10656.4
10678.1
10623.8
10684.8
10679.0
10630.6
10665.4
10659.7
10629.1
10673.8
10603.0
10646.0
10662.1
10595.0
10634.5
10664.1
10597.7
10645.5
10670.0
10601.2
10655.7
10673.8
10609.4
10665.7
10693.8
10646.8
10707.9
10722.8
10638.6
10700.0
10721.5
10657.7
10711.3
10734.8
10676.3
10721.4
10730.0
10680.1
10731.8
10739.2
10683.6
10734.0
10662.7
10701.5
10736.8
10666.2
10711.3
10739.9
10861.8
10964.5
11242.5
11290.8
11319.0
11396.5
11450.9
11469.4
11495.7
11520.4
11527.6
11526.3
11523.9
11539.1
11560.2
11551.9
11574.4
11587.8
11598.0
11613.7
11634.3
11662.3
11688.0
11708.6
11712.0
11730.5
11722.5
11733.7
11736.6
11740.4
11746.7
11774.7
11794.2
11808.6
11813.4
11806.2
11811.6
11825.5
11831.2
11829.3
11832.6
11824.4
11811.3
11809.8
11830.8
11832.6
11837.7
11842.2
11852.7
11843.6
11845.0
11867.6
11868.0
11875.3
11883.8
11913.4
11912.0
11911.7
11920.7
11928.1
11937.7
11940.1
11947.2
11960.1
11998.6
12008.6
12019.6
12051.8
12083.3
12088.7
12105.1
12115.1
12134.6
12145.2
12162.6
12198.0
12210.9
12222.4
12227.9
12239.6
12258.6
12278.8
12292.7
12329.3
12352.8
12362.9
12392.0
12424.3
12431.9
12460.9
12499.1
12506.3
12550.7
12583.3
12610.7
12619.4
12650.9
12679.9
12699.5
12727.8
12770.0
12800.4
12825.8
12849.2
12866.9
12870.1
12882.5
12894.7
12920.2
12951.4
12973.9
12972.8
12991.6
13015.5
13032.8
13064.9
13094.1
13109.3
13137.0
13173.4
13199.7
13216.0
13230.8
13250.8
13265.4
13279.2
13310.4
13335.5
13359.8
13390.5
13413.8
13441.4
13469.9
13519.3
13550.6
13591.3
13620.2
13644.6
13674.5
13710.7
13747.6
13783.4
13814.3
13833.7
13877.2
13903.7
13918.0
13951.8
13976.6
13996.7
14016.5
14035.0
14062.6
14080.0
14095.1
14152.7
14158.8
14180.5
14207.5
14230.3
14256.7
14283.7
14305.8
14330.9
14363.9
14391.2
14416.1
14457.9
14492.1
14507.6
14541.6
14562.0
14585.4
14640.7
14649.5
14683.2
14701.7
14737.2
14765.2
14796.0
14808.5
14841.9
14844.8
14866.9
14910.5
14970.7
14999.7
15027.2
15056.0
15060.1
15084.2
15098.4
15114.7
15135.8
15157.5
15170.0
15197.7
15218.5
15250.1
15272.6
15296.7
15311.6
15331.0
15354.0
15374.5
15395.6
15408.2
15426.7
15459.5
15474.9
15507.2
15529.6
15569.7
15581.4
15610.5
15635.8
15647.6
15656.6
15669.6
15695.7
15719.0
15736.7
15765.5
15777.4
15794.2
15810.4
15835.0
15860.5
15877.5
15905.6
15917.4
15956.8
15991.6
16000.1
16021.8
16031.8
16046.4
16070.5
16083.5
16097.8
16132.2
16138.3
16142.0
16168.2
16194.2
16195.6
16213.0
16218.0
16219.0
16230.5
16243.6
16245.4
16261.2
16277.6
16279.4
16290.8
16294.5
16301.0
16309.1
16320.6
16336.5
16349.0
16354.3
16357.9
16370.1
16381.0
16415.1
16416.1
16415.0
16427.4
16436.5
16460.1
16483.6
16494.0
16524.1
16535.5
16542.4
16549.6
16557.4
16578.4
16581.0
16599.9
16610.8
16617.8
16634.0
16656.0
16660.1
16665.3
16669.2
16684.4
16694.8
16725.2
16742.6
16749.7
16760.0
16764.6
16766.7
16776.6
16794.6
16815.2
16840.3
16855.8
16860.1
16869.3
16868.2
16884.6
16883.6
16890.0
16893.7
16901.0
16906.1
16916.0
16918.2
16926.9
16935.3
16941.6
16956.7
16966.6
16991.8
16998.5
17004.7
17017.1
17023.1
17031.4
17047.7
17052.7
17069.2
17079.5
17087.4
17098.1
17110.7
17128.1
17135.2
17150.7
17167.2
17173.7
17186.3
17197.1
17215.3
17219.7
17233.8
17251.0
17267.5
17288.6
17300.5
17311.1
17312.1
17335.6
17339.7
17356.4
17136.6
13420.6
9460.4
4639.8
1390.0
1389.6
1391.1
1392.1
1345.8
1346.9
1327.5
1326.6
1327.6
1267.7
1262.6
1262.4
1262.1
1262.5
1262.6
1262.3
1262.9
1262.3
1262.4
1262.2
1262.4
1262.4
1262.5
1262.5
1262.3
1262.1
1261.6
1261.9
1261.9
1261.5
1261.1
1260.8
1260.8
1261.1
1261.6
1261.4
1261.7
1261.2
1261.5
1260.9
1260.4
1260.5
1259.3
1259.2
1258.5
1258.8
1259.0
1258.6
1258.9
1258.8
1259.4
1258.9
1259.2
1258.9
1259.0
1259.0
1258.6
1258.3
1258.4
1258.1
1258.2
1258.2
1258.7
1258.8
1259.5
1259.6
1259.8
1247.9
1249.7
1250.4
1251.3
1251.5
1247.6
1247.1
1247.4
1246.4
1246.4
1246.5
1247.0
1246.8
1246.8
1247.3
1247.0
1246.6
1247.1
1246.9
1246.8
1246.4
1246.9
