2022-10-03 11:42:05,252 INFO:node to initiate producer: 1
2022-10-03 11:42:05,252 INFO:topic name: inTopic
2022-10-03 11:42:05,252 INFO:topic broker: 2
2022-10-03 11:42:05,252 INFO:**Configuring KafkaProducer** bootstrap_servers=10.0.0.2:9092 acks=1 compression_type=None batch_size=16384 linger_ms=0 request_timeout_ms=30000
2022-10-03 11:42:05,254 INFO:<BrokerConnection node_id=bootstrap-0 host=10.0.0.2:9092 <connecting> [IPv4 ('10.0.0.2', 9092)]>: connecting to 10.0.0.2:9092 [('10.0.0.2', 9092) IPv4]
2022-10-03 11:42:05,254 INFO:Probing node bootstrap-0 broker version
2022-10-03 11:42:05,259 INFO:<BrokerConnection node_id=bootstrap-0 host=10.0.0.2:9092 <connecting> [IPv4 ('10.0.0.2', 9092)]>: Connection complete.
2022-10-03 11:42:05,367 INFO:Broker version identified as 2.5.0
2022-10-03 11:42:05,367 INFO:Set configuration api_version=(2, 5, 0) to skip auto check_version requests on startup
2022-10-03 11:42:05,371 INFO:Message Generated From File use-cases/varying-networking-conditions/varying-link-latency/word-count/dataDir/randomText2.txt
2022-10-03 11:42:05,371 INFO:      File has been sent ->  Topic: inTopic; File ID: File: 1
2022-10-03 11:42:05,379 INFO:Message Generated From File use-cases/varying-networking-conditions/varying-link-latency/word-count/dataDir/randomText2.txt
2022-10-03 11:42:05,379 INFO:      File has been sent ->  Topic: inTopic; File ID: File: 2
2022-10-03 11:42:05,380 INFO:<BrokerConnection node_id=2 host=10.0.0.2:9092 <connecting> [IPv4 ('10.0.0.2', 9092)]>: connecting to 10.0.0.2:9092 [('10.0.0.2', 9092) IPv4]
2022-10-03 11:42:05,380 INFO:Message Generated From File use-cases/varying-networking-conditions/varying-link-latency/word-count/dataDir/randomText2.txt
2022-10-03 11:42:05,380 INFO:      File has been sent ->  Topic: inTopic; File ID: File: 3
2022-10-03 11:42:05,381 INFO:Message Generated From File use-cases/varying-networking-conditions/varying-link-latency/word-count/dataDir/randomText2.txt
2022-10-03 11:42:05,381 INFO:      File has been sent ->  Topic: inTopic; File ID: File: 4
2022-10-03 11:42:05,381 INFO:Message Generated From File use-cases/varying-networking-conditions/varying-link-latency/word-count/dataDir/randomText2.txt
2022-10-03 11:42:05,381 INFO:      File has been sent ->  Topic: inTopic; File ID: File: 5
2022-10-03 11:42:05,382 INFO:Message Generated From File use-cases/varying-networking-conditions/varying-link-latency/word-count/dataDir/randomText2.txt
2022-10-03 11:42:05,382 INFO:      File has been sent ->  Topic: inTopic; File ID: File: 6
2022-10-03 11:42:05,382 INFO:Message Generated From File use-cases/varying-networking-conditions/varying-link-latency/word-count/dataDir/randomText2.txt
2022-10-03 11:42:05,382 INFO:      File has been sent ->  Topic: inTopic; File ID: File: 7
2022-10-03 11:42:05,382 INFO:Message Generated From File use-cases/varying-networking-conditions/varying-link-latency/word-count/dataDir/randomText2.txt
2022-10-03 11:42:05,382 INFO:      File has been sent ->  Topic: inTopic; File ID: File: 8
2022-10-03 11:42:05,383 INFO:Message Generated From File use-cases/varying-networking-conditions/varying-link-latency/word-count/dataDir/randomText2.txt
2022-10-03 11:42:05,383 INFO:      File has been sent ->  Topic: inTopic; File ID: File: 9
2022-10-03 11:42:05,383 INFO:Message Generated From File use-cases/varying-networking-conditions/varying-link-latency/word-count/dataDir/randomText2.txt
2022-10-03 11:42:05,383 INFO:      File has been sent ->  Topic: inTopic; File ID: File: 10
2022-10-03 11:42:05,384 INFO:Message Generated From File use-cases/varying-networking-conditions/varying-link-latency/word-count/dataDir/randomText2.txt
2022-10-03 11:42:05,384 INFO:      File has been sent ->  Topic: inTopic; File ID: File: 11
2022-10-03 11:42:05,384 INFO:Message Generated From File use-cases/varying-networking-conditions/varying-link-latency/word-count/dataDir/randomText2.txt
2022-10-03 11:42:05,384 INFO:      File has been sent ->  Topic: inTopic; File ID: File: 12
2022-10-03 11:42:05,384 INFO:Message Generated From File use-cases/varying-networking-conditions/varying-link-latency/word-count/dataDir/randomText2.txt
2022-10-03 11:42:05,385 INFO:      File has been sent ->  Topic: inTopic; File ID: File: 13
2022-10-03 11:42:05,385 INFO:<BrokerConnection node_id=2 host=10.0.0.2:9092 <connecting> [IPv4 ('10.0.0.2', 9092)]>: Connection complete.
2022-10-03 11:42:05,385 INFO:<BrokerConnection node_id=bootstrap-0 host=10.0.0.2:9092 <connected> [IPv4 ('10.0.0.2', 9092)]>: Closing connection. 
2022-10-03 11:42:05,386 INFO:Message Generated From File use-cases/varying-networking-conditions/varying-link-latency/word-count/dataDir/randomText2.txt
2022-10-03 11:42:05,386 INFO:      File has been sent ->  Topic: inTopic; File ID: File: 14
2022-10-03 11:42:05,387 INFO:Message Generated From File use-cases/varying-networking-conditions/varying-link-latency/word-count/dataDir/randomText2.txt
2022-10-03 11:42:05,387 INFO:      File has been sent ->  Topic: inTopic; File ID: File: 15
2022-10-03 11:42:05,388 INFO:Message Generated From File use-cases/varying-networking-conditions/varying-link-latency/word-count/dataDir/randomText2.txt
2022-10-03 11:42:05,388 INFO:      File has been sent ->  Topic: inTopic; File ID: File: 16
2022-10-03 11:42:05,389 INFO:Message Generated From File use-cases/varying-networking-conditions/varying-link-latency/word-count/dataDir/randomText2.txt
2022-10-03 11:42:05,389 INFO:      File has been sent ->  Topic: inTopic; File ID: File: 17
2022-10-03 11:42:05,390 INFO:Message Generated From File use-cases/varying-networking-conditions/varying-link-latency/word-count/dataDir/randomText2.txt
2022-10-03 11:42:05,390 INFO:      File has been sent ->  Topic: inTopic; File ID: File: 18
2022-10-03 11:42:05,391 INFO:Message Generated From File use-cases/varying-networking-conditions/varying-link-latency/word-count/dataDir/randomText2.txt
2022-10-03 11:42:05,391 INFO:      File has been sent ->  Topic: inTopic; File ID: File: 19
2022-10-03 11:42:05,391 INFO:Message Generated From File use-cases/varying-networking-conditions/varying-link-latency/word-count/dataDir/randomText2.txt
2022-10-03 11:42:05,391 INFO:      File has been sent ->  Topic: inTopic; File ID: File: 20
2022-10-03 11:42:05,391 INFO:Message Generated From File use-cases/varying-networking-conditions/varying-link-latency/word-count/dataDir/randomText2.txt
2022-10-03 11:42:05,391 INFO:      File has been sent ->  Topic: inTopic; File ID: File: 21
2022-10-03 11:42:05,391 INFO:Message Generated From File use-cases/varying-networking-conditions/varying-link-latency/word-count/dataDir/randomText2.txt
2022-10-03 11:42:05,391 INFO:      File has been sent ->  Topic: inTopic; File ID: File: 22
2022-10-03 11:42:05,391 INFO:Message Generated From File use-cases/varying-networking-conditions/varying-link-latency/word-count/dataDir/randomText2.txt
2022-10-03 11:42:05,391 INFO:      File has been sent ->  Topic: inTopic; File ID: File: 23
2022-10-03 11:42:05,392 INFO:Message Generated From File use-cases/varying-networking-conditions/varying-link-latency/word-count/dataDir/randomText2.txt
2022-10-03 11:42:05,392 INFO:      File has been sent ->  Topic: inTopic; File ID: File: 24
2022-10-03 11:42:05,392 INFO:Message Generated From File use-cases/varying-networking-conditions/varying-link-latency/word-count/dataDir/randomText2.txt
2022-10-03 11:42:05,392 INFO:      File has been sent ->  Topic: inTopic; File ID: File: 25
2022-10-03 11:42:05,392 INFO:Message Generated From File use-cases/varying-networking-conditions/varying-link-latency/word-count/dataDir/randomText2.txt
2022-10-03 11:42:05,392 INFO:      File has been sent ->  Topic: inTopic; File ID: File: 26
2022-10-03 11:42:05,392 INFO:Message Generated From File use-cases/varying-networking-conditions/varying-link-latency/word-count/dataDir/randomText2.txt
2022-10-03 11:42:05,392 INFO:      File has been sent ->  Topic: inTopic; File ID: File: 27
2022-10-03 11:42:05,392 INFO:Message Generated From File use-cases/varying-networking-conditions/varying-link-latency/word-count/dataDir/randomText2.txt
2022-10-03 11:42:05,392 INFO:      File has been sent ->  Topic: inTopic; File ID: File: 28
2022-10-03 11:42:05,393 INFO:Message Generated From File use-cases/varying-networking-conditions/varying-link-latency/word-count/dataDir/randomText2.txt
2022-10-03 11:42:05,393 INFO:      File has been sent ->  Topic: inTopic; File ID: File: 29
2022-10-03 11:42:05,393 INFO:Message Generated From File use-cases/varying-networking-conditions/varying-link-latency/word-count/dataDir/randomText2.txt
2022-10-03 11:42:05,393 INFO:      File has been sent ->  Topic: inTopic; File ID: File: 30
2022-10-03 11:42:05,393 INFO:Message Generated From File use-cases/varying-networking-conditions/varying-link-latency/word-count/dataDir/randomText2.txt
2022-10-03 11:42:05,393 INFO:      File has been sent ->  Topic: inTopic; File ID: File: 31
2022-10-03 11:42:05,393 INFO:Message Generated From File use-cases/varying-networking-conditions/varying-link-latency/word-count/dataDir/randomText2.txt
2022-10-03 11:42:05,393 INFO:      File has been sent ->  Topic: inTopic; File ID: File: 32
2022-10-03 11:42:05,393 INFO:Message Generated From File use-cases/varying-networking-conditions/varying-link-latency/word-count/dataDir/randomText2.txt
2022-10-03 11:42:05,393 INFO:      File has been sent ->  Topic: inTopic; File ID: File: 33
2022-10-03 11:42:05,393 INFO:Message Generated From File use-cases/varying-networking-conditions/varying-link-latency/word-count/dataDir/randomText2.txt
2022-10-03 11:42:05,394 INFO:      File has been sent ->  Topic: inTopic; File ID: File: 34
2022-10-03 11:42:05,394 INFO:Message Generated From File use-cases/varying-networking-conditions/varying-link-latency/word-count/dataDir/randomText2.txt
2022-10-03 11:42:05,394 INFO:      File has been sent ->  Topic: inTopic; File ID: File: 35
2022-10-03 11:42:05,394 INFO:Message Generated From File use-cases/varying-networking-conditions/varying-link-latency/word-count/dataDir/randomText2.txt
2022-10-03 11:42:05,394 INFO:      File has been sent ->  Topic: inTopic; File ID: File: 36
2022-10-03 11:42:05,394 INFO:Message Generated From File use-cases/varying-networking-conditions/varying-link-latency/word-count/dataDir/randomText2.txt
2022-10-03 11:42:05,394 INFO:      File has been sent ->  Topic: inTopic; File ID: File: 37
2022-10-03 11:42:05,394 INFO:Message Generated From File use-cases/varying-networking-conditions/varying-link-latency/word-count/dataDir/randomText2.txt
2022-10-03 11:42:05,394 INFO:      File has been sent ->  Topic: inTopic; File ID: File: 38
2022-10-03 11:42:05,394 INFO:Message Generated From File use-cases/varying-networking-conditions/varying-link-latency/word-count/dataDir/randomText2.txt
2022-10-03 11:42:05,394 INFO:      File has been sent ->  Topic: inTopic; File ID: File: 39
2022-10-03 11:42:05,395 INFO:Message Generated From File use-cases/varying-networking-conditions/varying-link-latency/word-count/dataDir/randomText2.txt
2022-10-03 11:42:05,395 INFO:      File has been sent ->  Topic: inTopic; File ID: File: 40
2022-10-03 11:42:05,395 INFO:Message Generated From File use-cases/varying-networking-conditions/varying-link-latency/word-count/dataDir/randomText2.txt
2022-10-03 11:42:05,395 INFO:      File has been sent ->  Topic: inTopic; File ID: File: 41
2022-10-03 11:42:05,395 INFO:Message Generated From File use-cases/varying-networking-conditions/varying-link-latency/word-count/dataDir/randomText2.txt
2022-10-03 11:42:05,395 INFO:      File has been sent ->  Topic: inTopic; File ID: File: 42
2022-10-03 11:42:05,395 INFO:Message Generated From File use-cases/varying-networking-conditions/varying-link-latency/word-count/dataDir/randomText2.txt
2022-10-03 11:42:05,395 INFO:      File has been sent ->  Topic: inTopic; File ID: File: 43
2022-10-03 11:42:05,395 INFO:Message Generated From File use-cases/varying-networking-conditions/varying-link-latency/word-count/dataDir/randomText2.txt
2022-10-03 11:42:05,395 INFO:      File has been sent ->  Topic: inTopic; File ID: File: 44
2022-10-03 11:42:05,396 INFO:Message Generated From File use-cases/varying-networking-conditions/varying-link-latency/word-count/dataDir/randomText2.txt
2022-10-03 11:42:05,396 INFO:      File has been sent ->  Topic: inTopic; File ID: File: 45
2022-10-03 11:42:05,396 INFO:Message Generated From File use-cases/varying-networking-conditions/varying-link-latency/word-count/dataDir/randomText2.txt
2022-10-03 11:42:05,396 INFO:      File has been sent ->  Topic: inTopic; File ID: File: 46
2022-10-03 11:42:05,396 INFO:Message Generated From File use-cases/varying-networking-conditions/varying-link-latency/word-count/dataDir/randomText2.txt
2022-10-03 11:42:05,396 INFO:      File has been sent ->  Topic: inTopic; File ID: File: 47
2022-10-03 11:42:05,396 INFO:Message Generated From File use-cases/varying-networking-conditions/varying-link-latency/word-count/dataDir/randomText2.txt
2022-10-03 11:42:05,396 INFO:      File has been sent ->  Topic: inTopic; File ID: File: 48
2022-10-03 11:42:05,396 INFO:Message Generated From File use-cases/varying-networking-conditions/varying-link-latency/word-count/dataDir/randomText2.txt
2022-10-03 11:42:05,396 INFO:      File has been sent ->  Topic: inTopic; File ID: File: 49
2022-10-03 11:42:05,396 INFO:Message Generated From File use-cases/varying-networking-conditions/varying-link-latency/word-count/dataDir/randomText2.txt
2022-10-03 11:42:05,396 INFO:      File has been sent ->  Topic: inTopic; File ID: File: 50
2022-10-03 11:42:05,397 INFO:Message Generated From File use-cases/varying-networking-conditions/varying-link-latency/word-count/dataDir/randomText2.txt
2022-10-03 11:42:05,397 INFO:      File has been sent ->  Topic: inTopic; File ID: File: 51
2022-10-03 11:42:05,397 INFO:Message Generated From File use-cases/varying-networking-conditions/varying-link-latency/word-count/dataDir/randomText2.txt
2022-10-03 11:42:05,397 INFO:      File has been sent ->  Topic: inTopic; File ID: File: 52
2022-10-03 11:42:05,397 INFO:Message Generated From File use-cases/varying-networking-conditions/varying-link-latency/word-count/dataDir/randomText2.txt
2022-10-03 11:42:05,397 INFO:      File has been sent ->  Topic: inTopic; File ID: File: 53
2022-10-03 11:42:05,397 INFO:Message Generated From File use-cases/varying-networking-conditions/varying-link-latency/word-count/dataDir/randomText2.txt
2022-10-03 11:42:05,397 INFO:      File has been sent ->  Topic: inTopic; File ID: File: 54
2022-10-03 11:42:05,398 INFO:Message Generated From File use-cases/varying-networking-conditions/varying-link-latency/word-count/dataDir/randomText2.txt
2022-10-03 11:42:05,398 INFO:      File has been sent ->  Topic: inTopic; File ID: File: 55
2022-10-03 11:42:05,398 INFO:Message Generated From File use-cases/varying-networking-conditions/varying-link-latency/word-count/dataDir/randomText2.txt
2022-10-03 11:42:05,398 INFO:      File has been sent ->  Topic: inTopic; File ID: File: 56
2022-10-03 11:42:05,398 INFO:Message Generated From File use-cases/varying-networking-conditions/varying-link-latency/word-count/dataDir/randomText2.txt
2022-10-03 11:42:05,398 INFO:      File has been sent ->  Topic: inTopic; File ID: File: 57
2022-10-03 11:42:05,398 INFO:Message Generated From File use-cases/varying-networking-conditions/varying-link-latency/word-count/dataDir/randomText2.txt
2022-10-03 11:42:05,398 INFO:      File has been sent ->  Topic: inTopic; File ID: File: 58
2022-10-03 11:42:05,398 INFO:Message Generated From File use-cases/varying-networking-conditions/varying-link-latency/word-count/dataDir/randomText2.txt
2022-10-03 11:42:05,398 INFO:      File has been sent ->  Topic: inTopic; File ID: File: 59
2022-10-03 11:42:05,399 INFO:Message Generated From File use-cases/varying-networking-conditions/varying-link-latency/word-count/dataDir/randomText2.txt
2022-10-03 11:42:05,399 INFO:      File has been sent ->  Topic: inTopic; File ID: File: 60
2022-10-03 11:42:05,399 INFO:Message Generated From File use-cases/varying-networking-conditions/varying-link-latency/word-count/dataDir/randomText2.txt
2022-10-03 11:42:05,399 INFO:      File has been sent ->  Topic: inTopic; File ID: File: 61
2022-10-03 11:42:05,399 INFO:Message Generated From File use-cases/varying-networking-conditions/varying-link-latency/word-count/dataDir/randomText2.txt
2022-10-03 11:42:05,400 INFO:      File has been sent ->  Topic: inTopic; File ID: File: 62
2022-10-03 11:42:05,402 INFO:Message Generated From File use-cases/varying-networking-conditions/varying-link-latency/word-count/dataDir/randomText2.txt
2022-10-03 11:42:05,402 INFO:      File has been sent ->  Topic: inTopic; File ID: File: 63
2022-10-03 11:42:05,403 INFO:Message Generated From File use-cases/varying-networking-conditions/varying-link-latency/word-count/dataDir/randomText2.txt
2022-10-03 11:42:05,403 INFO:      File has been sent ->  Topic: inTopic; File ID: File: 64
2022-10-03 11:42:05,404 INFO:Message Generated From File use-cases/varying-networking-conditions/varying-link-latency/word-count/dataDir/randomText2.txt
2022-10-03 11:42:05,404 INFO:      File has been sent ->  Topic: inTopic; File ID: File: 65
2022-10-03 11:42:05,406 INFO:Message Generated From File use-cases/varying-networking-conditions/varying-link-latency/word-count/dataDir/randomText2.txt
2022-10-03 11:42:05,406 INFO:      File has been sent ->  Topic: inTopic; File ID: File: 66
2022-10-03 11:42:05,408 INFO:Message Generated From File use-cases/varying-networking-conditions/varying-link-latency/word-count/dataDir/randomText2.txt
2022-10-03 11:42:05,408 INFO:      File has been sent ->  Topic: inTopic; File ID: File: 67
2022-10-03 11:42:05,410 INFO:Message Generated From File use-cases/varying-networking-conditions/varying-link-latency/word-count/dataDir/randomText2.txt
2022-10-03 11:42:05,410 INFO:      File has been sent ->  Topic: inTopic; File ID: File: 68
2022-10-03 11:42:05,412 INFO:Message Generated From File use-cases/varying-networking-conditions/varying-link-latency/word-count/dataDir/randomText2.txt
2022-10-03 11:42:05,412 INFO:      File has been sent ->  Topic: inTopic; File ID: File: 69
2022-10-03 11:42:05,413 INFO:Message Generated From File use-cases/varying-networking-conditions/varying-link-latency/word-count/dataDir/randomText2.txt
2022-10-03 11:42:05,413 INFO:      File has been sent ->  Topic: inTopic; File ID: File: 70
2022-10-03 11:42:05,414 INFO:Message Generated From File use-cases/varying-networking-conditions/varying-link-latency/word-count/dataDir/randomText2.txt
2022-10-03 11:42:05,414 INFO:      File has been sent ->  Topic: inTopic; File ID: File: 71
2022-10-03 11:42:05,415 INFO:Message Generated From File use-cases/varying-networking-conditions/varying-link-latency/word-count/dataDir/randomText2.txt
2022-10-03 11:42:05,416 INFO:      File has been sent ->  Topic: inTopic; File ID: File: 72
2022-10-03 11:42:05,417 INFO:Message Generated From File use-cases/varying-networking-conditions/varying-link-latency/word-count/dataDir/randomText2.txt
2022-10-03 11:42:05,417 INFO:      File has been sent ->  Topic: inTopic; File ID: File: 73
2022-10-03 11:42:05,418 INFO:Message Generated From File use-cases/varying-networking-conditions/varying-link-latency/word-count/dataDir/randomText2.txt
2022-10-03 11:42:05,418 INFO:      File has been sent ->  Topic: inTopic; File ID: File: 74
2022-10-03 11:42:05,419 INFO:Message Generated From File use-cases/varying-networking-conditions/varying-link-latency/word-count/dataDir/randomText2.txt
2022-10-03 11:42:05,419 INFO:      File has been sent ->  Topic: inTopic; File ID: File: 75
2022-10-03 11:42:05,420 INFO:Message Generated From File use-cases/varying-networking-conditions/varying-link-latency/word-count/dataDir/randomText2.txt
2022-10-03 11:42:05,420 INFO:      File has been sent ->  Topic: inTopic; File ID: File: 76
2022-10-03 11:42:05,421 INFO:Message Generated From File use-cases/varying-networking-conditions/varying-link-latency/word-count/dataDir/randomText2.txt
2022-10-03 11:42:05,421 INFO:      File has been sent ->  Topic: inTopic; File ID: File: 77
2022-10-03 11:42:05,423 INFO:Message Generated From File use-cases/varying-networking-conditions/varying-link-latency/word-count/dataDir/randomText2.txt
2022-10-03 11:42:05,423 INFO:      File has been sent ->  Topic: inTopic; File ID: File: 78
2022-10-03 11:42:05,424 INFO:Message Generated From File use-cases/varying-networking-conditions/varying-link-latency/word-count/dataDir/randomText2.txt
2022-10-03 11:42:05,424 INFO:      File has been sent ->  Topic: inTopic; File ID: File: 79
2022-10-03 11:42:05,425 INFO:Message Generated From File use-cases/varying-networking-conditions/varying-link-latency/word-count/dataDir/randomText2.txt
2022-10-03 11:42:05,425 INFO:      File has been sent ->  Topic: inTopic; File ID: File: 80
2022-10-03 11:42:05,426 INFO:Message Generated From File use-cases/varying-networking-conditions/varying-link-latency/word-count/dataDir/randomText2.txt
2022-10-03 11:42:05,426 INFO:      File has been sent ->  Topic: inTopic; File ID: File: 81
2022-10-03 11:42:05,427 INFO:Message Generated From File use-cases/varying-networking-conditions/varying-link-latency/word-count/dataDir/randomText2.txt
2022-10-03 11:42:05,427 INFO:      File has been sent ->  Topic: inTopic; File ID: File: 82
2022-10-03 11:42:05,428 INFO:Message Generated From File use-cases/varying-networking-conditions/varying-link-latency/word-count/dataDir/randomText2.txt
2022-10-03 11:42:05,428 INFO:      File has been sent ->  Topic: inTopic; File ID: File: 83
2022-10-03 11:42:05,429 INFO:Message Generated From File use-cases/varying-networking-conditions/varying-link-latency/word-count/dataDir/randomText2.txt
2022-10-03 11:42:05,429 INFO:      File has been sent ->  Topic: inTopic; File ID: File: 84
2022-10-03 11:42:05,430 INFO:Message Generated From File use-cases/varying-networking-conditions/varying-link-latency/word-count/dataDir/randomText2.txt
2022-10-03 11:42:05,431 INFO:      File has been sent ->  Topic: inTopic; File ID: File: 85
2022-10-03 11:42:05,431 INFO:Message Generated From File use-cases/varying-networking-conditions/varying-link-latency/word-count/dataDir/randomText2.txt
2022-10-03 11:42:05,432 INFO:      File has been sent ->  Topic: inTopic; File ID: File: 86
2022-10-03 11:42:05,433 INFO:Message Generated From File use-cases/varying-networking-conditions/varying-link-latency/word-count/dataDir/randomText2.txt
2022-10-03 11:42:05,433 INFO:      File has been sent ->  Topic: inTopic; File ID: File: 87
2022-10-03 11:42:05,433 INFO:Message Generated From File use-cases/varying-networking-conditions/varying-link-latency/word-count/dataDir/randomText2.txt
2022-10-03 11:42:05,433 INFO:      File has been sent ->  Topic: inTopic; File ID: File: 88
2022-10-03 11:42:05,433 INFO:Message Generated From File use-cases/varying-networking-conditions/varying-link-latency/word-count/dataDir/randomText2.txt
2022-10-03 11:42:05,433 INFO:      File has been sent ->  Topic: inTopic; File ID: File: 89
2022-10-03 11:42:05,433 INFO:Message Generated From File use-cases/varying-networking-conditions/varying-link-latency/word-count/dataDir/randomText2.txt
2022-10-03 11:42:05,433 INFO:      File has been sent ->  Topic: inTopic; File ID: File: 90
2022-10-03 11:42:05,434 INFO:Message Generated From File use-cases/varying-networking-conditions/varying-link-latency/word-count/dataDir/randomText2.txt
2022-10-03 11:42:05,434 INFO:      File has been sent ->  Topic: inTopic; File ID: File: 91
2022-10-03 11:42:05,434 INFO:Message Generated From File use-cases/varying-networking-conditions/varying-link-latency/word-count/dataDir/randomText2.txt
2022-10-03 11:42:05,434 INFO:      File has been sent ->  Topic: inTopic; File ID: File: 92
2022-10-03 11:42:05,434 INFO:Message Generated From File use-cases/varying-networking-conditions/varying-link-latency/word-count/dataDir/randomText2.txt
2022-10-03 11:42:05,434 INFO:      File has been sent ->  Topic: inTopic; File ID: File: 93
2022-10-03 11:42:05,435 INFO:Message Generated From File use-cases/varying-networking-conditions/varying-link-latency/word-count/dataDir/randomText2.txt
2022-10-03 11:42:05,436 INFO:      File has been sent ->  Topic: inTopic; File ID: File: 94
2022-10-03 11:42:05,436 INFO:Message Generated From File use-cases/varying-networking-conditions/varying-link-latency/word-count/dataDir/randomText2.txt
2022-10-03 11:42:05,437 INFO:      File has been sent ->  Topic: inTopic; File ID: File: 95
2022-10-03 11:42:05,438 INFO:Message Generated From File use-cases/varying-networking-conditions/varying-link-latency/word-count/dataDir/randomText2.txt
2022-10-03 11:42:05,438 INFO:      File has been sent ->  Topic: inTopic; File ID: File: 96
2022-10-03 11:42:05,439 INFO:Message Generated From File use-cases/varying-networking-conditions/varying-link-latency/word-count/dataDir/randomText2.txt
2022-10-03 11:42:05,439 INFO:      File has been sent ->  Topic: inTopic; File ID: File: 97
2022-10-03 11:42:05,439 INFO:Message Generated From File use-cases/varying-networking-conditions/varying-link-latency/word-count/dataDir/randomText2.txt
2022-10-03 11:42:05,439 INFO:      File has been sent ->  Topic: inTopic; File ID: File: 98
2022-10-03 11:42:05,440 INFO:Message Generated From File use-cases/varying-networking-conditions/varying-link-latency/word-count/dataDir/randomText2.txt
2022-10-03 11:42:05,440 INFO:      File has been sent ->  Topic: inTopic; File ID: File: 99
2022-10-03 11:42:05,440 INFO:Message Generated From File use-cases/varying-networking-conditions/varying-link-latency/word-count/dataDir/randomText2.txt
2022-10-03 11:42:05,440 INFO:      File has been sent ->  Topic: inTopic; File ID: File: 100
