2022-09-29 14:35:21,490 INFO:node to initiate producer: 1
2022-09-29 14:35:21,490 INFO:topic name: inTopic
2022-09-29 14:35:21,490 INFO:topic broker: 2
2022-09-29 14:35:21,490 INFO:**Configuring KafkaProducer** bootstrap_servers=10.0.0.2:9092 acks=1 compression_type=None batch_size=16384 linger_ms=0 request_timeout_ms=30000
2022-09-29 14:35:21,492 INFO:<BrokerConnection node_id=bootstrap-0 host=10.0.0.2:9092 <connecting> [IPv4 ('10.0.0.2', 9092)]>: connecting to 10.0.0.2:9092 [('10.0.0.2', 9092) IPv4]
2022-09-29 14:35:21,492 INFO:Probing node bootstrap-0 broker version
2022-09-29 14:35:21,496 INFO:<BrokerConnection node_id=bootstrap-0 host=10.0.0.2:9092 <connecting> [IPv4 ('10.0.0.2', 9092)]>: Connection complete.
2022-09-29 14:35:21,606 INFO:Broker version identified as 2.5.0
2022-09-29 14:35:21,606 INFO:Set configuration api_version=(2, 5, 0) to skip auto check_version requests on startup
2022-09-29 14:35:21,610 INFO:Message Generated From File use-cases/varying-networking-conditions/varying-link-latency/word-count/dataDir/randomText2.txt
2022-09-29 14:35:21,610 INFO:      File has been sent ->  Topic: inTopic; File ID: File: 1
2022-09-29 14:35:21,618 INFO:<BrokerConnection node_id=2 host=10.0.0.2:9092 <connecting> [IPv4 ('10.0.0.2', 9092)]>: connecting to 10.0.0.2:9092 [('10.0.0.2', 9092) IPv4]
2022-09-29 14:35:21,619 INFO:Message Generated From File use-cases/varying-networking-conditions/varying-link-latency/word-count/dataDir/randomText2.txt
2022-09-29 14:35:21,619 INFO:      File has been sent ->  Topic: inTopic; File ID: File: 2
2022-09-29 14:35:21,619 INFO:Message Generated From File use-cases/varying-networking-conditions/varying-link-latency/word-count/dataDir/randomText2.txt
2022-09-29 14:35:21,619 INFO:      File has been sent ->  Topic: inTopic; File ID: File: 3
2022-09-29 14:35:21,619 INFO:Message Generated From File use-cases/varying-networking-conditions/varying-link-latency/word-count/dataDir/randomText2.txt
2022-09-29 14:35:21,619 INFO:      File has been sent ->  Topic: inTopic; File ID: File: 4
2022-09-29 14:35:21,619 INFO:Message Generated From File use-cases/varying-networking-conditions/varying-link-latency/word-count/dataDir/randomText2.txt
2022-09-29 14:35:21,619 INFO:      File has been sent ->  Topic: inTopic; File ID: File: 5
2022-09-29 14:35:21,620 INFO:Message Generated From File use-cases/varying-networking-conditions/varying-link-latency/word-count/dataDir/randomText2.txt
2022-09-29 14:35:21,620 INFO:      File has been sent ->  Topic: inTopic; File ID: File: 6
2022-09-29 14:35:21,620 INFO:Message Generated From File use-cases/varying-networking-conditions/varying-link-latency/word-count/dataDir/randomText2.txt
2022-09-29 14:35:21,620 INFO:      File has been sent ->  Topic: inTopic; File ID: File: 7
2022-09-29 14:35:21,620 INFO:Message Generated From File use-cases/varying-networking-conditions/varying-link-latency/word-count/dataDir/randomText2.txt
2022-09-29 14:35:21,620 INFO:      File has been sent ->  Topic: inTopic; File ID: File: 8
2022-09-29 14:35:21,621 INFO:Message Generated From File use-cases/varying-networking-conditions/varying-link-latency/word-count/dataDir/randomText2.txt
2022-09-29 14:35:21,621 INFO:      File has been sent ->  Topic: inTopic; File ID: File: 9
2022-09-29 14:35:21,621 INFO:Message Generated From File use-cases/varying-networking-conditions/varying-link-latency/word-count/dataDir/randomText2.txt
2022-09-29 14:35:21,621 INFO:      File has been sent ->  Topic: inTopic; File ID: File: 10
2022-09-29 14:35:21,621 INFO:Message Generated From File use-cases/varying-networking-conditions/varying-link-latency/word-count/dataDir/randomText2.txt
2022-09-29 14:35:21,621 INFO:      File has been sent ->  Topic: inTopic; File ID: File: 11
2022-09-29 14:35:21,622 INFO:Message Generated From File use-cases/varying-networking-conditions/varying-link-latency/word-count/dataDir/randomText2.txt
2022-09-29 14:35:21,622 INFO:      File has been sent ->  Topic: inTopic; File ID: File: 12
2022-09-29 14:35:21,622 INFO:Message Generated From File use-cases/varying-networking-conditions/varying-link-latency/word-count/dataDir/randomText2.txt
2022-09-29 14:35:21,622 INFO:      File has been sent ->  Topic: inTopic; File ID: File: 13
2022-09-29 14:35:21,622 INFO:Message Generated From File use-cases/varying-networking-conditions/varying-link-latency/word-count/dataDir/randomText2.txt
2022-09-29 14:35:21,622 INFO:      File has been sent ->  Topic: inTopic; File ID: File: 14
2022-09-29 14:35:21,623 INFO:<BrokerConnection node_id=2 host=10.0.0.2:9092 <connecting> [IPv4 ('10.0.0.2', 9092)]>: Connection complete.
2022-09-29 14:35:21,623 INFO:<BrokerConnection node_id=bootstrap-0 host=10.0.0.2:9092 <connected> [IPv4 ('10.0.0.2', 9092)]>: Closing connection. 
2022-09-29 14:35:21,623 INFO:Message Generated From File use-cases/varying-networking-conditions/varying-link-latency/word-count/dataDir/randomText2.txt
2022-09-29 14:35:21,624 INFO:      File has been sent ->  Topic: inTopic; File ID: File: 15
2022-09-29 14:35:21,624 INFO:Message Generated From File use-cases/varying-networking-conditions/varying-link-latency/word-count/dataDir/randomText2.txt
2022-09-29 14:35:21,624 INFO:      File has been sent ->  Topic: inTopic; File ID: File: 16
2022-09-29 14:35:21,625 INFO:Message Generated From File use-cases/varying-networking-conditions/varying-link-latency/word-count/dataDir/randomText2.txt
2022-09-29 14:35:21,625 INFO:      File has been sent ->  Topic: inTopic; File ID: File: 17
2022-09-29 14:35:21,626 INFO:Message Generated From File use-cases/varying-networking-conditions/varying-link-latency/word-count/dataDir/randomText2.txt
2022-09-29 14:35:21,626 INFO:      File has been sent ->  Topic: inTopic; File ID: File: 18
2022-09-29 14:35:21,627 INFO:Message Generated From File use-cases/varying-networking-conditions/varying-link-latency/word-count/dataDir/randomText2.txt
2022-09-29 14:35:21,627 INFO:      File has been sent ->  Topic: inTopic; File ID: File: 19
2022-09-29 14:35:21,627 INFO:Message Generated From File use-cases/varying-networking-conditions/varying-link-latency/word-count/dataDir/randomText2.txt
2022-09-29 14:35:21,627 INFO:      File has been sent ->  Topic: inTopic; File ID: File: 20
2022-09-29 14:35:21,627 INFO:Message Generated From File use-cases/varying-networking-conditions/varying-link-latency/word-count/dataDir/randomText2.txt
2022-09-29 14:35:21,627 INFO:      File has been sent ->  Topic: inTopic; File ID: File: 21
2022-09-29 14:35:21,628 INFO:Message Generated From File use-cases/varying-networking-conditions/varying-link-latency/word-count/dataDir/randomText2.txt
2022-09-29 14:35:21,628 INFO:      File has been sent ->  Topic: inTopic; File ID: File: 22
2022-09-29 14:35:21,628 INFO:Message Generated From File use-cases/varying-networking-conditions/varying-link-latency/word-count/dataDir/randomText2.txt
2022-09-29 14:35:21,628 INFO:      File has been sent ->  Topic: inTopic; File ID: File: 23
2022-09-29 14:35:21,628 INFO:Message Generated From File use-cases/varying-networking-conditions/varying-link-latency/word-count/dataDir/randomText2.txt
2022-09-29 14:35:21,628 INFO:      File has been sent ->  Topic: inTopic; File ID: File: 24
2022-09-29 14:35:21,628 INFO:Message Generated From File use-cases/varying-networking-conditions/varying-link-latency/word-count/dataDir/randomText2.txt
2022-09-29 14:35:21,628 INFO:      File has been sent ->  Topic: inTopic; File ID: File: 25
2022-09-29 14:35:21,629 INFO:Message Generated From File use-cases/varying-networking-conditions/varying-link-latency/word-count/dataDir/randomText2.txt
2022-09-29 14:35:21,629 INFO:      File has been sent ->  Topic: inTopic; File ID: File: 26
2022-09-29 14:35:21,629 INFO:Message Generated From File use-cases/varying-networking-conditions/varying-link-latency/word-count/dataDir/randomText2.txt
2022-09-29 14:35:21,629 INFO:      File has been sent ->  Topic: inTopic; File ID: File: 27
2022-09-29 14:35:21,629 INFO:Message Generated From File use-cases/varying-networking-conditions/varying-link-latency/word-count/dataDir/randomText2.txt
2022-09-29 14:35:21,629 INFO:      File has been sent ->  Topic: inTopic; File ID: File: 28
2022-09-29 14:35:21,629 INFO:Message Generated From File use-cases/varying-networking-conditions/varying-link-latency/word-count/dataDir/randomText2.txt
2022-09-29 14:35:21,629 INFO:      File has been sent ->  Topic: inTopic; File ID: File: 29
2022-09-29 14:35:21,629 INFO:Message Generated From File use-cases/varying-networking-conditions/varying-link-latency/word-count/dataDir/randomText2.txt
2022-09-29 14:35:21,630 INFO:      File has been sent ->  Topic: inTopic; File ID: File: 30
2022-09-29 14:35:21,630 INFO:Message Generated From File use-cases/varying-networking-conditions/varying-link-latency/word-count/dataDir/randomText2.txt
2022-09-29 14:35:21,630 INFO:      File has been sent ->  Topic: inTopic; File ID: File: 31
2022-09-29 14:35:21,630 INFO:Message Generated From File use-cases/varying-networking-conditions/varying-link-latency/word-count/dataDir/randomText2.txt
2022-09-29 14:35:21,630 INFO:      File has been sent ->  Topic: inTopic; File ID: File: 32
2022-09-29 14:35:21,630 INFO:Message Generated From File use-cases/varying-networking-conditions/varying-link-latency/word-count/dataDir/randomText2.txt
2022-09-29 14:35:21,630 INFO:      File has been sent ->  Topic: inTopic; File ID: File: 33
2022-09-29 14:35:21,630 INFO:Message Generated From File use-cases/varying-networking-conditions/varying-link-latency/word-count/dataDir/randomText2.txt
2022-09-29 14:35:21,630 INFO:      File has been sent ->  Topic: inTopic; File ID: File: 34
2022-09-29 14:35:21,631 INFO:Message Generated From File use-cases/varying-networking-conditions/varying-link-latency/word-count/dataDir/randomText2.txt
2022-09-29 14:35:21,631 INFO:      File has been sent ->  Topic: inTopic; File ID: File: 35
2022-09-29 14:35:21,631 INFO:Message Generated From File use-cases/varying-networking-conditions/varying-link-latency/word-count/dataDir/randomText2.txt
2022-09-29 14:35:21,631 INFO:      File has been sent ->  Topic: inTopic; File ID: File: 36
2022-09-29 14:35:21,631 INFO:Message Generated From File use-cases/varying-networking-conditions/varying-link-latency/word-count/dataDir/randomText2.txt
2022-09-29 14:35:21,631 INFO:      File has been sent ->  Topic: inTopic; File ID: File: 37
2022-09-29 14:35:21,631 INFO:Message Generated From File use-cases/varying-networking-conditions/varying-link-latency/word-count/dataDir/randomText2.txt
2022-09-29 14:35:21,631 INFO:      File has been sent ->  Topic: inTopic; File ID: File: 38
2022-09-29 14:35:21,631 INFO:Message Generated From File use-cases/varying-networking-conditions/varying-link-latency/word-count/dataDir/randomText2.txt
2022-09-29 14:35:21,631 INFO:      File has been sent ->  Topic: inTopic; File ID: File: 39
2022-09-29 14:35:21,632 INFO:Message Generated From File use-cases/varying-networking-conditions/varying-link-latency/word-count/dataDir/randomText2.txt
2022-09-29 14:35:21,632 INFO:      File has been sent ->  Topic: inTopic; File ID: File: 40
2022-09-29 14:35:21,632 INFO:Message Generated From File use-cases/varying-networking-conditions/varying-link-latency/word-count/dataDir/randomText2.txt
2022-09-29 14:35:21,632 INFO:      File has been sent ->  Topic: inTopic; File ID: File: 41
2022-09-29 14:35:21,632 INFO:Message Generated From File use-cases/varying-networking-conditions/varying-link-latency/word-count/dataDir/randomText2.txt
2022-09-29 14:35:21,632 INFO:      File has been sent ->  Topic: inTopic; File ID: File: 42
2022-09-29 14:35:21,632 INFO:Message Generated From File use-cases/varying-networking-conditions/varying-link-latency/word-count/dataDir/randomText2.txt
2022-09-29 14:35:21,632 INFO:      File has been sent ->  Topic: inTopic; File ID: File: 43
2022-09-29 14:35:21,632 INFO:Message Generated From File use-cases/varying-networking-conditions/varying-link-latency/word-count/dataDir/randomText2.txt
2022-09-29 14:35:21,632 INFO:      File has been sent ->  Topic: inTopic; File ID: File: 44
2022-09-29 14:35:21,633 INFO:Message Generated From File use-cases/varying-networking-conditions/varying-link-latency/word-count/dataDir/randomText2.txt
2022-09-29 14:35:21,633 INFO:      File has been sent ->  Topic: inTopic; File ID: File: 45
2022-09-29 14:35:21,633 INFO:Message Generated From File use-cases/varying-networking-conditions/varying-link-latency/word-count/dataDir/randomText2.txt
2022-09-29 14:35:21,633 INFO:      File has been sent ->  Topic: inTopic; File ID: File: 46
2022-09-29 14:35:21,633 INFO:Message Generated From File use-cases/varying-networking-conditions/varying-link-latency/word-count/dataDir/randomText2.txt
2022-09-29 14:35:21,633 INFO:      File has been sent ->  Topic: inTopic; File ID: File: 47
2022-09-29 14:35:21,633 INFO:Message Generated From File use-cases/varying-networking-conditions/varying-link-latency/word-count/dataDir/randomText2.txt
2022-09-29 14:35:21,633 INFO:      File has been sent ->  Topic: inTopic; File ID: File: 48
2022-09-29 14:35:21,633 INFO:Message Generated From File use-cases/varying-networking-conditions/varying-link-latency/word-count/dataDir/randomText2.txt
2022-09-29 14:35:21,633 INFO:      File has been sent ->  Topic: inTopic; File ID: File: 49
2022-09-29 14:35:21,634 INFO:Message Generated From File use-cases/varying-networking-conditions/varying-link-latency/word-count/dataDir/randomText2.txt
2022-09-29 14:35:21,634 INFO:      File has been sent ->  Topic: inTopic; File ID: File: 50
2022-09-29 14:35:21,634 INFO:Message Generated From File use-cases/varying-networking-conditions/varying-link-latency/word-count/dataDir/randomText2.txt
2022-09-29 14:35:21,634 INFO:      File has been sent ->  Topic: inTopic; File ID: File: 51
2022-09-29 14:35:21,634 INFO:Message Generated From File use-cases/varying-networking-conditions/varying-link-latency/word-count/dataDir/randomText2.txt
2022-09-29 14:35:21,634 INFO:      File has been sent ->  Topic: inTopic; File ID: File: 52
2022-09-29 14:35:21,634 INFO:Message Generated From File use-cases/varying-networking-conditions/varying-link-latency/word-count/dataDir/randomText2.txt
2022-09-29 14:35:21,634 INFO:      File has been sent ->  Topic: inTopic; File ID: File: 53
2022-09-29 14:35:21,634 INFO:Message Generated From File use-cases/varying-networking-conditions/varying-link-latency/word-count/dataDir/randomText2.txt
2022-09-29 14:35:21,634 INFO:      File has been sent ->  Topic: inTopic; File ID: File: 54
2022-09-29 14:35:21,635 INFO:Message Generated From File use-cases/varying-networking-conditions/varying-link-latency/word-count/dataDir/randomText2.txt
2022-09-29 14:35:21,635 INFO:      File has been sent ->  Topic: inTopic; File ID: File: 55
2022-09-29 14:35:21,635 INFO:Message Generated From File use-cases/varying-networking-conditions/varying-link-latency/word-count/dataDir/randomText2.txt
2022-09-29 14:35:21,635 INFO:      File has been sent ->  Topic: inTopic; File ID: File: 56
2022-09-29 14:35:21,635 INFO:Message Generated From File use-cases/varying-networking-conditions/varying-link-latency/word-count/dataDir/randomText2.txt
2022-09-29 14:35:21,635 INFO:      File has been sent ->  Topic: inTopic; File ID: File: 57
2022-09-29 14:35:21,635 INFO:Message Generated From File use-cases/varying-networking-conditions/varying-link-latency/word-count/dataDir/randomText2.txt
2022-09-29 14:35:21,635 INFO:      File has been sent ->  Topic: inTopic; File ID: File: 58
2022-09-29 14:35:21,635 INFO:Message Generated From File use-cases/varying-networking-conditions/varying-link-latency/word-count/dataDir/randomText2.txt
2022-09-29 14:35:21,635 INFO:      File has been sent ->  Topic: inTopic; File ID: File: 59
2022-09-29 14:35:21,636 INFO:Message Generated From File use-cases/varying-networking-conditions/varying-link-latency/word-count/dataDir/randomText2.txt
2022-09-29 14:35:21,636 INFO:      File has been sent ->  Topic: inTopic; File ID: File: 60
2022-09-29 14:35:21,636 INFO:Message Generated From File use-cases/varying-networking-conditions/varying-link-latency/word-count/dataDir/randomText2.txt
2022-09-29 14:35:21,636 INFO:      File has been sent ->  Topic: inTopic; File ID: File: 61
2022-09-29 14:35:21,636 INFO:Message Generated From File use-cases/varying-networking-conditions/varying-link-latency/word-count/dataDir/randomText2.txt
2022-09-29 14:35:21,636 INFO:      File has been sent ->  Topic: inTopic; File ID: File: 62
2022-09-29 14:35:21,636 INFO:Message Generated From File use-cases/varying-networking-conditions/varying-link-latency/word-count/dataDir/randomText2.txt
2022-09-29 14:35:21,636 INFO:      File has been sent ->  Topic: inTopic; File ID: File: 63
2022-09-29 14:35:21,636 INFO:Message Generated From File use-cases/varying-networking-conditions/varying-link-latency/word-count/dataDir/randomText2.txt
2022-09-29 14:35:21,636 INFO:      File has been sent ->  Topic: inTopic; File ID: File: 64
2022-09-29 14:35:21,637 INFO:Message Generated From File use-cases/varying-networking-conditions/varying-link-latency/word-count/dataDir/randomText2.txt
2022-09-29 14:35:21,637 INFO:      File has been sent ->  Topic: inTopic; File ID: File: 65
2022-09-29 14:35:21,637 INFO:Message Generated From File use-cases/varying-networking-conditions/varying-link-latency/word-count/dataDir/randomText2.txt
2022-09-29 14:35:21,637 INFO:      File has been sent ->  Topic: inTopic; File ID: File: 66
2022-09-29 14:35:21,637 INFO:Message Generated From File use-cases/varying-networking-conditions/varying-link-latency/word-count/dataDir/randomText2.txt
2022-09-29 14:35:21,637 INFO:      File has been sent ->  Topic: inTopic; File ID: File: 67
2022-09-29 14:35:21,637 INFO:Message Generated From File use-cases/varying-networking-conditions/varying-link-latency/word-count/dataDir/randomText2.txt
2022-09-29 14:35:21,637 INFO:      File has been sent ->  Topic: inTopic; File ID: File: 68
2022-09-29 14:35:21,637 INFO:Message Generated From File use-cases/varying-networking-conditions/varying-link-latency/word-count/dataDir/randomText2.txt
2022-09-29 14:35:21,637 INFO:      File has been sent ->  Topic: inTopic; File ID: File: 69
2022-09-29 14:35:21,637 INFO:Message Generated From File use-cases/varying-networking-conditions/varying-link-latency/word-count/dataDir/randomText2.txt
2022-09-29 14:35:21,638 INFO:      File has been sent ->  Topic: inTopic; File ID: File: 70
2022-09-29 14:35:21,638 INFO:Message Generated From File use-cases/varying-networking-conditions/varying-link-latency/word-count/dataDir/randomText2.txt
2022-09-29 14:35:21,638 INFO:      File has been sent ->  Topic: inTopic; File ID: File: 71
2022-09-29 14:35:21,640 INFO:Message Generated From File use-cases/varying-networking-conditions/varying-link-latency/word-count/dataDir/randomText2.txt
2022-09-29 14:35:21,640 INFO:      File has been sent ->  Topic: inTopic; File ID: File: 72
2022-09-29 14:35:21,640 INFO:Message Generated From File use-cases/varying-networking-conditions/varying-link-latency/word-count/dataDir/randomText2.txt
2022-09-29 14:35:21,640 INFO:      File has been sent ->  Topic: inTopic; File ID: File: 73
2022-09-29 14:35:21,641 INFO:Message Generated From File use-cases/varying-networking-conditions/varying-link-latency/word-count/dataDir/randomText2.txt
2022-09-29 14:35:21,641 INFO:      File has been sent ->  Topic: inTopic; File ID: File: 74
2022-09-29 14:35:21,642 INFO:Message Generated From File use-cases/varying-networking-conditions/varying-link-latency/word-count/dataDir/randomText2.txt
2022-09-29 14:35:21,642 INFO:      File has been sent ->  Topic: inTopic; File ID: File: 75
2022-09-29 14:35:21,643 INFO:Message Generated From File use-cases/varying-networking-conditions/varying-link-latency/word-count/dataDir/randomText2.txt
2022-09-29 14:35:21,643 INFO:      File has been sent ->  Topic: inTopic; File ID: File: 76
2022-09-29 14:35:21,644 INFO:Message Generated From File use-cases/varying-networking-conditions/varying-link-latency/word-count/dataDir/randomText2.txt
2022-09-29 14:35:21,644 INFO:      File has been sent ->  Topic: inTopic; File ID: File: 77
2022-09-29 14:35:21,645 INFO:Message Generated From File use-cases/varying-networking-conditions/varying-link-latency/word-count/dataDir/randomText2.txt
2022-09-29 14:35:21,645 INFO:      File has been sent ->  Topic: inTopic; File ID: File: 78
2022-09-29 14:35:21,645 INFO:Message Generated From File use-cases/varying-networking-conditions/varying-link-latency/word-count/dataDir/randomText2.txt
2022-09-29 14:35:21,645 INFO:      File has been sent ->  Topic: inTopic; File ID: File: 79
2022-09-29 14:35:21,647 INFO:Message Generated From File use-cases/varying-networking-conditions/varying-link-latency/word-count/dataDir/randomText2.txt
2022-09-29 14:35:21,647 INFO:      File has been sent ->  Topic: inTopic; File ID: File: 80
2022-09-29 14:35:21,648 INFO:Message Generated From File use-cases/varying-networking-conditions/varying-link-latency/word-count/dataDir/randomText2.txt
2022-09-29 14:35:21,649 INFO:      File has been sent ->  Topic: inTopic; File ID: File: 81
2022-09-29 14:35:21,649 INFO:Message Generated From File use-cases/varying-networking-conditions/varying-link-latency/word-count/dataDir/randomText2.txt
2022-09-29 14:35:21,650 INFO:      File has been sent ->  Topic: inTopic; File ID: File: 82
2022-09-29 14:35:21,650 INFO:Message Generated From File use-cases/varying-networking-conditions/varying-link-latency/word-count/dataDir/randomText2.txt
2022-09-29 14:35:21,650 INFO:      File has been sent ->  Topic: inTopic; File ID: File: 83
2022-09-29 14:35:21,651 INFO:Message Generated From File use-cases/varying-networking-conditions/varying-link-latency/word-count/dataDir/randomText2.txt
2022-09-29 14:35:21,651 INFO:      File has been sent ->  Topic: inTopic; File ID: File: 84
2022-09-29 14:35:21,653 INFO:Message Generated From File use-cases/varying-networking-conditions/varying-link-latency/word-count/dataDir/randomText2.txt
2022-09-29 14:35:21,653 INFO:      File has been sent ->  Topic: inTopic; File ID: File: 85
2022-09-29 14:35:21,653 INFO:Message Generated From File use-cases/varying-networking-conditions/varying-link-latency/word-count/dataDir/randomText2.txt
2022-09-29 14:35:21,654 INFO:      File has been sent ->  Topic: inTopic; File ID: File: 86
2022-09-29 14:35:21,656 INFO:Message Generated From File use-cases/varying-networking-conditions/varying-link-latency/word-count/dataDir/randomText2.txt
2022-09-29 14:35:21,656 INFO:      File has been sent ->  Topic: inTopic; File ID: File: 87
2022-09-29 14:35:21,657 INFO:Message Generated From File use-cases/varying-networking-conditions/varying-link-latency/word-count/dataDir/randomText2.txt
2022-09-29 14:35:21,657 INFO:      File has been sent ->  Topic: inTopic; File ID: File: 88
2022-09-29 14:35:21,658 INFO:Message Generated From File use-cases/varying-networking-conditions/varying-link-latency/word-count/dataDir/randomText2.txt
2022-09-29 14:35:21,659 INFO:      File has been sent ->  Topic: inTopic; File ID: File: 89
2022-09-29 14:35:21,660 INFO:Message Generated From File use-cases/varying-networking-conditions/varying-link-latency/word-count/dataDir/randomText2.txt
2022-09-29 14:35:21,661 INFO:      File has been sent ->  Topic: inTopic; File ID: File: 90
2022-09-29 14:35:21,661 INFO:Message Generated From File use-cases/varying-networking-conditions/varying-link-latency/word-count/dataDir/randomText2.txt
2022-09-29 14:35:21,662 INFO:      File has been sent ->  Topic: inTopic; File ID: File: 91
2022-09-29 14:35:21,663 INFO:Message Generated From File use-cases/varying-networking-conditions/varying-link-latency/word-count/dataDir/randomText2.txt
2022-09-29 14:35:21,663 INFO:      File has been sent ->  Topic: inTopic; File ID: File: 92
2022-09-29 14:35:21,664 INFO:Message Generated From File use-cases/varying-networking-conditions/varying-link-latency/word-count/dataDir/randomText2.txt
2022-09-29 14:35:21,664 INFO:      File has been sent ->  Topic: inTopic; File ID: File: 93
2022-09-29 14:35:21,666 INFO:Message Generated From File use-cases/varying-networking-conditions/varying-link-latency/word-count/dataDir/randomText2.txt
2022-09-29 14:35:21,666 INFO:      File has been sent ->  Topic: inTopic; File ID: File: 94
2022-09-29 14:35:21,666 INFO:Message Generated From File use-cases/varying-networking-conditions/varying-link-latency/word-count/dataDir/randomText2.txt
2022-09-29 14:35:21,667 INFO:      File has been sent ->  Topic: inTopic; File ID: File: 95
2022-09-29 14:35:21,667 INFO:Message Generated From File use-cases/varying-networking-conditions/varying-link-latency/word-count/dataDir/randomText2.txt
2022-09-29 14:35:21,667 INFO:      File has been sent ->  Topic: inTopic; File ID: File: 96
2022-09-29 14:35:21,667 INFO:Message Generated From File use-cases/varying-networking-conditions/varying-link-latency/word-count/dataDir/randomText2.txt
2022-09-29 14:35:21,667 INFO:      File has been sent ->  Topic: inTopic; File ID: File: 97
2022-09-29 14:35:21,667 INFO:Message Generated From File use-cases/varying-networking-conditions/varying-link-latency/word-count/dataDir/randomText2.txt
2022-09-29 14:35:21,667 INFO:      File has been sent ->  Topic: inTopic; File ID: File: 98
2022-09-29 14:35:21,668 INFO:Message Generated From File use-cases/varying-networking-conditions/varying-link-latency/word-count/dataDir/randomText2.txt
2022-09-29 14:35:21,668 INFO:      File has been sent ->  Topic: inTopic; File ID: File: 99
2022-09-29 14:35:21,668 INFO:Message Generated From File use-cases/varying-networking-conditions/varying-link-latency/word-count/dataDir/randomText2.txt
2022-09-29 14:35:21,668 INFO:      File has been sent ->  Topic: inTopic; File ID: File: 100
