2022-09-28 15:12:19,665 INFO:node to initiate producer: 1
2022-09-28 15:12:19,665 INFO:topic name: inTopic
2022-09-28 15:12:19,665 INFO:topic broker: 2
2022-09-28 15:12:19,665 INFO:**Configuring KafkaProducer** bootstrap_servers=10.0.0.2:9092 acks=1 compression_type=None batch_size=16384 linger_ms=0 request_timeout_ms=30000
2022-09-28 15:12:19,667 INFO:<BrokerConnection node_id=bootstrap-0 host=10.0.0.2:9092 <connecting> [IPv4 ('10.0.0.2', 9092)]>: connecting to 10.0.0.2:9092 [('10.0.0.2', 9092) IPv4]
2022-09-28 15:12:19,667 INFO:Probing node bootstrap-0 broker version
2022-09-28 15:12:19,770 INFO:<BrokerConnection node_id=bootstrap-0 host=10.0.0.2:9092 <connecting> [IPv4 ('10.0.0.2', 9092)]>: Connection complete.
2022-09-28 15:12:19,983 INFO:Broker version identified as 2.5.0
2022-09-28 15:12:19,983 INFO:Set configuration api_version=(2, 5, 0) to skip auto check_version requests on startup
2022-09-28 15:12:19,988 INFO:Message Generated From File use-cases/varying-networking-conditions/varying-link-latency/word-count/dataDir/randomText2.txt
2022-09-28 15:12:19,988 INFO:      File has been sent ->  Topic: inTopic; File ID: File: 1
2022-09-28 15:12:20,094 INFO:<BrokerConnection node_id=2 host=10.0.0.2:9092 <connecting> [IPv4 ('10.0.0.2', 9092)]>: connecting to 10.0.0.2:9092 [('10.0.0.2', 9092) IPv4]
2022-09-28 15:12:20,094 INFO:Message Generated From File use-cases/varying-networking-conditions/varying-link-latency/word-count/dataDir/randomText2.txt
2022-09-28 15:12:20,095 INFO:      File has been sent ->  Topic: inTopic; File ID: File: 2
2022-09-28 15:12:20,095 INFO:Message Generated From File use-cases/varying-networking-conditions/varying-link-latency/word-count/dataDir/randomText2.txt
2022-09-28 15:12:20,095 INFO:      File has been sent ->  Topic: inTopic; File ID: File: 3
2022-09-28 15:12:20,095 INFO:Message Generated From File use-cases/varying-networking-conditions/varying-link-latency/word-count/dataDir/randomText2.txt
2022-09-28 15:12:20,096 INFO:      File has been sent ->  Topic: inTopic; File ID: File: 4
2022-09-28 15:12:20,096 INFO:Message Generated From File use-cases/varying-networking-conditions/varying-link-latency/word-count/dataDir/randomText2.txt
2022-09-28 15:12:20,096 INFO:      File has been sent ->  Topic: inTopic; File ID: File: 5
2022-09-28 15:12:20,096 INFO:Message Generated From File use-cases/varying-networking-conditions/varying-link-latency/word-count/dataDir/randomText2.txt
2022-09-28 15:12:20,097 INFO:      File has been sent ->  Topic: inTopic; File ID: File: 6
2022-09-28 15:12:20,097 INFO:Message Generated From File use-cases/varying-networking-conditions/varying-link-latency/word-count/dataDir/randomText2.txt
2022-09-28 15:12:20,097 INFO:      File has been sent ->  Topic: inTopic; File ID: File: 7
2022-09-28 15:12:20,097 INFO:Message Generated From File use-cases/varying-networking-conditions/varying-link-latency/word-count/dataDir/randomText2.txt
2022-09-28 15:12:20,097 INFO:      File has been sent ->  Topic: inTopic; File ID: File: 8
2022-09-28 15:12:20,098 INFO:Message Generated From File use-cases/varying-networking-conditions/varying-link-latency/word-count/dataDir/randomText2.txt
2022-09-28 15:12:20,098 INFO:      File has been sent ->  Topic: inTopic; File ID: File: 9
2022-09-28 15:12:20,098 INFO:Message Generated From File use-cases/varying-networking-conditions/varying-link-latency/word-count/dataDir/randomText2.txt
2022-09-28 15:12:20,098 INFO:      File has been sent ->  Topic: inTopic; File ID: File: 10
2022-09-28 15:12:20,099 INFO:Message Generated From File use-cases/varying-networking-conditions/varying-link-latency/word-count/dataDir/randomText2.txt
2022-09-28 15:12:20,099 INFO:      File has been sent ->  Topic: inTopic; File ID: File: 11
2022-09-28 15:12:20,099 INFO:Message Generated From File use-cases/varying-networking-conditions/varying-link-latency/word-count/dataDir/randomText2.txt
2022-09-28 15:12:20,099 INFO:      File has been sent ->  Topic: inTopic; File ID: File: 12
2022-09-28 15:12:20,099 INFO:Message Generated From File use-cases/varying-networking-conditions/varying-link-latency/word-count/dataDir/randomText2.txt
2022-09-28 15:12:20,099 INFO:      File has been sent ->  Topic: inTopic; File ID: File: 13
2022-09-28 15:12:20,099 INFO:Message Generated From File use-cases/varying-networking-conditions/varying-link-latency/word-count/dataDir/randomText2.txt
2022-09-28 15:12:20,100 INFO:      File has been sent ->  Topic: inTopic; File ID: File: 14
2022-09-28 15:12:20,100 INFO:Message Generated From File use-cases/varying-networking-conditions/varying-link-latency/word-count/dataDir/randomText2.txt
2022-09-28 15:12:20,100 INFO:      File has been sent ->  Topic: inTopic; File ID: File: 15
2022-09-28 15:12:20,100 INFO:Message Generated From File use-cases/varying-networking-conditions/varying-link-latency/word-count/dataDir/randomText2.txt
2022-09-28 15:12:20,100 INFO:      File has been sent ->  Topic: inTopic; File ID: File: 16
2022-09-28 15:12:20,100 INFO:Message Generated From File use-cases/varying-networking-conditions/varying-link-latency/word-count/dataDir/randomText2.txt
2022-09-28 15:12:20,100 INFO:      File has been sent ->  Topic: inTopic; File ID: File: 17
2022-09-28 15:12:20,100 INFO:Message Generated From File use-cases/varying-networking-conditions/varying-link-latency/word-count/dataDir/randomText2.txt
2022-09-28 15:12:20,101 INFO:      File has been sent ->  Topic: inTopic; File ID: File: 18
2022-09-28 15:12:20,101 INFO:Message Generated From File use-cases/varying-networking-conditions/varying-link-latency/word-count/dataDir/randomText2.txt
2022-09-28 15:12:20,101 INFO:      File has been sent ->  Topic: inTopic; File ID: File: 19
2022-09-28 15:12:20,101 INFO:Message Generated From File use-cases/varying-networking-conditions/varying-link-latency/word-count/dataDir/randomText2.txt
2022-09-28 15:12:20,101 INFO:      File has been sent ->  Topic: inTopic; File ID: File: 20
2022-09-28 15:12:20,101 INFO:Message Generated From File use-cases/varying-networking-conditions/varying-link-latency/word-count/dataDir/randomText2.txt
2022-09-28 15:12:20,101 INFO:      File has been sent ->  Topic: inTopic; File ID: File: 21
2022-09-28 15:12:20,102 INFO:Message Generated From File use-cases/varying-networking-conditions/varying-link-latency/word-count/dataDir/randomText2.txt
2022-09-28 15:12:20,102 INFO:      File has been sent ->  Topic: inTopic; File ID: File: 22
2022-09-28 15:12:20,102 INFO:Message Generated From File use-cases/varying-networking-conditions/varying-link-latency/word-count/dataDir/randomText2.txt
2022-09-28 15:12:20,102 INFO:      File has been sent ->  Topic: inTopic; File ID: File: 23
2022-09-28 15:12:20,102 INFO:Message Generated From File use-cases/varying-networking-conditions/varying-link-latency/word-count/dataDir/randomText2.txt
2022-09-28 15:12:20,102 INFO:      File has been sent ->  Topic: inTopic; File ID: File: 24
2022-09-28 15:12:20,102 INFO:Message Generated From File use-cases/varying-networking-conditions/varying-link-latency/word-count/dataDir/randomText2.txt
2022-09-28 15:12:20,102 INFO:      File has been sent ->  Topic: inTopic; File ID: File: 25
2022-09-28 15:12:20,103 INFO:Message Generated From File use-cases/varying-networking-conditions/varying-link-latency/word-count/dataDir/randomText2.txt
2022-09-28 15:12:20,103 INFO:      File has been sent ->  Topic: inTopic; File ID: File: 26
2022-09-28 15:12:20,103 INFO:Message Generated From File use-cases/varying-networking-conditions/varying-link-latency/word-count/dataDir/randomText2.txt
2022-09-28 15:12:20,103 INFO:      File has been sent ->  Topic: inTopic; File ID: File: 27
2022-09-28 15:12:20,103 INFO:Message Generated From File use-cases/varying-networking-conditions/varying-link-latency/word-count/dataDir/randomText2.txt
2022-09-28 15:12:20,103 INFO:      File has been sent ->  Topic: inTopic; File ID: File: 28
2022-09-28 15:12:20,103 INFO:Message Generated From File use-cases/varying-networking-conditions/varying-link-latency/word-count/dataDir/randomText2.txt
2022-09-28 15:12:20,103 INFO:      File has been sent ->  Topic: inTopic; File ID: File: 29
2022-09-28 15:12:20,104 INFO:Message Generated From File use-cases/varying-networking-conditions/varying-link-latency/word-count/dataDir/randomText2.txt
2022-09-28 15:12:20,104 INFO:      File has been sent ->  Topic: inTopic; File ID: File: 30
2022-09-28 15:12:20,104 INFO:Message Generated From File use-cases/varying-networking-conditions/varying-link-latency/word-count/dataDir/randomText2.txt
2022-09-28 15:12:20,104 INFO:      File has been sent ->  Topic: inTopic; File ID: File: 31
2022-09-28 15:12:20,104 INFO:Message Generated From File use-cases/varying-networking-conditions/varying-link-latency/word-count/dataDir/randomText2.txt
2022-09-28 15:12:20,104 INFO:      File has been sent ->  Topic: inTopic; File ID: File: 32
2022-09-28 15:12:20,104 INFO:Message Generated From File use-cases/varying-networking-conditions/varying-link-latency/word-count/dataDir/randomText2.txt
2022-09-28 15:12:20,104 INFO:      File has been sent ->  Topic: inTopic; File ID: File: 33
2022-09-28 15:12:20,105 INFO:Message Generated From File use-cases/varying-networking-conditions/varying-link-latency/word-count/dataDir/randomText2.txt
2022-09-28 15:12:20,105 INFO:      File has been sent ->  Topic: inTopic; File ID: File: 34
2022-09-28 15:12:20,105 INFO:Message Generated From File use-cases/varying-networking-conditions/varying-link-latency/word-count/dataDir/randomText2.txt
2022-09-28 15:12:20,105 INFO:      File has been sent ->  Topic: inTopic; File ID: File: 35
2022-09-28 15:12:20,105 INFO:Message Generated From File use-cases/varying-networking-conditions/varying-link-latency/word-count/dataDir/randomText2.txt
2022-09-28 15:12:20,105 INFO:      File has been sent ->  Topic: inTopic; File ID: File: 36
2022-09-28 15:12:20,105 INFO:Message Generated From File use-cases/varying-networking-conditions/varying-link-latency/word-count/dataDir/randomText2.txt
2022-09-28 15:12:20,105 INFO:      File has been sent ->  Topic: inTopic; File ID: File: 37
2022-09-28 15:12:20,106 INFO:Message Generated From File use-cases/varying-networking-conditions/varying-link-latency/word-count/dataDir/randomText2.txt
2022-09-28 15:12:20,106 INFO:      File has been sent ->  Topic: inTopic; File ID: File: 38
2022-09-28 15:12:20,106 INFO:Message Generated From File use-cases/varying-networking-conditions/varying-link-latency/word-count/dataDir/randomText2.txt
2022-09-28 15:12:20,106 INFO:      File has been sent ->  Topic: inTopic; File ID: File: 39
2022-09-28 15:12:20,106 INFO:Message Generated From File use-cases/varying-networking-conditions/varying-link-latency/word-count/dataDir/randomText2.txt
2022-09-28 15:12:20,106 INFO:      File has been sent ->  Topic: inTopic; File ID: File: 40
2022-09-28 15:12:20,106 INFO:Message Generated From File use-cases/varying-networking-conditions/varying-link-latency/word-count/dataDir/randomText2.txt
2022-09-28 15:12:20,106 INFO:      File has been sent ->  Topic: inTopic; File ID: File: 41
2022-09-28 15:12:20,106 INFO:Message Generated From File use-cases/varying-networking-conditions/varying-link-latency/word-count/dataDir/randomText2.txt
2022-09-28 15:12:20,107 INFO:      File has been sent ->  Topic: inTopic; File ID: File: 42
2022-09-28 15:12:20,107 INFO:Message Generated From File use-cases/varying-networking-conditions/varying-link-latency/word-count/dataDir/randomText2.txt
2022-09-28 15:12:20,107 INFO:      File has been sent ->  Topic: inTopic; File ID: File: 43
2022-09-28 15:12:20,107 INFO:Message Generated From File use-cases/varying-networking-conditions/varying-link-latency/word-count/dataDir/randomText2.txt
2022-09-28 15:12:20,107 INFO:      File has been sent ->  Topic: inTopic; File ID: File: 44
2022-09-28 15:12:20,107 INFO:Message Generated From File use-cases/varying-networking-conditions/varying-link-latency/word-count/dataDir/randomText2.txt
2022-09-28 15:12:20,107 INFO:      File has been sent ->  Topic: inTopic; File ID: File: 45
2022-09-28 15:12:20,107 INFO:Message Generated From File use-cases/varying-networking-conditions/varying-link-latency/word-count/dataDir/randomText2.txt
2022-09-28 15:12:20,107 INFO:      File has been sent ->  Topic: inTopic; File ID: File: 46
2022-09-28 15:12:20,108 INFO:Message Generated From File use-cases/varying-networking-conditions/varying-link-latency/word-count/dataDir/randomText2.txt
2022-09-28 15:12:20,108 INFO:      File has been sent ->  Topic: inTopic; File ID: File: 47
2022-09-28 15:12:20,108 INFO:Message Generated From File use-cases/varying-networking-conditions/varying-link-latency/word-count/dataDir/randomText2.txt
2022-09-28 15:12:20,108 INFO:      File has been sent ->  Topic: inTopic; File ID: File: 48
2022-09-28 15:12:20,108 INFO:Message Generated From File use-cases/varying-networking-conditions/varying-link-latency/word-count/dataDir/randomText2.txt
2022-09-28 15:12:20,108 INFO:      File has been sent ->  Topic: inTopic; File ID: File: 49
2022-09-28 15:12:20,108 INFO:Message Generated From File use-cases/varying-networking-conditions/varying-link-latency/word-count/dataDir/randomText2.txt
2022-09-28 15:12:20,108 INFO:      File has been sent ->  Topic: inTopic; File ID: File: 50
2022-09-28 15:12:20,109 INFO:Message Generated From File use-cases/varying-networking-conditions/varying-link-latency/word-count/dataDir/randomText2.txt
2022-09-28 15:12:20,109 INFO:      File has been sent ->  Topic: inTopic; File ID: File: 51
2022-09-28 15:12:20,109 INFO:Message Generated From File use-cases/varying-networking-conditions/varying-link-latency/word-count/dataDir/randomText2.txt
2022-09-28 15:12:20,109 INFO:      File has been sent ->  Topic: inTopic; File ID: File: 52
2022-09-28 15:12:20,109 INFO:Message Generated From File use-cases/varying-networking-conditions/varying-link-latency/word-count/dataDir/randomText2.txt
2022-09-28 15:12:20,109 INFO:      File has been sent ->  Topic: inTopic; File ID: File: 53
2022-09-28 15:12:20,109 INFO:Message Generated From File use-cases/varying-networking-conditions/varying-link-latency/word-count/dataDir/randomText2.txt
2022-09-28 15:12:20,109 INFO:      File has been sent ->  Topic: inTopic; File ID: File: 54
2022-09-28 15:12:20,110 INFO:Message Generated From File use-cases/varying-networking-conditions/varying-link-latency/word-count/dataDir/randomText2.txt
2022-09-28 15:12:20,110 INFO:      File has been sent ->  Topic: inTopic; File ID: File: 55
2022-09-28 15:12:20,110 INFO:Message Generated From File use-cases/varying-networking-conditions/varying-link-latency/word-count/dataDir/randomText2.txt
2022-09-28 15:12:20,110 INFO:      File has been sent ->  Topic: inTopic; File ID: File: 56
2022-09-28 15:12:20,110 INFO:Message Generated From File use-cases/varying-networking-conditions/varying-link-latency/word-count/dataDir/randomText2.txt
2022-09-28 15:12:20,110 INFO:      File has been sent ->  Topic: inTopic; File ID: File: 57
2022-09-28 15:12:20,110 INFO:Message Generated From File use-cases/varying-networking-conditions/varying-link-latency/word-count/dataDir/randomText2.txt
2022-09-28 15:12:20,110 INFO:      File has been sent ->  Topic: inTopic; File ID: File: 58
2022-09-28 15:12:20,110 INFO:Message Generated From File use-cases/varying-networking-conditions/varying-link-latency/word-count/dataDir/randomText2.txt
2022-09-28 15:12:20,110 INFO:      File has been sent ->  Topic: inTopic; File ID: File: 59
2022-09-28 15:12:20,111 INFO:Message Generated From File use-cases/varying-networking-conditions/varying-link-latency/word-count/dataDir/randomText2.txt
2022-09-28 15:12:20,111 INFO:      File has been sent ->  Topic: inTopic; File ID: File: 60
2022-09-28 15:12:20,111 INFO:Message Generated From File use-cases/varying-networking-conditions/varying-link-latency/word-count/dataDir/randomText2.txt
2022-09-28 15:12:20,111 INFO:      File has been sent ->  Topic: inTopic; File ID: File: 61
2022-09-28 15:12:20,111 INFO:Message Generated From File use-cases/varying-networking-conditions/varying-link-latency/word-count/dataDir/randomText2.txt
2022-09-28 15:12:20,111 INFO:      File has been sent ->  Topic: inTopic; File ID: File: 62
2022-09-28 15:12:20,111 INFO:Message Generated From File use-cases/varying-networking-conditions/varying-link-latency/word-count/dataDir/randomText2.txt
2022-09-28 15:12:20,111 INFO:      File has been sent ->  Topic: inTopic; File ID: File: 63
2022-09-28 15:12:20,111 INFO:Message Generated From File use-cases/varying-networking-conditions/varying-link-latency/word-count/dataDir/randomText2.txt
2022-09-28 15:12:20,111 INFO:      File has been sent ->  Topic: inTopic; File ID: File: 64
2022-09-28 15:12:20,111 INFO:Message Generated From File use-cases/varying-networking-conditions/varying-link-latency/word-count/dataDir/randomText2.txt
2022-09-28 15:12:20,111 INFO:      File has been sent ->  Topic: inTopic; File ID: File: 65
2022-09-28 15:12:20,112 INFO:Message Generated From File use-cases/varying-networking-conditions/varying-link-latency/word-count/dataDir/randomText2.txt
2022-09-28 15:12:20,112 INFO:      File has been sent ->  Topic: inTopic; File ID: File: 66
2022-09-28 15:12:20,112 INFO:Message Generated From File use-cases/varying-networking-conditions/varying-link-latency/word-count/dataDir/randomText2.txt
2022-09-28 15:12:20,112 INFO:      File has been sent ->  Topic: inTopic; File ID: File: 67
2022-09-28 15:12:20,112 INFO:Message Generated From File use-cases/varying-networking-conditions/varying-link-latency/word-count/dataDir/randomText2.txt
2022-09-28 15:12:20,112 INFO:      File has been sent ->  Topic: inTopic; File ID: File: 68
2022-09-28 15:12:20,112 INFO:Message Generated From File use-cases/varying-networking-conditions/varying-link-latency/word-count/dataDir/randomText2.txt
2022-09-28 15:12:20,112 INFO:      File has been sent ->  Topic: inTopic; File ID: File: 69
2022-09-28 15:12:20,112 INFO:Message Generated From File use-cases/varying-networking-conditions/varying-link-latency/word-count/dataDir/randomText2.txt
2022-09-28 15:12:20,112 INFO:      File has been sent ->  Topic: inTopic; File ID: File: 70
2022-09-28 15:12:20,113 INFO:Message Generated From File use-cases/varying-networking-conditions/varying-link-latency/word-count/dataDir/randomText2.txt
2022-09-28 15:12:20,113 INFO:      File has been sent ->  Topic: inTopic; File ID: File: 71
2022-09-28 15:12:20,113 INFO:Message Generated From File use-cases/varying-networking-conditions/varying-link-latency/word-count/dataDir/randomText2.txt
2022-09-28 15:12:20,113 INFO:      File has been sent ->  Topic: inTopic; File ID: File: 72
2022-09-28 15:12:20,113 INFO:Message Generated From File use-cases/varying-networking-conditions/varying-link-latency/word-count/dataDir/randomText2.txt
2022-09-28 15:12:20,113 INFO:      File has been sent ->  Topic: inTopic; File ID: File: 73
2022-09-28 15:12:20,113 INFO:Message Generated From File use-cases/varying-networking-conditions/varying-link-latency/word-count/dataDir/randomText2.txt
2022-09-28 15:12:20,113 INFO:      File has been sent ->  Topic: inTopic; File ID: File: 74
2022-09-28 15:12:20,113 INFO:Message Generated From File use-cases/varying-networking-conditions/varying-link-latency/word-count/dataDir/randomText2.txt
2022-09-28 15:12:20,113 INFO:      File has been sent ->  Topic: inTopic; File ID: File: 75
2022-09-28 15:12:20,113 INFO:Message Generated From File use-cases/varying-networking-conditions/varying-link-latency/word-count/dataDir/randomText2.txt
2022-09-28 15:12:20,113 INFO:      File has been sent ->  Topic: inTopic; File ID: File: 76
2022-09-28 15:12:20,114 INFO:Message Generated From File use-cases/varying-networking-conditions/varying-link-latency/word-count/dataDir/randomText2.txt
2022-09-28 15:12:20,114 INFO:      File has been sent ->  Topic: inTopic; File ID: File: 77
2022-09-28 15:12:20,114 INFO:Message Generated From File use-cases/varying-networking-conditions/varying-link-latency/word-count/dataDir/randomText2.txt
2022-09-28 15:12:20,114 INFO:      File has been sent ->  Topic: inTopic; File ID: File: 78
2022-09-28 15:12:20,114 INFO:Message Generated From File use-cases/varying-networking-conditions/varying-link-latency/word-count/dataDir/randomText2.txt
2022-09-28 15:12:20,114 INFO:      File has been sent ->  Topic: inTopic; File ID: File: 79
2022-09-28 15:12:20,114 INFO:Message Generated From File use-cases/varying-networking-conditions/varying-link-latency/word-count/dataDir/randomText2.txt
2022-09-28 15:12:20,114 INFO:      File has been sent ->  Topic: inTopic; File ID: File: 80
2022-09-28 15:12:20,114 INFO:Message Generated From File use-cases/varying-networking-conditions/varying-link-latency/word-count/dataDir/randomText2.txt
2022-09-28 15:12:20,114 INFO:      File has been sent ->  Topic: inTopic; File ID: File: 81
2022-09-28 15:12:20,114 INFO:Message Generated From File use-cases/varying-networking-conditions/varying-link-latency/word-count/dataDir/randomText2.txt
2022-09-28 15:12:20,115 INFO:      File has been sent ->  Topic: inTopic; File ID: File: 82
2022-09-28 15:12:20,115 INFO:Message Generated From File use-cases/varying-networking-conditions/varying-link-latency/word-count/dataDir/randomText2.txt
2022-09-28 15:12:20,115 INFO:      File has been sent ->  Topic: inTopic; File ID: File: 83
2022-09-28 15:12:20,115 INFO:Message Generated From File use-cases/varying-networking-conditions/varying-link-latency/word-count/dataDir/randomText2.txt
2022-09-28 15:12:20,115 INFO:      File has been sent ->  Topic: inTopic; File ID: File: 84
2022-09-28 15:12:20,115 INFO:Message Generated From File use-cases/varying-networking-conditions/varying-link-latency/word-count/dataDir/randomText2.txt
2022-09-28 15:12:20,115 INFO:      File has been sent ->  Topic: inTopic; File ID: File: 85
2022-09-28 15:12:20,115 INFO:Message Generated From File use-cases/varying-networking-conditions/varying-link-latency/word-count/dataDir/randomText2.txt
2022-09-28 15:12:20,115 INFO:      File has been sent ->  Topic: inTopic; File ID: File: 86
2022-09-28 15:12:20,115 INFO:Message Generated From File use-cases/varying-networking-conditions/varying-link-latency/word-count/dataDir/randomText2.txt
2022-09-28 15:12:20,115 INFO:      File has been sent ->  Topic: inTopic; File ID: File: 87
2022-09-28 15:12:20,115 INFO:Message Generated From File use-cases/varying-networking-conditions/varying-link-latency/word-count/dataDir/randomText2.txt
2022-09-28 15:12:20,115 INFO:      File has been sent ->  Topic: inTopic; File ID: File: 88
2022-09-28 15:12:20,116 INFO:Message Generated From File use-cases/varying-networking-conditions/varying-link-latency/word-count/dataDir/randomText2.txt
2022-09-28 15:12:20,116 INFO:      File has been sent ->  Topic: inTopic; File ID: File: 89
2022-09-28 15:12:20,116 INFO:Message Generated From File use-cases/varying-networking-conditions/varying-link-latency/word-count/dataDir/randomText2.txt
2022-09-28 15:12:20,116 INFO:      File has been sent ->  Topic: inTopic; File ID: File: 90
2022-09-28 15:12:20,116 INFO:Message Generated From File use-cases/varying-networking-conditions/varying-link-latency/word-count/dataDir/randomText2.txt
2022-09-28 15:12:20,116 INFO:      File has been sent ->  Topic: inTopic; File ID: File: 91
2022-09-28 15:12:20,116 INFO:Message Generated From File use-cases/varying-networking-conditions/varying-link-latency/word-count/dataDir/randomText2.txt
2022-09-28 15:12:20,116 INFO:      File has been sent ->  Topic: inTopic; File ID: File: 92
2022-09-28 15:12:20,116 INFO:Message Generated From File use-cases/varying-networking-conditions/varying-link-latency/word-count/dataDir/randomText2.txt
2022-09-28 15:12:20,116 INFO:      File has been sent ->  Topic: inTopic; File ID: File: 93
2022-09-28 15:12:20,117 INFO:Message Generated From File use-cases/varying-networking-conditions/varying-link-latency/word-count/dataDir/randomText2.txt
2022-09-28 15:12:20,117 INFO:      File has been sent ->  Topic: inTopic; File ID: File: 94
2022-09-28 15:12:20,117 INFO:Message Generated From File use-cases/varying-networking-conditions/varying-link-latency/word-count/dataDir/randomText2.txt
2022-09-28 15:12:20,117 INFO:      File has been sent ->  Topic: inTopic; File ID: File: 95
2022-09-28 15:12:20,117 INFO:Message Generated From File use-cases/varying-networking-conditions/varying-link-latency/word-count/dataDir/randomText2.txt
2022-09-28 15:12:20,117 INFO:      File has been sent ->  Topic: inTopic; File ID: File: 96
2022-09-28 15:12:20,117 INFO:Message Generated From File use-cases/varying-networking-conditions/varying-link-latency/word-count/dataDir/randomText2.txt
2022-09-28 15:12:20,117 INFO:      File has been sent ->  Topic: inTopic; File ID: File: 97
2022-09-28 15:12:20,117 INFO:Message Generated From File use-cases/varying-networking-conditions/varying-link-latency/word-count/dataDir/randomText2.txt
2022-09-28 15:12:20,117 INFO:      File has been sent ->  Topic: inTopic; File ID: File: 98
2022-09-28 15:12:20,117 INFO:Message Generated From File use-cases/varying-networking-conditions/varying-link-latency/word-count/dataDir/randomText2.txt
2022-09-28 15:12:20,117 INFO:      File has been sent ->  Topic: inTopic; File ID: File: 99
2022-09-28 15:12:20,117 INFO:Message Generated From File use-cases/varying-networking-conditions/varying-link-latency/word-count/dataDir/randomText2.txt
2022-09-28 15:12:20,118 INFO:      File has been sent ->  Topic: inTopic; File ID: File: 100
2022-09-28 15:12:20,200 INFO:<BrokerConnection node_id=2 host=10.0.0.2:9092 <connecting> [IPv4 ('10.0.0.2', 9092)]>: Connection complete.
2022-09-28 15:12:20,205 INFO:<BrokerConnection node_id=bootstrap-0 host=10.0.0.2:9092 <connected> [IPv4 ('10.0.0.2', 9092)]>: Closing connection. 
