1221.9
1222.2
1223.1
1223.2
1223.8
1223.5
1224.1
1224.1
1224.1
1224.3
1224.3
1224.1
1223.9
1223.7
1223.9
1224.5
1225.6
1225.6
1225.5
1225.6
1225.6
1225.6
1225.9
1286.2
1287.4
1289.5
1301.2
1306.6
1307.2
1306.2
1303.1
1297.1
1295.7
1296.0
1347.7
1357.8
1351.8
1351.6
1350.9
1399.7
1450.9
1509.0
1561.9
1612.3
1682.2
1745.0
1800.4
1851.6
1911.8
1972.1
2040.1
2115.2
2178.7
2227.7
2291.3
2360.8
2416.5
2500.8
2599.5
2680.4
2930.1
3071.8
3232.9
3686.4
3972.2
4268.2
4583.8
4898.3
5052.3
5340.9
5629.8
5788.7
6077.2
6376.2
6647.4
6964.1
7019.7
7385.1
7438.8
7417.3
7400.5
7383.7
7381.4
7365.0
7346.9
7343.3
7387.6
7422.8
7762.9
7700.2
7755.5
7781.4
7726.5
7764.8
7784.8
7719.6
7779.5
7798.2
7729.6
7789.7
7809.8
7756.7
7818.2
7845.6
7779.6
7838.8
7861.9
7786.4
7846.4
7876.1
7816.7
7871.5
7887.8
7832.9
7881.5
7894.2
8038.9
8261.2
8301.1
8352.5
8379.1
8383.1
8390.5
8382.9
8377.7
8391.2
8402.2
8416.5
8452.6
8433.2
8467.3
8467.5
8465.1
8466.7
8476.1
8478.6
8484.1
8489.8
8493.0
8495.6
8516.6
8532.2
8555.8
8566.4
8557.4
8556.6
8551.1
8548.4
8546.8
8541.6
8544.3
8543.3
8547.1
8550.0
8543.7
8551.1
8551.4
8552.9
8567.1
8569.4
8566.7
8569.1
8569.7
8569.4
8569.5
8583.3
8589.7
8589.5
8588.0
8574.1
8579.1
8579.6
8582.7
8583.0
8579.5
8584.5
8590.8
8605.4
8617.0
8618.6
8616.7
8604.9
8606.4
8607.5
8600.3
8598.8
8599.1
8605.6
8605.5
8613.4
8634.7
8644.8
8651.5
8653.3
8658.8
8660.3
8665.6
8673.7
8692.4
8696.7
8699.5
8707.3
8704.8
8706.8
8719.2
8723.3
8733.4
8728.4
8737.4
8741.5
8751.1
8753.8
8752.6
8759.6
8764.3
8771.3
8786.4
8809.2
8798.5
8806.5
8809.1
8827.6
8833.7
8838.3
8837.2
8835.3
8844.4
8844.8
8852.5
8868.1
8869.5
8867.3
8875.1
8886.5
8896.1
8890.8
8881.1
8880.8
8889.0
8886.2
8886.6
8890.6
8892.1
8891.2
8888.4
8915.7
8917.0
8917.8
8923.1
8950.6
8951.9
8958.2
8966.6
8961.2
8979.1
8972.2
8974.1
8972.9
8956.3
8958.5
8961.0
8968.9
8979.7
8974.0
8983.6
8998.7
9010.1
9017.7
9027.2
9039.1
9061.4
9086.5
9103.5
9110.0
9118.9
9120.5
9120.1
9126.6
9132.6
9141.8
9145.1
9149.8
9160.7
9163.5
9169.7
9180.1
9184.1
9190.5
9193.9
9203.3
9211.4
9218.0
9236.3
9246.4
9252.3
9257.1
9267.6
9270.2
9282.7
9294.1
9299.3
9309.6
9319.5
9343.1
9353.3
9365.9
9374.5
9392.3
9420.2
9416.4
9427.1
9437.8
9448.7
9461.9
9475.3
9488.5
9494.7
9505.6
9521.1
9527.7
9542.1
9553.5
9560.0
9594.2
9605.0
9614.1
9624.3
9613.1
9622.7
9635.6
9645.7
9658.3
9662.3
9670.0
9678.8
9684.5
9707.9
9721.7
9741.1
9745.7
9753.3
9760.4
9767.2
9766.6
9766.8
9773.5
9778.0
9783.8
9791.9
9792.7
9806.9
9803.6
9808.3
9811.2
9816.2
9815.3
9825.1
9824.3
9827.3
9828.7
9835.2
9841.4
9850.8
9856.2
9858.2
9858.7
9863.7
9869.3
9873.4
9885.6
9883.5
9891.3
9898.3
9908.6
9913.1
9927.0
9927.6
9941.5
9954.8
9956.8
9963.1
9974.2
9980.4
9989.3
9995.5
10001.2
10008.9
10012.4
10034.2
10045.1
10047.5
10057.3
10065.8
10072.2
10090.4
10095.6
10104.5
10118.3
10124.7
10135.7
10143.9
10155.3
10168.4
10180.9
10196.3
10206.7
10217.6
10231.6
10240.2
10250.4
10261.5
10269.6
10279.6
10289.4
10293.6
10303.3
10310.6
10318.0
10332.6
10345.6
10353.5
10364.0
10369.6
10373.8
10379.6
10384.8
10392.5
10393.3
10391.7
10400.2
10406.1
10408.0
10411.0
10413.6
10415.7
10420.6
10425.5
10434.8
10435.1
10442.6
10442.0
10444.5
10442.9
10446.5
10451.2
10451.7
10453.4
10459.0
10463.0
10477.1
10480.2
10482.1
10490.4
10490.2
10490.2
10494.6
10498.7
10500.1
10507.6
10508.9
10511.3
10513.0
10514.9
10519.9
10525.9
10530.3
9245.1
6209.6
1350.6
1349.7
1350.7
1308.8
1291.4
1290.6
1231.6
1231.8
1232.2
1226.9
1226.9
1227.4
1227.4
1227.0
1227.2
1227.7
1227.0
1227.3
1227.0
1227.3
1226.3
1226.3
1226.4
1226.4
1226.2
1225.7
1225.7
1225.3
1225.9
1225.4
1225.7
1225.2
1225.7
1226.0
1225.9
1225.8
1225.3
1225.6
1225.8
1225.1
1225.3
1225.4
1225.7
1225.7
1227.0
1227.5
1226.7
1226.7
1226.5
1226.4
1225.7
1225.6
1225.7
1226.5
1226.6
1226.6
1226.4
1226.6
1226.2
1226.0
1226.0
1225.5
1225.8
1225.2
1226.3
1226.0
1226.2
1225.8
1226.1
1225.5
1225.6
1226.3
