0.6
0.0
0.0
0.6
0.0
0.6
0.6
0.0
0.6
0.0
0.6
0.0
0.6
0.6
1.2
0.0
0.6
0.6
0.6
0.0
0.6
0.6
0.6
9.5
0.0
8.8
3.4
2.3
7.8
8.7
9.9
5.3
6.2
5.1
7.4
22.4
22.3
0.6
7.5
26.7
23.4
10.9
8.7
22.6
20.4
32.6
31.6
21.3
25.0
8.0
31.2
20.2
26.9
22.9
19.2
7.4
5.2
23.5
36.9
31.8
35.7
34.7
48.5
76.6
82.9
52.4
47.4
71.3
48.5
50.3
65.0
69.0
66.1
61.3
32.4
40.8
18.6
42.5
25.9
2.2
1.7
2.8
3.9
5.5
1.7
7.2
26.5
14.0
95.6
6.7
22.2
76.8
6.0
18.3
18.6
10.9
27.7
8.2
10.5
21.5
11.6
5.6
25.7
3.4
7.3
21.5
8.1
9.1
21.1
6.2
8.0
19.9
29.9
3.8
20.2
33.7
79.2
70.2
77.4
76.1
43.8
58.7
50.9
35.6
34.7
43.6
67.8
36.0
56.5
38.6
49.7
21.2
43.5
26.6
32.4
33.3
24.0
31.6
30.7
35.9
45.5
40.8
45.1
31.4
52.2
38.4
21.8
49.7
32.0
22.8
40.8
44.5
27.4
43.3
27.7
37.1
40.5
30.7
37.0
42.0
24.7
22.9
31.4
18.6
52.6
27.5
22.3
26.4
29.9
24.7
24.4
28.0
56.2
27.3
26.8
72.4
45.1
29.5
33.7
43.6
28.1
25.4
41.6
17.5
63.1
35.6
24.2
50.6
29.5
36.2
47.2
31.2
32.1
21.4
47.4
21.5
18.9
62.4
34.5
23.6
23.0
27.2
15.3
28.2
30.5
67.4
20.2
19.5
51.2
37.3
31.8
38.1
22.0
46.1
28.7
22.6
35.6
27.9
30.3
26.7
17.0
32.0
48.8
41.6
20.2
18.4
66.7
16.2
18.5
46.9
51.4
25.0
32.0
40.0
30.0
26.4
51.7
39.9
27.5
31.4
43.2
21.3
21.3
27.7
25.0
45.1
27.7
29.9
24.4
59.4
20.6
19.5
53.9
27.4
35.0
53.9
25.6
31.8
34.7
29.5
36.4
38.3
47.1
37.1
25.3
26.2
33.1
29.2
51.4
27.5
41.8
54.9
22.4
24.1
49.4
21.9
31.2
33.0
30.0
35.5
35.4
21.1
32.4
25.1
26.0
28.7
33.7
22.6
34.3
26.3
21.5
28.1
33.9
27.8
23.6
21.3
42.7
18.3
31.2
37.9
26.9
22.9
23.6
30.8
26.4
24.6
28.4
28.4
19.8
24.0
28.8
31.6
32.2
26.3
20.6
34.7
19.3
32.2
32.5
17.1
23.6
40.6
31.1
28.4
28.6
40.5
26.5
28.7
28.5
27.3
24.4
28.7
28.6
24.0
39.1
19.9
28.3
37.8
25.0
25.3
30.1
24.7
28.2
20.5
29.3
43.5
24.4
24.1
30.9
20.9
51.1
24.7
22.1
25.0
25.7
27.4
32.8
20.2
28.2
30.0
23.2
42.0
20.2
36.0
34.7
27.7
32.0
30.9
20.1
42.8
23.0
23.2
20.2
28.5
22.6
30.1
25.6
22.6
25.0
19.8
23.1
23.0
20.0
37.2
20.0
15.3
27.0
20.2
33.1
39.5
18.5
26.0
23.4
19.1
29.0
19.3
17.7
32.0
31.6
33.5
28.7
18.7
39.3
22.7
15.6
27.7
25.3
22.7
35.1
22.9
21.9
28.2
24.3
52.0
18.8
25.0
37.3
22.6
35.2
39.9
19.9
41.5
25.9
30.1
27.3
27.5
37.9
31.4
26.7
25.1
22.8
22.8
38.0
18.0
17.4
31.6
25.7
28.2
25.4
25.1
25.8
27.1
21.7
27.0
25.4
27.7
25.7
18.8
26.3
26.7
28.5
28.9
29.1
19.7
26.6
21.9
25.0
29.5
25.4
23.3
43.2
27.6
29.5
34.3
22.8
37.6
9.2
16.0
8.0
10.7
11.4
2.3
4.5
4.5
6.1
0.6
0.6
0.6
0.0
1.2
0.6
0.0
0.6
1.2
0.0
0.6
0.6
0.6
0.6
0.6
0.0
0.6
0.6
0.6
0.6
0.6
0.6
0.0
0.6
0.6
1.2
0.0
0.6
0.0
0.6
0.6
0.6
0.6
0.0
0.6
0.6
1.2
0.6
0.6
0.0
0.6
0.6
0.0
0.6
0.6
1.1
0.0
0.0
0.0
0.6
0.0
0.6
0.0
0.0
0.6
0.0
0.0
0.6
0.6
0.6
0.6
0.0
0.0
0.6
0.6
0.6
0.6
0.0
