2022-09-28 14:22:12,056 INFO:node to initiate producer: 1
2022-09-28 14:22:12,056 INFO:topic name: inTopic
2022-09-28 14:22:12,056 INFO:topic broker: 2
2022-09-28 14:22:12,056 INFO:**Configuring KafkaProducer** bootstrap_servers=10.0.0.2:9092 acks=1 compression_type=None batch_size=16384 linger_ms=0 request_timeout_ms=30000
2022-09-28 14:22:12,058 INFO:<BrokerConnection node_id=bootstrap-0 host=10.0.0.2:9092 <connecting> [IPv4 ('10.0.0.2', 9092)]>: connecting to 10.0.0.2:9092 [('10.0.0.2', 9092) IPv4]
2022-09-28 14:22:12,058 INFO:Probing node bootstrap-0 broker version
2022-09-28 14:22:12,062 INFO:<BrokerConnection node_id=bootstrap-0 host=10.0.0.2:9092 <connecting> [IPv4 ('10.0.0.2', 9092)]>: Connection complete.
2022-09-28 14:22:12,172 INFO:Broker version identified as 2.5.0
2022-09-28 14:22:12,172 INFO:Set configuration api_version=(2, 5, 0) to skip auto check_version requests on startup
2022-09-28 14:22:12,176 INFO:Message Generated From File use-cases/varying-networking-conditions/varying-link-latency/word-count/dataDir/randomText2.txt
2022-09-28 14:22:12,176 INFO:      File has been sent ->  Topic: inTopic; File ID: File: 1
2022-09-28 14:22:12,183 INFO:Message Generated From File use-cases/varying-networking-conditions/varying-link-latency/word-count/dataDir/randomText2.txt
2022-09-28 14:22:12,184 INFO:      File has been sent ->  Topic: inTopic; File ID: File: 2
2022-09-28 14:22:12,184 INFO:<BrokerConnection node_id=2 host=10.0.0.2:9092 <connecting> [IPv4 ('10.0.0.2', 9092)]>: connecting to 10.0.0.2:9092 [('10.0.0.2', 9092) IPv4]
2022-09-28 14:22:12,184 INFO:Message Generated From File use-cases/varying-networking-conditions/varying-link-latency/word-count/dataDir/randomText2.txt
2022-09-28 14:22:12,184 INFO:      File has been sent ->  Topic: inTopic; File ID: File: 3
2022-09-28 14:22:12,185 INFO:Message Generated From File use-cases/varying-networking-conditions/varying-link-latency/word-count/dataDir/randomText2.txt
2022-09-28 14:22:12,185 INFO:      File has been sent ->  Topic: inTopic; File ID: File: 4
2022-09-28 14:22:12,185 INFO:Message Generated From File use-cases/varying-networking-conditions/varying-link-latency/word-count/dataDir/randomText2.txt
2022-09-28 14:22:12,185 INFO:      File has been sent ->  Topic: inTopic; File ID: File: 5
2022-09-28 14:22:12,185 INFO:Message Generated From File use-cases/varying-networking-conditions/varying-link-latency/word-count/dataDir/randomText2.txt
2022-09-28 14:22:12,185 INFO:      File has been sent ->  Topic: inTopic; File ID: File: 6
2022-09-28 14:22:12,185 INFO:Message Generated From File use-cases/varying-networking-conditions/varying-link-latency/word-count/dataDir/randomText2.txt
2022-09-28 14:22:12,185 INFO:      File has been sent ->  Topic: inTopic; File ID: File: 7
2022-09-28 14:22:12,186 INFO:Message Generated From File use-cases/varying-networking-conditions/varying-link-latency/word-count/dataDir/randomText2.txt
2022-09-28 14:22:12,186 INFO:      File has been sent ->  Topic: inTopic; File ID: File: 8
2022-09-28 14:22:12,186 INFO:Message Generated From File use-cases/varying-networking-conditions/varying-link-latency/word-count/dataDir/randomText2.txt
2022-09-28 14:22:12,186 INFO:      File has been sent ->  Topic: inTopic; File ID: File: 9
2022-09-28 14:22:12,186 INFO:Message Generated From File use-cases/varying-networking-conditions/varying-link-latency/word-count/dataDir/randomText2.txt
2022-09-28 14:22:12,186 INFO:      File has been sent ->  Topic: inTopic; File ID: File: 10
2022-09-28 14:22:12,186 INFO:Message Generated From File use-cases/varying-networking-conditions/varying-link-latency/word-count/dataDir/randomText2.txt
2022-09-28 14:22:12,187 INFO:      File has been sent ->  Topic: inTopic; File ID: File: 11
2022-09-28 14:22:12,187 INFO:Message Generated From File use-cases/varying-networking-conditions/varying-link-latency/word-count/dataDir/randomText2.txt
2022-09-28 14:22:12,187 INFO:      File has been sent ->  Topic: inTopic; File ID: File: 12
2022-09-28 14:22:12,187 INFO:Message Generated From File use-cases/varying-networking-conditions/varying-link-latency/word-count/dataDir/randomText2.txt
2022-09-28 14:22:12,187 INFO:      File has been sent ->  Topic: inTopic; File ID: File: 13
2022-09-28 14:22:12,187 INFO:Message Generated From File use-cases/varying-networking-conditions/varying-link-latency/word-count/dataDir/randomText2.txt
2022-09-28 14:22:12,187 INFO:      File has been sent ->  Topic: inTopic; File ID: File: 14
2022-09-28 14:22:12,188 INFO:Message Generated From File use-cases/varying-networking-conditions/varying-link-latency/word-count/dataDir/randomText2.txt
2022-09-28 14:22:12,188 INFO:      File has been sent ->  Topic: inTopic; File ID: File: 15
2022-09-28 14:22:12,188 INFO:Message Generated From File use-cases/varying-networking-conditions/varying-link-latency/word-count/dataDir/randomText2.txt
2022-09-28 14:22:12,188 INFO:      File has been sent ->  Topic: inTopic; File ID: File: 16
2022-09-28 14:22:12,188 INFO:Message Generated From File use-cases/varying-networking-conditions/varying-link-latency/word-count/dataDir/randomText2.txt
2022-09-28 14:22:12,188 INFO:      File has been sent ->  Topic: inTopic; File ID: File: 17
2022-09-28 14:22:12,188 INFO:Message Generated From File use-cases/varying-networking-conditions/varying-link-latency/word-count/dataDir/randomText2.txt
2022-09-28 14:22:12,188 INFO:      File has been sent ->  Topic: inTopic; File ID: File: 18
2022-09-28 14:22:12,189 INFO:<BrokerConnection node_id=2 host=10.0.0.2:9092 <connecting> [IPv4 ('10.0.0.2', 9092)]>: Connection complete.
2022-09-28 14:22:12,189 INFO:<BrokerConnection node_id=bootstrap-0 host=10.0.0.2:9092 <connected> [IPv4 ('10.0.0.2', 9092)]>: Closing connection. 
2022-09-28 14:22:12,189 INFO:Message Generated From File use-cases/varying-networking-conditions/varying-link-latency/word-count/dataDir/randomText2.txt
2022-09-28 14:22:12,189 INFO:      File has been sent ->  Topic: inTopic; File ID: File: 19
2022-09-28 14:22:12,190 INFO:Message Generated From File use-cases/varying-networking-conditions/varying-link-latency/word-count/dataDir/randomText2.txt
2022-09-28 14:22:12,190 INFO:      File has been sent ->  Topic: inTopic; File ID: File: 20
2022-09-28 14:22:12,192 INFO:Message Generated From File use-cases/varying-networking-conditions/varying-link-latency/word-count/dataDir/randomText2.txt
2022-09-28 14:22:12,192 INFO:      File has been sent ->  Topic: inTopic; File ID: File: 21
2022-09-28 14:22:12,193 INFO:Message Generated From File use-cases/varying-networking-conditions/varying-link-latency/word-count/dataDir/randomText2.txt
2022-09-28 14:22:12,193 INFO:      File has been sent ->  Topic: inTopic; File ID: File: 22
2022-09-28 14:22:12,194 INFO:Message Generated From File use-cases/varying-networking-conditions/varying-link-latency/word-count/dataDir/randomText2.txt
2022-09-28 14:22:12,194 INFO:      File has been sent ->  Topic: inTopic; File ID: File: 23
2022-09-28 14:22:12,195 INFO:Message Generated From File use-cases/varying-networking-conditions/varying-link-latency/word-count/dataDir/randomText2.txt
2022-09-28 14:22:12,195 INFO:      File has been sent ->  Topic: inTopic; File ID: File: 24
2022-09-28 14:22:12,195 INFO:Message Generated From File use-cases/varying-networking-conditions/varying-link-latency/word-count/dataDir/randomText2.txt
2022-09-28 14:22:12,195 INFO:      File has been sent ->  Topic: inTopic; File ID: File: 25
2022-09-28 14:22:12,196 INFO:Message Generated From File use-cases/varying-networking-conditions/varying-link-latency/word-count/dataDir/randomText2.txt
2022-09-28 14:22:12,196 INFO:      File has been sent ->  Topic: inTopic; File ID: File: 26
2022-09-28 14:22:12,196 INFO:Message Generated From File use-cases/varying-networking-conditions/varying-link-latency/word-count/dataDir/randomText2.txt
2022-09-28 14:22:12,196 INFO:      File has been sent ->  Topic: inTopic; File ID: File: 27
2022-09-28 14:22:12,196 INFO:Message Generated From File use-cases/varying-networking-conditions/varying-link-latency/word-count/dataDir/randomText2.txt
2022-09-28 14:22:12,196 INFO:      File has been sent ->  Topic: inTopic; File ID: File: 28
2022-09-28 14:22:12,197 INFO:Message Generated From File use-cases/varying-networking-conditions/varying-link-latency/word-count/dataDir/randomText2.txt
2022-09-28 14:22:12,197 INFO:      File has been sent ->  Topic: inTopic; File ID: File: 29
2022-09-28 14:22:12,197 INFO:Message Generated From File use-cases/varying-networking-conditions/varying-link-latency/word-count/dataDir/randomText2.txt
2022-09-28 14:22:12,197 INFO:      File has been sent ->  Topic: inTopic; File ID: File: 30
2022-09-28 14:22:12,197 INFO:Message Generated From File use-cases/varying-networking-conditions/varying-link-latency/word-count/dataDir/randomText2.txt
2022-09-28 14:22:12,197 INFO:      File has been sent ->  Topic: inTopic; File ID: File: 31
2022-09-28 14:22:12,197 INFO:Message Generated From File use-cases/varying-networking-conditions/varying-link-latency/word-count/dataDir/randomText2.txt
2022-09-28 14:22:12,198 INFO:      File has been sent ->  Topic: inTopic; File ID: File: 32
2022-09-28 14:22:12,198 INFO:Message Generated From File use-cases/varying-networking-conditions/varying-link-latency/word-count/dataDir/randomText2.txt
2022-09-28 14:22:12,198 INFO:      File has been sent ->  Topic: inTopic; File ID: File: 33
2022-09-28 14:22:12,198 INFO:Message Generated From File use-cases/varying-networking-conditions/varying-link-latency/word-count/dataDir/randomText2.txt
2022-09-28 14:22:12,198 INFO:      File has been sent ->  Topic: inTopic; File ID: File: 34
2022-09-28 14:22:12,198 INFO:Message Generated From File use-cases/varying-networking-conditions/varying-link-latency/word-count/dataDir/randomText2.txt
2022-09-28 14:22:12,198 INFO:      File has been sent ->  Topic: inTopic; File ID: File: 35
2022-09-28 14:22:12,199 INFO:Message Generated From File use-cases/varying-networking-conditions/varying-link-latency/word-count/dataDir/randomText2.txt
2022-09-28 14:22:12,199 INFO:      File has been sent ->  Topic: inTopic; File ID: File: 36
2022-09-28 14:22:12,199 INFO:Message Generated From File use-cases/varying-networking-conditions/varying-link-latency/word-count/dataDir/randomText2.txt
2022-09-28 14:22:12,199 INFO:      File has been sent ->  Topic: inTopic; File ID: File: 37
2022-09-28 14:22:12,199 INFO:Message Generated From File use-cases/varying-networking-conditions/varying-link-latency/word-count/dataDir/randomText2.txt
2022-09-28 14:22:12,199 INFO:      File has been sent ->  Topic: inTopic; File ID: File: 38
2022-09-28 14:22:12,200 INFO:Message Generated From File use-cases/varying-networking-conditions/varying-link-latency/word-count/dataDir/randomText2.txt
2022-09-28 14:22:12,200 INFO:      File has been sent ->  Topic: inTopic; File ID: File: 39
2022-09-28 14:22:12,200 INFO:Message Generated From File use-cases/varying-networking-conditions/varying-link-latency/word-count/dataDir/randomText2.txt
2022-09-28 14:22:12,200 INFO:      File has been sent ->  Topic: inTopic; File ID: File: 40
2022-09-28 14:22:12,200 INFO:Message Generated From File use-cases/varying-networking-conditions/varying-link-latency/word-count/dataDir/randomText2.txt
2022-09-28 14:22:12,200 INFO:      File has been sent ->  Topic: inTopic; File ID: File: 41
2022-09-28 14:22:12,200 INFO:Message Generated From File use-cases/varying-networking-conditions/varying-link-latency/word-count/dataDir/randomText2.txt
2022-09-28 14:22:12,200 INFO:      File has been sent ->  Topic: inTopic; File ID: File: 42
2022-09-28 14:22:12,201 INFO:Message Generated From File use-cases/varying-networking-conditions/varying-link-latency/word-count/dataDir/randomText2.txt
2022-09-28 14:22:12,201 INFO:      File has been sent ->  Topic: inTopic; File ID: File: 43
2022-09-28 14:22:12,201 INFO:Message Generated From File use-cases/varying-networking-conditions/varying-link-latency/word-count/dataDir/randomText2.txt
2022-09-28 14:22:12,201 INFO:      File has been sent ->  Topic: inTopic; File ID: File: 44
2022-09-28 14:22:12,201 INFO:Message Generated From File use-cases/varying-networking-conditions/varying-link-latency/word-count/dataDir/randomText2.txt
2022-09-28 14:22:12,201 INFO:      File has been sent ->  Topic: inTopic; File ID: File: 45
2022-09-28 14:22:12,202 INFO:Message Generated From File use-cases/varying-networking-conditions/varying-link-latency/word-count/dataDir/randomText2.txt
2022-09-28 14:22:12,202 INFO:      File has been sent ->  Topic: inTopic; File ID: File: 46
2022-09-28 14:22:12,202 INFO:Message Generated From File use-cases/varying-networking-conditions/varying-link-latency/word-count/dataDir/randomText2.txt
2022-09-28 14:22:12,202 INFO:      File has been sent ->  Topic: inTopic; File ID: File: 47
2022-09-28 14:22:12,202 INFO:Message Generated From File use-cases/varying-networking-conditions/varying-link-latency/word-count/dataDir/randomText2.txt
2022-09-28 14:22:12,202 INFO:      File has been sent ->  Topic: inTopic; File ID: File: 48
2022-09-28 14:22:12,202 INFO:Message Generated From File use-cases/varying-networking-conditions/varying-link-latency/word-count/dataDir/randomText2.txt
2022-09-28 14:22:12,203 INFO:      File has been sent ->  Topic: inTopic; File ID: File: 49
2022-09-28 14:22:12,203 INFO:Message Generated From File use-cases/varying-networking-conditions/varying-link-latency/word-count/dataDir/randomText2.txt
2022-09-28 14:22:12,203 INFO:      File has been sent ->  Topic: inTopic; File ID: File: 50
2022-09-28 14:22:12,203 INFO:Message Generated From File use-cases/varying-networking-conditions/varying-link-latency/word-count/dataDir/randomText2.txt
2022-09-28 14:22:12,203 INFO:      File has been sent ->  Topic: inTopic; File ID: File: 51
2022-09-28 14:22:12,203 INFO:Message Generated From File use-cases/varying-networking-conditions/varying-link-latency/word-count/dataDir/randomText2.txt
2022-09-28 14:22:12,203 INFO:      File has been sent ->  Topic: inTopic; File ID: File: 52
2022-09-28 14:22:12,204 INFO:Message Generated From File use-cases/varying-networking-conditions/varying-link-latency/word-count/dataDir/randomText2.txt
2022-09-28 14:22:12,204 INFO:      File has been sent ->  Topic: inTopic; File ID: File: 53
2022-09-28 14:22:12,204 INFO:Message Generated From File use-cases/varying-networking-conditions/varying-link-latency/word-count/dataDir/randomText2.txt
2022-09-28 14:22:12,204 INFO:      File has been sent ->  Topic: inTopic; File ID: File: 54
2022-09-28 14:22:12,204 INFO:Message Generated From File use-cases/varying-networking-conditions/varying-link-latency/word-count/dataDir/randomText2.txt
2022-09-28 14:22:12,204 INFO:      File has been sent ->  Topic: inTopic; File ID: File: 55
2022-09-28 14:22:12,205 INFO:Message Generated From File use-cases/varying-networking-conditions/varying-link-latency/word-count/dataDir/randomText2.txt
2022-09-28 14:22:12,205 INFO:      File has been sent ->  Topic: inTopic; File ID: File: 56
2022-09-28 14:22:12,205 INFO:Message Generated From File use-cases/varying-networking-conditions/varying-link-latency/word-count/dataDir/randomText2.txt
2022-09-28 14:22:12,205 INFO:      File has been sent ->  Topic: inTopic; File ID: File: 57
2022-09-28 14:22:12,205 INFO:Message Generated From File use-cases/varying-networking-conditions/varying-link-latency/word-count/dataDir/randomText2.txt
2022-09-28 14:22:12,205 INFO:      File has been sent ->  Topic: inTopic; File ID: File: 58
2022-09-28 14:22:12,205 INFO:Message Generated From File use-cases/varying-networking-conditions/varying-link-latency/word-count/dataDir/randomText2.txt
2022-09-28 14:22:12,205 INFO:      File has been sent ->  Topic: inTopic; File ID: File: 59
2022-09-28 14:22:12,206 INFO:Message Generated From File use-cases/varying-networking-conditions/varying-link-latency/word-count/dataDir/randomText2.txt
2022-09-28 14:22:12,206 INFO:      File has been sent ->  Topic: inTopic; File ID: File: 60
2022-09-28 14:22:12,206 INFO:Message Generated From File use-cases/varying-networking-conditions/varying-link-latency/word-count/dataDir/randomText2.txt
2022-09-28 14:22:12,206 INFO:      File has been sent ->  Topic: inTopic; File ID: File: 61
2022-09-28 14:22:12,206 INFO:Message Generated From File use-cases/varying-networking-conditions/varying-link-latency/word-count/dataDir/randomText2.txt
2022-09-28 14:22:12,206 INFO:      File has been sent ->  Topic: inTopic; File ID: File: 62
2022-09-28 14:22:12,206 INFO:Message Generated From File use-cases/varying-networking-conditions/varying-link-latency/word-count/dataDir/randomText2.txt
2022-09-28 14:22:12,206 INFO:      File has been sent ->  Topic: inTopic; File ID: File: 63
2022-09-28 14:22:12,209 INFO:Message Generated From File use-cases/varying-networking-conditions/varying-link-latency/word-count/dataDir/randomText2.txt
2022-09-28 14:22:12,209 INFO:      File has been sent ->  Topic: inTopic; File ID: File: 64
2022-09-28 14:22:12,209 INFO:Message Generated From File use-cases/varying-networking-conditions/varying-link-latency/word-count/dataDir/randomText2.txt
2022-09-28 14:22:12,209 INFO:      File has been sent ->  Topic: inTopic; File ID: File: 65
2022-09-28 14:22:12,211 INFO:Message Generated From File use-cases/varying-networking-conditions/varying-link-latency/word-count/dataDir/randomText2.txt
2022-09-28 14:22:12,211 INFO:      File has been sent ->  Topic: inTopic; File ID: File: 66
2022-09-28 14:22:12,212 INFO:Message Generated From File use-cases/varying-networking-conditions/varying-link-latency/word-count/dataDir/randomText2.txt
2022-09-28 14:22:12,212 INFO:      File has been sent ->  Topic: inTopic; File ID: File: 67
2022-09-28 14:22:12,213 INFO:Message Generated From File use-cases/varying-networking-conditions/varying-link-latency/word-count/dataDir/randomText2.txt
2022-09-28 14:22:12,213 INFO:      File has been sent ->  Topic: inTopic; File ID: File: 68
2022-09-28 14:22:12,215 INFO:Message Generated From File use-cases/varying-networking-conditions/varying-link-latency/word-count/dataDir/randomText2.txt
2022-09-28 14:22:12,216 INFO:      File has been sent ->  Topic: inTopic; File ID: File: 69
2022-09-28 14:22:12,217 INFO:Message Generated From File use-cases/varying-networking-conditions/varying-link-latency/word-count/dataDir/randomText2.txt
2022-09-28 14:22:12,217 INFO:      File has been sent ->  Topic: inTopic; File ID: File: 70
2022-09-28 14:22:12,219 INFO:Message Generated From File use-cases/varying-networking-conditions/varying-link-latency/word-count/dataDir/randomText2.txt
2022-09-28 14:22:12,219 INFO:      File has been sent ->  Topic: inTopic; File ID: File: 71
2022-09-28 14:22:12,220 INFO:Message Generated From File use-cases/varying-networking-conditions/varying-link-latency/word-count/dataDir/randomText2.txt
2022-09-28 14:22:12,220 INFO:      File has been sent ->  Topic: inTopic; File ID: File: 72
2022-09-28 14:22:12,221 INFO:Message Generated From File use-cases/varying-networking-conditions/varying-link-latency/word-count/dataDir/randomText2.txt
2022-09-28 14:22:12,221 INFO:      File has been sent ->  Topic: inTopic; File ID: File: 73
2022-09-28 14:22:12,223 INFO:Message Generated From File use-cases/varying-networking-conditions/varying-link-latency/word-count/dataDir/randomText2.txt
2022-09-28 14:22:12,223 INFO:      File has been sent ->  Topic: inTopic; File ID: File: 74
2022-09-28 14:22:12,224 INFO:Message Generated From File use-cases/varying-networking-conditions/varying-link-latency/word-count/dataDir/randomText2.txt
2022-09-28 14:22:12,224 INFO:      File has been sent ->  Topic: inTopic; File ID: File: 75
2022-09-28 14:22:12,225 INFO:Message Generated From File use-cases/varying-networking-conditions/varying-link-latency/word-count/dataDir/randomText2.txt
2022-09-28 14:22:12,225 INFO:      File has been sent ->  Topic: inTopic; File ID: File: 76
2022-09-28 14:22:12,225 INFO:Message Generated From File use-cases/varying-networking-conditions/varying-link-latency/word-count/dataDir/randomText2.txt
2022-09-28 14:22:12,225 INFO:      File has been sent ->  Topic: inTopic; File ID: File: 77
2022-09-28 14:22:12,225 INFO:Message Generated From File use-cases/varying-networking-conditions/varying-link-latency/word-count/dataDir/randomText2.txt
2022-09-28 14:22:12,225 INFO:      File has been sent ->  Topic: inTopic; File ID: File: 78
2022-09-28 14:22:12,226 INFO:Message Generated From File use-cases/varying-networking-conditions/varying-link-latency/word-count/dataDir/randomText2.txt
2022-09-28 14:22:12,227 INFO:      File has been sent ->  Topic: inTopic; File ID: File: 79
2022-09-28 14:22:12,228 INFO:Message Generated From File use-cases/varying-networking-conditions/varying-link-latency/word-count/dataDir/randomText2.txt
2022-09-28 14:22:12,228 INFO:      File has been sent ->  Topic: inTopic; File ID: File: 80
2022-09-28 14:22:12,229 INFO:Message Generated From File use-cases/varying-networking-conditions/varying-link-latency/word-count/dataDir/randomText2.txt
2022-09-28 14:22:12,229 INFO:      File has been sent ->  Topic: inTopic; File ID: File: 81
2022-09-28 14:22:12,231 INFO:Message Generated From File use-cases/varying-networking-conditions/varying-link-latency/word-count/dataDir/randomText2.txt
2022-09-28 14:22:12,231 INFO:      File has been sent ->  Topic: inTopic; File ID: File: 82
2022-09-28 14:22:12,232 INFO:Message Generated From File use-cases/varying-networking-conditions/varying-link-latency/word-count/dataDir/randomText2.txt
2022-09-28 14:22:12,232 INFO:      File has been sent ->  Topic: inTopic; File ID: File: 83
2022-09-28 14:22:12,233 INFO:Message Generated From File use-cases/varying-networking-conditions/varying-link-latency/word-count/dataDir/randomText2.txt
2022-09-28 14:22:12,233 INFO:      File has been sent ->  Topic: inTopic; File ID: File: 84
2022-09-28 14:22:12,234 INFO:Message Generated From File use-cases/varying-networking-conditions/varying-link-latency/word-count/dataDir/randomText2.txt
2022-09-28 14:22:12,235 INFO:      File has been sent ->  Topic: inTopic; File ID: File: 85
2022-09-28 14:22:12,235 INFO:Message Generated From File use-cases/varying-networking-conditions/varying-link-latency/word-count/dataDir/randomText2.txt
2022-09-28 14:22:12,235 INFO:      File has been sent ->  Topic: inTopic; File ID: File: 86
2022-09-28 14:22:12,235 INFO:Message Generated From File use-cases/varying-networking-conditions/varying-link-latency/word-count/dataDir/randomText2.txt
2022-09-28 14:22:12,235 INFO:      File has been sent ->  Topic: inTopic; File ID: File: 87
2022-09-28 14:22:12,236 INFO:Message Generated From File use-cases/varying-networking-conditions/varying-link-latency/word-count/dataDir/randomText2.txt
2022-09-28 14:22:12,237 INFO:      File has been sent ->  Topic: inTopic; File ID: File: 88
2022-09-28 14:22:12,237 INFO:Message Generated From File use-cases/varying-networking-conditions/varying-link-latency/word-count/dataDir/randomText2.txt
2022-09-28 14:22:12,238 INFO:      File has been sent ->  Topic: inTopic; File ID: File: 89
2022-09-28 14:22:12,239 INFO:Message Generated From File use-cases/varying-networking-conditions/varying-link-latency/word-count/dataDir/randomText2.txt
2022-09-28 14:22:12,239 INFO:      File has been sent ->  Topic: inTopic; File ID: File: 90
2022-09-28 14:22:12,239 INFO:Message Generated From File use-cases/varying-networking-conditions/varying-link-latency/word-count/dataDir/randomText2.txt
2022-09-28 14:22:12,239 INFO:      File has been sent ->  Topic: inTopic; File ID: File: 91
2022-09-28 14:22:12,239 INFO:Message Generated From File use-cases/varying-networking-conditions/varying-link-latency/word-count/dataDir/randomText2.txt
2022-09-28 14:22:12,240 INFO:      File has been sent ->  Topic: inTopic; File ID: File: 92
2022-09-28 14:22:12,240 INFO:Message Generated From File use-cases/varying-networking-conditions/varying-link-latency/word-count/dataDir/randomText2.txt
2022-09-28 14:22:12,240 INFO:      File has been sent ->  Topic: inTopic; File ID: File: 93
2022-09-28 14:22:12,240 INFO:Message Generated From File use-cases/varying-networking-conditions/varying-link-latency/word-count/dataDir/randomText2.txt
2022-09-28 14:22:12,241 INFO:      File has been sent ->  Topic: inTopic; File ID: File: 94
2022-09-28 14:22:12,242 INFO:Message Generated From File use-cases/varying-networking-conditions/varying-link-latency/word-count/dataDir/randomText2.txt
2022-09-28 14:22:12,243 INFO:      File has been sent ->  Topic: inTopic; File ID: File: 95
2022-09-28 14:22:12,244 INFO:Message Generated From File use-cases/varying-networking-conditions/varying-link-latency/word-count/dataDir/randomText2.txt
2022-09-28 14:22:12,244 INFO:      File has been sent ->  Topic: inTopic; File ID: File: 96
2022-09-28 14:22:12,245 INFO:Message Generated From File use-cases/varying-networking-conditions/varying-link-latency/word-count/dataDir/randomText2.txt
2022-09-28 14:22:12,245 INFO:      File has been sent ->  Topic: inTopic; File ID: File: 97
2022-09-28 14:22:12,246 INFO:Message Generated From File use-cases/varying-networking-conditions/varying-link-latency/word-count/dataDir/randomText2.txt
2022-09-28 14:22:12,246 INFO:      File has been sent ->  Topic: inTopic; File ID: File: 98
2022-09-28 14:22:12,247 INFO:Message Generated From File use-cases/varying-networking-conditions/varying-link-latency/word-count/dataDir/randomText2.txt
2022-09-28 14:22:12,247 INFO:      File has been sent ->  Topic: inTopic; File ID: File: 99
2022-09-28 14:22:12,248 INFO:Message Generated From File use-cases/varying-networking-conditions/varying-link-latency/word-count/dataDir/randomText2.txt
2022-09-28 14:22:12,248 INFO:      File has been sent ->  Topic: inTopic; File ID: File: 100
