1216.8
1218.3
1218.6
1218.4
1219.3
1218.7
1218.4
1218.2
1218.8
1218.7
1218.2
1219.0
1218.5
1218.6
1218.5
1272.5
1282.4
1288.0
1286.4
1305.2
1303.3
1308.6
1308.7
1298.4
1294.3
1298.6
1298.5
1296.9
1295.9
1348.6
1359.7
1359.4
1360.9
1346.2
1344.0
1352.7
1402.1
1462.3
1515.4
1571.9
1623.2
1687.2
1759.2
1808.4
1867.0
1922.6
1981.5
2048.2
2120.2
2192.7
2270.9
2333.6
2405.6
2466.4
2537.9
2603.2
2677.0
2732.2
2791.9
2865.2
2946.0
3030.5
3112.1
3226.3
3312.9
3434.1
3851.5
4179.2
4536.8
4696.1
5226.1
5540.6
5809.2
6025.8
6312.8
6602.0
6926.8
7163.4
7500.9
7954.5
8249.9
8420.1
8719.0
8977.8
9185.3
9206.8
9415.7
9636.6
9690.6
9687.1
9687.2
9679.1
9674.7
9645.0
9656.1
9712.3
9749.5
10019.0
10046.5
10098.2
10118.6
10060.9
10097.6
10118.9
10056.8
10116.5
10140.2
10073.8
10136.2
10163.9
10112.6
10162.2
10188.7
10143.0
10194.5
10211.3
10150.1
10186.4
10209.9
10144.0
10187.7
10219.1
10142.6
10183.2
10211.5
10219.8
10418.4
10667.6
10691.6
10752.5
10929.1
10959.0
10984.8
10983.0
10996.8
10988.3
10989.7
10992.7
10996.7
10991.5
11006.9
11007.8
11010.7
11023.9
11058.2
11099.1
11092.6
11110.6
11101.0
11111.4
11111.9
11117.3
11119.9
11123.6
11122.0
11125.1
11128.8
11148.1
11143.1
11133.5
11139.2
11138.0
11142.8
11131.8
11134.8
11144.9
11148.6
11153.2
11159.8
11162.6
11167.2
11166.5
11169.6
11172.6
11176.0
11174.3
11179.1
11180.8
11193.4
11196.9
11218.0
11247.4
11255.5
11283.7
11293.7
11316.0
11346.5
11354.7
11360.3
11374.5
11388.4
11400.5
11419.1
11433.5
11437.7
11462.2
11488.5
11492.1
11496.4
11511.5
11523.5
11545.1
11558.6
11578.4
11602.4
11631.6
11662.0
11667.6
11682.7
11720.7
11729.8
11746.7
11750.8
11760.3
11773.9
11778.0
11777.0
11787.3
11802.1
11819.1
11834.1
11822.3
11836.4
11842.1
11854.4
11894.1
11919.8
11918.3
11944.4
11953.5
11986.2
12005.5
12027.5
12020.9
12013.7
12031.0
12043.9
12062.1
12073.9
12091.0
12114.8
12148.4
12151.2
12168.2
12169.5
12188.1
12194.4
12207.3
12215.5
12234.6
12245.5
12248.5
12240.0
12247.1
12275.3
12343.9
12357.9
12402.5
12426.0
12429.8
12413.9
12421.4
12414.5
12413.7
12419.3
12434.5
12418.1
12429.8
12439.4
12442.0
12448.6
12457.0
12458.5
12461.1
12464.3
12468.9
12475.1
12481.0
12492.7
12494.2
12498.4
12512.4
12522.1
12527.6
12535.6
12537.2
12540.8
12552.6
12565.7
12565.6
12572.1
12576.3
12580.8
12587.4
12592.1
12598.7
12605.8
12610.8
12614.3
12610.8
12613.5
12612.6
12617.6
12620.5
12627.1
12626.0
12631.9
12636.1
12637.1
12639.2
12663.6
12671.3
12671.1
12677.7
12673.8
12677.1
12683.1
12692.5
12698.1
12702.8
12718.8
12725.6
12735.9
12743.6
12749.1
12770.4
12767.2
12769.9
12767.2
12771.0
12775.0
12787.2
12783.7
12790.3
12788.6
12784.9
12789.2
12794.6
12798.8
12800.0
12805.9
12802.4
12801.3
12808.3
12807.2
12812.6
12811.4
12811.5
12812.9
12816.9
12826.4
12832.3
12835.9
12844.8
12849.6
12853.8
12864.3
12863.2
12865.9
12867.5
12868.0
12871.7
12868.2
12872.8
12875.4
12879.6
12878.0
12880.2
12880.2
12884.0
12888.2
12893.1
12892.6
12893.7
12894.9
12897.6
12897.6
12902.2
12907.4
12903.8
12907.1
12914.0
12910.9
12915.0
12915.1
12918.6
12927.4
12931.0
12931.7
12934.3
12937.2
12930.8
12934.3
12934.3
12944.8
12949.7
12954.9
12955.1
12957.5
12953.9
12960.1
12971.8
12975.2
12988.0
12998.1
13006.3
13014.8
13029.4
13033.5
13048.4
13049.6
13057.4
13060.4
13063.8
13069.4
13070.9
13076.9
13081.2
13089.7
13093.8
13110.1
13112.8
13118.8
13120.9
13128.8
13129.3
13132.8
13134.2
13133.2
13134.3
13133.8
13132.5
13131.3
13131.0
13137.3
13136.2
13146.0
13144.4
13151.3
13160.6
13163.0
13169.0
13185.7
13186.6
13190.8
13194.9
13195.6
13203.3
13201.9
13204.8
13205.3
13204.0
13204.9
13205.7
13203.7
13208.5
13203.9
13205.4
13207.8
13209.8
13211.2
13214.9
13214.9
13214.5
13212.5
13214.4
13212.3
13218.4
13214.2
13210.8
13214.2
13215.2
13217.7
13222.0
12713.4
9833.8
6147.5
3077.0
1356.0
1355.4
1356.8
1356.2
1310.0
1353.1
1295.2
1292.1
1291.9
1233.3
1228.7
1228.1
1228.3
1228.4
1228.1
1227.6
1227.4
1227.7
1228.1
1227.0
1227.0
1227.8
1227.2
1227.5
1228.0
1228.1
1228.0
1227.9
1227.6
1227.4
1227.5
1227.4
1227.2
1227.5
1228.3
1227.8
1227.6
1227.6
1227.5
1228.1
1227.9
1227.4
1227.5
1227.4
1227.8
1228.3
1227.8
1227.5
