0.6
0.0
0.6
0.6
0.6
1.1
0.0
0.6
0.6
0.6
1.2
0.0
0.6
0.6
0.0
9.1
0.6
8.4
3.4
47.6
4.6
16.3
8.4
8.9
5.7
3.4
4.7
4.6
4.5
5.3
5.1
24.3
24.8
0.6
6.9
9.0
29.1
27.8
19.0
10.5
5.3
29.7
24.9
36.4
23.0
13.7
9.8
40.6
33.7
33.0
32.0
24.3
17.4
5.0
23.8
28.7
22.5
26.4
22.7
5.1
23.5
22.2
29.4
40.9
32.6
33.5
51.2
60.2
84.8
46.5
86.5
46.7
57.7
46.4
56.2
53.7
58.3
53.5
74.4
67.4
79.9
47.0
60.9
59.7
40.1
34.1
21.1
38.2
26.7
3.4
3.8
2.2
1.7
2.8
6.6
28.0
10.1
60.1
18.0
31.5
79.6
14.4
21.8
6.7
8.2
25.5
23.2
12.6
23.7
27.0
6.7
27.1
5.7
8.5
36.0
17.0
10.4
39.9
17.5
11.7
32.0
25.1
2.8
28.7
21.5
1.7
39.4
84.2
55.4
93.1
93.6
38.0
39.6
63.8
56.1
39.2
45.0
42.1
62.9
37.3
48.9
36.7
56.5
58.4
50.5
50.9
29.1
75.4
35.5
48.0
37.2
58.2
36.6
32.4
27.6
49.1
28.2
65.9
27.5
36.4
63.2
26.3
64.3
46.8
25.1
60.1
35.1
30.3
36.2
45.2
46.9
26.9
63.3
30.5
51.4
34.3
61.2
29.1
44.7
58.3
39.1
57.0
42.6
56.6
49.4
32.0
57.4
29.0
67.1
42.7
42.0
38.3
40.1
49.2
44.4
47.1
60.3
34.7
27.1
68.4
35.3
56.5
41.6
48.9
56.1
47.7
53.4
31.1
25.3
64.2
43.7
45.7
48.3
59.0
24.6
50.0
33.7
44.6
51.7
30.4
36.4
23.2
78.2
32.8
23.6
55.2
41.0
51.1
64.8
47.6
37.1
48.3
76.0
24.7
38.7
63.5
25.9
55.8
36.4
38.0
55.0
37.2
36.4
36.2
24.3
48.0
27.0
23.5
43.6
48.8
26.7
74.9
26.9
25.8
61.7
27.5
34.4
59.2
35.5
24.2
30.6
37.1
40.9
22.2
52.5
44.3
29.0
39.8
43.8
27.7
59.4
32.9
33.1
60.4
34.7
34.8
28.2
27.9
40.6
29.8
26.3
56.1
34.6
23.1
65.7
23.9
33.7
41.9
39.5
20.3
58.1
29.9
44.2
47.2
29.4
35.8
42.1
29.4
52.6
29.6
29.9
30.1
36.6
29.1
60.7
24.7
33.3
61.7
25.4
37.9
57.6
28.9
32.0
45.1
25.4
37.4
31.1
56.1
38.5
22.8
41.2
44.3
25.7
45.8
65.9
27.0
40.2
40.8
26.7
36.4
32.8
60.7
43.1
25.1
46.7
21.8
38.0
35.4
22.5
23.5
49.4
27.6
31.0
50.3
24.3
30.4
45.3
29.7
42.4
28.6
49.2
30.6
26.4
47.2
28.4
32.0
36.7
34.9
44.4
47.2
27.8
48.9
28.0
45.4
47.5
26.7
50.8
39.8
25.1
47.7
37.6
25.1
54.0
24.6
20.0
46.8
28.8
50.9
51.4
37.7
22.3
57.5
31.7
31.9
60.0
28.2
48.1
38.2
39.8
31.8
51.2
22.9
48.3
22.7
68.8
31.2
26.1
26.6
62.3
29.9
25.4
61.8
39.3
25.0
44.9
26.3
24.7
75.4
22.2
33.5
36.4
48.6
36.4
23.6
57.2
46.3
24.6
26.4
49.2
31.3
42.9
37.0
36.7
26.2
63.1
41.0
21.2
54.0
33.0
37.0
33.2
42.0
23.1
26.8
42.5
22.3
38.9
26.4
34.1
55.8
29.0
23.5
52.8
24.6
46.2
37.0
23.7
63.4
34.5
47.7
27.6
30.6
59.4
28.6
36.0
41.2
29.4
46.0
30.1
37.7
28.8
47.7
29.1
28.7
40.5
27.9
23.9
50.6
29.0
37.0
38.0
41.9
34.1
23.9
37.4
9.0
18.9
7.6
13.8
6.9
2.9
12.9
6.6
3.4
3.3
3.4
5.8
1.2
1.2
0.6
0.6
0.6
1.1
0.6
0.6
0.6
0.0
0.6
0.0
0.6
0.0
0.0
0.6
1.2
0.0
0.0
0.6
0.6
0.6
0.6
0.0
0.6
0.0
0.6
0.6
0.6
1.2
0.6
0.6
0.0
0.0
0.6
0.6
0.0
0.6
0.0
0.0
