1215.7
1215.4
1215.6
1216.4
1216.4
1216.7
1216.7
1217.1
1216.7
1217.0
1228.4
1280.5
1285.9
1276.9
1297.1
1303.3
1308.0
1307.3
1308.0
1294.6
1295.4
1295.2
1295.4
1294.9
1295.2
1316.6
1359.9
1356.9
1356.6
1350.7
1342.0
1352.9
1408.9
1467.6
1523.4
1575.7
1632.1
1695.0
1753.2
1822.0
1876.4
1929.9
1994.4
2055.1
2126.9
2196.7
2288.9
2347.4
2405.1
2469.1
2535.9
2598.3
2667.8
2725.0
2807.2
2870.4
2955.2
3060.8
3151.1
3252.3
3551.8
3841.1
3979.2
4422.0
4581.1
5055.9
5248.5
5389.1
5500.0
5942.1
6252.9
6392.9
6865.2
7189.5
7578.8
7761.7
8225.8
8359.5
8685.0
9093.2
9183.7
9344.9
9395.7
9624.6
9649.3
9629.1
9614.9
9615.2
9601.1
9596.1
9612.6
9655.9
9707.8
10088.9
10041.1
10092.8
10093.2
10063.2
10100.3
10113.8
10061.6
10103.9
10113.1
10056.9
10097.8
10133.5
10084.3
10132.4
10160.6
10103.0
10148.9
10171.9
10106.7
10134.9
10177.8
10095.1
10128.9
10167.7
10182.7
10137.2
10174.4
10178.8
10133.2
10178.2
10204.1
10165.2
10207.6
10157.8
10187.8
10234.2
10204.0
10192.6
10231.2
10240.4
10188.9
10237.5
10246.8
10192.1
10235.5
10245.9
10181.1
10246.9
10270.0
10203.0
10262.3
10277.3
10214.7
10266.5
10284.4
10234.2
10289.2
10303.4
10463.6
10713.7
10856.8
10879.9
10898.8
10993.8
10997.6
10999.9
10996.8
11011.1
11012.4
11016.9
11024.9
11028.3
11034.1
11052.8
11094.1
11105.7
11111.2
11109.1
11115.6
11125.4
11121.7
11123.1
11131.6
11146.9
11169.9
11176.1
11207.0
11244.0
11262.3
11266.6
11259.7
11256.1
11254.4
11263.3
11270.9
11274.3
11242.8
11249.7
11246.6
11245.2
11249.9
11254.6
11265.3
11269.7
11271.4
11281.3
11282.2
11284.6
11277.6
11273.5
11278.4
11291.9
11304.1
11309.5
11305.9
11308.9
11315.2
11310.0
11306.9
11301.8
11307.5
11311.9
11310.4
11324.5
11324.2
11339.2
11337.1
11344.3
11351.7
11343.5
11359.4
11359.0
11348.9
11358.9
11358.2
11398.1
11403.5
11407.5
11411.5
11439.9
11438.2
11439.0
11440.4
11458.1
11432.2
11434.8
11422.5
11417.8
11413.5
11414.2
11413.0
11405.5
11408.1
11422.8
11431.6
11433.7
11447.4
11455.9
11489.2
11495.9
11508.8
11504.0
11504.1
11498.3
11491.5
11496.6
11506.1
11485.6
11489.0
11493.0
11490.6
11502.3
11512.6
11531.9
11532.3
11532.2
11547.9
11558.7
11555.4
11565.4
11573.8
11595.8
11596.2
11606.3
11620.1
11628.1
11630.3
11642.0
11648.6
11659.1
11669.7
11684.6
11690.1
11687.2
11702.8
11706.1
11708.1
11716.2
11718.2
11732.4
11742.2
11739.4
11740.2
11744.8
11756.6
11753.3
11767.0
11777.7
11790.6
11803.7
11810.5
11802.8
11808.4
11812.6
11816.9
11841.2
11854.6
11875.3
11879.8
11888.7
11903.0
11908.9
11919.6
11924.4
11940.2
11954.2
11964.6
11970.8
11973.2
11973.7
11986.7
11989.2
11998.4
12009.3
12015.8
12035.2
12046.8
12072.9
12080.9
12092.9
12098.6
12112.0
12120.5
12126.6
12142.3
12170.8
12178.5
12197.5
12222.8
12239.4
12247.3
12263.0
12272.8
12282.5
12300.6
12327.1
12352.6
12360.9
12364.9
12373.1
12390.6
12398.5
12405.0
12410.6
12419.6
12433.5
12443.3
12474.9
12490.3
12507.8
12514.8
12516.3
12529.4
12535.8
12532.9
12545.3
12546.2
12578.7
12578.9
12581.0
12590.8
12591.9
12610.2
12626.1
12629.6
12637.4
12636.0
12646.1
12660.6
12667.6
12666.3
12686.0
12696.6
12716.9
12732.4
12765.5
12772.8
12777.9
12796.8
12805.4
12814.3
12823.6
12831.9
12847.9
12858.7
12873.4
12886.3
12898.7
12920.4
12920.1
12931.3
12934.9
12949.9
12960.5
12971.6
12979.9
12998.7
13003.7
13031.5
13054.1
13069.3
13083.1
13087.0
13107.5
13127.0
13136.4
13145.6
13170.7
13178.3
13191.7
13200.0
13211.6
13221.1
13238.7
13252.3
13250.8
13273.7
13284.3
13294.7
13310.5
13318.8
13326.1
13340.9
13354.8
13362.2
13384.1
13398.6
13408.7
13421.2
13441.3
13455.9
13467.9
13476.8
13492.2
13501.5
13508.4
13536.6
13551.6
13555.5
13569.2
13585.6
13591.2
13602.3
13613.7
13619.3
13630.6
13643.4
13655.4
13658.7
13670.2
13682.4
13704.6
13710.1
13728.6
13735.0
13738.4
13745.1
13754.6
13765.2
13771.2
13778.9
13789.7
13798.8
13807.5
13817.5
13828.1
13834.0
13845.1
13850.6
13870.3
13879.1
13895.7
13911.2
13934.1
13948.1
13958.5
13970.0
13988.0
14002.4
14028.7
14041.2
14049.1
14072.8
14083.6
14103.7
14120.6
14136.5
13643.1
10276.1
6624.4
3064.5
1353.4
1357.4
1356.7
1331.7
1329.2
1293.2
1294.1
1294.5
1234.8
1230.1
1230.2
1230.2
1229.8
1229.6
1229.8
1230.0
1229.8
1229.6
1229.5
1229.1
1229.4
1229.6
1229.1
1229.6
1229.4
1229.4
1229.4
1229.9
1230.0
1229.9
1229.5
1229.5
1229.5
1229.5
1230.1
1230.1
1230.1
1229.2
1229.6
1229.5
1229.7
1229.7
1228.3
1229.0
1229.3
1229.3
1228.8
1228.8
1229.4
1229.4
1228.9
1229.2
1229.7
1229.8
1229.0
1228.8
1229.5
1229.1
1228.4
1228.6
1228.6
1228.2
1228.2
1229.2
1230.0
1229.2
1229.5
1229.2
1226.1
1225.8
1226.0
1225.8
1225.5
1226.3
1225.6
1225.9
1226.1
1226.2
1225.7
1225.9
1226.4
1226.4
1226.9
1226.3
1226.0
1225.8
1226.1
1225.6
1226.5
1226.6
1226.4
1226.3
1226.4
1226.5
1225.9
1226.0
1225.4
1226.0
1225.8
1225.8
1225.8
1225.5
1225.0
1224.7
1225.3
1225.8
1226.1
1226.6
1226.4
1226.4
1226.7
1225.7
1225.5
1225.5
1225.8
1226.3
1226.3
1225.1
1225.4
1225.9
1225.7
1225.7
1225.7
1225.3
1226.8
1226.3
1225.3
1223.0
1223.3
1222.9
1223.1
1223.3
1222.9
1223.1
1222.8
1222.9
1222.9
1223.1
1222.9
1222.7
1222.7
1222.8
1223.0
1223.0
1222.6
1222.6
1223.4
1223.2
1223.0
1222.5
1222.8
1223.2
1222.8
1222.4
1222.6
1222.2
1223.4
1223.4
1223.1
1223.1
1222.6
1222.6
1222.9
1223.4
1223.2
1223.1
1223.2
1222.8
1222.7
1222.3
1222.6
1222.6
1222.6
1221.8
1222.1
1222.7
1222.5
1222.1
1222.6
1223.1
1221.9
1222.0
1222.5
1222.3
1222.1
1222.4
1222.4
1222.0
1222.7
1222.5
1222.8
1222.7
1222.3
1222.0
1222.1
1221.7
1222.2
1222.3
1222.1
1222.1
1222.6
1222.9
1223.1
1222.7
1222.9
1222.3
1222.8
1223.1
1223.4
1221.6
1221.9
1221.1
1221.1
1221.0
1220.9
1221.2
1221.8
1221.2
1220.8
1221.1
1220.9
1220.9
1221.0
1221.6
1221.5
1221.5
1221.9
1222.2
1222.2
1221.7
1221.8
1222.1
1221.9
1221.8
1221.8
1221.8
1221.6
1221.6
1221.6
1221.5
1221.2
1221.6
1222.3
1222.0
1222.4
1222.3
1221.8
1221.8
1222.5
1221.7
1222.3
1221.2
1221.0
1221.4
1221.6
1221.2
1221.4
1221.5
1220.9
1221.7
1221.7
1221.8
1221.6
1221.6
1221.5
1222.0
1221.2
1221.5
1221.7
1221.8
1221.0
1221.6
1221.0
1221.6
1221.2
1221.5
1220.9
1221.3
1221.7
1221.8
1222.3
1221.2
1222.6
1221.1
1221.4
1221.4
1222.4
1222.2
1221.5
1221.6
1221.3
1221.5
1221.3
1221.3
1221.1
1221.1
1221.5
1221.8
1221.1
1220.9
1221.7
1221.3
1221.3
1221.4
1221.1
1221.6
1221.6
1222.4
1221.9
1222.0
1221.7
1221.8
1222.1
1222.6
1222.1
1222.2
1221.8
1222.2
1221.9
1221.0
1221.0
1221.8
1221.7
1221.3
1221.7
1221.9
1222.6
1222.2
1221.8
1220.7
1220.7
1221.5
1221.7
1221.0
1220.8
1221.0
1221.0
1221.9
1220.9
1221.1
1221.7
1221.3
1221.1
1222.3
1222.9
1221.9
1222.4
1221.9
1222.0
1222.7
1222.2
1222.9
1222.8
1222.5
1222.6
1222.7
1222.9
1221.9
1222.5
1221.8
1222.6
1222.9
1222.6
1223.3
1222.3
1222.7
1221.1
1221.2
1221.2
1221.2
1221.2
1221.7
1221.8
1222.0
1221.3
1221.3
1221.1
1221.6
1221.7
1221.9
1221.5
1221.4
1221.3
1221.9
1221.7
1221.3
1221.0
1221.1
1221.4
1220.9
1221.4
1221.5
1221.5
1221.6
1221.0
1220.5
1220.9
1221.1
1221.7
1220.9
1220.8
1221.0
1220.8
1221.3
1220.5
1220.9
1221.1
1220.9
1221.2
1221.5
1221.2
1221.3
1221.6
1221.8
1221.6
1220.9
1221.4
1221.4
1221.9
1221.4
1221.3
1221.5
1221.5
1221.6
1221.3
1221.6
1221.4
1221.1
1221.2
1221.7
1220.8
1220.8
1220.6
1220.7
1220.7
1221.3
