0.2
0.6
0.6
1.2
0.6
0.0
0.6
0.6
0.6
0.6
0.0
6.0
0.0
8.9
3.4
4.5
9.6
9.3
9.1
10.3
5.2
6.1
5.7
5.8
5.7
43.7
17.5
22.4
25.6
1.1
4.6
5.2
28.4
36.8
26.9
16.3
9.8
8.0
24.0
22.6
34.5
21.5
13.1
3.4
45.8
18.4
30.9
26.4
22.0
12.5
8.4
34.9
20.6
31.5
25.7
5.8
23.8
31.0
30.2
46.3
68.0
59.9
71.8
66.3
49.4
90.2
62.3
45.6
49.7
74.7
70.3
38.8
80.5
56.5
69.7
66.5
68.5
55.4
89.1
62.7
16.5
26.3
19.9
22.9
27.0
2.2
4.4
3.4
1.7
5.5
6.8
23.9
15.9
78.3
21.8
35.0
76.1
12.8
25.1
6.8
8.5
21.8
8.0
23.0
26.6
7.5
4.9
34.7
17.5
1.7
36.4
14.4
19.1
38.3
34.1
7.9
25.0
34.3
50.0
22.9
25.7
26.6
15.8
34.6
75.3
25.6
33.9
43.8
21.2
32.6
19.9
19.0
28.5
67.6
10.9
21.6
48.6
5.5
25.5
8.9
18.8
23.6
25.6
4.3
21.8
12.4
5.6
24.0
12.8
11.0
26.7
15.7
87.1
61.6
88.5
57.1
93.0
94.5
60.5
46.2
38.2
77.6
53.7
44.3
50.0
56.1
69.8
63.2
42.2
57.5
51.2
55.4
32.2
42.6
45.1
35.5
47.7
63.2
56.8
35.6
52.6
68.0
53.0
37.1
65.5
28.8
25.7
57.9
40.8
61.0
35.0
58.4
48.6
51.4
53.9
39.5
72.9
46.6
42.3
57.6
28.4
66.7
40.3
37.4
64.7
37.5
60.9
56.8
30.9
60.9
40.9
34.5
68.4
40.8
46.2
46.9
33.0
62.6
32.0
77.8
52.3
42.9
76.6
44.0
48.0
48.8
38.6
58.3
35.4
62.8
43.7
38.8
53.8
51.4
72.1
35.0
38.7
73.2
25.1
45.5
43.8
28.7
67.4
34.3
42.9
63.4
34.7
45.8
38.1
60.7
45.6
56.1
52.7
63.7
39.4
57.8
33.7
37.6
55.7
56.5
44.4
40.8
37.2
44.2
53.7
48.9
49.7
59.3
37.3
28.8
71.8
31.0
34.8
58.5
31.4
43.3
37.3
37.9
66.7
39.1
30.7
55.3
61.4
33.7
36.9
35.2
49.7
24.9
55.9
44.6
38.5
61.9
35.0
41.1
46.9
24.3
55.6
23.4
37.9
28.2
52.8
49.1
38.7
62.8
38.3
35.2
66.3
24.4
35.1
36.4
33.7
57.3
29.6
46.8
54.0
31.8
46.3
32.8
54.5
40.3
29.1
50.6
37.6
38.4
72.3
27.3
36.2
36.6
41.3
48.9
37.6
47.7
33.0
62.3
37.6
36.9
58.4
34.7
37.5
56.7
41.1
46.0
31.7
49.7
45.7
24.9
51.1
48.1
36.3
53.3
40.6
45.6
39.8
33.7
69.3
32.8
33.9
63.1
34.6
60.4
43.7
71.6
61.0
50.9
43.4
42.5
69.6
43.1
45.4
65.1
52.8
62.0
40.1
27.0
53.7
55.8
32.7
48.9
34.5
49.7
42.0
30.5
48.9
29.1
32.8
54.7
44.8
30.2
39.2
44.4
37.4
31.8
45.4
29.9
33.3
47.7
26.7
31.6
50.0
51.1
46.6
29.9
39.3
35.4
48.5
33.0
33.9
50.0
45.2
24.7
48.3
23.1
57.2
29.3
35.4
45.2
28.3
39.6
46.4
45.1
38.8
36.4
46.2
42.8
22.9
71.4
31.0
30.6
65.1
28.3
38.1
28.8
51.1
40.0
42.9
35.5
31.5
67.8
20.1
31.8
46.2
33.1
26.4
31.2
32.9
60.1
31.2
65.4
52.5
24.0
66.5
28.3
30.5
28.8
31.0
34.1
39.9
58.8
34.3
29.3
35.7
48.5
27.8
45.7
32.2
56.8
52.9
30.4
30.3
38.9
48.8
29.6
44.9
30.8
43.1
53.9
27.9
26.4
58.0
48.8
30.5
55.7
22.9
42.6
33.1
38.0
50.8
35.4
39.2
41.4
42.3
26.3
26.4
38.0
42.4
26.1
48.6
38.0
33.7
39.0
32.0
28.8
9.1
9.7
9.6
11.2
16.2
1.8
5.1
3.9
3.4
3.4
5.7
1.1
0.0
0.0
1.2
0.6
0.6
0.0
0.6
0.6
0.0
0.6
1.2
0.0
0.0
1.2
0.6
0.0
1.2
0.0
0.6
0.0
0.6
0.6
0.0
1.2
0.6
0.0
0.0
0.0
0.0
0.6
0.6
0.6
0.0
0.6
0.0
0.6
0.6
0.6
0.6
0.6
1.2
1.2
0.6
0.6
0.6
0.6
1.2
0.0
0.6
1.2
0.6
0.6
0.0
0.0
0.0
0.0
0.6
0.6
0.6
0.6
0.6
0.0
0.0
1.2
0.6
0.6
0.6
0.6
0.0
0.6
0.0
0.6
0.6
1.2
0.0
0.6
0.6
0.6
0.6
0.0
0.6
0.6
0.0
0.0
0.0
0.6
0.6
1.2
0.6
1.2
0.6
0.0
1.1
0.6
0.0
0.6
0.6
0.6
0.6
0.0
0.6
0.0
0.0
0.6
0.6
0.6
0.6
0.6
0.6
0.6
0.0
0.6
0.0
0.6
0.6
0.0
0.6
0.6
0.0
0.6
0.6
1.2
0.6
0.6
0.6
1.1
0.6
0.6
0.6
0.0
0.0
0.6
0.6
0.0
0.0
0.6
1.1
0.0
1.2
0.6
0.0
0.6
0.6
0.6
0.0
0.6
0.0
0.6
0.6
0.6
0.6
0.0
0.6
0.6
0.0
0.6
0.6
0.6
0.0
1.1
0.6
0.6
0.6
0.0
0.6
0.6
0.0
0.6
0.6
0.6
1.1
0.6
0.0
0.6
0.0
1.1
0.6
0.6
0.6
0.0
0.0
0.6
0.0
0.6
0.0
0.0
0.6
0.6
0.0
0.6
0.6
0.6
0.0
0.6
1.1
0.6
0.0
0.6
0.6
0.0
0.6
0.6
0.6
0.6
0.0
0.0
0.6
1.1
0.0
0.6
1.1
1.1
0.6
0.0
0.6
0.6
1.1
0.0
0.0
0.0
1.1
0.6
0.0
0.6
1.1
0.0
0.0
0.6
0.6
0.0
0.0
0.6
0.6
0.6
0.6
0.6
0.6
0.6
0.6
1.1
0.0
0.6
0.6
0.0
0.6
0.6
1.2
0.0
1.1
0.6
0.6
0.0
0.0
0.6
0.6
0.6
0.0
0.6
0.0
0.6
1.2
0.6
0.0
0.6
0.0
0.0
1.2
0.6
0.0
0.6
0.0
0.6
0.6
1.2
0.6
0.6
0.0
0.6
0.0
0.6
0.6
0.0
0.0
0.6
0.6
0.6
0.6
0.6
0.6
0.6
1.8
0.6
0.6
0.6
0.6
0.0
0.6
0.6
0.6
1.1
0.6
1.2
0.6
1.1
0.0
0.0
0.0
0.6
1.2
1.1
0.6
0.0
0.6
0.6
1.2
0.0
0.6
0.6
0.0
0.6
0.6
0.6
0.6
0.6
0.6
0.0
0.0
0.6
0.0
0.6
0.6
0.6
0.6
0.0
0.6
0.6
1.1
0.6
0.6
1.1
0.0
0.6
0.6
0.0
1.1
0.6
1.2
0.0
0.6
0.6
1.1
0.6
1.1
1.1
0.0
0.6
0.0
1.1
0.0
0.6
0.6
1.2
0.0
0.6
0.6
1.2
1.2
0.6
0.0
0.6
0.6
0.6
0.6
0.6
0.6
1.2
1.2
0.0
0.6
0.0
0.0
0.6
0.6
0.0
0.6
0.6
0.0
0.6
0.6
0.6
0.6
0.0
0.6
0.0
0.6
0.6
0.6
1.2
0.6
0.6
0.0
0.6
0.6
0.6
0.6
0.6
0.0
0.6
0.6
0.0
1.2
0.0
0.6
0.0
0.6
0.0
0.6
1.1
0.6
0.6
0.6
0.6
0.0
0.6
0.6
0.6
