2022-09-29 13:24:42,423 INFO:node to initiate producer: 1
2022-09-29 13:24:42,423 INFO:topic name: inTopic
2022-09-29 13:24:42,423 INFO:topic broker: 2
2022-09-29 13:24:42,423 INFO:**Configuring KafkaProducer** bootstrap_servers=10.0.0.2:9092 acks=1 compression_type=None batch_size=16384 linger_ms=0 request_timeout_ms=30000
2022-09-29 13:24:42,426 INFO:<BrokerConnection node_id=bootstrap-0 host=10.0.0.2:9092 <connecting> [IPv4 ('10.0.0.2', 9092)]>: connecting to 10.0.0.2:9092 [('10.0.0.2', 9092) IPv4]
2022-09-29 13:24:42,426 INFO:Probing node bootstrap-0 broker version
2022-09-29 13:24:42,431 INFO:<BrokerConnection node_id=bootstrap-0 host=10.0.0.2:9092 <connecting> [IPv4 ('10.0.0.2', 9092)]>: Connection complete.
2022-09-29 13:24:42,540 INFO:Broker version identified as 2.5.0
2022-09-29 13:24:42,540 INFO:Set configuration api_version=(2, 5, 0) to skip auto check_version requests on startup
2022-09-29 13:24:42,544 INFO:Message Generated From File use-cases/varying-networking-conditions/varying-link-latency/word-count/dataDir/randomText2.txt
2022-09-29 13:24:42,544 INFO:      File has been sent ->  Topic: inTopic; File ID: File: 1
2022-09-29 13:24:42,551 INFO:Message Generated From File use-cases/varying-networking-conditions/varying-link-latency/word-count/dataDir/randomText2.txt
2022-09-29 13:24:42,551 INFO:      File has been sent ->  Topic: inTopic; File ID: File: 2
2022-09-29 13:24:42,551 INFO:<BrokerConnection node_id=2 host=10.0.0.2:9092 <connecting> [IPv4 ('10.0.0.2', 9092)]>: connecting to 10.0.0.2:9092 [('10.0.0.2', 9092) IPv4]
2022-09-29 13:24:42,552 INFO:Message Generated From File use-cases/varying-networking-conditions/varying-link-latency/word-count/dataDir/randomText2.txt
2022-09-29 13:24:42,552 INFO:      File has been sent ->  Topic: inTopic; File ID: File: 3
2022-09-29 13:24:42,552 INFO:Message Generated From File use-cases/varying-networking-conditions/varying-link-latency/word-count/dataDir/randomText2.txt
2022-09-29 13:24:42,552 INFO:      File has been sent ->  Topic: inTopic; File ID: File: 4
2022-09-29 13:24:42,552 INFO:Message Generated From File use-cases/varying-networking-conditions/varying-link-latency/word-count/dataDir/randomText2.txt
2022-09-29 13:24:42,552 INFO:      File has been sent ->  Topic: inTopic; File ID: File: 5
2022-09-29 13:24:42,553 INFO:Message Generated From File use-cases/varying-networking-conditions/varying-link-latency/word-count/dataDir/randomText2.txt
2022-09-29 13:24:42,553 INFO:      File has been sent ->  Topic: inTopic; File ID: File: 6
2022-09-29 13:24:42,553 INFO:Message Generated From File use-cases/varying-networking-conditions/varying-link-latency/word-count/dataDir/randomText2.txt
2022-09-29 13:24:42,553 INFO:      File has been sent ->  Topic: inTopic; File ID: File: 7
2022-09-29 13:24:42,553 INFO:Message Generated From File use-cases/varying-networking-conditions/varying-link-latency/word-count/dataDir/randomText2.txt
2022-09-29 13:24:42,553 INFO:      File has been sent ->  Topic: inTopic; File ID: File: 8
2022-09-29 13:24:42,553 INFO:Message Generated From File use-cases/varying-networking-conditions/varying-link-latency/word-count/dataDir/randomText2.txt
2022-09-29 13:24:42,553 INFO:      File has been sent ->  Topic: inTopic; File ID: File: 9
2022-09-29 13:24:42,553 INFO:Message Generated From File use-cases/varying-networking-conditions/varying-link-latency/word-count/dataDir/randomText2.txt
2022-09-29 13:24:42,554 INFO:      File has been sent ->  Topic: inTopic; File ID: File: 10
2022-09-29 13:24:42,554 INFO:Message Generated From File use-cases/varying-networking-conditions/varying-link-latency/word-count/dataDir/randomText2.txt
2022-09-29 13:24:42,554 INFO:      File has been sent ->  Topic: inTopic; File ID: File: 11
2022-09-29 13:24:42,554 INFO:Message Generated From File use-cases/varying-networking-conditions/varying-link-latency/word-count/dataDir/randomText2.txt
2022-09-29 13:24:42,554 INFO:      File has been sent ->  Topic: inTopic; File ID: File: 12
2022-09-29 13:24:42,554 INFO:Message Generated From File use-cases/varying-networking-conditions/varying-link-latency/word-count/dataDir/randomText2.txt
2022-09-29 13:24:42,554 INFO:      File has been sent ->  Topic: inTopic; File ID: File: 13
2022-09-29 13:24:42,554 INFO:Message Generated From File use-cases/varying-networking-conditions/varying-link-latency/word-count/dataDir/randomText2.txt
2022-09-29 13:24:42,554 INFO:      File has been sent ->  Topic: inTopic; File ID: File: 14
2022-09-29 13:24:42,555 INFO:Message Generated From File use-cases/varying-networking-conditions/varying-link-latency/word-count/dataDir/randomText2.txt
2022-09-29 13:24:42,555 INFO:      File has been sent ->  Topic: inTopic; File ID: File: 15
2022-09-29 13:24:42,555 INFO:Message Generated From File use-cases/varying-networking-conditions/varying-link-latency/word-count/dataDir/randomText2.txt
2022-09-29 13:24:42,555 INFO:      File has been sent ->  Topic: inTopic; File ID: File: 16
2022-09-29 13:24:42,555 INFO:Message Generated From File use-cases/varying-networking-conditions/varying-link-latency/word-count/dataDir/randomText2.txt
2022-09-29 13:24:42,555 INFO:      File has been sent ->  Topic: inTopic; File ID: File: 17
2022-09-29 13:24:42,555 INFO:Message Generated From File use-cases/varying-networking-conditions/varying-link-latency/word-count/dataDir/randomText2.txt
2022-09-29 13:24:42,555 INFO:      File has been sent ->  Topic: inTopic; File ID: File: 18
2022-09-29 13:24:42,556 INFO:Message Generated From File use-cases/varying-networking-conditions/varying-link-latency/word-count/dataDir/randomText2.txt
2022-09-29 13:24:42,556 INFO:      File has been sent ->  Topic: inTopic; File ID: File: 19
2022-09-29 13:24:42,556 INFO:<BrokerConnection node_id=2 host=10.0.0.2:9092 <connecting> [IPv4 ('10.0.0.2', 9092)]>: Connection complete.
2022-09-29 13:24:42,556 INFO:<BrokerConnection node_id=bootstrap-0 host=10.0.0.2:9092 <connected> [IPv4 ('10.0.0.2', 9092)]>: Closing connection. 
2022-09-29 13:24:42,556 INFO:Message Generated From File use-cases/varying-networking-conditions/varying-link-latency/word-count/dataDir/randomText2.txt
2022-09-29 13:24:42,556 INFO:      File has been sent ->  Topic: inTopic; File ID: File: 20
2022-09-29 13:24:42,558 INFO:Message Generated From File use-cases/varying-networking-conditions/varying-link-latency/word-count/dataDir/randomText2.txt
2022-09-29 13:24:42,558 INFO:      File has been sent ->  Topic: inTopic; File ID: File: 21
2022-09-29 13:24:42,559 INFO:Message Generated From File use-cases/varying-networking-conditions/varying-link-latency/word-count/dataDir/randomText2.txt
2022-09-29 13:24:42,559 INFO:      File has been sent ->  Topic: inTopic; File ID: File: 22
2022-09-29 13:24:42,560 INFO:Message Generated From File use-cases/varying-networking-conditions/varying-link-latency/word-count/dataDir/randomText2.txt
2022-09-29 13:24:42,560 INFO:      File has been sent ->  Topic: inTopic; File ID: File: 23
2022-09-29 13:24:42,561 INFO:Message Generated From File use-cases/varying-networking-conditions/varying-link-latency/word-count/dataDir/randomText2.txt
2022-09-29 13:24:42,561 INFO:      File has been sent ->  Topic: inTopic; File ID: File: 24
2022-09-29 13:24:42,562 INFO:Message Generated From File use-cases/varying-networking-conditions/varying-link-latency/word-count/dataDir/randomText2.txt
2022-09-29 13:24:42,562 INFO:      File has been sent ->  Topic: inTopic; File ID: File: 25
2022-09-29 13:24:42,562 INFO:Message Generated From File use-cases/varying-networking-conditions/varying-link-latency/word-count/dataDir/randomText2.txt
2022-09-29 13:24:42,562 INFO:      File has been sent ->  Topic: inTopic; File ID: File: 26
2022-09-29 13:24:42,562 INFO:Message Generated From File use-cases/varying-networking-conditions/varying-link-latency/word-count/dataDir/randomText2.txt
2022-09-29 13:24:42,562 INFO:      File has been sent ->  Topic: inTopic; File ID: File: 27
2022-09-29 13:24:42,563 INFO:Message Generated From File use-cases/varying-networking-conditions/varying-link-latency/word-count/dataDir/randomText2.txt
2022-09-29 13:24:42,563 INFO:      File has been sent ->  Topic: inTopic; File ID: File: 28
2022-09-29 13:24:42,563 INFO:Message Generated From File use-cases/varying-networking-conditions/varying-link-latency/word-count/dataDir/randomText2.txt
2022-09-29 13:24:42,563 INFO:      File has been sent ->  Topic: inTopic; File ID: File: 29
2022-09-29 13:24:42,563 INFO:Message Generated From File use-cases/varying-networking-conditions/varying-link-latency/word-count/dataDir/randomText2.txt
2022-09-29 13:24:42,563 INFO:      File has been sent ->  Topic: inTopic; File ID: File: 30
2022-09-29 13:24:42,564 INFO:Message Generated From File use-cases/varying-networking-conditions/varying-link-latency/word-count/dataDir/randomText2.txt
2022-09-29 13:24:42,564 INFO:      File has been sent ->  Topic: inTopic; File ID: File: 31
2022-09-29 13:24:42,564 INFO:Message Generated From File use-cases/varying-networking-conditions/varying-link-latency/word-count/dataDir/randomText2.txt
2022-09-29 13:24:42,564 INFO:      File has been sent ->  Topic: inTopic; File ID: File: 32
2022-09-29 13:24:42,564 INFO:Message Generated From File use-cases/varying-networking-conditions/varying-link-latency/word-count/dataDir/randomText2.txt
2022-09-29 13:24:42,564 INFO:      File has been sent ->  Topic: inTopic; File ID: File: 33
2022-09-29 13:24:42,565 INFO:Message Generated From File use-cases/varying-networking-conditions/varying-link-latency/word-count/dataDir/randomText2.txt
2022-09-29 13:24:42,565 INFO:      File has been sent ->  Topic: inTopic; File ID: File: 34
2022-09-29 13:24:42,565 INFO:Message Generated From File use-cases/varying-networking-conditions/varying-link-latency/word-count/dataDir/randomText2.txt
2022-09-29 13:24:42,565 INFO:      File has been sent ->  Topic: inTopic; File ID: File: 35
2022-09-29 13:24:42,565 INFO:Message Generated From File use-cases/varying-networking-conditions/varying-link-latency/word-count/dataDir/randomText2.txt
2022-09-29 13:24:42,565 INFO:      File has been sent ->  Topic: inTopic; File ID: File: 36
2022-09-29 13:24:42,565 INFO:Message Generated From File use-cases/varying-networking-conditions/varying-link-latency/word-count/dataDir/randomText2.txt
2022-09-29 13:24:42,565 INFO:      File has been sent ->  Topic: inTopic; File ID: File: 37
2022-09-29 13:24:42,566 INFO:Message Generated From File use-cases/varying-networking-conditions/varying-link-latency/word-count/dataDir/randomText2.txt
2022-09-29 13:24:42,566 INFO:      File has been sent ->  Topic: inTopic; File ID: File: 38
2022-09-29 13:24:42,566 INFO:Message Generated From File use-cases/varying-networking-conditions/varying-link-latency/word-count/dataDir/randomText2.txt
2022-09-29 13:24:42,566 INFO:      File has been sent ->  Topic: inTopic; File ID: File: 39
2022-09-29 13:24:42,566 INFO:Message Generated From File use-cases/varying-networking-conditions/varying-link-latency/word-count/dataDir/randomText2.txt
2022-09-29 13:24:42,566 INFO:      File has been sent ->  Topic: inTopic; File ID: File: 40
2022-09-29 13:24:42,566 INFO:Message Generated From File use-cases/varying-networking-conditions/varying-link-latency/word-count/dataDir/randomText2.txt
2022-09-29 13:24:42,566 INFO:      File has been sent ->  Topic: inTopic; File ID: File: 41
2022-09-29 13:24:42,567 INFO:Message Generated From File use-cases/varying-networking-conditions/varying-link-latency/word-count/dataDir/randomText2.txt
2022-09-29 13:24:42,567 INFO:      File has been sent ->  Topic: inTopic; File ID: File: 42
2022-09-29 13:24:42,567 INFO:Message Generated From File use-cases/varying-networking-conditions/varying-link-latency/word-count/dataDir/randomText2.txt
2022-09-29 13:24:42,567 INFO:      File has been sent ->  Topic: inTopic; File ID: File: 43
2022-09-29 13:24:42,567 INFO:Message Generated From File use-cases/varying-networking-conditions/varying-link-latency/word-count/dataDir/randomText2.txt
2022-09-29 13:24:42,567 INFO:      File has been sent ->  Topic: inTopic; File ID: File: 44
2022-09-29 13:24:42,567 INFO:Message Generated From File use-cases/varying-networking-conditions/varying-link-latency/word-count/dataDir/randomText2.txt
2022-09-29 13:24:42,567 INFO:      File has been sent ->  Topic: inTopic; File ID: File: 45
2022-09-29 13:24:42,568 INFO:Message Generated From File use-cases/varying-networking-conditions/varying-link-latency/word-count/dataDir/randomText2.txt
2022-09-29 13:24:42,568 INFO:      File has been sent ->  Topic: inTopic; File ID: File: 46
2022-09-29 13:24:42,568 INFO:Message Generated From File use-cases/varying-networking-conditions/varying-link-latency/word-count/dataDir/randomText2.txt
2022-09-29 13:24:42,568 INFO:      File has been sent ->  Topic: inTopic; File ID: File: 47
2022-09-29 13:24:42,568 INFO:Message Generated From File use-cases/varying-networking-conditions/varying-link-latency/word-count/dataDir/randomText2.txt
2022-09-29 13:24:42,568 INFO:      File has been sent ->  Topic: inTopic; File ID: File: 48
2022-09-29 13:24:42,568 INFO:Message Generated From File use-cases/varying-networking-conditions/varying-link-latency/word-count/dataDir/randomText2.txt
2022-09-29 13:24:42,568 INFO:      File has been sent ->  Topic: inTopic; File ID: File: 49
2022-09-29 13:24:42,569 INFO:Message Generated From File use-cases/varying-networking-conditions/varying-link-latency/word-count/dataDir/randomText2.txt
2022-09-29 13:24:42,569 INFO:      File has been sent ->  Topic: inTopic; File ID: File: 50
2022-09-29 13:24:42,569 INFO:Message Generated From File use-cases/varying-networking-conditions/varying-link-latency/word-count/dataDir/randomText2.txt
2022-09-29 13:24:42,569 INFO:      File has been sent ->  Topic: inTopic; File ID: File: 51
2022-09-29 13:24:42,569 INFO:Message Generated From File use-cases/varying-networking-conditions/varying-link-latency/word-count/dataDir/randomText2.txt
2022-09-29 13:24:42,569 INFO:      File has been sent ->  Topic: inTopic; File ID: File: 52
2022-09-29 13:24:42,569 INFO:Message Generated From File use-cases/varying-networking-conditions/varying-link-latency/word-count/dataDir/randomText2.txt
2022-09-29 13:24:42,569 INFO:      File has been sent ->  Topic: inTopic; File ID: File: 53
2022-09-29 13:24:42,570 INFO:Message Generated From File use-cases/varying-networking-conditions/varying-link-latency/word-count/dataDir/randomText2.txt
2022-09-29 13:24:42,570 INFO:      File has been sent ->  Topic: inTopic; File ID: File: 54
2022-09-29 13:24:42,570 INFO:Message Generated From File use-cases/varying-networking-conditions/varying-link-latency/word-count/dataDir/randomText2.txt
2022-09-29 13:24:42,570 INFO:      File has been sent ->  Topic: inTopic; File ID: File: 55
2022-09-29 13:24:42,570 INFO:Message Generated From File use-cases/varying-networking-conditions/varying-link-latency/word-count/dataDir/randomText2.txt
2022-09-29 13:24:42,570 INFO:      File has been sent ->  Topic: inTopic; File ID: File: 56
2022-09-29 13:24:42,570 INFO:Message Generated From File use-cases/varying-networking-conditions/varying-link-latency/word-count/dataDir/randomText2.txt
2022-09-29 13:24:42,570 INFO:      File has been sent ->  Topic: inTopic; File ID: File: 57
2022-09-29 13:24:42,571 INFO:Message Generated From File use-cases/varying-networking-conditions/varying-link-latency/word-count/dataDir/randomText2.txt
2022-09-29 13:24:42,571 INFO:      File has been sent ->  Topic: inTopic; File ID: File: 58
2022-09-29 13:24:42,571 INFO:Message Generated From File use-cases/varying-networking-conditions/varying-link-latency/word-count/dataDir/randomText2.txt
2022-09-29 13:24:42,571 INFO:      File has been sent ->  Topic: inTopic; File ID: File: 59
2022-09-29 13:24:42,571 INFO:Message Generated From File use-cases/varying-networking-conditions/varying-link-latency/word-count/dataDir/randomText2.txt
2022-09-29 13:24:42,572 INFO:      File has been sent ->  Topic: inTopic; File ID: File: 60
2022-09-29 13:24:42,572 INFO:Message Generated From File use-cases/varying-networking-conditions/varying-link-latency/word-count/dataDir/randomText2.txt
2022-09-29 13:24:42,572 INFO:      File has been sent ->  Topic: inTopic; File ID: File: 61
2022-09-29 13:24:42,573 INFO:Message Generated From File use-cases/varying-networking-conditions/varying-link-latency/word-count/dataDir/randomText2.txt
2022-09-29 13:24:42,573 INFO:      File has been sent ->  Topic: inTopic; File ID: File: 62
2022-09-29 13:24:42,574 INFO:Message Generated From File use-cases/varying-networking-conditions/varying-link-latency/word-count/dataDir/randomText2.txt
2022-09-29 13:24:42,574 INFO:      File has been sent ->  Topic: inTopic; File ID: File: 63
2022-09-29 13:24:42,574 INFO:Message Generated From File use-cases/varying-networking-conditions/varying-link-latency/word-count/dataDir/randomText2.txt
2022-09-29 13:24:42,574 INFO:      File has been sent ->  Topic: inTopic; File ID: File: 64
2022-09-29 13:24:42,574 INFO:Message Generated From File use-cases/varying-networking-conditions/varying-link-latency/word-count/dataDir/randomText2.txt
2022-09-29 13:24:42,575 INFO:      File has been sent ->  Topic: inTopic; File ID: File: 65
2022-09-29 13:24:42,577 INFO:Message Generated From File use-cases/varying-networking-conditions/varying-link-latency/word-count/dataDir/randomText2.txt
2022-09-29 13:24:42,577 INFO:      File has been sent ->  Topic: inTopic; File ID: File: 66
2022-09-29 13:24:42,578 INFO:Message Generated From File use-cases/varying-networking-conditions/varying-link-latency/word-count/dataDir/randomText2.txt
2022-09-29 13:24:42,578 INFO:      File has been sent ->  Topic: inTopic; File ID: File: 67
2022-09-29 13:24:42,579 INFO:Message Generated From File use-cases/varying-networking-conditions/varying-link-latency/word-count/dataDir/randomText2.txt
2022-09-29 13:24:42,579 INFO:      File has been sent ->  Topic: inTopic; File ID: File: 68
2022-09-29 13:24:42,580 INFO:Message Generated From File use-cases/varying-networking-conditions/varying-link-latency/word-count/dataDir/randomText2.txt
2022-09-29 13:24:42,580 INFO:      File has been sent ->  Topic: inTopic; File ID: File: 69
2022-09-29 13:24:42,582 INFO:Message Generated From File use-cases/varying-networking-conditions/varying-link-latency/word-count/dataDir/randomText2.txt
2022-09-29 13:24:42,582 INFO:      File has been sent ->  Topic: inTopic; File ID: File: 70
2022-09-29 13:24:42,583 INFO:Message Generated From File use-cases/varying-networking-conditions/varying-link-latency/word-count/dataDir/randomText2.txt
2022-09-29 13:24:42,583 INFO:      File has been sent ->  Topic: inTopic; File ID: File: 71
2022-09-29 13:24:42,584 INFO:Message Generated From File use-cases/varying-networking-conditions/varying-link-latency/word-count/dataDir/randomText2.txt
2022-09-29 13:24:42,584 INFO:      File has been sent ->  Topic: inTopic; File ID: File: 72
2022-09-29 13:24:42,586 INFO:Message Generated From File use-cases/varying-networking-conditions/varying-link-latency/word-count/dataDir/randomText2.txt
2022-09-29 13:24:42,586 INFO:      File has been sent ->  Topic: inTopic; File ID: File: 73
2022-09-29 13:24:42,587 INFO:Message Generated From File use-cases/varying-networking-conditions/varying-link-latency/word-count/dataDir/randomText2.txt
2022-09-29 13:24:42,587 INFO:      File has been sent ->  Topic: inTopic; File ID: File: 74
2022-09-29 13:24:42,588 INFO:Message Generated From File use-cases/varying-networking-conditions/varying-link-latency/word-count/dataDir/randomText2.txt
2022-09-29 13:24:42,589 INFO:      File has been sent ->  Topic: inTopic; File ID: File: 75
2022-09-29 13:24:42,590 INFO:Message Generated From File use-cases/varying-networking-conditions/varying-link-latency/word-count/dataDir/randomText2.txt
2022-09-29 13:24:42,590 INFO:      File has been sent ->  Topic: inTopic; File ID: File: 76
2022-09-29 13:24:42,591 INFO:Message Generated From File use-cases/varying-networking-conditions/varying-link-latency/word-count/dataDir/randomText2.txt
2022-09-29 13:24:42,591 INFO:      File has been sent ->  Topic: inTopic; File ID: File: 77
2022-09-29 13:24:42,593 INFO:Message Generated From File use-cases/varying-networking-conditions/varying-link-latency/word-count/dataDir/randomText2.txt
2022-09-29 13:24:42,593 INFO:      File has been sent ->  Topic: inTopic; File ID: File: 78
2022-09-29 13:24:42,594 INFO:Message Generated From File use-cases/varying-networking-conditions/varying-link-latency/word-count/dataDir/randomText2.txt
2022-09-29 13:24:42,594 INFO:      File has been sent ->  Topic: inTopic; File ID: File: 79
2022-09-29 13:24:42,596 INFO:Message Generated From File use-cases/varying-networking-conditions/varying-link-latency/word-count/dataDir/randomText2.txt
2022-09-29 13:24:42,596 INFO:      File has been sent ->  Topic: inTopic; File ID: File: 80
2022-09-29 13:24:42,597 INFO:Message Generated From File use-cases/varying-networking-conditions/varying-link-latency/word-count/dataDir/randomText2.txt
2022-09-29 13:24:42,597 INFO:      File has been sent ->  Topic: inTopic; File ID: File: 81
2022-09-29 13:24:42,598 INFO:Message Generated From File use-cases/varying-networking-conditions/varying-link-latency/word-count/dataDir/randomText2.txt
2022-09-29 13:24:42,598 INFO:      File has been sent ->  Topic: inTopic; File ID: File: 82
2022-09-29 13:24:42,599 INFO:Message Generated From File use-cases/varying-networking-conditions/varying-link-latency/word-count/dataDir/randomText2.txt
2022-09-29 13:24:42,599 INFO:      File has been sent ->  Topic: inTopic; File ID: File: 83
2022-09-29 13:24:42,600 INFO:Message Generated From File use-cases/varying-networking-conditions/varying-link-latency/word-count/dataDir/randomText2.txt
2022-09-29 13:24:42,600 INFO:      File has been sent ->  Topic: inTopic; File ID: File: 84
2022-09-29 13:24:42,601 INFO:Message Generated From File use-cases/varying-networking-conditions/varying-link-latency/word-count/dataDir/randomText2.txt
2022-09-29 13:24:42,601 INFO:      File has been sent ->  Topic: inTopic; File ID: File: 85
2022-09-29 13:24:42,602 INFO:Message Generated From File use-cases/varying-networking-conditions/varying-link-latency/word-count/dataDir/randomText2.txt
2022-09-29 13:24:42,602 INFO:      File has been sent ->  Topic: inTopic; File ID: File: 86
2022-09-29 13:24:42,603 INFO:Message Generated From File use-cases/varying-networking-conditions/varying-link-latency/word-count/dataDir/randomText2.txt
2022-09-29 13:24:42,603 INFO:      File has been sent ->  Topic: inTopic; File ID: File: 87
2022-09-29 13:24:42,604 INFO:Message Generated From File use-cases/varying-networking-conditions/varying-link-latency/word-count/dataDir/randomText2.txt
2022-09-29 13:24:42,604 INFO:      File has been sent ->  Topic: inTopic; File ID: File: 88
2022-09-29 13:24:42,605 INFO:Message Generated From File use-cases/varying-networking-conditions/varying-link-latency/word-count/dataDir/randomText2.txt
2022-09-29 13:24:42,605 INFO:      File has been sent ->  Topic: inTopic; File ID: File: 89
2022-09-29 13:24:42,605 INFO:Message Generated From File use-cases/varying-networking-conditions/varying-link-latency/word-count/dataDir/randomText2.txt
2022-09-29 13:24:42,605 INFO:      File has been sent ->  Topic: inTopic; File ID: File: 90
2022-09-29 13:24:42,606 INFO:Message Generated From File use-cases/varying-networking-conditions/varying-link-latency/word-count/dataDir/randomText2.txt
2022-09-29 13:24:42,606 INFO:      File has been sent ->  Topic: inTopic; File ID: File: 91
2022-09-29 13:24:42,606 INFO:Message Generated From File use-cases/varying-networking-conditions/varying-link-latency/word-count/dataDir/randomText2.txt
2022-09-29 13:24:42,606 INFO:      File has been sent ->  Topic: inTopic; File ID: File: 92
2022-09-29 13:24:42,606 INFO:Message Generated From File use-cases/varying-networking-conditions/varying-link-latency/word-count/dataDir/randomText2.txt
2022-09-29 13:24:42,606 INFO:      File has been sent ->  Topic: inTopic; File ID: File: 93
2022-09-29 13:24:42,606 INFO:Message Generated From File use-cases/varying-networking-conditions/varying-link-latency/word-count/dataDir/randomText2.txt
2022-09-29 13:24:42,606 INFO:      File has been sent ->  Topic: inTopic; File ID: File: 94
2022-09-29 13:24:42,606 INFO:Message Generated From File use-cases/varying-networking-conditions/varying-link-latency/word-count/dataDir/randomText2.txt
2022-09-29 13:24:42,606 INFO:      File has been sent ->  Topic: inTopic; File ID: File: 95
2022-09-29 13:24:42,606 INFO:Message Generated From File use-cases/varying-networking-conditions/varying-link-latency/word-count/dataDir/randomText2.txt
2022-09-29 13:24:42,607 INFO:      File has been sent ->  Topic: inTopic; File ID: File: 96
2022-09-29 13:24:42,608 INFO:Message Generated From File use-cases/varying-networking-conditions/varying-link-latency/word-count/dataDir/randomText2.txt
2022-09-29 13:24:42,608 INFO:      File has been sent ->  Topic: inTopic; File ID: File: 97
2022-09-29 13:24:42,609 INFO:Message Generated From File use-cases/varying-networking-conditions/varying-link-latency/word-count/dataDir/randomText2.txt
2022-09-29 13:24:42,609 INFO:      File has been sent ->  Topic: inTopic; File ID: File: 98
2022-09-29 13:24:42,610 INFO:Message Generated From File use-cases/varying-networking-conditions/varying-link-latency/word-count/dataDir/randomText2.txt
2022-09-29 13:24:42,610 INFO:      File has been sent ->  Topic: inTopic; File ID: File: 99
2022-09-29 13:24:42,610 INFO:Message Generated From File use-cases/varying-networking-conditions/varying-link-latency/word-count/dataDir/randomText2.txt
2022-09-29 13:24:42,610 INFO:      File has been sent ->  Topic: inTopic; File ID: File: 100
