2022-09-28 10:40:53,155 INFO:node to initiate producer: 1
2022-09-28 10:40:53,155 INFO:topic name: inTopic
2022-09-28 10:40:53,155 INFO:topic broker: 2
2022-09-28 10:40:53,155 INFO:**Configuring KafkaProducer** bootstrap_servers=10.0.0.2:9092 acks=1 compression_type=None batch_size=16384 linger_ms=0 request_timeout_ms=30000
2022-09-28 10:40:53,157 INFO:<BrokerConnection node_id=bootstrap-0 host=10.0.0.2:9092 <connecting> [IPv4 ('10.0.0.2', 9092)]>: connecting to 10.0.0.2:9092 [('10.0.0.2', 9092) IPv4]
2022-09-28 10:40:53,157 INFO:Probing node bootstrap-0 broker version
2022-09-28 10:40:53,161 INFO:<BrokerConnection node_id=bootstrap-0 host=10.0.0.2:9092 <connecting> [IPv4 ('10.0.0.2', 9092)]>: Connection complete.
2022-09-28 10:40:53,270 INFO:Broker version identified as 2.5.0
2022-09-28 10:40:53,271 INFO:Set configuration api_version=(2, 5, 0) to skip auto check_version requests on startup
2022-09-28 10:40:53,274 INFO:Message Generated From File use-cases/varying-networking-conditions/varying-link-latency/word-count/dataDir/randomText2.txt
2022-09-28 10:40:53,274 INFO:      File has been sent ->  Topic: inTopic; File ID: File: 1
2022-09-28 10:40:53,282 INFO:<BrokerConnection node_id=2 host=10.0.0.2:9092 <connecting> [IPv4 ('10.0.0.2', 9092)]>: connecting to 10.0.0.2:9092 [('10.0.0.2', 9092) IPv4]
2022-09-28 10:40:53,283 INFO:Message Generated From File use-cases/varying-networking-conditions/varying-link-latency/word-count/dataDir/randomText2.txt
2022-09-28 10:40:53,283 INFO:      File has been sent ->  Topic: inTopic; File ID: File: 2
2022-09-28 10:40:53,283 INFO:Message Generated From File use-cases/varying-networking-conditions/varying-link-latency/word-count/dataDir/randomText2.txt
2022-09-28 10:40:53,283 INFO:      File has been sent ->  Topic: inTopic; File ID: File: 3
2022-09-28 10:40:53,284 INFO:Message Generated From File use-cases/varying-networking-conditions/varying-link-latency/word-count/dataDir/randomText2.txt
2022-09-28 10:40:53,284 INFO:      File has been sent ->  Topic: inTopic; File ID: File: 4
2022-09-28 10:40:53,284 INFO:Message Generated From File use-cases/varying-networking-conditions/varying-link-latency/word-count/dataDir/randomText2.txt
2022-09-28 10:40:53,284 INFO:      File has been sent ->  Topic: inTopic; File ID: File: 5
2022-09-28 10:40:53,284 INFO:Message Generated From File use-cases/varying-networking-conditions/varying-link-latency/word-count/dataDir/randomText2.txt
2022-09-28 10:40:53,284 INFO:      File has been sent ->  Topic: inTopic; File ID: File: 6
2022-09-28 10:40:53,284 INFO:Message Generated From File use-cases/varying-networking-conditions/varying-link-latency/word-count/dataDir/randomText2.txt
2022-09-28 10:40:53,284 INFO:      File has been sent ->  Topic: inTopic; File ID: File: 7
2022-09-28 10:40:53,285 INFO:Message Generated From File use-cases/varying-networking-conditions/varying-link-latency/word-count/dataDir/randomText2.txt
2022-09-28 10:40:53,285 INFO:      File has been sent ->  Topic: inTopic; File ID: File: 8
2022-09-28 10:40:53,285 INFO:Message Generated From File use-cases/varying-networking-conditions/varying-link-latency/word-count/dataDir/randomText2.txt
2022-09-28 10:40:53,285 INFO:      File has been sent ->  Topic: inTopic; File ID: File: 9
2022-09-28 10:40:53,285 INFO:Message Generated From File use-cases/varying-networking-conditions/varying-link-latency/word-count/dataDir/randomText2.txt
2022-09-28 10:40:53,285 INFO:      File has been sent ->  Topic: inTopic; File ID: File: 10
2022-09-28 10:40:53,285 INFO:Message Generated From File use-cases/varying-networking-conditions/varying-link-latency/word-count/dataDir/randomText2.txt
2022-09-28 10:40:53,285 INFO:      File has been sent ->  Topic: inTopic; File ID: File: 11
2022-09-28 10:40:53,286 INFO:Message Generated From File use-cases/varying-networking-conditions/varying-link-latency/word-count/dataDir/randomText2.txt
2022-09-28 10:40:53,286 INFO:      File has been sent ->  Topic: inTopic; File ID: File: 12
2022-09-28 10:40:53,286 INFO:Message Generated From File use-cases/varying-networking-conditions/varying-link-latency/word-count/dataDir/randomText2.txt
2022-09-28 10:40:53,286 INFO:      File has been sent ->  Topic: inTopic; File ID: File: 13
2022-09-28 10:40:53,286 INFO:Message Generated From File use-cases/varying-networking-conditions/varying-link-latency/word-count/dataDir/randomText2.txt
2022-09-28 10:40:53,286 INFO:      File has been sent ->  Topic: inTopic; File ID: File: 14
2022-09-28 10:40:53,286 INFO:Message Generated From File use-cases/varying-networking-conditions/varying-link-latency/word-count/dataDir/randomText2.txt
2022-09-28 10:40:53,286 INFO:      File has been sent ->  Topic: inTopic; File ID: File: 15
2022-09-28 10:40:53,287 INFO:Message Generated From File use-cases/varying-networking-conditions/varying-link-latency/word-count/dataDir/randomText2.txt
2022-09-28 10:40:53,287 INFO:      File has been sent ->  Topic: inTopic; File ID: File: 16
2022-09-28 10:40:53,287 INFO:<BrokerConnection node_id=2 host=10.0.0.2:9092 <connecting> [IPv4 ('10.0.0.2', 9092)]>: Connection complete.
2022-09-28 10:40:53,287 INFO:<BrokerConnection node_id=bootstrap-0 host=10.0.0.2:9092 <connected> [IPv4 ('10.0.0.2', 9092)]>: Closing connection. 
2022-09-28 10:40:53,287 INFO:Message Generated From File use-cases/varying-networking-conditions/varying-link-latency/word-count/dataDir/randomText2.txt
2022-09-28 10:40:53,288 INFO:      File has been sent ->  Topic: inTopic; File ID: File: 17
2022-09-28 10:40:53,289 INFO:Message Generated From File use-cases/varying-networking-conditions/varying-link-latency/word-count/dataDir/randomText2.txt
2022-09-28 10:40:53,289 INFO:      File has been sent ->  Topic: inTopic; File ID: File: 18
2022-09-28 10:40:53,290 INFO:Message Generated From File use-cases/varying-networking-conditions/varying-link-latency/word-count/dataDir/randomText2.txt
2022-09-28 10:40:53,290 INFO:      File has been sent ->  Topic: inTopic; File ID: File: 19
2022-09-28 10:40:53,292 INFO:Message Generated From File use-cases/varying-networking-conditions/varying-link-latency/word-count/dataDir/randomText2.txt
2022-09-28 10:40:53,292 INFO:      File has been sent ->  Topic: inTopic; File ID: File: 20
2022-09-28 10:40:53,293 INFO:Message Generated From File use-cases/varying-networking-conditions/varying-link-latency/word-count/dataDir/randomText2.txt
2022-09-28 10:40:53,293 INFO:      File has been sent ->  Topic: inTopic; File ID: File: 21
2022-09-28 10:40:53,294 INFO:Message Generated From File use-cases/varying-networking-conditions/varying-link-latency/word-count/dataDir/randomText2.txt
2022-09-28 10:40:53,294 INFO:      File has been sent ->  Topic: inTopic; File ID: File: 22
2022-09-28 10:40:53,294 INFO:Message Generated From File use-cases/varying-networking-conditions/varying-link-latency/word-count/dataDir/randomText2.txt
2022-09-28 10:40:53,294 INFO:      File has been sent ->  Topic: inTopic; File ID: File: 23
2022-09-28 10:40:53,295 INFO:Message Generated From File use-cases/varying-networking-conditions/varying-link-latency/word-count/dataDir/randomText2.txt
2022-09-28 10:40:53,295 INFO:      File has been sent ->  Topic: inTopic; File ID: File: 24
2022-09-28 10:40:53,295 INFO:Message Generated From File use-cases/varying-networking-conditions/varying-link-latency/word-count/dataDir/randomText2.txt
2022-09-28 10:40:53,295 INFO:      File has been sent ->  Topic: inTopic; File ID: File: 25
2022-09-28 10:40:53,295 INFO:Message Generated From File use-cases/varying-networking-conditions/varying-link-latency/word-count/dataDir/randomText2.txt
2022-09-28 10:40:53,295 INFO:      File has been sent ->  Topic: inTopic; File ID: File: 26
2022-09-28 10:40:53,296 INFO:Message Generated From File use-cases/varying-networking-conditions/varying-link-latency/word-count/dataDir/randomText2.txt
2022-09-28 10:40:53,296 INFO:      File has been sent ->  Topic: inTopic; File ID: File: 27
2022-09-28 10:40:53,296 INFO:Message Generated From File use-cases/varying-networking-conditions/varying-link-latency/word-count/dataDir/randomText2.txt
2022-09-28 10:40:53,296 INFO:      File has been sent ->  Topic: inTopic; File ID: File: 28
2022-09-28 10:40:53,296 INFO:Message Generated From File use-cases/varying-networking-conditions/varying-link-latency/word-count/dataDir/randomText2.txt
2022-09-28 10:40:53,297 INFO:      File has been sent ->  Topic: inTopic; File ID: File: 29
2022-09-28 10:40:53,297 INFO:Message Generated From File use-cases/varying-networking-conditions/varying-link-latency/word-count/dataDir/randomText2.txt
2022-09-28 10:40:53,297 INFO:      File has been sent ->  Topic: inTopic; File ID: File: 30
2022-09-28 10:40:53,297 INFO:Message Generated From File use-cases/varying-networking-conditions/varying-link-latency/word-count/dataDir/randomText2.txt
2022-09-28 10:40:53,297 INFO:      File has been sent ->  Topic: inTopic; File ID: File: 31
2022-09-28 10:40:53,297 INFO:Message Generated From File use-cases/varying-networking-conditions/varying-link-latency/word-count/dataDir/randomText2.txt
2022-09-28 10:40:53,298 INFO:      File has been sent ->  Topic: inTopic; File ID: File: 32
2022-09-28 10:40:53,298 INFO:Message Generated From File use-cases/varying-networking-conditions/varying-link-latency/word-count/dataDir/randomText2.txt
2022-09-28 10:40:53,298 INFO:      File has been sent ->  Topic: inTopic; File ID: File: 33
2022-09-28 10:40:53,298 INFO:Message Generated From File use-cases/varying-networking-conditions/varying-link-latency/word-count/dataDir/randomText2.txt
2022-09-28 10:40:53,298 INFO:      File has been sent ->  Topic: inTopic; File ID: File: 34
2022-09-28 10:40:53,298 INFO:Message Generated From File use-cases/varying-networking-conditions/varying-link-latency/word-count/dataDir/randomText2.txt
2022-09-28 10:40:53,298 INFO:      File has been sent ->  Topic: inTopic; File ID: File: 35
2022-09-28 10:40:53,299 INFO:Message Generated From File use-cases/varying-networking-conditions/varying-link-latency/word-count/dataDir/randomText2.txt
2022-09-28 10:40:53,299 INFO:      File has been sent ->  Topic: inTopic; File ID: File: 36
2022-09-28 10:40:53,299 INFO:Message Generated From File use-cases/varying-networking-conditions/varying-link-latency/word-count/dataDir/randomText2.txt
2022-09-28 10:40:53,299 INFO:      File has been sent ->  Topic: inTopic; File ID: File: 37
2022-09-28 10:40:53,299 INFO:Message Generated From File use-cases/varying-networking-conditions/varying-link-latency/word-count/dataDir/randomText2.txt
2022-09-28 10:40:53,299 INFO:      File has been sent ->  Topic: inTopic; File ID: File: 38
2022-09-28 10:40:53,299 INFO:Message Generated From File use-cases/varying-networking-conditions/varying-link-latency/word-count/dataDir/randomText2.txt
2022-09-28 10:40:53,299 INFO:      File has been sent ->  Topic: inTopic; File ID: File: 39
2022-09-28 10:40:53,300 INFO:Message Generated From File use-cases/varying-networking-conditions/varying-link-latency/word-count/dataDir/randomText2.txt
2022-09-28 10:40:53,300 INFO:      File has been sent ->  Topic: inTopic; File ID: File: 40
2022-09-28 10:40:53,300 INFO:Message Generated From File use-cases/varying-networking-conditions/varying-link-latency/word-count/dataDir/randomText2.txt
2022-09-28 10:40:53,300 INFO:      File has been sent ->  Topic: inTopic; File ID: File: 41
2022-09-28 10:40:53,300 INFO:Message Generated From File use-cases/varying-networking-conditions/varying-link-latency/word-count/dataDir/randomText2.txt
2022-09-28 10:40:53,300 INFO:      File has been sent ->  Topic: inTopic; File ID: File: 42
2022-09-28 10:40:53,300 INFO:Message Generated From File use-cases/varying-networking-conditions/varying-link-latency/word-count/dataDir/randomText2.txt
2022-09-28 10:40:53,300 INFO:      File has been sent ->  Topic: inTopic; File ID: File: 43
2022-09-28 10:40:53,301 INFO:Message Generated From File use-cases/varying-networking-conditions/varying-link-latency/word-count/dataDir/randomText2.txt
2022-09-28 10:40:53,301 INFO:      File has been sent ->  Topic: inTopic; File ID: File: 44
2022-09-28 10:40:53,301 INFO:Message Generated From File use-cases/varying-networking-conditions/varying-link-latency/word-count/dataDir/randomText2.txt
2022-09-28 10:40:53,301 INFO:      File has been sent ->  Topic: inTopic; File ID: File: 45
2022-09-28 10:40:53,301 INFO:Message Generated From File use-cases/varying-networking-conditions/varying-link-latency/word-count/dataDir/randomText2.txt
2022-09-28 10:40:53,301 INFO:      File has been sent ->  Topic: inTopic; File ID: File: 46
2022-09-28 10:40:53,301 INFO:Message Generated From File use-cases/varying-networking-conditions/varying-link-latency/word-count/dataDir/randomText2.txt
2022-09-28 10:40:53,301 INFO:      File has been sent ->  Topic: inTopic; File ID: File: 47
2022-09-28 10:40:53,302 INFO:Message Generated From File use-cases/varying-networking-conditions/varying-link-latency/word-count/dataDir/randomText2.txt
2022-09-28 10:40:53,302 INFO:      File has been sent ->  Topic: inTopic; File ID: File: 48
2022-09-28 10:40:53,302 INFO:Message Generated From File use-cases/varying-networking-conditions/varying-link-latency/word-count/dataDir/randomText2.txt
2022-09-28 10:40:53,302 INFO:      File has been sent ->  Topic: inTopic; File ID: File: 49
2022-09-28 10:40:53,302 INFO:Message Generated From File use-cases/varying-networking-conditions/varying-link-latency/word-count/dataDir/randomText2.txt
2022-09-28 10:40:53,302 INFO:      File has been sent ->  Topic: inTopic; File ID: File: 50
2022-09-28 10:40:53,302 INFO:Message Generated From File use-cases/varying-networking-conditions/varying-link-latency/word-count/dataDir/randomText2.txt
2022-09-28 10:40:53,302 INFO:      File has been sent ->  Topic: inTopic; File ID: File: 51
2022-09-28 10:40:53,302 INFO:Message Generated From File use-cases/varying-networking-conditions/varying-link-latency/word-count/dataDir/randomText2.txt
2022-09-28 10:40:53,302 INFO:      File has been sent ->  Topic: inTopic; File ID: File: 52
2022-09-28 10:40:53,303 INFO:Message Generated From File use-cases/varying-networking-conditions/varying-link-latency/word-count/dataDir/randomText2.txt
2022-09-28 10:40:53,303 INFO:      File has been sent ->  Topic: inTopic; File ID: File: 53
2022-09-28 10:40:53,303 INFO:Message Generated From File use-cases/varying-networking-conditions/varying-link-latency/word-count/dataDir/randomText2.txt
2022-09-28 10:40:53,303 INFO:      File has been sent ->  Topic: inTopic; File ID: File: 54
2022-09-28 10:40:53,303 INFO:Message Generated From File use-cases/varying-networking-conditions/varying-link-latency/word-count/dataDir/randomText2.txt
2022-09-28 10:40:53,303 INFO:      File has been sent ->  Topic: inTopic; File ID: File: 55
2022-09-28 10:40:53,303 INFO:Message Generated From File use-cases/varying-networking-conditions/varying-link-latency/word-count/dataDir/randomText2.txt
2022-09-28 10:40:53,303 INFO:      File has been sent ->  Topic: inTopic; File ID: File: 56
2022-09-28 10:40:53,304 INFO:Message Generated From File use-cases/varying-networking-conditions/varying-link-latency/word-count/dataDir/randomText2.txt
2022-09-28 10:40:53,304 INFO:      File has been sent ->  Topic: inTopic; File ID: File: 57
2022-09-28 10:40:53,304 INFO:Message Generated From File use-cases/varying-networking-conditions/varying-link-latency/word-count/dataDir/randomText2.txt
2022-09-28 10:40:53,304 INFO:      File has been sent ->  Topic: inTopic; File ID: File: 58
2022-09-28 10:40:53,304 INFO:Message Generated From File use-cases/varying-networking-conditions/varying-link-latency/word-count/dataDir/randomText2.txt
2022-09-28 10:40:53,304 INFO:      File has been sent ->  Topic: inTopic; File ID: File: 59
2022-09-28 10:40:53,304 INFO:Message Generated From File use-cases/varying-networking-conditions/varying-link-latency/word-count/dataDir/randomText2.txt
2022-09-28 10:40:53,304 INFO:      File has been sent ->  Topic: inTopic; File ID: File: 60
2022-09-28 10:40:53,304 INFO:Message Generated From File use-cases/varying-networking-conditions/varying-link-latency/word-count/dataDir/randomText2.txt
2022-09-28 10:40:53,304 INFO:      File has been sent ->  Topic: inTopic; File ID: File: 61
2022-09-28 10:40:53,304 INFO:Message Generated From File use-cases/varying-networking-conditions/varying-link-latency/word-count/dataDir/randomText2.txt
2022-09-28 10:40:53,304 INFO:      File has been sent ->  Topic: inTopic; File ID: File: 62
2022-09-28 10:40:53,305 INFO:Message Generated From File use-cases/varying-networking-conditions/varying-link-latency/word-count/dataDir/randomText2.txt
2022-09-28 10:40:53,305 INFO:      File has been sent ->  Topic: inTopic; File ID: File: 63
2022-09-28 10:40:53,305 INFO:Message Generated From File use-cases/varying-networking-conditions/varying-link-latency/word-count/dataDir/randomText2.txt
2022-09-28 10:40:53,305 INFO:      File has been sent ->  Topic: inTopic; File ID: File: 64
2022-09-28 10:40:53,305 INFO:Message Generated From File use-cases/varying-networking-conditions/varying-link-latency/word-count/dataDir/randomText2.txt
2022-09-28 10:40:53,305 INFO:      File has been sent ->  Topic: inTopic; File ID: File: 65
2022-09-28 10:40:53,305 INFO:Message Generated From File use-cases/varying-networking-conditions/varying-link-latency/word-count/dataDir/randomText2.txt
2022-09-28 10:40:53,305 INFO:      File has been sent ->  Topic: inTopic; File ID: File: 66
2022-09-28 10:40:53,305 INFO:Message Generated From File use-cases/varying-networking-conditions/varying-link-latency/word-count/dataDir/randomText2.txt
2022-09-28 10:40:53,306 INFO:      File has been sent ->  Topic: inTopic; File ID: File: 67
2022-09-28 10:40:53,308 INFO:Message Generated From File use-cases/varying-networking-conditions/varying-link-latency/word-count/dataDir/randomText2.txt
2022-09-28 10:40:53,308 INFO:      File has been sent ->  Topic: inTopic; File ID: File: 68
2022-09-28 10:40:53,309 INFO:Message Generated From File use-cases/varying-networking-conditions/varying-link-latency/word-count/dataDir/randomText2.txt
2022-09-28 10:40:53,310 INFO:      File has been sent ->  Topic: inTopic; File ID: File: 69
2022-09-28 10:40:53,311 INFO:Message Generated From File use-cases/varying-networking-conditions/varying-link-latency/word-count/dataDir/randomText2.txt
2022-09-28 10:40:53,311 INFO:      File has been sent ->  Topic: inTopic; File ID: File: 70
2022-09-28 10:40:53,312 INFO:Message Generated From File use-cases/varying-networking-conditions/varying-link-latency/word-count/dataDir/randomText2.txt
2022-09-28 10:40:53,312 INFO:      File has been sent ->  Topic: inTopic; File ID: File: 71
2022-09-28 10:40:53,312 INFO:Message Generated From File use-cases/varying-networking-conditions/varying-link-latency/word-count/dataDir/randomText2.txt
2022-09-28 10:40:53,312 INFO:      File has been sent ->  Topic: inTopic; File ID: File: 72
2022-09-28 10:40:53,314 INFO:Message Generated From File use-cases/varying-networking-conditions/varying-link-latency/word-count/dataDir/randomText2.txt
2022-09-28 10:40:53,314 INFO:      File has been sent ->  Topic: inTopic; File ID: File: 73
2022-09-28 10:40:53,315 INFO:Message Generated From File use-cases/varying-networking-conditions/varying-link-latency/word-count/dataDir/randomText2.txt
2022-09-28 10:40:53,315 INFO:      File has been sent ->  Topic: inTopic; File ID: File: 74
2022-09-28 10:40:53,315 INFO:Message Generated From File use-cases/varying-networking-conditions/varying-link-latency/word-count/dataDir/randomText2.txt
2022-09-28 10:40:53,315 INFO:      File has been sent ->  Topic: inTopic; File ID: File: 75
2022-09-28 10:40:53,315 INFO:Message Generated From File use-cases/varying-networking-conditions/varying-link-latency/word-count/dataDir/randomText2.txt
2022-09-28 10:40:53,315 INFO:      File has been sent ->  Topic: inTopic; File ID: File: 76
2022-09-28 10:40:53,315 INFO:Message Generated From File use-cases/varying-networking-conditions/varying-link-latency/word-count/dataDir/randomText2.txt
2022-09-28 10:40:53,315 INFO:      File has been sent ->  Topic: inTopic; File ID: File: 77
2022-09-28 10:40:53,317 INFO:Message Generated From File use-cases/varying-networking-conditions/varying-link-latency/word-count/dataDir/randomText2.txt
2022-09-28 10:40:53,317 INFO:      File has been sent ->  Topic: inTopic; File ID: File: 78
2022-09-28 10:40:53,317 INFO:Message Generated From File use-cases/varying-networking-conditions/varying-link-latency/word-count/dataDir/randomText2.txt
2022-09-28 10:40:53,317 INFO:      File has been sent ->  Topic: inTopic; File ID: File: 79
2022-09-28 10:40:53,317 INFO:Message Generated From File use-cases/varying-networking-conditions/varying-link-latency/word-count/dataDir/randomText2.txt
2022-09-28 10:40:53,317 INFO:      File has been sent ->  Topic: inTopic; File ID: File: 80
2022-09-28 10:40:53,317 INFO:Message Generated From File use-cases/varying-networking-conditions/varying-link-latency/word-count/dataDir/randomText2.txt
2022-09-28 10:40:53,317 INFO:      File has been sent ->  Topic: inTopic; File ID: File: 81
2022-09-28 10:40:53,318 INFO:Message Generated From File use-cases/varying-networking-conditions/varying-link-latency/word-count/dataDir/randomText2.txt
2022-09-28 10:40:53,318 INFO:      File has been sent ->  Topic: inTopic; File ID: File: 82
2022-09-28 10:40:53,318 INFO:Message Generated From File use-cases/varying-networking-conditions/varying-link-latency/word-count/dataDir/randomText2.txt
2022-09-28 10:40:53,318 INFO:      File has been sent ->  Topic: inTopic; File ID: File: 83
2022-09-28 10:40:53,319 INFO:Message Generated From File use-cases/varying-networking-conditions/varying-link-latency/word-count/dataDir/randomText2.txt
2022-09-28 10:40:53,319 INFO:      File has been sent ->  Topic: inTopic; File ID: File: 84
2022-09-28 10:40:53,320 INFO:Message Generated From File use-cases/varying-networking-conditions/varying-link-latency/word-count/dataDir/randomText2.txt
2022-09-28 10:40:53,320 INFO:      File has been sent ->  Topic: inTopic; File ID: File: 85
2022-09-28 10:40:53,320 INFO:Message Generated From File use-cases/varying-networking-conditions/varying-link-latency/word-count/dataDir/randomText2.txt
2022-09-28 10:40:53,320 INFO:      File has been sent ->  Topic: inTopic; File ID: File: 86
2022-09-28 10:40:53,321 INFO:Message Generated From File use-cases/varying-networking-conditions/varying-link-latency/word-count/dataDir/randomText2.txt
2022-09-28 10:40:53,321 INFO:      File has been sent ->  Topic: inTopic; File ID: File: 87
2022-09-28 10:40:53,321 INFO:Message Generated From File use-cases/varying-networking-conditions/varying-link-latency/word-count/dataDir/randomText2.txt
2022-09-28 10:40:53,322 INFO:      File has been sent ->  Topic: inTopic; File ID: File: 88
2022-09-28 10:40:53,322 INFO:Message Generated From File use-cases/varying-networking-conditions/varying-link-latency/word-count/dataDir/randomText2.txt
2022-09-28 10:40:53,322 INFO:      File has been sent ->  Topic: inTopic; File ID: File: 89
2022-09-28 10:40:53,322 INFO:Message Generated From File use-cases/varying-networking-conditions/varying-link-latency/word-count/dataDir/randomText2.txt
2022-09-28 10:40:53,322 INFO:      File has been sent ->  Topic: inTopic; File ID: File: 90
2022-09-28 10:40:53,322 INFO:Message Generated From File use-cases/varying-networking-conditions/varying-link-latency/word-count/dataDir/randomText2.txt
2022-09-28 10:40:53,322 INFO:      File has been sent ->  Topic: inTopic; File ID: File: 91
2022-09-28 10:40:53,322 INFO:Message Generated From File use-cases/varying-networking-conditions/varying-link-latency/word-count/dataDir/randomText2.txt
2022-09-28 10:40:53,323 INFO:      File has been sent ->  Topic: inTopic; File ID: File: 92
2022-09-28 10:40:53,323 INFO:Message Generated From File use-cases/varying-networking-conditions/varying-link-latency/word-count/dataDir/randomText2.txt
2022-09-28 10:40:53,323 INFO:      File has been sent ->  Topic: inTopic; File ID: File: 93
2022-09-28 10:40:53,323 INFO:Message Generated From File use-cases/varying-networking-conditions/varying-link-latency/word-count/dataDir/randomText2.txt
2022-09-28 10:40:53,323 INFO:      File has been sent ->  Topic: inTopic; File ID: File: 94
2022-09-28 10:40:53,323 INFO:Message Generated From File use-cases/varying-networking-conditions/varying-link-latency/word-count/dataDir/randomText2.txt
2022-09-28 10:40:53,323 INFO:      File has been sent ->  Topic: inTopic; File ID: File: 95
2022-09-28 10:40:53,323 INFO:Message Generated From File use-cases/varying-networking-conditions/varying-link-latency/word-count/dataDir/randomText2.txt
2022-09-28 10:40:53,323 INFO:      File has been sent ->  Topic: inTopic; File ID: File: 96
2022-09-28 10:40:53,323 INFO:Message Generated From File use-cases/varying-networking-conditions/varying-link-latency/word-count/dataDir/randomText2.txt
2022-09-28 10:40:53,323 INFO:      File has been sent ->  Topic: inTopic; File ID: File: 97
2022-09-28 10:40:53,324 INFO:Message Generated From File use-cases/varying-networking-conditions/varying-link-latency/word-count/dataDir/randomText2.txt
2022-09-28 10:40:53,324 INFO:      File has been sent ->  Topic: inTopic; File ID: File: 98
2022-09-28 10:40:53,324 INFO:Message Generated From File use-cases/varying-networking-conditions/varying-link-latency/word-count/dataDir/randomText2.txt
2022-09-28 10:40:53,324 INFO:      File has been sent ->  Topic: inTopic; File ID: File: 99
2022-09-28 10:40:53,324 INFO:Message Generated From File use-cases/varying-networking-conditions/varying-link-latency/word-count/dataDir/randomText2.txt
2022-09-28 10:40:53,324 INFO:      File has been sent ->  Topic: inTopic; File ID: File: 100
