2022-10-03 14:06:44,188 INFO:node to initiate producer: 1
2022-10-03 14:06:44,189 INFO:topic name: inTopic
2022-10-03 14:06:44,189 INFO:topic broker: 2
2022-10-03 14:06:44,189 INFO:**Configuring KafkaProducer** bootstrap_servers=10.0.0.2:9092 acks=1 compression_type=None batch_size=16384 linger_ms=0 request_timeout_ms=30000
2022-10-03 14:06:44,191 INFO:<BrokerConnection node_id=bootstrap-0 host=10.0.0.2:9092 <connecting> [IPv4 ('10.0.0.2', 9092)]>: connecting to 10.0.0.2:9092 [('10.0.0.2', 9092) IPv4]
2022-10-03 14:06:44,191 INFO:Probing node bootstrap-0 broker version
2022-10-03 14:06:44,195 INFO:<BrokerConnection node_id=bootstrap-0 host=10.0.0.2:9092 <connecting> [IPv4 ('10.0.0.2', 9092)]>: Connection complete.
2022-10-03 14:06:44,306 INFO:Broker version identified as 2.5.0
2022-10-03 14:06:44,306 INFO:Set configuration api_version=(2, 5, 0) to skip auto check_version requests on startup
2022-10-03 14:06:44,308 INFO:Message Generated From File use-cases/varying-networking-conditions/varying-link-latency/word-count/dataDir/randomText2.txt
2022-10-03 14:06:44,308 INFO:      File has been sent ->  Topic: inTopic; File ID: File: 1
2022-10-03 14:06:44,317 INFO:<BrokerConnection node_id=2 host=10.0.0.2:9092 <connecting> [IPv4 ('10.0.0.2', 9092)]>: connecting to 10.0.0.2:9092 [('10.0.0.2', 9092) IPv4]
2022-10-03 14:06:44,317 INFO:Message Generated From File use-cases/varying-networking-conditions/varying-link-latency/word-count/dataDir/randomText2.txt
2022-10-03 14:06:44,318 INFO:      File has been sent ->  Topic: inTopic; File ID: File: 2
2022-10-03 14:06:44,318 INFO:Message Generated From File use-cases/varying-networking-conditions/varying-link-latency/word-count/dataDir/randomText2.txt
2022-10-03 14:06:44,318 INFO:      File has been sent ->  Topic: inTopic; File ID: File: 3
2022-10-03 14:06:44,318 INFO:Message Generated From File use-cases/varying-networking-conditions/varying-link-latency/word-count/dataDir/randomText2.txt
2022-10-03 14:06:44,318 INFO:      File has been sent ->  Topic: inTopic; File ID: File: 4
2022-10-03 14:06:44,319 INFO:Message Generated From File use-cases/varying-networking-conditions/varying-link-latency/word-count/dataDir/randomText2.txt
2022-10-03 14:06:44,319 INFO:      File has been sent ->  Topic: inTopic; File ID: File: 5
2022-10-03 14:06:44,319 INFO:Message Generated From File use-cases/varying-networking-conditions/varying-link-latency/word-count/dataDir/randomText2.txt
2022-10-03 14:06:44,319 INFO:      File has been sent ->  Topic: inTopic; File ID: File: 6
2022-10-03 14:06:44,319 INFO:Message Generated From File use-cases/varying-networking-conditions/varying-link-latency/word-count/dataDir/randomText2.txt
2022-10-03 14:06:44,319 INFO:      File has been sent ->  Topic: inTopic; File ID: File: 7
2022-10-03 14:06:44,320 INFO:Message Generated From File use-cases/varying-networking-conditions/varying-link-latency/word-count/dataDir/randomText2.txt
2022-10-03 14:06:44,320 INFO:      File has been sent ->  Topic: inTopic; File ID: File: 8
2022-10-03 14:06:44,320 INFO:Message Generated From File use-cases/varying-networking-conditions/varying-link-latency/word-count/dataDir/randomText2.txt
2022-10-03 14:06:44,320 INFO:      File has been sent ->  Topic: inTopic; File ID: File: 9
2022-10-03 14:06:44,320 INFO:Message Generated From File use-cases/varying-networking-conditions/varying-link-latency/word-count/dataDir/randomText2.txt
2022-10-03 14:06:44,320 INFO:      File has been sent ->  Topic: inTopic; File ID: File: 10
2022-10-03 14:06:44,321 INFO:Message Generated From File use-cases/varying-networking-conditions/varying-link-latency/word-count/dataDir/randomText2.txt
2022-10-03 14:06:44,321 INFO:      File has been sent ->  Topic: inTopic; File ID: File: 11
2022-10-03 14:06:44,321 INFO:Message Generated From File use-cases/varying-networking-conditions/varying-link-latency/word-count/dataDir/randomText2.txt
2022-10-03 14:06:44,321 INFO:      File has been sent ->  Topic: inTopic; File ID: File: 12
2022-10-03 14:06:44,321 INFO:<BrokerConnection node_id=2 host=10.0.0.2:9092 <connecting> [IPv4 ('10.0.0.2', 9092)]>: Connection complete.
2022-10-03 14:06:44,321 INFO:Message Generated From File use-cases/varying-networking-conditions/varying-link-latency/word-count/dataDir/randomText2.txt
2022-10-03 14:06:44,321 INFO:<BrokerConnection node_id=bootstrap-0 host=10.0.0.2:9092 <connected> [IPv4 ('10.0.0.2', 9092)]>: Closing connection. 
2022-10-03 14:06:44,322 INFO:      File has been sent ->  Topic: inTopic; File ID: File: 13
2022-10-03 14:06:44,323 INFO:Message Generated From File use-cases/varying-networking-conditions/varying-link-latency/word-count/dataDir/randomText2.txt
2022-10-03 14:06:44,323 INFO:      File has been sent ->  Topic: inTopic; File ID: File: 14
2022-10-03 14:06:44,324 INFO:Message Generated From File use-cases/varying-networking-conditions/varying-link-latency/word-count/dataDir/randomText2.txt
2022-10-03 14:06:44,324 INFO:      File has been sent ->  Topic: inTopic; File ID: File: 15
2022-10-03 14:06:44,325 INFO:Message Generated From File use-cases/varying-networking-conditions/varying-link-latency/word-count/dataDir/randomText2.txt
2022-10-03 14:06:44,325 INFO:      File has been sent ->  Topic: inTopic; File ID: File: 16
2022-10-03 14:06:44,326 INFO:Message Generated From File use-cases/varying-networking-conditions/varying-link-latency/word-count/dataDir/randomText2.txt
2022-10-03 14:06:44,326 INFO:      File has been sent ->  Topic: inTopic; File ID: File: 17
2022-10-03 14:06:44,327 INFO:Message Generated From File use-cases/varying-networking-conditions/varying-link-latency/word-count/dataDir/randomText2.txt
2022-10-03 14:06:44,327 INFO:      File has been sent ->  Topic: inTopic; File ID: File: 18
2022-10-03 14:06:44,328 INFO:Message Generated From File use-cases/varying-networking-conditions/varying-link-latency/word-count/dataDir/randomText2.txt
2022-10-03 14:06:44,328 INFO:      File has been sent ->  Topic: inTopic; File ID: File: 19
2022-10-03 14:06:44,329 INFO:Message Generated From File use-cases/varying-networking-conditions/varying-link-latency/word-count/dataDir/randomText2.txt
2022-10-03 14:06:44,329 INFO:      File has been sent ->  Topic: inTopic; File ID: File: 20
2022-10-03 14:06:44,329 INFO:Message Generated From File use-cases/varying-networking-conditions/varying-link-latency/word-count/dataDir/randomText2.txt
2022-10-03 14:06:44,329 INFO:      File has been sent ->  Topic: inTopic; File ID: File: 21
2022-10-03 14:06:44,329 INFO:Message Generated From File use-cases/varying-networking-conditions/varying-link-latency/word-count/dataDir/randomText2.txt
2022-10-03 14:06:44,329 INFO:      File has been sent ->  Topic: inTopic; File ID: File: 22
2022-10-03 14:06:44,330 INFO:Message Generated From File use-cases/varying-networking-conditions/varying-link-latency/word-count/dataDir/randomText2.txt
2022-10-03 14:06:44,330 INFO:      File has been sent ->  Topic: inTopic; File ID: File: 23
2022-10-03 14:06:44,330 INFO:Message Generated From File use-cases/varying-networking-conditions/varying-link-latency/word-count/dataDir/randomText2.txt
2022-10-03 14:06:44,330 INFO:      File has been sent ->  Topic: inTopic; File ID: File: 24
2022-10-03 14:06:44,330 INFO:Message Generated From File use-cases/varying-networking-conditions/varying-link-latency/word-count/dataDir/randomText2.txt
2022-10-03 14:06:44,331 INFO:      File has been sent ->  Topic: inTopic; File ID: File: 25
2022-10-03 14:06:44,331 INFO:Message Generated From File use-cases/varying-networking-conditions/varying-link-latency/word-count/dataDir/randomText2.txt
2022-10-03 14:06:44,331 INFO:      File has been sent ->  Topic: inTopic; File ID: File: 26
2022-10-03 14:06:44,331 INFO:Message Generated From File use-cases/varying-networking-conditions/varying-link-latency/word-count/dataDir/randomText2.txt
2022-10-03 14:06:44,331 INFO:      File has been sent ->  Topic: inTopic; File ID: File: 27
2022-10-03 14:06:44,331 INFO:Message Generated From File use-cases/varying-networking-conditions/varying-link-latency/word-count/dataDir/randomText2.txt
2022-10-03 14:06:44,331 INFO:      File has been sent ->  Topic: inTopic; File ID: File: 28
2022-10-03 14:06:44,331 INFO:Message Generated From File use-cases/varying-networking-conditions/varying-link-latency/word-count/dataDir/randomText2.txt
2022-10-03 14:06:44,332 INFO:      File has been sent ->  Topic: inTopic; File ID: File: 29
2022-10-03 14:06:44,332 INFO:Message Generated From File use-cases/varying-networking-conditions/varying-link-latency/word-count/dataDir/randomText2.txt
2022-10-03 14:06:44,332 INFO:      File has been sent ->  Topic: inTopic; File ID: File: 30
2022-10-03 14:06:44,332 INFO:Message Generated From File use-cases/varying-networking-conditions/varying-link-latency/word-count/dataDir/randomText2.txt
2022-10-03 14:06:44,332 INFO:      File has been sent ->  Topic: inTopic; File ID: File: 31
2022-10-03 14:06:44,332 INFO:Message Generated From File use-cases/varying-networking-conditions/varying-link-latency/word-count/dataDir/randomText2.txt
2022-10-03 14:06:44,332 INFO:      File has been sent ->  Topic: inTopic; File ID: File: 32
2022-10-03 14:06:44,332 INFO:Message Generated From File use-cases/varying-networking-conditions/varying-link-latency/word-count/dataDir/randomText2.txt
2022-10-03 14:06:44,332 INFO:      File has been sent ->  Topic: inTopic; File ID: File: 33
2022-10-03 14:06:44,332 INFO:Message Generated From File use-cases/varying-networking-conditions/varying-link-latency/word-count/dataDir/randomText2.txt
2022-10-03 14:06:44,332 INFO:      File has been sent ->  Topic: inTopic; File ID: File: 34
2022-10-03 14:06:44,333 INFO:Message Generated From File use-cases/varying-networking-conditions/varying-link-latency/word-count/dataDir/randomText2.txt
2022-10-03 14:06:44,333 INFO:      File has been sent ->  Topic: inTopic; File ID: File: 35
2022-10-03 14:06:44,333 INFO:Message Generated From File use-cases/varying-networking-conditions/varying-link-latency/word-count/dataDir/randomText2.txt
2022-10-03 14:06:44,333 INFO:      File has been sent ->  Topic: inTopic; File ID: File: 36
2022-10-03 14:06:44,333 INFO:Message Generated From File use-cases/varying-networking-conditions/varying-link-latency/word-count/dataDir/randomText2.txt
2022-10-03 14:06:44,333 INFO:      File has been sent ->  Topic: inTopic; File ID: File: 37
2022-10-03 14:06:44,333 INFO:Message Generated From File use-cases/varying-networking-conditions/varying-link-latency/word-count/dataDir/randomText2.txt
2022-10-03 14:06:44,333 INFO:      File has been sent ->  Topic: inTopic; File ID: File: 38
2022-10-03 14:06:44,333 INFO:Message Generated From File use-cases/varying-networking-conditions/varying-link-latency/word-count/dataDir/randomText2.txt
2022-10-03 14:06:44,333 INFO:      File has been sent ->  Topic: inTopic; File ID: File: 39
2022-10-03 14:06:44,333 INFO:Message Generated From File use-cases/varying-networking-conditions/varying-link-latency/word-count/dataDir/randomText2.txt
2022-10-03 14:06:44,334 INFO:      File has been sent ->  Topic: inTopic; File ID: File: 40
2022-10-03 14:06:44,334 INFO:Message Generated From File use-cases/varying-networking-conditions/varying-link-latency/word-count/dataDir/randomText2.txt
2022-10-03 14:06:44,334 INFO:      File has been sent ->  Topic: inTopic; File ID: File: 41
2022-10-03 14:06:44,334 INFO:Message Generated From File use-cases/varying-networking-conditions/varying-link-latency/word-count/dataDir/randomText2.txt
2022-10-03 14:06:44,334 INFO:      File has been sent ->  Topic: inTopic; File ID: File: 42
2022-10-03 14:06:44,334 INFO:Message Generated From File use-cases/varying-networking-conditions/varying-link-latency/word-count/dataDir/randomText2.txt
2022-10-03 14:06:44,334 INFO:      File has been sent ->  Topic: inTopic; File ID: File: 43
2022-10-03 14:06:44,334 INFO:Message Generated From File use-cases/varying-networking-conditions/varying-link-latency/word-count/dataDir/randomText2.txt
2022-10-03 14:06:44,334 INFO:      File has been sent ->  Topic: inTopic; File ID: File: 44
2022-10-03 14:06:44,334 INFO:Message Generated From File use-cases/varying-networking-conditions/varying-link-latency/word-count/dataDir/randomText2.txt
2022-10-03 14:06:44,334 INFO:      File has been sent ->  Topic: inTopic; File ID: File: 45
2022-10-03 14:06:44,334 INFO:Message Generated From File use-cases/varying-networking-conditions/varying-link-latency/word-count/dataDir/randomText2.txt
2022-10-03 14:06:44,335 INFO:      File has been sent ->  Topic: inTopic; File ID: File: 46
2022-10-03 14:06:44,335 INFO:Message Generated From File use-cases/varying-networking-conditions/varying-link-latency/word-count/dataDir/randomText2.txt
2022-10-03 14:06:44,335 INFO:      File has been sent ->  Topic: inTopic; File ID: File: 47
2022-10-03 14:06:44,335 INFO:Message Generated From File use-cases/varying-networking-conditions/varying-link-latency/word-count/dataDir/randomText2.txt
2022-10-03 14:06:44,335 INFO:      File has been sent ->  Topic: inTopic; File ID: File: 48
2022-10-03 14:06:44,335 INFO:Message Generated From File use-cases/varying-networking-conditions/varying-link-latency/word-count/dataDir/randomText2.txt
2022-10-03 14:06:44,335 INFO:      File has been sent ->  Topic: inTopic; File ID: File: 49
2022-10-03 14:06:44,335 INFO:Message Generated From File use-cases/varying-networking-conditions/varying-link-latency/word-count/dataDir/randomText2.txt
2022-10-03 14:06:44,335 INFO:      File has been sent ->  Topic: inTopic; File ID: File: 50
2022-10-03 14:06:44,335 INFO:Message Generated From File use-cases/varying-networking-conditions/varying-link-latency/word-count/dataDir/randomText2.txt
2022-10-03 14:06:44,335 INFO:      File has been sent ->  Topic: inTopic; File ID: File: 51
2022-10-03 14:06:44,336 INFO:Message Generated From File use-cases/varying-networking-conditions/varying-link-latency/word-count/dataDir/randomText2.txt
2022-10-03 14:06:44,336 INFO:      File has been sent ->  Topic: inTopic; File ID: File: 52
2022-10-03 14:06:44,336 INFO:Message Generated From File use-cases/varying-networking-conditions/varying-link-latency/word-count/dataDir/randomText2.txt
2022-10-03 14:06:44,336 INFO:      File has been sent ->  Topic: inTopic; File ID: File: 53
2022-10-03 14:06:44,336 INFO:Message Generated From File use-cases/varying-networking-conditions/varying-link-latency/word-count/dataDir/randomText2.txt
2022-10-03 14:06:44,336 INFO:      File has been sent ->  Topic: inTopic; File ID: File: 54
2022-10-03 14:06:44,336 INFO:Message Generated From File use-cases/varying-networking-conditions/varying-link-latency/word-count/dataDir/randomText2.txt
2022-10-03 14:06:44,336 INFO:      File has been sent ->  Topic: inTopic; File ID: File: 55
2022-10-03 14:06:44,337 INFO:Message Generated From File use-cases/varying-networking-conditions/varying-link-latency/word-count/dataDir/randomText2.txt
2022-10-03 14:06:44,337 INFO:      File has been sent ->  Topic: inTopic; File ID: File: 56
2022-10-03 14:06:44,337 INFO:Message Generated From File use-cases/varying-networking-conditions/varying-link-latency/word-count/dataDir/randomText2.txt
2022-10-03 14:06:44,337 INFO:      File has been sent ->  Topic: inTopic; File ID: File: 57
2022-10-03 14:06:44,337 INFO:Message Generated From File use-cases/varying-networking-conditions/varying-link-latency/word-count/dataDir/randomText2.txt
2022-10-03 14:06:44,337 INFO:      File has been sent ->  Topic: inTopic; File ID: File: 58
2022-10-03 14:06:44,337 INFO:Message Generated From File use-cases/varying-networking-conditions/varying-link-latency/word-count/dataDir/randomText2.txt
2022-10-03 14:06:44,337 INFO:      File has been sent ->  Topic: inTopic; File ID: File: 59
2022-10-03 14:06:44,337 INFO:Message Generated From File use-cases/varying-networking-conditions/varying-link-latency/word-count/dataDir/randomText2.txt
2022-10-03 14:06:44,338 INFO:      File has been sent ->  Topic: inTopic; File ID: File: 60
2022-10-03 14:06:44,338 INFO:Message Generated From File use-cases/varying-networking-conditions/varying-link-latency/word-count/dataDir/randomText2.txt
2022-10-03 14:06:44,339 INFO:      File has been sent ->  Topic: inTopic; File ID: File: 61
2022-10-03 14:06:44,341 INFO:Message Generated From File use-cases/varying-networking-conditions/varying-link-latency/word-count/dataDir/randomText2.txt
2022-10-03 14:06:44,341 INFO:      File has been sent ->  Topic: inTopic; File ID: File: 62
2022-10-03 14:06:44,342 INFO:Message Generated From File use-cases/varying-networking-conditions/varying-link-latency/word-count/dataDir/randomText2.txt
2022-10-03 14:06:44,342 INFO:      File has been sent ->  Topic: inTopic; File ID: File: 63
2022-10-03 14:06:44,343 INFO:Message Generated From File use-cases/varying-networking-conditions/varying-link-latency/word-count/dataDir/randomText2.txt
2022-10-03 14:06:44,343 INFO:      File has been sent ->  Topic: inTopic; File ID: File: 64
2022-10-03 14:06:44,344 INFO:Message Generated From File use-cases/varying-networking-conditions/varying-link-latency/word-count/dataDir/randomText2.txt
2022-10-03 14:06:44,345 INFO:      File has been sent ->  Topic: inTopic; File ID: File: 65
2022-10-03 14:06:44,346 INFO:Message Generated From File use-cases/varying-networking-conditions/varying-link-latency/word-count/dataDir/randomText2.txt
2022-10-03 14:06:44,346 INFO:      File has been sent ->  Topic: inTopic; File ID: File: 66
2022-10-03 14:06:44,347 INFO:Message Generated From File use-cases/varying-networking-conditions/varying-link-latency/word-count/dataDir/randomText2.txt
2022-10-03 14:06:44,347 INFO:      File has been sent ->  Topic: inTopic; File ID: File: 67
2022-10-03 14:06:44,349 INFO:Message Generated From File use-cases/varying-networking-conditions/varying-link-latency/word-count/dataDir/randomText2.txt
2022-10-03 14:06:44,349 INFO:      File has been sent ->  Topic: inTopic; File ID: File: 68
2022-10-03 14:06:44,350 INFO:Message Generated From File use-cases/varying-networking-conditions/varying-link-latency/word-count/dataDir/randomText2.txt
2022-10-03 14:06:44,350 INFO:      File has been sent ->  Topic: inTopic; File ID: File: 69
2022-10-03 14:06:44,351 INFO:Message Generated From File use-cases/varying-networking-conditions/varying-link-latency/word-count/dataDir/randomText2.txt
2022-10-03 14:06:44,351 INFO:      File has been sent ->  Topic: inTopic; File ID: File: 70
2022-10-03 14:06:44,352 INFO:Message Generated From File use-cases/varying-networking-conditions/varying-link-latency/word-count/dataDir/randomText2.txt
2022-10-03 14:06:44,352 INFO:      File has been sent ->  Topic: inTopic; File ID: File: 71
2022-10-03 14:06:44,353 INFO:Message Generated From File use-cases/varying-networking-conditions/varying-link-latency/word-count/dataDir/randomText2.txt
2022-10-03 14:06:44,353 INFO:      File has been sent ->  Topic: inTopic; File ID: File: 72
2022-10-03 14:06:44,355 INFO:Message Generated From File use-cases/varying-networking-conditions/varying-link-latency/word-count/dataDir/randomText2.txt
2022-10-03 14:06:44,355 INFO:      File has been sent ->  Topic: inTopic; File ID: File: 73
2022-10-03 14:06:44,356 INFO:Message Generated From File use-cases/varying-networking-conditions/varying-link-latency/word-count/dataDir/randomText2.txt
2022-10-03 14:06:44,356 INFO:      File has been sent ->  Topic: inTopic; File ID: File: 74
2022-10-03 14:06:44,357 INFO:Message Generated From File use-cases/varying-networking-conditions/varying-link-latency/word-count/dataDir/randomText2.txt
2022-10-03 14:06:44,357 INFO:      File has been sent ->  Topic: inTopic; File ID: File: 75
2022-10-03 14:06:44,358 INFO:Message Generated From File use-cases/varying-networking-conditions/varying-link-latency/word-count/dataDir/randomText2.txt
2022-10-03 14:06:44,358 INFO:      File has been sent ->  Topic: inTopic; File ID: File: 76
2022-10-03 14:06:44,359 INFO:Message Generated From File use-cases/varying-networking-conditions/varying-link-latency/word-count/dataDir/randomText2.txt
2022-10-03 14:06:44,359 INFO:      File has been sent ->  Topic: inTopic; File ID: File: 77
2022-10-03 14:06:44,360 INFO:Message Generated From File use-cases/varying-networking-conditions/varying-link-latency/word-count/dataDir/randomText2.txt
2022-10-03 14:06:44,360 INFO:      File has been sent ->  Topic: inTopic; File ID: File: 78
2022-10-03 14:06:44,361 INFO:Message Generated From File use-cases/varying-networking-conditions/varying-link-latency/word-count/dataDir/randomText2.txt
2022-10-03 14:06:44,361 INFO:      File has been sent ->  Topic: inTopic; File ID: File: 79
2022-10-03 14:06:44,362 INFO:Message Generated From File use-cases/varying-networking-conditions/varying-link-latency/word-count/dataDir/randomText2.txt
2022-10-03 14:06:44,362 INFO:      File has been sent ->  Topic: inTopic; File ID: File: 80
2022-10-03 14:06:44,363 INFO:Message Generated From File use-cases/varying-networking-conditions/varying-link-latency/word-count/dataDir/randomText2.txt
2022-10-03 14:06:44,364 INFO:      File has been sent ->  Topic: inTopic; File ID: File: 81
2022-10-03 14:06:44,364 INFO:Message Generated From File use-cases/varying-networking-conditions/varying-link-latency/word-count/dataDir/randomText2.txt
2022-10-03 14:06:44,365 INFO:      File has been sent ->  Topic: inTopic; File ID: File: 82
2022-10-03 14:06:44,366 INFO:Message Generated From File use-cases/varying-networking-conditions/varying-link-latency/word-count/dataDir/randomText2.txt
2022-10-03 14:06:44,366 INFO:      File has been sent ->  Topic: inTopic; File ID: File: 83
2022-10-03 14:06:44,367 INFO:Message Generated From File use-cases/varying-networking-conditions/varying-link-latency/word-count/dataDir/randomText2.txt
2022-10-03 14:06:44,367 INFO:      File has been sent ->  Topic: inTopic; File ID: File: 84
2022-10-03 14:06:44,368 INFO:Message Generated From File use-cases/varying-networking-conditions/varying-link-latency/word-count/dataDir/randomText2.txt
2022-10-03 14:06:44,368 INFO:      File has been sent ->  Topic: inTopic; File ID: File: 85
2022-10-03 14:06:44,369 INFO:Message Generated From File use-cases/varying-networking-conditions/varying-link-latency/word-count/dataDir/randomText2.txt
2022-10-03 14:06:44,369 INFO:      File has been sent ->  Topic: inTopic; File ID: File: 86
2022-10-03 14:06:44,370 INFO:Message Generated From File use-cases/varying-networking-conditions/varying-link-latency/word-count/dataDir/randomText2.txt
2022-10-03 14:06:44,370 INFO:      File has been sent ->  Topic: inTopic; File ID: File: 87
2022-10-03 14:06:44,370 INFO:Message Generated From File use-cases/varying-networking-conditions/varying-link-latency/word-count/dataDir/randomText2.txt
2022-10-03 14:06:44,370 INFO:      File has been sent ->  Topic: inTopic; File ID: File: 88
2022-10-03 14:06:44,370 INFO:Message Generated From File use-cases/varying-networking-conditions/varying-link-latency/word-count/dataDir/randomText2.txt
2022-10-03 14:06:44,370 INFO:      File has been sent ->  Topic: inTopic; File ID: File: 89
2022-10-03 14:06:44,371 INFO:Message Generated From File use-cases/varying-networking-conditions/varying-link-latency/word-count/dataDir/randomText2.txt
2022-10-03 14:06:44,371 INFO:      File has been sent ->  Topic: inTopic; File ID: File: 90
2022-10-03 14:06:44,371 INFO:Message Generated From File use-cases/varying-networking-conditions/varying-link-latency/word-count/dataDir/randomText2.txt
2022-10-03 14:06:44,371 INFO:      File has been sent ->  Topic: inTopic; File ID: File: 91
2022-10-03 14:06:44,372 INFO:Message Generated From File use-cases/varying-networking-conditions/varying-link-latency/word-count/dataDir/randomText2.txt
2022-10-03 14:06:44,372 INFO:      File has been sent ->  Topic: inTopic; File ID: File: 92
2022-10-03 14:06:44,373 INFO:Message Generated From File use-cases/varying-networking-conditions/varying-link-latency/word-count/dataDir/randomText2.txt
2022-10-03 14:06:44,373 INFO:      File has been sent ->  Topic: inTopic; File ID: File: 93
2022-10-03 14:06:44,375 INFO:Message Generated From File use-cases/varying-networking-conditions/varying-link-latency/word-count/dataDir/randomText2.txt
2022-10-03 14:06:44,375 INFO:      File has been sent ->  Topic: inTopic; File ID: File: 94
2022-10-03 14:06:44,376 INFO:Message Generated From File use-cases/varying-networking-conditions/varying-link-latency/word-count/dataDir/randomText2.txt
2022-10-03 14:06:44,376 INFO:      File has been sent ->  Topic: inTopic; File ID: File: 95
2022-10-03 14:06:44,377 INFO:Message Generated From File use-cases/varying-networking-conditions/varying-link-latency/word-count/dataDir/randomText2.txt
2022-10-03 14:06:44,377 INFO:      File has been sent ->  Topic: inTopic; File ID: File: 96
2022-10-03 14:06:44,378 INFO:Message Generated From File use-cases/varying-networking-conditions/varying-link-latency/word-count/dataDir/randomText2.txt
2022-10-03 14:06:44,379 INFO:      File has been sent ->  Topic: inTopic; File ID: File: 97
2022-10-03 14:06:44,380 INFO:Message Generated From File use-cases/varying-networking-conditions/varying-link-latency/word-count/dataDir/randomText2.txt
2022-10-03 14:06:44,380 INFO:      File has been sent ->  Topic: inTopic; File ID: File: 98
2022-10-03 14:06:44,381 INFO:Message Generated From File use-cases/varying-networking-conditions/varying-link-latency/word-count/dataDir/randomText2.txt
2022-10-03 14:06:44,381 INFO:      File has been sent ->  Topic: inTopic; File ID: File: 99
2022-10-03 14:06:44,382 INFO:Message Generated From File use-cases/varying-networking-conditions/varying-link-latency/word-count/dataDir/randomText2.txt
2022-10-03 14:06:44,382 INFO:      File has been sent ->  Topic: inTopic; File ID: File: 100
