2022-09-29 14:18:50,642 INFO:node to initiate producer: 1
2022-09-29 14:18:50,642 INFO:topic name: inTopic
2022-09-29 14:18:50,642 INFO:topic broker: 2
2022-09-29 14:18:50,642 INFO:**Configuring KafkaProducer** bootstrap_servers=10.0.0.2:9092 acks=1 compression_type=None batch_size=16384 linger_ms=0 request_timeout_ms=30000
2022-09-29 14:18:50,644 INFO:<BrokerConnection node_id=bootstrap-0 host=10.0.0.2:9092 <connecting> [IPv4 ('10.0.0.2', 9092)]>: connecting to 10.0.0.2:9092 [('10.0.0.2', 9092) IPv4]
2022-09-29 14:18:50,644 INFO:Probing node bootstrap-0 broker version
2022-09-29 14:18:50,649 INFO:<BrokerConnection node_id=bootstrap-0 host=10.0.0.2:9092 <connecting> [IPv4 ('10.0.0.2', 9092)]>: Connection complete.
2022-09-29 14:18:50,758 INFO:Broker version identified as 2.5.0
2022-09-29 14:18:50,758 INFO:Set configuration api_version=(2, 5, 0) to skip auto check_version requests on startup
2022-09-29 14:18:50,761 INFO:Message Generated From File use-cases/varying-networking-conditions/varying-link-latency/word-count/dataDir/randomText2.txt
2022-09-29 14:18:50,761 INFO:      File has been sent ->  Topic: inTopic; File ID: File: 1
2022-09-29 14:18:50,769 INFO:Message Generated From File use-cases/varying-networking-conditions/varying-link-latency/word-count/dataDir/randomText2.txt
2022-09-29 14:18:50,770 INFO:      File has been sent ->  Topic: inTopic; File ID: File: 2
2022-09-29 14:18:50,770 INFO:<BrokerConnection node_id=2 host=10.0.0.2:9092 <connecting> [IPv4 ('10.0.0.2', 9092)]>: connecting to 10.0.0.2:9092 [('10.0.0.2', 9092) IPv4]
2022-09-29 14:18:50,770 INFO:Message Generated From File use-cases/varying-networking-conditions/varying-link-latency/word-count/dataDir/randomText2.txt
2022-09-29 14:18:50,770 INFO:      File has been sent ->  Topic: inTopic; File ID: File: 3
2022-09-29 14:18:50,771 INFO:Message Generated From File use-cases/varying-networking-conditions/varying-link-latency/word-count/dataDir/randomText2.txt
2022-09-29 14:18:50,771 INFO:      File has been sent ->  Topic: inTopic; File ID: File: 4
2022-09-29 14:18:50,771 INFO:Message Generated From File use-cases/varying-networking-conditions/varying-link-latency/word-count/dataDir/randomText2.txt
2022-09-29 14:18:50,771 INFO:      File has been sent ->  Topic: inTopic; File ID: File: 5
2022-09-29 14:18:50,771 INFO:Message Generated From File use-cases/varying-networking-conditions/varying-link-latency/word-count/dataDir/randomText2.txt
2022-09-29 14:18:50,771 INFO:      File has been sent ->  Topic: inTopic; File ID: File: 6
2022-09-29 14:18:50,771 INFO:Message Generated From File use-cases/varying-networking-conditions/varying-link-latency/word-count/dataDir/randomText2.txt
2022-09-29 14:18:50,772 INFO:      File has been sent ->  Topic: inTopic; File ID: File: 7
2022-09-29 14:18:50,772 INFO:Message Generated From File use-cases/varying-networking-conditions/varying-link-latency/word-count/dataDir/randomText2.txt
2022-09-29 14:18:50,772 INFO:      File has been sent ->  Topic: inTopic; File ID: File: 8
2022-09-29 14:18:50,772 INFO:Message Generated From File use-cases/varying-networking-conditions/varying-link-latency/word-count/dataDir/randomText2.txt
2022-09-29 14:18:50,772 INFO:      File has been sent ->  Topic: inTopic; File ID: File: 9
2022-09-29 14:18:50,772 INFO:Message Generated From File use-cases/varying-networking-conditions/varying-link-latency/word-count/dataDir/randomText2.txt
2022-09-29 14:18:50,772 INFO:      File has been sent ->  Topic: inTopic; File ID: File: 10
2022-09-29 14:18:50,772 INFO:Message Generated From File use-cases/varying-networking-conditions/varying-link-latency/word-count/dataDir/randomText2.txt
2022-09-29 14:18:50,772 INFO:      File has been sent ->  Topic: inTopic; File ID: File: 11
2022-09-29 14:18:50,773 INFO:Message Generated From File use-cases/varying-networking-conditions/varying-link-latency/word-count/dataDir/randomText2.txt
2022-09-29 14:18:50,773 INFO:      File has been sent ->  Topic: inTopic; File ID: File: 12
2022-09-29 14:18:50,773 INFO:Message Generated From File use-cases/varying-networking-conditions/varying-link-latency/word-count/dataDir/randomText2.txt
2022-09-29 14:18:50,773 INFO:      File has been sent ->  Topic: inTopic; File ID: File: 13
2022-09-29 14:18:50,773 INFO:Message Generated From File use-cases/varying-networking-conditions/varying-link-latency/word-count/dataDir/randomText2.txt
2022-09-29 14:18:50,773 INFO:      File has been sent ->  Topic: inTopic; File ID: File: 14
2022-09-29 14:18:50,773 INFO:Message Generated From File use-cases/varying-networking-conditions/varying-link-latency/word-count/dataDir/randomText2.txt
2022-09-29 14:18:50,773 INFO:      File has been sent ->  Topic: inTopic; File ID: File: 15
2022-09-29 14:18:50,774 INFO:Message Generated From File use-cases/varying-networking-conditions/varying-link-latency/word-count/dataDir/randomText2.txt
2022-09-29 14:18:50,774 INFO:      File has been sent ->  Topic: inTopic; File ID: File: 16
2022-09-29 14:18:50,774 INFO:Message Generated From File use-cases/varying-networking-conditions/varying-link-latency/word-count/dataDir/randomText2.txt
2022-09-29 14:18:50,774 INFO:      File has been sent ->  Topic: inTopic; File ID: File: 17
2022-09-29 14:18:50,774 INFO:Message Generated From File use-cases/varying-networking-conditions/varying-link-latency/word-count/dataDir/randomText2.txt
2022-09-29 14:18:50,774 INFO:      File has been sent ->  Topic: inTopic; File ID: File: 18
2022-09-29 14:18:50,774 INFO:<BrokerConnection node_id=2 host=10.0.0.2:9092 <connecting> [IPv4 ('10.0.0.2', 9092)]>: Connection complete.
2022-09-29 14:18:50,774 INFO:Message Generated From File use-cases/varying-networking-conditions/varying-link-latency/word-count/dataDir/randomText2.txt
2022-09-29 14:18:50,774 INFO:<BrokerConnection node_id=bootstrap-0 host=10.0.0.2:9092 <connected> [IPv4 ('10.0.0.2', 9092)]>: Closing connection. 
2022-09-29 14:18:50,775 INFO:      File has been sent ->  Topic: inTopic; File ID: File: 19
2022-09-29 14:18:50,777 INFO:Message Generated From File use-cases/varying-networking-conditions/varying-link-latency/word-count/dataDir/randomText2.txt
2022-09-29 14:18:50,777 INFO:      File has been sent ->  Topic: inTopic; File ID: File: 20
2022-09-29 14:18:50,777 INFO:Message Generated From File use-cases/varying-networking-conditions/varying-link-latency/word-count/dataDir/randomText2.txt
2022-09-29 14:18:50,778 INFO:      File has been sent ->  Topic: inTopic; File ID: File: 21
2022-09-29 14:18:50,779 INFO:Message Generated From File use-cases/varying-networking-conditions/varying-link-latency/word-count/dataDir/randomText2.txt
2022-09-29 14:18:50,779 INFO:      File has been sent ->  Topic: inTopic; File ID: File: 22
2022-09-29 14:18:50,780 INFO:Message Generated From File use-cases/varying-networking-conditions/varying-link-latency/word-count/dataDir/randomText2.txt
2022-09-29 14:18:50,780 INFO:      File has been sent ->  Topic: inTopic; File ID: File: 23
2022-09-29 14:18:50,780 INFO:Message Generated From File use-cases/varying-networking-conditions/varying-link-latency/word-count/dataDir/randomText2.txt
2022-09-29 14:18:50,780 INFO:      File has been sent ->  Topic: inTopic; File ID: File: 24
2022-09-29 14:18:50,780 INFO:Message Generated From File use-cases/varying-networking-conditions/varying-link-latency/word-count/dataDir/randomText2.txt
2022-09-29 14:18:50,781 INFO:      File has been sent ->  Topic: inTopic; File ID: File: 25
2022-09-29 14:18:50,781 INFO:Message Generated From File use-cases/varying-networking-conditions/varying-link-latency/word-count/dataDir/randomText2.txt
2022-09-29 14:18:50,781 INFO:      File has been sent ->  Topic: inTopic; File ID: File: 26
2022-09-29 14:18:50,781 INFO:Message Generated From File use-cases/varying-networking-conditions/varying-link-latency/word-count/dataDir/randomText2.txt
2022-09-29 14:18:50,781 INFO:      File has been sent ->  Topic: inTopic; File ID: File: 27
2022-09-29 14:18:50,781 INFO:Message Generated From File use-cases/varying-networking-conditions/varying-link-latency/word-count/dataDir/randomText2.txt
2022-09-29 14:18:50,781 INFO:      File has been sent ->  Topic: inTopic; File ID: File: 28
2022-09-29 14:18:50,782 INFO:Message Generated From File use-cases/varying-networking-conditions/varying-link-latency/word-count/dataDir/randomText2.txt
2022-09-29 14:18:50,782 INFO:      File has been sent ->  Topic: inTopic; File ID: File: 29
2022-09-29 14:18:50,782 INFO:Message Generated From File use-cases/varying-networking-conditions/varying-link-latency/word-count/dataDir/randomText2.txt
2022-09-29 14:18:50,782 INFO:      File has been sent ->  Topic: inTopic; File ID: File: 30
2022-09-29 14:18:50,782 INFO:Message Generated From File use-cases/varying-networking-conditions/varying-link-latency/word-count/dataDir/randomText2.txt
2022-09-29 14:18:50,782 INFO:      File has been sent ->  Topic: inTopic; File ID: File: 31
2022-09-29 14:18:50,783 INFO:Message Generated From File use-cases/varying-networking-conditions/varying-link-latency/word-count/dataDir/randomText2.txt
2022-09-29 14:18:50,783 INFO:      File has been sent ->  Topic: inTopic; File ID: File: 32
2022-09-29 14:18:50,783 INFO:Message Generated From File use-cases/varying-networking-conditions/varying-link-latency/word-count/dataDir/randomText2.txt
2022-09-29 14:18:50,783 INFO:      File has been sent ->  Topic: inTopic; File ID: File: 33
2022-09-29 14:18:50,783 INFO:Message Generated From File use-cases/varying-networking-conditions/varying-link-latency/word-count/dataDir/randomText2.txt
2022-09-29 14:18:50,783 INFO:      File has been sent ->  Topic: inTopic; File ID: File: 34
2022-09-29 14:18:50,783 INFO:Message Generated From File use-cases/varying-networking-conditions/varying-link-latency/word-count/dataDir/randomText2.txt
2022-09-29 14:18:50,783 INFO:      File has been sent ->  Topic: inTopic; File ID: File: 35
2022-09-29 14:18:50,784 INFO:Message Generated From File use-cases/varying-networking-conditions/varying-link-latency/word-count/dataDir/randomText2.txt
2022-09-29 14:18:50,784 INFO:      File has been sent ->  Topic: inTopic; File ID: File: 36
2022-09-29 14:18:50,784 INFO:Message Generated From File use-cases/varying-networking-conditions/varying-link-latency/word-count/dataDir/randomText2.txt
2022-09-29 14:18:50,784 INFO:      File has been sent ->  Topic: inTopic; File ID: File: 37
2022-09-29 14:18:50,784 INFO:Message Generated From File use-cases/varying-networking-conditions/varying-link-latency/word-count/dataDir/randomText2.txt
2022-09-29 14:18:50,784 INFO:      File has been sent ->  Topic: inTopic; File ID: File: 38
2022-09-29 14:18:50,784 INFO:Message Generated From File use-cases/varying-networking-conditions/varying-link-latency/word-count/dataDir/randomText2.txt
2022-09-29 14:18:50,784 INFO:      File has been sent ->  Topic: inTopic; File ID: File: 39
2022-09-29 14:18:50,785 INFO:Message Generated From File use-cases/varying-networking-conditions/varying-link-latency/word-count/dataDir/randomText2.txt
2022-09-29 14:18:50,785 INFO:      File has been sent ->  Topic: inTopic; File ID: File: 40
2022-09-29 14:18:50,785 INFO:Message Generated From File use-cases/varying-networking-conditions/varying-link-latency/word-count/dataDir/randomText2.txt
2022-09-29 14:18:50,785 INFO:      File has been sent ->  Topic: inTopic; File ID: File: 41
2022-09-29 14:18:50,785 INFO:Message Generated From File use-cases/varying-networking-conditions/varying-link-latency/word-count/dataDir/randomText2.txt
2022-09-29 14:18:50,785 INFO:      File has been sent ->  Topic: inTopic; File ID: File: 42
2022-09-29 14:18:50,785 INFO:Message Generated From File use-cases/varying-networking-conditions/varying-link-latency/word-count/dataDir/randomText2.txt
2022-09-29 14:18:50,785 INFO:      File has been sent ->  Topic: inTopic; File ID: File: 43
2022-09-29 14:18:50,786 INFO:Message Generated From File use-cases/varying-networking-conditions/varying-link-latency/word-count/dataDir/randomText2.txt
2022-09-29 14:18:50,786 INFO:      File has been sent ->  Topic: inTopic; File ID: File: 44
2022-09-29 14:18:50,786 INFO:Message Generated From File use-cases/varying-networking-conditions/varying-link-latency/word-count/dataDir/randomText2.txt
2022-09-29 14:18:50,786 INFO:      File has been sent ->  Topic: inTopic; File ID: File: 45
2022-09-29 14:18:50,786 INFO:Message Generated From File use-cases/varying-networking-conditions/varying-link-latency/word-count/dataDir/randomText2.txt
2022-09-29 14:18:50,786 INFO:      File has been sent ->  Topic: inTopic; File ID: File: 46
2022-09-29 14:18:50,787 INFO:Message Generated From File use-cases/varying-networking-conditions/varying-link-latency/word-count/dataDir/randomText2.txt
2022-09-29 14:18:50,787 INFO:      File has been sent ->  Topic: inTopic; File ID: File: 47
2022-09-29 14:18:50,787 INFO:Message Generated From File use-cases/varying-networking-conditions/varying-link-latency/word-count/dataDir/randomText2.txt
2022-09-29 14:18:50,787 INFO:      File has been sent ->  Topic: inTopic; File ID: File: 48
2022-09-29 14:18:50,787 INFO:Message Generated From File use-cases/varying-networking-conditions/varying-link-latency/word-count/dataDir/randomText2.txt
2022-09-29 14:18:50,787 INFO:      File has been sent ->  Topic: inTopic; File ID: File: 49
2022-09-29 14:18:50,787 INFO:Message Generated From File use-cases/varying-networking-conditions/varying-link-latency/word-count/dataDir/randomText2.txt
2022-09-29 14:18:50,787 INFO:      File has been sent ->  Topic: inTopic; File ID: File: 50
2022-09-29 14:18:50,787 INFO:Message Generated From File use-cases/varying-networking-conditions/varying-link-latency/word-count/dataDir/randomText2.txt
2022-09-29 14:18:50,788 INFO:      File has been sent ->  Topic: inTopic; File ID: File: 51
2022-09-29 14:18:50,788 INFO:Message Generated From File use-cases/varying-networking-conditions/varying-link-latency/word-count/dataDir/randomText2.txt
2022-09-29 14:18:50,788 INFO:      File has been sent ->  Topic: inTopic; File ID: File: 52
2022-09-29 14:18:50,788 INFO:Message Generated From File use-cases/varying-networking-conditions/varying-link-latency/word-count/dataDir/randomText2.txt
2022-09-29 14:18:50,788 INFO:      File has been sent ->  Topic: inTopic; File ID: File: 53
2022-09-29 14:18:50,788 INFO:Message Generated From File use-cases/varying-networking-conditions/varying-link-latency/word-count/dataDir/randomText2.txt
2022-09-29 14:18:50,788 INFO:      File has been sent ->  Topic: inTopic; File ID: File: 54
2022-09-29 14:18:50,788 INFO:Message Generated From File use-cases/varying-networking-conditions/varying-link-latency/word-count/dataDir/randomText2.txt
2022-09-29 14:18:50,788 INFO:      File has been sent ->  Topic: inTopic; File ID: File: 55
2022-09-29 14:18:50,789 INFO:Message Generated From File use-cases/varying-networking-conditions/varying-link-latency/word-count/dataDir/randomText2.txt
2022-09-29 14:18:50,789 INFO:      File has been sent ->  Topic: inTopic; File ID: File: 56
2022-09-29 14:18:50,789 INFO:Message Generated From File use-cases/varying-networking-conditions/varying-link-latency/word-count/dataDir/randomText2.txt
2022-09-29 14:18:50,789 INFO:      File has been sent ->  Topic: inTopic; File ID: File: 57
2022-09-29 14:18:50,789 INFO:Message Generated From File use-cases/varying-networking-conditions/varying-link-latency/word-count/dataDir/randomText2.txt
2022-09-29 14:18:50,789 INFO:      File has been sent ->  Topic: inTopic; File ID: File: 58
2022-09-29 14:18:50,789 INFO:Message Generated From File use-cases/varying-networking-conditions/varying-link-latency/word-count/dataDir/randomText2.txt
2022-09-29 14:18:50,789 INFO:      File has been sent ->  Topic: inTopic; File ID: File: 59
2022-09-29 14:18:50,790 INFO:Message Generated From File use-cases/varying-networking-conditions/varying-link-latency/word-count/dataDir/randomText2.txt
2022-09-29 14:18:50,790 INFO:      File has been sent ->  Topic: inTopic; File ID: File: 60
2022-09-29 14:18:50,790 INFO:Message Generated From File use-cases/varying-networking-conditions/varying-link-latency/word-count/dataDir/randomText2.txt
2022-09-29 14:18:50,790 INFO:      File has been sent ->  Topic: inTopic; File ID: File: 61
2022-09-29 14:18:50,790 INFO:Message Generated From File use-cases/varying-networking-conditions/varying-link-latency/word-count/dataDir/randomText2.txt
2022-09-29 14:18:50,790 INFO:      File has been sent ->  Topic: inTopic; File ID: File: 62
2022-09-29 14:18:50,791 INFO:Message Generated From File use-cases/varying-networking-conditions/varying-link-latency/word-count/dataDir/randomText2.txt
2022-09-29 14:18:50,791 INFO:      File has been sent ->  Topic: inTopic; File ID: File: 63
2022-09-29 14:18:50,791 INFO:Message Generated From File use-cases/varying-networking-conditions/varying-link-latency/word-count/dataDir/randomText2.txt
2022-09-29 14:18:50,791 INFO:      File has been sent ->  Topic: inTopic; File ID: File: 64
2022-09-29 14:18:50,791 INFO:Message Generated From File use-cases/varying-networking-conditions/varying-link-latency/word-count/dataDir/randomText2.txt
2022-09-29 14:18:50,791 INFO:      File has been sent ->  Topic: inTopic; File ID: File: 65
2022-09-29 14:18:50,791 INFO:Message Generated From File use-cases/varying-networking-conditions/varying-link-latency/word-count/dataDir/randomText2.txt
2022-09-29 14:18:50,791 INFO:      File has been sent ->  Topic: inTopic; File ID: File: 66
2022-09-29 14:18:50,791 INFO:Message Generated From File use-cases/varying-networking-conditions/varying-link-latency/word-count/dataDir/randomText2.txt
2022-09-29 14:18:50,791 INFO:      File has been sent ->  Topic: inTopic; File ID: File: 67
2022-09-29 14:18:50,792 INFO:Message Generated From File use-cases/varying-networking-conditions/varying-link-latency/word-count/dataDir/randomText2.txt
2022-09-29 14:18:50,792 INFO:      File has been sent ->  Topic: inTopic; File ID: File: 68
2022-09-29 14:18:50,792 INFO:Message Generated From File use-cases/varying-networking-conditions/varying-link-latency/word-count/dataDir/randomText2.txt
2022-09-29 14:18:50,792 INFO:      File has been sent ->  Topic: inTopic; File ID: File: 69
2022-09-29 14:18:50,792 INFO:Message Generated From File use-cases/varying-networking-conditions/varying-link-latency/word-count/dataDir/randomText2.txt
2022-09-29 14:18:50,792 INFO:      File has been sent ->  Topic: inTopic; File ID: File: 70
2022-09-29 14:18:50,792 INFO:Message Generated From File use-cases/varying-networking-conditions/varying-link-latency/word-count/dataDir/randomText2.txt
2022-09-29 14:18:50,792 INFO:      File has been sent ->  Topic: inTopic; File ID: File: 71
2022-09-29 14:18:50,792 INFO:Message Generated From File use-cases/varying-networking-conditions/varying-link-latency/word-count/dataDir/randomText2.txt
2022-09-29 14:18:50,793 INFO:      File has been sent ->  Topic: inTopic; File ID: File: 72
2022-09-29 14:18:50,794 INFO:Message Generated From File use-cases/varying-networking-conditions/varying-link-latency/word-count/dataDir/randomText2.txt
2022-09-29 14:18:50,794 INFO:      File has been sent ->  Topic: inTopic; File ID: File: 73
2022-09-29 14:18:50,795 INFO:Message Generated From File use-cases/varying-networking-conditions/varying-link-latency/word-count/dataDir/randomText2.txt
2022-09-29 14:18:50,795 INFO:      File has been sent ->  Topic: inTopic; File ID: File: 74
2022-09-29 14:18:50,797 INFO:Message Generated From File use-cases/varying-networking-conditions/varying-link-latency/word-count/dataDir/randomText2.txt
2022-09-29 14:18:50,797 INFO:      File has been sent ->  Topic: inTopic; File ID: File: 75
2022-09-29 14:18:50,797 INFO:Message Generated From File use-cases/varying-networking-conditions/varying-link-latency/word-count/dataDir/randomText2.txt
2022-09-29 14:18:50,797 INFO:      File has been sent ->  Topic: inTopic; File ID: File: 76
2022-09-29 14:18:50,798 INFO:Message Generated From File use-cases/varying-networking-conditions/varying-link-latency/word-count/dataDir/randomText2.txt
2022-09-29 14:18:50,798 INFO:      File has been sent ->  Topic: inTopic; File ID: File: 77
2022-09-29 14:18:50,799 INFO:Message Generated From File use-cases/varying-networking-conditions/varying-link-latency/word-count/dataDir/randomText2.txt
2022-09-29 14:18:50,799 INFO:      File has been sent ->  Topic: inTopic; File ID: File: 78
2022-09-29 14:18:50,799 INFO:Message Generated From File use-cases/varying-networking-conditions/varying-link-latency/word-count/dataDir/randomText2.txt
2022-09-29 14:18:50,799 INFO:      File has been sent ->  Topic: inTopic; File ID: File: 79
2022-09-29 14:18:50,801 INFO:Message Generated From File use-cases/varying-networking-conditions/varying-link-latency/word-count/dataDir/randomText2.txt
2022-09-29 14:18:50,801 INFO:      File has been sent ->  Topic: inTopic; File ID: File: 80
2022-09-29 14:18:50,802 INFO:Message Generated From File use-cases/varying-networking-conditions/varying-link-latency/word-count/dataDir/randomText2.txt
2022-09-29 14:18:50,802 INFO:      File has been sent ->  Topic: inTopic; File ID: File: 81
2022-09-29 14:18:50,803 INFO:Message Generated From File use-cases/varying-networking-conditions/varying-link-latency/word-count/dataDir/randomText2.txt
2022-09-29 14:18:50,804 INFO:      File has been sent ->  Topic: inTopic; File ID: File: 82
2022-09-29 14:18:50,805 INFO:Message Generated From File use-cases/varying-networking-conditions/varying-link-latency/word-count/dataDir/randomText2.txt
2022-09-29 14:18:50,805 INFO:      File has been sent ->  Topic: inTopic; File ID: File: 83
2022-09-29 14:18:50,806 INFO:Message Generated From File use-cases/varying-networking-conditions/varying-link-latency/word-count/dataDir/randomText2.txt
2022-09-29 14:18:50,806 INFO:      File has been sent ->  Topic: inTopic; File ID: File: 84
2022-09-29 14:18:50,808 INFO:Message Generated From File use-cases/varying-networking-conditions/varying-link-latency/word-count/dataDir/randomText2.txt
2022-09-29 14:18:50,808 INFO:      File has been sent ->  Topic: inTopic; File ID: File: 85
2022-09-29 14:18:50,809 INFO:Message Generated From File use-cases/varying-networking-conditions/varying-link-latency/word-count/dataDir/randomText2.txt
2022-09-29 14:18:50,809 INFO:      File has been sent ->  Topic: inTopic; File ID: File: 86
2022-09-29 14:18:50,809 INFO:Message Generated From File use-cases/varying-networking-conditions/varying-link-latency/word-count/dataDir/randomText2.txt
2022-09-29 14:18:50,809 INFO:      File has been sent ->  Topic: inTopic; File ID: File: 87
2022-09-29 14:18:50,810 INFO:Message Generated From File use-cases/varying-networking-conditions/varying-link-latency/word-count/dataDir/randomText2.txt
2022-09-29 14:18:50,810 INFO:      File has been sent ->  Topic: inTopic; File ID: File: 88
2022-09-29 14:18:50,810 INFO:Message Generated From File use-cases/varying-networking-conditions/varying-link-latency/word-count/dataDir/randomText2.txt
2022-09-29 14:18:50,810 INFO:      File has been sent ->  Topic: inTopic; File ID: File: 89
2022-09-29 14:18:50,812 INFO:Message Generated From File use-cases/varying-networking-conditions/varying-link-latency/word-count/dataDir/randomText2.txt
2022-09-29 14:18:50,812 INFO:      File has been sent ->  Topic: inTopic; File ID: File: 90
2022-09-29 14:18:50,812 INFO:Message Generated From File use-cases/varying-networking-conditions/varying-link-latency/word-count/dataDir/randomText2.txt
2022-09-29 14:18:50,812 INFO:      File has been sent ->  Topic: inTopic; File ID: File: 91
2022-09-29 14:18:50,814 INFO:Message Generated From File use-cases/varying-networking-conditions/varying-link-latency/word-count/dataDir/randomText2.txt
2022-09-29 14:18:50,814 INFO:      File has been sent ->  Topic: inTopic; File ID: File: 92
2022-09-29 14:18:50,815 INFO:Message Generated From File use-cases/varying-networking-conditions/varying-link-latency/word-count/dataDir/randomText2.txt
2022-09-29 14:18:50,815 INFO:      File has been sent ->  Topic: inTopic; File ID: File: 93
2022-09-29 14:18:50,816 INFO:Message Generated From File use-cases/varying-networking-conditions/varying-link-latency/word-count/dataDir/randomText2.txt
2022-09-29 14:18:50,816 INFO:      File has been sent ->  Topic: inTopic; File ID: File: 94
2022-09-29 14:18:50,817 INFO:Message Generated From File use-cases/varying-networking-conditions/varying-link-latency/word-count/dataDir/randomText2.txt
2022-09-29 14:18:50,817 INFO:      File has been sent ->  Topic: inTopic; File ID: File: 95
2022-09-29 14:18:50,819 INFO:Message Generated From File use-cases/varying-networking-conditions/varying-link-latency/word-count/dataDir/randomText2.txt
2022-09-29 14:18:50,819 INFO:      File has been sent ->  Topic: inTopic; File ID: File: 96
2022-09-29 14:18:50,820 INFO:Message Generated From File use-cases/varying-networking-conditions/varying-link-latency/word-count/dataDir/randomText2.txt
2022-09-29 14:18:50,820 INFO:      File has been sent ->  Topic: inTopic; File ID: File: 97
2022-09-29 14:18:50,821 INFO:Message Generated From File use-cases/varying-networking-conditions/varying-link-latency/word-count/dataDir/randomText2.txt
2022-09-29 14:18:50,821 INFO:      File has been sent ->  Topic: inTopic; File ID: File: 98
2022-09-29 14:18:50,821 INFO:Message Generated From File use-cases/varying-networking-conditions/varying-link-latency/word-count/dataDir/randomText2.txt
2022-09-29 14:18:50,821 INFO:      File has been sent ->  Topic: inTopic; File ID: File: 99
2022-09-29 14:18:50,821 INFO:Message Generated From File use-cases/varying-networking-conditions/varying-link-latency/word-count/dataDir/randomText2.txt
2022-09-29 14:18:50,821 INFO:      File has been sent ->  Topic: inTopic; File ID: File: 100
