1261.2
1262.9
1263.4
1264.5
1264.3
1262.6
1262.6
1262.7
1262.6
1262.6
1263.1
1262.9
1262.3
1262.4
1263.5
1265.6
1265.6
1265.7
1266.0
1264.4
1264.4
1264.3
1264.6
1296.3
1265.8
1265.8
1266.0
1264.0
1263.6
1263.9
1264.4
1264.2
1264.2
1264.5
1264.3
1263.5
1264.1
1264.3
1322.2
1328.8
1333.9
1343.9
1355.1
1356.8
1364.3
1363.8
1354.9
1350.9
1350.8
1350.8
1351.1
1352.4
1391.6
1415.6
1414.3
1408.1
1407.7
1407.8
1435.5
1489.2
1546.7
1612.6
1660.0
1719.6
1773.3
1830.2
1880.6
1950.2
2015.8
2075.2
2130.1
2209.0
2279.0
2352.8
2414.2
2487.8
2542.5
2606.7
2674.8
2731.4
2799.2
2887.9
2940.8
3028.2
3128.2
3237.8
3322.0
3456.5
3888.4
4199.7
4539.6
4726.8
5042.8
5195.8
5648.3
5949.3
6388.3
6685.0
6829.2
6982.1
7373.2
7700.5
8016.7
8425.6
8803.6
8984.2
9026.1
9192.7
9599.1
9688.0
9696.5
9658.6
9657.1
9655.5
9642.5
9633.5
9626.6
9642.8
9685.0
10114.9
10077.9
10130.4
10145.6
10094.4
10140.6
10163.3
10106.5
10142.3
10181.2
10110.9
10150.9
10199.9
10139.4
10164.8
10204.2
10166.6
10199.6
10237.2
10173.2
10206.2
10237.6
10191.9
10243.9
10285.8
10211.7
10244.5
10286.0
10236.6
10248.3
10288.2
10228.5
10242.1
10282.3
10238.5
10270.9
10306.8
10241.1
10271.3
10301.8
10234.2
10278.7
10308.7
10266.8
10294.0
10334.9
10262.6
10292.9
10327.2
10280.9
10322.5
10370.3
10288.8
10328.5
10360.6
10291.5
10335.9
10368.4
10314.1
10358.0
10396.0
10345.9
10378.8
10410.0
10334.6
10371.2
10406.0
10351.4
10393.9
10422.5
10348.5
10375.7
10420.6
10359.3
10383.5
10426.0
10356.6
10390.5
10422.0
10356.7
10404.6
10435.4
10353.7
10406.3
10428.4
10364.4
10417.8
10448.8
10371.0
10421.8
10441.5
10371.2
10421.1
10441.8
10367.5
10418.1
10445.8
10370.1
10416.8
10434.6
10369.2
10417.9
10442.0
10370.8
10428.0
10448.6
10398.1
10447.3
10459.4
10420.0
10462.6
10402.2
10437.6
10474.5
10412.9
10447.3
10494.6
10413.1
10451.3
10491.0
10420.7
10456.9
10499.9
10426.9
10470.9
10500.5
10431.4
10477.6
10505.4
10433.9
10492.6
10522.9
10450.8
10503.9
10522.2
10456.8
10513.3
10535.7
10463.5
10523.7
10539.0
10512.1
10572.3
10585.4
10526.6
10574.5
10581.3
10505.7
10562.1
10569.6
10506.2
10553.2
10554.2
10503.7
10551.2
10559.3
10508.5
10552.4
10485.8
10518.6
10557.9
10488.2
10528.6
10564.1
10494.8
10541.5
10569.7
10498.4
10550.0
10582.9
10489.3
10539.4
10563.7
10492.7
10547.8
10566.1
10499.3
10557.9
10571.8
10519.9
10573.0
10579.4
10526.5
10586.8
10594.3
10533.1
10577.2
10511.2
10546.3
10582.3
10511.4
10556.6
10586.2
10514.9
10563.1
10603.0
10518.0
10592.8
10625.6
10550.4
10611.0
10627.0
10562.9
10629.1
10671.7
10595.4
10664.2
10700.2
10662.6
10698.5
10720.7
10668.8
10706.1
10704.6
10653.3
10696.9
10695.0
10649.5
10700.5
10723.0
10678.5
10701.1
10709.3
10656.8
10721.0
10713.8
10661.0
10702.9
10714.9
10665.3
10716.1
10727.7
10651.3
10698.4
10625.4
10647.0
10679.0
10594.1
10639.3
10664.7
10590.1
10636.2
10663.1
10597.1
10645.8
10692.8
10625.2
10671.5
10692.1
10623.3
10663.1
10681.6
10612.5
10663.1
10681.7
10599.7
10655.6
10674.0
10607.1
10662.1
10676.6
10610.8
10662.7
10684.7
10627.4
10679.2
10684.5
10634.5
10680.5
10662.1
10650.2
10695.1
10639.5
10667.2
10706.4
10638.6
10678.8
10707.8
10637.6
10690.9
10723.9
10654.3
10702.1
10730.7
10659.4
10712.7
10736.8
10672.0
10726.5
10751.3
10679.8
10740.0
10755.8
10912.7
11184.2
11278.4
11306.6
11328.4
11336.7
11359.8
11448.4
11498.0
11515.7
11529.3
11539.9
11550.0
11559.1
11574.6
11593.5
11604.6
11613.6
11631.4
11636.9
11653.8
11664.0
11670.2
11671.7
11688.0
11684.0
11696.3
11725.2
11736.8
11742.5
11780.5
11784.6
11782.5
11822.0
11828.9
11836.1
11848.6
11838.8
11821.5
11823.3
11813.4
11833.1
11838.1
11824.7
11825.4
11818.2
11820.2
11810.7
11803.5
11802.0
11807.1
11804.9
11802.2
11801.9
11804.4
11798.6
11807.0
11803.2
11804.0
11818.2
11825.0
11828.1
11834.3
11843.9
11841.7
11846.8
11849.9
11842.5
11855.9
11863.4
11859.2
11860.7
11872.1
11880.1
11882.0
11886.5
11885.4
11887.1
11894.3
11898.6
11901.0
11906.6
11921.2
11929.1
11936.4
11948.0
11954.0
11969.3
11986.8
11999.7
12006.5
12013.9
12036.3
12044.1
12046.6
12063.8
12078.8
12084.2
12088.7
12118.5
12132.4
12150.9
12160.3
12173.2
12172.5
12187.1
12192.5
12197.4
12209.5
12211.5
12221.7
12244.5
12263.7
12260.2
12272.1
12290.1
12303.9
12316.0
12321.7
12329.7
12339.5
12342.0
12356.0
12378.1
12384.2
12404.0
12414.5
12438.5
12460.4
12475.4
12473.1
12481.5
12495.8
12508.4
12527.4
12520.7
12530.0
12543.1
12533.4
12538.1
12540.5
12552.6
12557.0
12574.3
12576.1
12582.2
12588.1
12605.7
12608.5
12617.0
12631.4
12625.4
12635.7
12639.6
12656.6
12658.9
12678.9
12685.7
12683.8
12686.5
12687.9
12691.7
12702.3
12724.1
12747.7
12752.8
12775.8
12781.4
12782.6
12790.5
12806.6
12813.5
12825.5
12830.6
12840.2
12854.5
12863.3
12878.4
12889.2
12912.8
12937.7
12949.4
12973.9
12999.7
13005.9
13013.6
13034.0
13059.7
13072.6
13088.5
13104.3
13126.5
13147.1
13164.0
13181.9
13185.1
13207.2
13236.6
13238.5
13253.5
13247.9
13261.6
13277.3
13306.5
13356.9
13368.1
13378.8
13412.9
13427.8
13442.1
13465.7
13482.5
13515.2
13514.5
13522.5
13534.7
13546.3
13541.4
13566.4
13586.5
13599.6
13614.6
13621.1
13655.8
13661.5
13669.1
13684.4
13699.2
13705.7
13718.7
13717.6
13733.3
13772.2
13796.4
13787.9
13808.4
13826.4
13846.1
13886.1
13897.2
13912.7
13934.8
13950.2
13965.3
13999.4
14009.6
14034.0
14049.4
14068.0
14088.1
14112.4
14137.9
14150.8
14163.1
14199.6
14203.7
14220.7
14239.7
14253.5
14264.7
14272.8
14288.9
14299.7
14308.5
14336.0
14350.4
14364.4
14378.8
14398.0
14410.3
14434.8
14448.3
14461.5
14484.6
14500.3
14519.6
14535.0
14553.3
14570.3
14580.7
14590.5
14602.8
14617.5
14642.4
14655.2
14675.9
14685.2
14704.7
14728.5
14745.6
14768.6
14780.7
14804.0
14823.7
14843.6
14871.1
14887.4
14898.5
14913.5
14926.7
14938.3
14969.6
14987.8
15008.7
15028.2
15034.7
15050.0
15088.6
15101.6
15119.0
15157.1
15163.2
15181.6
15214.3
15221.2
15238.5
15271.3
15291.4
15328.1
15364.6
15384.6
15412.2
15447.3
15472.2
15510.4
15508.0
15520.0
15548.4
15559.1
15592.1
15619.5
15629.1
15643.2
15675.9
15692.5
15714.6
15742.0
15754.5
15768.0
15790.2
15807.2
15826.6
15866.7
15884.4
15905.6
15914.3
15934.5
15974.8
15998.4
14755.4
10825.8
7198.8
1420.9
1417.7
1419.7
1416.4
1413.6
1356.3
1353.7
1353.8
1352.5
1291.2
1289.9
1290.1
1289.4
1289.7
1290.0
1289.5
1289.3
1288.8
1289.3
1289.1
1289.1
1288.8
1288.9
1288.9
1289.1
1289.3
1288.9
1289.0
1288.6
1288.2
1288.0
1288.8
1288.5
1288.4
1288.6
1287.9
1288.3
1288.4
1288.2
1287.7
1288.4
1288.2
1288.8
1288.7
1288.0
1288.5
1288.5
1288.8
1288.2
1289.0
1288.8
1288.2
1288.2
1288.0
1288.5
1288.3
1288.0
1287.8
1287.6
1286.5
1286.7
1286.0
1286.1
1285.5
1285.8
1285.9
1286.2
1285.9
1286.4
1286.4
1286.2
1286.7
1285.8
1285.5
1285.9
1286.7
1285.8
1286.9
1285.9
1286.7
1286.6
1286.2
1286.3
1285.3
1286.0
1286.3
1287.1
1286.8
1287.6
1286.9
1286.8
1286.6
1286.5
1286.9
1287.2
1287.5
1287.0
1287.5
1287.5
1287.3
1287.1
1286.4
1286.7
1285.7
1286.7
1286.5
1286.0
1285.5
1285.3
1285.3
1286.1
1285.6
1285.9
1286.8
1286.2
1286.4
1286.2
1286.3
1286.0
1286.0
1285.3
1285.5
1287.1
1286.3
1286.7
1286.6
1285.6
1285.3
1285.4
1284.3
1284.0
1285.4
1285.5
1284.8
1284.8
1284.9
1285.1
1284.9
1284.4
1284.2
1284.8
1284.9
1285.0
1284.4
1284.3
1284.3
1284.6
1285.0
1285.6
1285.8
1285.0
1284.6
1284.1
1284.9
1284.4
1284.5
1284.4
1285.5
1285.2
1285.2
1284.9
1325.6
1342.8
1342.7
1342.7
1342.8
1317.0
1318.7
1349.7
1284.6
1285.6
1285.3
1284.9
1286.0
1285.9
1286.1
1285.9
1286.1
1285.5
1284.9
1285.4
1284.8
1285.2
1285.1
1285.8
1285.2
1284.8
1284.3
1284.5
1284.5
1284.7
1285.6
1285.2
1284.4
1285.0
1285.1
1285.1
1284.9
1284.9
1284.4
1284.4
1283.8
1284.6
1284.6
1284.8
1284.9
1284.5
1284.1
1284.7
1285.1
1284.6
1283.8
1284.0
1284.3
1284.7
1284.3
1284.3
1284.1
1284.7
1284.0
1283.3
1284.3
1284.0
1283.6
1283.7
1283.9
1282.9
1283.0
1283.1
1284.0
1284.2
1284.3
1284.0
1284.1
1283.4
1283.7
1284.1
1283.4
1283.1
1283.6
1283.7
1283.3
1284.3
1283.9
1284.1
1284.0
1283.9
1283.4
1284.1
1284.4
1284.2
1283.6
1283.9
1283.7
1284.5
1284.0
1283.7
1284.1
1284.1
1283.6
1283.8
1283.2
1283.3
1283.8
1283.6
1283.6
1284.1
1284.0
1284.0
1290.2
1290.0
1290.3
1291.0
1290.2
1290.3
1290.9
1291.6
1291.4
1291.7
1291.4
1291.2
1292.0
1291.9
1291.3
1291.8
1292.0
1291.6
1291.6
1290.8
1290.6
1292.0
1291.4
1291.6
1292.3
1292.6
1292.3
1292.1
1291.9
1291.0
1291.0
1291.0
1291.6
1292.6
1292.3
1284.5
1284.3
1283.9
1284.1
1284.5
1284.4
1284.1
1285.1
1284.6
1284.5
1284.2
1284.0
1284.2
1284.5
1283.5
1283.0
1284.3
1284.7
1284.1
1283.6
1284.2
1283.7
1284.5
1284.0
1283.0
1284.0
1284.1
1283.2
1283.4
1283.9
1284.2
1284.7
1283.8
1283.6
1284.3
1284.3
1283.9
1284.0
1285.0
1284.7
1284.3
1284.6
1284.4
1284.7
1284.9
1284.0
1283.5
1284.8
1284.0
1284.3
1284.4
1283.4
1284.3
1284.3
1283.3
1283.0
1283.2
1282.7
1282.7
1283.2
1283.6
1284.1
1283.9
1283.7
1283.5
1283.5
1283.0
1284.0
1284.4
1284.4
1284.7
1283.7
1283.3
1283.3
1283.6
1284.1
1283.6
1283.3
1283.6
1283.5
1283.1
1283.5
1282.8
1282.5
1282.7
1282.6
1283.4
1283.0
1282.8
1283.3
1283.6
1283.1
1282.9
1283.6
1283.9
1283.2
1283.2
1283.7
1283.9
1283.8
1282.9
1283.1
1282.8
1282.9
1283.2
1283.6
1283.7
1283.7
1283.3
1283.3
1283.6
1283.2
1283.3
1282.2
1282.7
1283.3
1282.8
1283.1
1283.1
1283.3
1282.9
1283.2
1283.4
1283.4
1283.0
1283.5
1283.2
1283.3
1282.8
1282.4
1282.2
1282.7
1283.0
1283.0
1283.3
1283.6
1283.1
1283.6
1283.1
1283.9
1283.2
1282.7
1282.7
1282.9
1282.2
1282.5
1282.3
1282.3
1283.1
1283.1
1283.1
1282.9
1282.9
1283.4
1283.4
1282.7
1283.2
1283.3
1283.3
1283.3
1283.1
1282.9
1283.7
1282.9
1283.2
1283.2
1283.6
1283.6
1284.1
1284.4
1283.2
1283.4
1283.3
1283.4
1282.8
1283.1
1283.1
1282.1
1282.1
1281.9
1281.9
1281.7
1282.2
1282.0
1281.8
1283.0
1283.3
1282.3
1282.6
1282.1
1282.5
1281.9
1282.2
1282.6
1282.7
1283.0
1282.5
1282.5
1282.0
1282.1
1282.1
1282.1
1282.4
1281.9
1281.7
1282.5
1282.2
1282.0
1282.0
1281.8
1281.2
1281.3
1281.9
1282.4
1281.9
1282.0
1281.8
1282.0
1282.3
1282.6
1282.1
1282.1
1281.9
1282.2
1282.7
1246.3
1248.5
1248.8
1249.5
1234.3
1233.4
1233.4
1232.9
1231.9
1232.3
1232.5
1232.3
1232.3
1231.9
1232.1
1231.9
1231.5
1230.8
1231.1
1231.3
1231.1
1231.1
1231.6
1231.2
1231.1
1231.5
1230.7
1230.5
1231.0
1231.0
1230.8
1231.1
