0.0
0.0
0.6
0.0
0.0
0.6
0.6
0.6
0.0
0.6
1.2
0.0
0.0
0.0
1.2
0.6
0.6
0.6
0.0
0.6
0.6
0.0
1.2
21.8
0.6
0.6
1.2
0.6
0.6
0.0
1.2
0.0
0.0
0.0
0.6
1.2
0.6
0.6
10.1
0.6
9.3
4.0
31.0
6.8
8.7
8.3
9.7
6.2
4.0
4.6
5.8
5.6
13.2
24.3
22.9
14.9
0.6
5.0
8.1
3.5
23.9
16.4
31.6
30.4
17.1
11.9
12.9
36.4
27.7
34.1
23.2
22.0
15.3
14.6
25.4
33.3
29.9
21.7
18.2
8.0
35.4
32.4
24.4
23.0
19.0
30.1
32.0
29.7
79.2
67.7
38.3
66.3
54.0
47.4
77.2
80.1
69.4
66.1
54.1
28.4
59.2
57.9
62.6
72.3
69.8
70.3
30.2
18.8
75.6
49.4
3.9
8.9
2.8
3.3
3.3
1.7
2.8
16.0
28.9
93.8
6.1
33.7
9.6
5.6
36.8
16.2
30.0
27.8
29.2
12.4
33.5
40.6
14.2
30.6
31.5
39.5
31.0
27.1
40.6
31.6
26.7
33.0
35.0
31.9
3.9
22.1
22.6
46.4
25.1
27.0
20.5
29.3
26.8
30.8
31.7
23.7
16.0
23.7
28.0
11.7
24.7
16.7
45.5
31.3
33.1
13.2
23.8
16.3
15.2
33.3
40.3
4.0
29.3
24.6
4.5
26.1
26.6
16.9
35.2
26.6
14.5
25.8
27.4
8.9
25.5
22.7
3.4
37.9
15.1
43.9
17.3
33.5
7.9
33.1
23.0
1.7
29.1
16.8
5.6
33.1
24.4
8.8
43.6
16.9
2.8
38.2
17.4
6.0
29.7
14.7
13.1
34.3
15.5
4.8
33.5
20.2
8.3
34.7
10.7
12.8
25.4
15.8
14.6
31.1
10.2
16.2
23.3
39.0
16.6
23.7
19.2
20.8
24.6
29.1
22.7
32.6
5.1
30.2
25.7
4.4
28.3
30.8
4.4
29.8
23.5
10.9
33.7
29.1
7.2
35.2
17.6
8.3
32.2
6.1
11.2
21.5
11.8
8.4
21.9
2.8
61.6
34.4
12.7
6.0
23.1
5.3
5.0
30.7
27.2
14.9
26.9
26.1
5.6
22.2
35.6
13.5
28.3
1.1
19.7
30.9
8.4
24.3
16.4
5.6
33.3
20.3
6.7
36.0
16.0
5.4
32.2
14.3
14.2
42.0
9.0
15.2
23.6
14.7
8.9
19.7
36.4
12.6
35.5
28.1
15.2
28.9
7.7
28.6
24.2
5.1
32.4
21.1
10.7
37.2
23.8
11.3
37.4
16.9
8.3
31.9
6.2
5.6
29.9
39.4
6.8
30.3
81.5
6.2
21.9
35.5
9.7
30.8
22.1
10.7
29.5
25.5
15.3
26.9
6.2
18.4
28.9
23.6
9.1
23.2
20.0
10.3
27.5
23.3
11.4
33.3
25.7
11.0
32.4
2.8
30.6
21.9
3.9
27.2
21.5
5.0
37.5
19.4
5.1
37.9
16.8
13.7
31.3
10.0
4.4
48.9
12.4
10.0
33.1
3.3
4.4
22.7
6.1
5.1
28.2
8.8
5.6
23.0
28.1
16.6
26.2
34.4
12.8
27.6
9.8
19.0
27.2
21.0
20.4
33.3
3.3
32.2
20.0
9.5
31.1
19.3
4.9
36.5
26.6
11.5
39.1
19.3
10.8
36.8
15.2
5.5
32.0
4.0
93.4
59.5
55.6
48.2
66.8
60.8
75.1
93.0
71.6
69.8
73.6
54.1
57.7
47.4
53.2
75.6
50.0
46.1
70.7
47.7
50.6
57.6
73.9
39.9
65.7
39.1
52.7
50.6
33.3
54.4
51.7
33.5
38.6
70.6
42.5
61.5
57.9
29.8
47.2
39.0
32.0
66.9
39.1
34.3
32.9
67.6
31.6
36.9
29.7
36.0
69.3
35.6
30.7
32.4
28.6
36.3
50.3
32.6
28.3
40.4
30.6
31.2
39.1
32.8
36.7
36.5
33.5
56.8
32.2
38.7
51.4
28.7
42.5
56.0
35.5
34.4
38.4
48.9
49.4
35.0
29.9
39.5
41.4
32.6
38.5
34.9
37.9
61.8
47.3
46.9
30.5
38.0
44.0
34.5
31.2
42.6
55.9
35.1
36.2
62.5
34.8
58.4
82.0
51.7
33.7
48.6
45.2
39.4
34.5
33.7
41.1
53.7
45.8
32.8
38.8
45.3
36.3
46.4
28.7
48.8
29.3
52.9
49.4
48.0
32.8
55.3
47.8
49.4
47.5
35.4
48.3
49.4
34.7
52.9
40.6
31.1
52.5
29.2
36.2
25.7
45.2
51.7
32.8
35.8
35.6
46.1
42.3
34.1
41.7
42.9
33.5
55.0
41.1
29.5
41.9
39.1
40.2
44.6
57.0
28.9
36.0
45.0
29.1
55.8
36.5
36.8
40.9
26.8
41.2
34.3
54.1
37.1
34.9
45.0
40.7
39.6
30.2
58.0
39.0
36.2
33.7
35.6
51.1
30.5
33.5
51.6
35.6
39.2
39.2
29.6
38.4
32.7
40.5
29.1
57.9
31.5
35.4
51.4
36.7
42.7
52.7
50.0
31.0
63.1
61.4
54.4
59.9
43.9
43.4
40.0
52.8
55.3
37.6
41.0
30.1
38.3
41.8
32.4
38.9
31.4
51.7
30.2
37.9
47.2
52.9
31.4
55.2
34.5
30.2
54.5
43.7
34.3
40.4
46.6
50.3
31.6
29.3
40.3
36.8
38.0
30.9
28.6
30.9
39.3
50.0
25.6
39.4
27.6
32.6
34.5
36.3
33.1
32.0
43.3
45.4
30.3
45.8
47.2
33.9
31.6
27.2
29.1
31.5
33.1
49.7
32.5
29.9
29.8
33.3
31.3
32.6
34.5
34.5
45.1
26.7
36.3
30.5
35.0
34.9
27.8
34.4
44.3
33.7
32.6
28.7
51.1
31.7
35.4
46.2
36.7
32.0
28.3
38.1
27.7
35.5
41.0
40.5
38.3
52.3
32.0
24.1
42.8
30.1
34.4
52.9
31.5
28.9
76.3
31.1
27.8
91.3
34.1
28.8
63.3
28.7
29.5
38.4
28.2
37.6
39.4
27.7
45.7
36.0
27.5
59.5
26.3
28.9
60.1
28.7
32.6
62.2
28.4
25.9
56.8
78.9
27.5
66.5
54.9
28.7
32.0
33.5
32.4
38.4
28.7
35.0
27.6
33.7
42.6
84.3
8.4
15.0
25.7
10.6
13.5
17.4
5.0
4.1
3.4
4.5
4.0
5.6
0.6
1.2
0.6
0.0
0.6
0.0
0.6
1.2
0.6
0.0
0.6
0.6
0.0
0.6
0.0
0.0
0.6
0.6
0.0
0.6
0.0
0.0
0.6
0.6
0.0
0.6
0.6
0.6
0.0
0.6
0.0
0.6
1.2
0.6
0.0
0.6
0.0
0.6
0.6
0.0
0.0
0.6
0.0
0.0
0.6
0.0
0.0
0.6
0.6
0.6
0.0
0.0
0.0
0.6
0.6
0.0
1.2
0.0
0.6
0.0
1.2
0.6
0.0
0.0
0.6
0.6
1.2
0.0
0.0
0.6
0.6
0.6
0.6
0.0
0.6
0.6
0.0
0.6
0.6
0.6
0.6
0.0
0.6
0.6
0.6
0.6
0.0
0.0
0.0
0.6
0.6
0.6
0.0
0.0
0.0
0.6
0.6
0.0
0.6
1.2
0.6
0.6
0.0
0.0
1.1
0.0
0.6
0.0
0.0
0.6
0.6
0.6
0.6
0.6
0.6
0.6
0.6
1.2
0.6
0.6
0.6
0.6
0.6
0.6
0.6
0.0
1.2
0.6
0.6
0.6
0.6
0.0
1.1
0.6
0.6
0.0
0.6
0.0
0.6
0.6
0.0
0.6
0.6
0.6
0.0
1.2
0.6
0.0
0.6
0.0
0.6
1.1
9.8
10.5
10.9
9.1
10.3
9.2
4.6
9.8
6.8
0.0
0.0
0.0
0.6
0.6
0.6
0.0
0.6
0.0
0.0
0.0
0.6
0.6
0.0
0.6
0.0
0.0
0.0
0.6
0.6
0.0
0.6
0.0
0.6
0.0
0.0
0.0
0.0
0.6
0.0
0.6
0.6
0.0
0.6
1.1
0.6
1.2
0.6
0.6
0.6
0.6
0.6
0.6
0.6
0.6
0.0
0.6
0.0
0.6
0.0
0.6
0.6
0.6
0.0
1.2
0.0
0.6
0.0
0.0
0.6
0.0
0.0
0.6
0.0
0.6
0.6
0.6
0.6
0.6
0.0
1.1
0.0
0.6
0.6
0.0
0.6
0.6
0.6
0.0
0.6
0.6
0.0
1.2
0.0
0.6
0.6
0.6
0.6
0.0
0.6
0.0
0.6
0.6
0.6
0.6
0.6
0.6
1.2
0.6
0.0
0.6
0.6
0.0
0.6
0.0
0.6
0.6
0.6
0.6
0.0
0.6
0.6
0.6
1.2
0.6
0.0
0.6
0.0
0.0
0.6
0.0
0.0
0.6
0.6
1.2
0.6
0.0
0.0
0.6
0.0
0.0
1.2
0.6
0.6
0.6
0.0
0.6
0.6
0.0
0.0
0.0
0.6
1.1
0.6
0.6
0.6
0.6
0.0
0.0
0.6
0.0
0.0
0.6
0.6
0.0
1.1
0.6
0.0
0.6
0.0
0.0
0.0
0.0
0.0
0.6
0.6
0.0
0.6
0.6
0.6
0.6
0.6
0.6
0.0
0.6
0.6
0.6
0.0
0.0
0.0
0.6
0.6
0.0
0.0
0.0
0.6
0.6
1.2
0.6
0.6
0.6
0.0
1.2
1.2
0.6
0.6
0.6
0.0
0.6
0.6
0.6
0.6
0.6
0.6
0.6
0.0
0.0
0.6
0.6
0.0
0.6
0.6
0.6
0.6
0.6
0.6
0.0
0.6
0.0
0.0
0.0
0.6
0.0
1.1
0.6
0.0
0.6
0.6
0.0
0.6
0.6
0.6
0.6
0.6
0.6
1.2
0.6
0.6
0.0
0.0
0.0
0.6
0.6
0.0
1.2
0.6
0.0
0.6
0.6
0.6
0.0
0.0
0.6
0.0
0.0
0.6
0.6
0.6
0.6
2.9
0.6
0.6
0.6
0.6
0.0
0.6
0.6
0.0
1.1
0.0
0.6
0.6
0.6
0.0
0.6
0.6
1.1
0.6
0.6
1.7
0.0
0.6
0.0
0.0
0.0
0.0
0.6
0.0
0.6
1.2
1.1
0.6
0.0
0.6
0.6
0.0
0.0
0.6
0.6
0.0
0.0
0.6
0.6
0.0
0.0
0.6
0.6
0.6
0.6
0.6
0.6
1.2
1.2
0.6
0.6
0.6
0.0
0.0
0.6
0.0
0.0
0.6
0.0
0.0
0.0
0.6
0.0
0.0
0.0
3.5
0.6
0.6
0.0
0.0
0.6
0.6
0.6
0.6
0.6
0.0
0.6
0.0
0.6
0.0
0.6
0.6
0.6
0.0
0.6
0.6
0.0
0.6
0.6
0.0
0.6
0.6
0.0
0.0
0.6
5.2
1.7
1.2
0.6
0.6
0.0
1.2
0.0
1.2
0.0
0.6
0.0
1.2
0.6
0.6
0.0
0.6
0.6
0.6
0.6
1.2
0.0
0.6
0.6
0.6
0.6
0.0
0.6
0.0
0.6
1.2
0.6
