2022-08-29 16:19:15,280 INFO:node to initiate consumer: 4
2022-08-29 16:19:15,280 INFO:topicName outTopic
2022-08-29 16:19:15,280 INFO:topicBroker 2
2022-08-29 16:19:15,282 INFO:<BrokerConnection node_id=bootstrap-0 host=10.0.0.2:9092 <connecting> [IPv4 ('10.0.0.2', 9092)]>: connecting to 10.0.0.2:9092 [('10.0.0.2', 9092) IPv4]
2022-08-29 16:19:15,282 INFO:Probing node bootstrap-0 broker version
2022-08-29 16:19:15,287 INFO:<BrokerConnection node_id=bootstrap-0 host=10.0.0.2:9092 <connecting> [IPv4 ('10.0.0.2', 9092)]>: Connection complete.
2022-08-29 16:19:15,400 INFO:Broker version identified as 2.5.0
2022-08-29 16:19:15,400 INFO:Set configuration api_version=(2, 5, 0) to skip auto check_version requests on startup
2022-08-29 16:19:15,402 WARNING:group_id is None: disabling auto-commit.
2022-08-29 16:19:15,402 INFO:Updating subscribed topics to: ('outTopic',)
2022-08-29 16:19:15,402 INFO:Connect to broker looking for topic outTopic. 
2022-08-29 16:19:15,408 INFO:Updated partition assignment: [TopicPartition(topic='outTopic', partition=0)]
2022-08-29 16:19:15,409 INFO:<BrokerConnection node_id=2 host=10.0.0.2:9092 <connecting> [IPv4 ('10.0.0.2', 9092)]>: connecting to 10.0.0.2:9092 [('10.0.0.2', 9092) IPv4]
2022-08-29 16:19:15,509 INFO:<BrokerConnection node_id=2 host=10.0.0.2:9092 <connecting> [IPv4 ('10.0.0.2', 9092)]>: Connection complete.
2022-08-29 16:19:15,510 INFO:<BrokerConnection node_id=bootstrap-0 host=10.0.0.2:9092 <connected> [IPv4 ('10.0.0.2', 9092)]>: Closing connection. 
2022-08-29 16:19:16,476 INFO:Message received:
2022-08-29 16:19:16,477 INFO:Today is August 18th,2022.rrrr 0
2022-08-29 16:19:16,477 INFO:Message received:
2022-08-29 16:19:16,477 INFO:Today is August 18th,2022.rrrr 1
2022-08-29 16:19:16,477 INFO:Message received:
2022-08-29 16:19:16,477 INFO:Today is August 18th,2022.rrrr 2
2022-08-29 16:19:16,477 INFO:Message received:
2022-08-29 16:19:16,477 INFO:Today is August 18th,2022.rrrr 3
2022-08-29 16:19:16,477 INFO:Message received:
2022-08-29 16:19:16,477 INFO:Today is August 18th,2022.rrrr 4
2022-08-29 16:19:16,477 INFO:Message received:
2022-08-29 16:19:16,477 INFO:Today is August 18th,2022.rrrr 5
2022-08-29 16:19:16,477 INFO:Message received:
2022-08-29 16:19:16,477 INFO:Today is August 18th,2022.rrrr 6
2022-08-29 16:19:16,477 INFO:Message received:
2022-08-29 16:19:16,477 INFO:Today is August 18th,2022.rrrr 7
2022-08-29 16:19:16,477 INFO:Message received:
2022-08-29 16:19:16,477 INFO:Today is August 18th,2022.rrrr 8
2022-08-29 16:19:16,478 INFO:Message received:
2022-08-29 16:19:16,478 INFO:Today is August 18th,2022.rrrr 9
2022-08-29 16:19:16,478 INFO:Message received:
2022-08-29 16:19:16,478 INFO:Today is August 18th,2022.rrrr 10
2022-08-29 16:19:16,478 INFO:Message received:
2022-08-29 16:19:16,478 INFO:Today is August 18th,2022.rrrr 11
2022-08-29 16:19:16,478 INFO:Message received:
2022-08-29 16:19:16,478 INFO:Today is August 18th,2022.rrrr 12
2022-08-29 16:19:16,478 INFO:Message received:
2022-08-29 16:19:16,478 INFO:Today is August 18th,2022.rrrr 13
2022-08-29 16:19:16,604 INFO:Message received:
2022-08-29 16:19:16,604 INFO:Today is August 18th,2022.rrrr 14
2022-08-29 16:19:16,613 INFO:Message received:
2022-08-29 16:19:16,613 INFO:Today is August 18th,2022.rrrr 15
2022-08-29 16:19:16,613 INFO:Message received:
2022-08-29 16:19:16,613 INFO:Today is August 18th,2022.rrrr 16
2022-08-29 16:19:16,613 INFO:Message received:
2022-08-29 16:19:16,613 INFO:Today is August 18th,2022.rrrr 17
2022-08-29 16:19:16,613 INFO:Message received:
2022-08-29 16:19:16,614 INFO:Today is August 18th,2022.rrrr 18
2022-08-29 16:19:16,614 INFO:Message received:
2022-08-29 16:19:16,614 INFO:Today is August 18th,2022.rrrr 19
2022-08-29 16:19:16,614 INFO:Message received:
2022-08-29 16:19:16,614 INFO:Today is August 18th,2022.rrrr 20
2022-08-29 16:19:16,614 INFO:Message received:
2022-08-29 16:19:16,614 INFO:Today is August 18th,2022.rrrr 21
2022-08-29 16:19:16,614 INFO:Message received:
2022-08-29 16:19:16,614 INFO:Today is August 18th,2022.rrrr 22
2022-08-29 16:19:16,614 INFO:Message received:
2022-08-29 16:19:16,614 INFO:Today is August 18th,2022.rrrr 23
2022-08-29 16:19:16,614 INFO:Message received:
2022-08-29 16:19:16,614 INFO:Today is August 18th,2022.rrrr 24
2022-08-29 16:19:16,614 INFO:Message received:
2022-08-29 16:19:16,614 INFO:Today is August 18th,2022.rrrr 25
2022-08-29 16:19:16,614 INFO:Message received:
2022-08-29 16:19:16,614 INFO:Today is August 18th,2022.rrrr 26
2022-08-29 16:19:16,614 INFO:Message received:
2022-08-29 16:19:16,614 INFO:Today is August 18th,2022.rrrr 27
2022-08-29 16:19:16,615 INFO:Message received:
2022-08-29 16:19:16,615 INFO:Today is August 18th,2022.rrrr 28
2022-08-29 16:19:16,615 INFO:Message received:
2022-08-29 16:19:16,615 INFO:Today is August 18th,2022.rrrr 29
2022-08-29 16:19:16,615 INFO:Message received:
2022-08-29 16:19:16,615 INFO:Today is August 18th,2022.rrrr 30
2022-08-29 16:19:16,615 INFO:Message received:
2022-08-29 16:19:16,615 INFO:Today is August 18th,2022.rrrr 31
2022-08-29 16:19:16,615 INFO:Message received:
2022-08-29 16:19:16,615 INFO:Today is August 18th,2022.rrrr 32
2022-08-29 16:19:16,615 INFO:Message received:
2022-08-29 16:19:16,615 INFO:Today is August 18th,2022.rrrr 33
2022-08-29 16:19:16,615 INFO:Message received:
2022-08-29 16:19:16,615 INFO:Today is August 18th,2022.rrrr 34
2022-08-29 16:19:16,615 INFO:Message received:
2022-08-29 16:19:16,615 INFO:Today is August 18th,2022.rrrr 35
2022-08-29 16:19:16,615 INFO:Message received:
2022-08-29 16:19:16,615 INFO:Today is August 18th,2022.rrrr 36
2022-08-29 16:19:16,615 INFO:Message received:
2022-08-29 16:19:16,616 INFO:Today is August 18th,2022.rrrr 37
2022-08-29 16:19:16,616 INFO:Message received:
2022-08-29 16:19:16,616 INFO:Today is August 18th,2022.rrrr 38
2022-08-29 16:19:16,616 INFO:Message received:
2022-08-29 16:19:16,616 INFO:Today is August 18th,2022.rrrr 39
2022-08-29 16:19:16,616 INFO:Message received:
2022-08-29 16:19:16,616 INFO:Today is August 18th,2022.rrrr 40
2022-08-29 16:19:16,616 INFO:Message received:
2022-08-29 16:19:16,616 INFO:Today is August 18th,2022.rrrr 41
2022-08-29 16:19:16,616 INFO:Message received:
2022-08-29 16:19:16,616 INFO:Today is August 18th,2022.rrrr 42
2022-08-29 16:19:16,616 INFO:Message received:
2022-08-29 16:19:16,616 INFO:Today is August 18th,2022.rrrr 43
2022-08-29 16:19:16,616 INFO:Message received:
2022-08-29 16:19:16,616 INFO:Today is August 18th,2022.rrrr 44
2022-08-29 16:19:16,616 INFO:Message received:
2022-08-29 16:19:16,616 INFO:Today is August 18th,2022.rrrr 45
2022-08-29 16:19:16,616 INFO:Message received:
2022-08-29 16:19:16,616 INFO:Today is August 18th,2022.rrrr 46
2022-08-29 16:19:16,616 INFO:Message received:
2022-08-29 16:19:16,617 INFO:Today is August 18th,2022.rrrr 47
2022-08-29 16:19:16,617 INFO:Message received:
2022-08-29 16:19:16,617 INFO:Today is August 18th,2022.rrrr 48
2022-08-29 16:19:16,617 INFO:Message received:
2022-08-29 16:19:16,617 INFO:Today is August 18th,2022.rrrr 49
2022-08-29 16:19:16,617 INFO:Message received:
2022-08-29 16:19:16,617 INFO:Today is August 18th,2022.rrrr 50
2022-08-29 16:19:16,617 INFO:Message received:
2022-08-29 16:19:16,617 INFO:Today is August 18th,2022.rrrr 51
2022-08-29 16:19:16,617 INFO:Message received:
2022-08-29 16:19:16,617 INFO:Today is August 18th,2022.rrrr 52
2022-08-29 16:19:16,617 INFO:Message received:
2022-08-29 16:19:16,617 INFO:Today is August 18th,2022.rrrr 53
2022-08-29 16:19:16,617 INFO:Message received:
2022-08-29 16:19:16,617 INFO:Today is August 18th,2022.rrrr 54
2022-08-29 16:19:16,628 INFO:Message received:
2022-08-29 16:19:16,628 INFO:Today is August 18th,2022.rrrr 55
2022-08-29 16:19:16,628 INFO:Message received:
2022-08-29 16:19:16,628 INFO:Today is August 18th,2022.rrrr 56
2022-08-29 16:19:16,629 INFO:Message received:
2022-08-29 16:19:16,629 INFO:Today is August 18th,2022.rrrr 57
2022-08-29 16:19:16,629 INFO:Message received:
2022-08-29 16:19:16,629 INFO:Today is August 18th,2022.rrrr 58
2022-08-29 16:19:16,629 INFO:Message received:
2022-08-29 16:19:16,629 INFO:Today is August 18th,2022.rrrr 59
2022-08-29 16:19:16,629 INFO:Message received:
2022-08-29 16:19:16,629 INFO:Today is August 18th,2022.rrrr 60
2022-08-29 16:19:16,629 INFO:Message received:
2022-08-29 16:19:16,629 INFO:Today is August 18th,2022.rrrr 61
2022-08-29 16:19:16,629 INFO:Message received:
2022-08-29 16:19:16,629 INFO:Today is August 18th,2022.rrrr 62
2022-08-29 16:19:16,629 INFO:Message received:
2022-08-29 16:19:16,629 INFO:Today is August 18th,2022.rrrr 63
2022-08-29 16:19:16,629 INFO:Message received:
2022-08-29 16:19:16,629 INFO:Today is August 18th,2022.rrrr 64
2022-08-29 16:19:16,629 INFO:Message received:
2022-08-29 16:19:16,629 INFO:Today is August 18th,2022.rrrr 65
2022-08-29 16:19:16,629 INFO:Message received:
2022-08-29 16:19:16,630 INFO:Today is August 18th,2022.rrrr 66
2022-08-29 16:19:16,630 INFO:Message received:
2022-08-29 16:19:16,630 INFO:Today is August 18th,2022.rrrr 67
2022-08-29 16:19:16,630 INFO:Message received:
2022-08-29 16:19:16,630 INFO:Today is August 18th,2022.rrrr 68
2022-08-29 16:19:16,630 INFO:Message received:
2022-08-29 16:19:16,630 INFO:Today is August 18th,2022.rrrr 69
2022-08-29 16:19:16,630 INFO:Message received:
2022-08-29 16:19:16,630 INFO:Today is August 18th,2022.rrrr 70
2022-08-29 16:19:16,630 INFO:Message received:
2022-08-29 16:19:16,630 INFO:Today is August 18th,2022.rrrr 71
2022-08-29 16:19:16,630 INFO:Message received:
2022-08-29 16:19:16,630 INFO:Today is August 18th,2022.rrrr 72
2022-08-29 16:19:16,630 INFO:Message received:
2022-08-29 16:19:16,630 INFO:Today is August 18th,2022.rrrr 73
2022-08-29 16:19:16,642 INFO:Message received:
2022-08-29 16:19:16,642 INFO:Today is August 18th,2022.rrrr 74
2022-08-29 16:19:16,642 INFO:Message received:
2022-08-29 16:19:16,643 INFO:Today is August 18th,2022.rrrr 75
2022-08-29 16:19:16,643 INFO:Message received:
2022-08-29 16:19:16,643 INFO:Today is August 18th,2022.rrrr 76
2022-08-29 16:19:16,643 INFO:Message received:
2022-08-29 16:19:16,643 INFO:Today is August 18th,2022.rrrr 77
2022-08-29 16:19:16,643 INFO:Message received:
2022-08-29 16:19:16,643 INFO:Today is August 18th,2022.rrrr 78
2022-08-29 16:19:16,643 INFO:Message received:
2022-08-29 16:19:16,643 INFO:Today is August 18th,2022.rrrr 79
2022-08-29 16:19:16,643 INFO:Message received:
2022-08-29 16:19:16,643 INFO:Today is August 18th,2022.rrrr 80
2022-08-29 16:19:16,643 INFO:Message received:
2022-08-29 16:19:16,643 INFO:Today is August 18th,2022.rrrr 81
2022-08-29 16:19:16,643 INFO:Message received:
2022-08-29 16:19:16,643 INFO:Today is August 18th,2022.rrrr 82
2022-08-29 16:19:16,643 INFO:Message received:
2022-08-29 16:19:16,643 INFO:Today is August 18th,2022.rrrr 83
2022-08-29 16:19:16,644 INFO:Message received:
2022-08-29 16:19:16,644 INFO:Today is August 18th,2022.rrrr 84
2022-08-29 16:19:16,644 INFO:Message received:
2022-08-29 16:19:16,644 INFO:Today is August 18th,2022.rrrr 85
2022-08-29 16:19:16,644 INFO:Message received:
2022-08-29 16:19:16,644 INFO:Today is August 18th,2022.rrrr 86
2022-08-29 16:19:16,644 INFO:Message received:
2022-08-29 16:19:16,644 INFO:Today is August 18th,2022.rrrr 87
2022-08-29 16:19:16,644 INFO:Message received:
2022-08-29 16:19:16,644 INFO:Today is August 18th,2022.rrrr 88
2022-08-29 16:19:16,644 INFO:Message received:
2022-08-29 16:19:16,644 INFO:Today is August 18th,2022.rrrr 89
2022-08-29 16:19:16,644 INFO:Message received:
2022-08-29 16:19:16,644 INFO:Today is August 18th,2022.rrrr 90
2022-08-29 16:19:16,644 INFO:Message received:
2022-08-29 16:19:16,644 INFO:Today is August 18th,2022.rrrr 91
2022-08-29 16:19:16,644 INFO:Message received:
2022-08-29 16:19:16,644 INFO:Today is August 18th,2022.rrrr 92
2022-08-29 16:19:16,644 INFO:Message received:
2022-08-29 16:19:16,645 INFO:Today is August 18th,2022.rrrr 93
2022-08-29 16:19:16,645 INFO:Message received:
2022-08-29 16:19:16,645 INFO:Today is August 18th,2022.rrrr 94
2022-08-29 16:19:16,645 INFO:Message received:
2022-08-29 16:19:16,645 INFO:Today is August 18th,2022.rrrr 95
2022-08-29 16:19:16,645 INFO:Message received:
2022-08-29 16:19:16,645 INFO:Today is August 18th,2022.rrrr 96
2022-08-29 16:19:16,645 INFO:Message received:
2022-08-29 16:19:16,645 INFO:Today is August 18th,2022.rrrr 97
2022-08-29 16:19:16,645 INFO:Message received:
2022-08-29 16:19:16,645 INFO:Today is August 18th,2022.rrrr 98
2022-08-29 16:19:16,645 INFO:Message received:
2022-08-29 16:19:16,645 INFO:Today is August 18th,2022.rrrr 99
2022-08-29 16:19:16,645 INFO:Message received:
2022-08-29 16:19:16,645 INFO:Today is August 18th,2022.rrrr 100
